=== ApifyClientScraper LOG ===
Timestamp: 2025-04-25T21:11:30.079067
Operation: execute
Status: COMPLETED

Input: {
  "niche": "avocat",
  "params": {
    "locationQuery": "Paris, France",
    "maxCrawledPlacesPerSearch": 1,
    "language": "fr"
  },
  "campaign_id": "TEST_avocat_1745615477"
}

Output: {
  "leads": [
    {
      "id": "apify_1745615490_0",
      "company_name": "Ma\u00eetre Catherine Lam-Avocat",
      "contact_name": null,
      "position": null,
      "email": null,
      "phone": "+33 1 42 60 33 88",
      "website": "https://maprocedure.fr/",
      "address": "26 Rue des Petits Champs, 75002 Paris, France",
      "city": "Paris",
      "postal_code": "75002",
      "country": "France",
      "rating": 4.9,
      "reviews_count": 133,
      "category": [
        "Avocat sp\u00e9cialis\u00e9 dans les divorces"
      ],
      "opening_hours": [
        {
          "day": "vendredi",
          "hours": "09:30 to 19:00"
        },
        {
          "day": "samedi",
          "hours": "Ferm\u00e9"
        },
        {
          "day": "dimanche",
          "hours": "Ferm\u00e9"
        },
        {
          "day": "lundi",
          "hours": "09:30 to 19:00"
        },
        {
          "day": "mardi",
          "hours": "09:30 to 19:00"
        },
        {
          "day": "mercredi",
          "hours": "09:30 to 19:00"
        },
        {
          "day": "jeudi",
          "hours": "Ferm\u00e9"
        }
      ],
      "source": "Google Maps",
      "scrape_date": "2025-04-25T21:11:30.078743",
      "niche": "avocat",
      "raw_data": {
        "place_id": "ChIJm_800Dpu5kcRBsM1iQLd6oc",
        "url": "https://www.google.com/maps/search/?api=1&query=Ma%C3%AEtre%20Catherine%20Lam-Avocat&query_place_id=ChIJm_800Dpu5kcRBsM1iQLd6oc",
        "description": "",
        "verified": false,
        "location": {
          "lat": null,
          "lng": null
        }
      }
    }
  ],
  "count": 1,
  "niche": "avocat",
  "campaign_id": "TEST_avocat_1745615477",
  "time_taken": 12.038871049880981,
  "api_used": true,
  "status": "COMPLETED"
}
