=== ApifyClientScraper LOG ===
Timestamp: 2025-04-27T11:44:06.664652
Operation: execute
Status: COMPLETED

Input: {
  "niche": "Avocats sp\u00e9cialis\u00e9s en droit des affaires",
  "params": {},
  "campaign_id": null
}

Output: {
  "leads": [
    {
      "id": "apify_1745754246_0",
      "company_name": "LLA Avocats - Avocat Droit des Affaires Paris",
      "contact_name": null,
      "position": null,
      "email": null,
      "phone": "+33 1 86 95 83 98",
      "website": "https://www.lla-avocats.fr/cabinet/marc-ladreit-de-lacharriere/",
      "address": "30 Rue de Miromesnil, 75008 Paris, France",
      "city": "Paris",
      "postal_code": "75008",
      "country": "France",
      "rating": 4.9,
      "reviews_count": 97,
      "category": [
        "Avocat d'affaires",
        "Avocat"
      ],
      "opening_hours": [
        {
          "day": "dimanche",
          "hours": "09:00 to 21:30"
        },
        {
          "day": "lundi",
          "hours": "09:00 to 20:00"
        },
        {
          "day": "mardi",
          "hours": "09:00 to 20:00"
        },
        {
          "day": "mercredi",
          "hours": "09:00 to 20:00"
        },
        {
          "day": "jeudi",
          "hours": "09:00 to 20:00"
        },
        {
          "day": "vendredi",
          "hours": "09:00 to 20:00"
        },
        {
          "day": "samedi",
          "hours": "09:00 to 20:00"
        }
      ],
      "source": "Google Maps",
      "scrape_date": "2025-04-27T11:44:06.629159",
      "niche": "Avocats sp\u00e9cialis\u00e9s en droit des affaires",
      "raw_data": {
        "place_id": "ChIJ__8bgpZv5kcRRZyE0zkLJT0",
        "url": "https://www.google.com/maps/search/?api=1&query=LLA%20Avocats%20-%20Avocat%20Droit%20des%20Affaires%20Paris&query_place_id=ChIJ__8bgpZv5kcRRZyE0zkLJT0",
        "description": "",
        "verified": false,
        "location": {
          "lat": null,
          "lng": null
        }
      }
    },
    {
      "id": "apify_1745754246_1",
      "company_name": "Julie Soudaz - Avocat droit des Affaires",
      "contact_name": null,
      "position": null,
      "email": null,
      "phone": "+33 6 31 68 82 91",
      "website": "https://avocat-soudaz.com/",
      "address": "10 bis Av. de la Grande Arm\u00e9e, 75017 Paris, France",
      "city": "Paris",
      "postal_code": "75017",
      "country": "France",
      "rating": 5,
      "reviews_count": 22,
      "category": [
        "Avocat"
      ],
      "opening_hours": [
        {
          "day": "dimanche",
          "hours": "09:00 to 21:00"
        },
        {
          "day": "lundi",
          "hours": "09:00 to 19:00"
        },
        {
          "day": "mardi",
          "hours": "09:00 to 21:00"
        },
        {
          "day": "mercredi",
          "hours": "09:00 to 21:00"
        },
        {
          "day": "jeudi",
          "hours": "09:00 to 21:00"
        },
        {
          "day": "vendredi",
          "hours": "09:00 to 21:00"
        },
        {
          "day": "samedi",
          "hours": "09:00 to 21:00"
        }
      ],
      "source": "Google Maps",
      "scrape_date": "2025-04-27T11:44:06.629565",
      "niche": "Avocats sp\u00e9cialis\u00e9s en droit des affaires",
      "raw_data": {
        "place_id": "ChIJf1W_BCBl5kcRdspwPNwM3CY",
        "url": "https://www.google.com/maps/search/?api=1&query=Julie%20Soudaz%20-%20Avocat%20droit%20des%20Affaires&query_place_id=ChIJf1W_BCBl5kcRdspwPNwM3CY",
        "description": "",
        "verified": false,
        "location": {
          "lat": null,
          "lng": null
        }
      }
    },
    {
      "id": "apify_1745754246_2",
      "company_name": "JEM-AVOCAT",
      "contact_name": null,
      "position": null,
      "email": null,
      "phone": "+33 1 84 80 23 99",
      "website": "https://jem-avocat.fr/",
      "address": "99 Rue de Prony, 75017 Paris, France",
      "city": "Paris",
      "postal_code": "75017",
      "country": "France",
      "rating": 4.8,
      "reviews_count": 43,
      "category": [
        "Avocat d'affaires"
      ],
      "opening_hours": [
        {
          "day": "dimanche",
          "hours": "08:00 to 20:00"
        },
        {
          "day": "lundi",
          "hours": "08:00 to 20:00"
        },
        {
          "day": "mardi",
          "hours": "08:00 to 20:00"
        },
        {
          "day": "mercredi",
          "hours": "08:00 to 20:00"
        },
        {
          "day": "jeudi",
          "hours": "08:00 to 20:00"
        },
        {
          "day": "vendredi",
          "hours": "08:00 to 17:00"
        },
        {
          "day": "samedi",
          "hours": "Ferm\u00e9"
        }
      ],
      "source": "Google Maps",
      "scrape_date": "2025-04-27T11:44:06.630005",
      "niche": "Avocats sp\u00e9cialis\u00e9s en droit des affaires",
      "raw_data": {
        "place_id": "ChIJteaq8B5u5kcRJcV_F7Bsqgk",
        "url": "https://www.google.com/maps/search/?api=1&query=JEM-AVOCAT&query_place_id=ChIJteaq8B5u5kcRJcV_F7Bsqgk",
        "description": "",
        "verified": false,
        "location": {
          "lat": null,
          "lng": null
        }
      }
    },
    {
      "id": "apify_1745754246_3",
      "company_name": "\u2705 Avocat garde d'enfants | Sophie Hag\u00e8ge | Avocat Divorce | Avocat P\u00e9naliste | Avocat liquidation judiciaire | Paris 17|",
      "contact_name": null,
      "position": null,
      "email": null,
      "phone": "+33 6 20 41 47 18",
      "website": "https://www.sophiehagege-avocat.com/",
      "address": "177 Av. de Clichy, 75017 Paris, France",
      "city": "Paris",
      "postal_code": "75017",
      "country": "France",
      "rating": 4.6,
      "reviews_count": 269,
      "category": [
        "Avocat sp\u00e9cialis\u00e9 en droit de la famille",
        "Avocat sp\u00e9cialis\u00e9 dans les divorces",
        "Service juridique de gestion des divorces",
        "Avocat g\u00e9n\u00e9raliste",
        "Avocat"
      ],
      "opening_hours": [
        {
          "day": "dimanche",
          "hours": "08:00 to 22:30"
        },
        {
          "day": "lundi",
          "hours": "08:00 to 22:30"
        },
        {
          "day": "mardi",
          "hours": "08:00 to 22:30"
        },
        {
          "day": "mercredi",
          "hours": "08:00 to 22:30"
        },
        {
          "day": "jeudi",
          "hours": "08:00 to 22:30"
        },
        {
          "day": "vendredi",
          "hours": "08:00 to 22:30"
        },
        {
          "day": "samedi",
          "hours": "08:00 to 22:30"
        }
      ],
      "source": "Google Maps",
      "scrape_date": "2025-04-27T11:44:06.630362",
      "niche": "Avocats sp\u00e9cialis\u00e9s en droit des affaires",
      "raw_data": {
        "place_id": "ChIJr-Jkx5lv5kcRjNPdiLIXo_w",
        "url": "https://www.google.com/maps/search/?api=1&query=%E2%9C%85%20Avocat%20garde%20d'enfants%20%7C%20Sophie%20Hag%C3%A8ge%20%7C%20Avocat%20Divorce%20%7C%20Avocat%20P%C3%A9naliste%20%7C%20Avocat%20liquidation%20judiciaire%20%7C%20Paris%2017%7C&query_place_id=ChIJr-Jkx5lv5kcRjNPdiLIXo_w",
        "description": "",
        "verified": false,
        "location": {
          "lat": null,
          "lng": null
        }
      }
    },
    {
      "id": "apify_1745754246_4",
      "company_name": "Nadia Tigzim : Avocat droit des affaires, droit commercial, baux commerciaux",
      "contact_name": null,
      "position": null,
      "email": null,
      "phone": "+33 1 46 36 79 33",
      "website": "https://avocat-tigzim.fr/",
      "address": "222 Bd Saint-Germain, 75007 Paris, France",
      "city": "Paris",
      "postal_code": "75007",
      "country": "France",
      "rating": 4.7,
      "reviews_count": 63,
      "category": [
        "Avocat",
        "Cabinet d'avocats"
      ],
      "opening_hours": [
        {
          "day": "dimanche",
          "hours": "Ferm\u00e9"
        },
        {
          "day": "lundi",
          "hours": "09:00 to 19:00"
        },
        {
          "day": "mardi",
          "hours": "09:00 to 19:00"
        },
        {
          "day": "mercredi",
          "hours": "09:00 to 19:00"
        },
        {
          "day": "jeudi",
          "hours": "09:00 to 19:00"
        },
        {
          "day": "vendredi",
          "hours": "09:00 to 19:00"
        },
        {
          "day": "samedi",
          "hours": "Ferm\u00e9"
        }
      ],
      "source": "Google Maps",
      "scrape_date": "2025-04-27T11:44:06.630593",
      "niche": "Avocats sp\u00e9cialis\u00e9s en droit des affaires",
      "raw_data": {
        "place_id": "ChIJy5bD3DVu5kcRfMUkZc-LUc0",
        "url": "https://www.google.com/maps/search/?api=1&query=Nadia%20Tigzim%20%3A%20Avocat%20droit%20des%20affaires%2C%20droit%20commercial%2C%20baux%20commerciaux&query_place_id=ChIJy5bD3DVu5kcRfMUkZc-LUc0",
        "description": "",
        "verified": false,
        "location": {
          "lat": null,
          "lng": null
        }
      }
    },
    {
      "id": "apify_1745754246_5",
      "company_name": "Avocat droit des affaires Paris \u2014 Chama Benseghir",
      "contact_name": null,
      "position": null,
      "email": null,
      "phone": "+33 6 98 06 25 92",
      "website": "https://benseghir-juris.com/",
      "address": "115 Rue de la Pompe, 75116 Paris, France",
      "city": "Paris",
      "postal_code": "75116",
      "country": "France",
      "rating": 4.9,
      "reviews_count": 77,
      "category": [
        "Avocat",
        "Avocat plaidant"
      ],
      "opening_hours": [
        {
          "day": "dimanche",
          "hours": "09:00 to 20:30"
        },
        {
          "day": "lundi",
          "hours": "08:30 to 20:30"
        },
        {
          "day": "mardi",
          "hours": "08:30 to 20:30"
        },
        {
          "day": "mercredi",
          "hours": "08:30 to 20:30"
        },
        {
          "day": "jeudi",
          "hours": "08:30 to 20:30"
        },
        {
          "day": "vendredi",
          "hours": "08:30 to 20:30"
        },
        {
          "day": "samedi",
          "hours": "08:30 to 20:30"
        }
      ],
      "source": "Google Maps",
      "scrape_date": "2025-04-27T11:44:06.630905",
      "niche": "Avocats sp\u00e9cialis\u00e9s en droit des affaires",
      "raw_data": {
        "place_id": "ChIJVTUgSLtv5kcRQ289i9My8Q4",
        "url": "https://www.google.com/maps/search/?api=1&query=Avocat%20droit%20des%20affaires%20Paris%20%E2%80%94%20Chama%20Benseghir&query_place_id=ChIJVTUgSLtv5kcRQ289i9My8Q4",
        "description": "",
        "verified": false,
        "location": {
          "lat": null,
          "lng": null
        }
      }
    },
    {
      "id": "apify_1745754246_6",
      "company_name": "PRIMO Avocats | Avocats droit des affaires et droit du travail \u00e0 Paris",
      "contact_name": null,
      "position": null,
      "email": null,
      "phone": "+33 1 89 16 54 74",
      "website": "http://www.primo-avocats.fr/",
      "address": "99 Rue de Courcelles, 75017 Paris, France",
      "city": "Paris",
      "postal_code": "75017",
      "country": "France",
      "rating": 4.8,
      "reviews_count": 36,
      "category": [
        "Avocat d'affaires"
      ],
      "opening_hours": [
        {
          "day": "dimanche",
          "hours": "Ferm\u00e9"
        },
        {
          "day": "lundi",
          "hours": "09:00 to 19:30"
        },
        {
          "day": "mardi",
          "hours": "09:00 to 19:30"
        },
        {
          "day": "mercredi",
          "hours": "09:00 to 19:30"
        },
        {
          "day": "jeudi",
          "hours": "09:00 to 19:30"
        },
        {
          "day": "vendredi",
          "hours": "09:00 to 19:30"
        },
        {
          "day": "samedi",
          "hours": "Ferm\u00e9"
        }
      ],
      "source": "Google Maps",
      "scrape_date": "2025-04-27T11:44:06.631285",
      "niche": "Avocats sp\u00e9cialis\u00e9s en droit des affaires",
      "raw_data": {
        "place_id": "ChIJjS7tXARv5kcRaaMlC3I0IQg",
        "url": "https://www.google.com/maps/search/?api=1&query=PRIMO%20Avocats%20%7C%20Avocats%20droit%20des%20affaires%20et%20droit%20du%20travail%20%C3%A0%20Paris&query_place_id=ChIJjS7tXARv5kcRaaMlC3I0IQg",
        "description": "",
        "verified": false,
        "location": {
          "lat": null,
          "lng": null
        }
      }
    },
    {
      "id": "apify_1745754246_7",
      "company_name": "Cabinet d'avocats NovLaw - Droit des affaires - Droit commercial - Droit immobilier - Droit Public - Droit social",
      "contact_name": null,
      "position": null,
      "email": null,
      "phone": "+33 1 44 01 46 36",
      "website": "https://novlaw.fr/",
      "address": "53 Bd de Magenta, 75010 Paris, France",
      "city": "Paris",
      "postal_code": "75010",
      "country": "France",
      "rating": 4.9,
      "reviews_count": 73,
      "category": [
        "Avocat",
        "Avocat en droit administratif",
        "Avocat d'affaires",
        "Avocat en droit de l'immigration",
        "Avocat en droit des assurances",
        "Avocat sp\u00e9cialis\u00e9 en droit immobilier",
        "Avocat sp\u00e9cialis\u00e9 en droit social"
      ],
      "opening_hours": [
        {
          "day": "dimanche",
          "hours": "Ferm\u00e9"
        },
        {
          "day": "lundi",
          "hours": "09:00 to 20:00"
        },
        {
          "day": "mardi",
          "hours": "09:00 to 20:00"
        },
        {
          "day": "mercredi",
          "hours": "09:00 to 20:00"
        },
        {
          "day": "jeudi",
          "hours": "09:00 to 20:00"
        },
        {
          "day": "vendredi",
          "hours": "09:00 to 20:00"
        },
        {
          "day": "samedi",
          "hours": "Ferm\u00e9"
        }
      ],
      "source": "Google Maps",
      "scrape_date": "2025-04-27T11:44:06.631627",
      "niche": "Avocats sp\u00e9cialis\u00e9s en droit des affaires",
      "raw_data": {
        "place_id": "ChIJnz2lUwxv5kcR51wqxYbDrQc",
        "url": "https://www.google.com/maps/search/?api=1&query=Cabinet%20d'avocats%20NovLaw%20-%20Droit%20des%20affaires%20-%20Droit%20commercial%20-%20Droit%20immobilier%20-%20Droit%20Public%20-%20Droit%20social&query_place_id=ChIJnz2lUwxv5kcR51wqxYbDrQc",
        "description": "",
        "verified": false,
        "location": {
          "lat": null,
          "lng": null
        }
      }
    },
    {
      "id": "apify_1745754246_8",
      "company_name": "Ma\u00eetre Ulysse BENAZERAF - Avocat (droit du travail, droit des contrats, droit p\u00e9nal)",
      "contact_name": null,
      "position": null,
      "email": null,
      "phone": "+33 6 22 00 47 28",
      "website": "http://ulysse-benazeraf-avocat.com/",
      "address": "16 Rue Poirier de Nar\u00e7ay, 75014 Paris, France",
      "city": "Paris",
      "postal_code": "75014",
      "country": "France",
      "rating": 5,
      "reviews_count": 40,
      "category": [
        "Avocat g\u00e9n\u00e9raliste",
        "Avocat.e en droit civil",
        "Avocat p\u00e9naliste",
        "Avocat sp\u00e9cialis\u00e9 en droit du travail"
      ],
      "opening_hours": [
        {
          "day": "dimanche",
          "hours": "09:00 to 20:00"
        },
        {
          "day": "lundi",
          "hours": "09:00 to 20:00"
        },
        {
          "day": "mardi",
          "hours": "09:00 to 20:00"
        },
        {
          "day": "mercredi",
          "hours": "09:00 to 20:00"
        },
        {
          "day": "jeudi",
          "hours": "09:00 to 20:00"
        },
        {
          "day": "vendredi",
          "hours": "09:00 to 20:00"
        },
        {
          "day": "samedi",
          "hours": "09:00 to 20:00"
        }
      ],
      "source": "Google Maps",
      "scrape_date": "2025-04-27T11:44:06.631948",
      "niche": "Avocats sp\u00e9cialis\u00e9s en droit des affaires",
      "raw_data": {
        "place_id": "ChIJ7-5diRFx5kcRri4c1765uOk",
        "url": "https://www.google.com/maps/search/?api=1&query=Ma%C3%AEtre%20Ulysse%20BENAZERAF%20-%20Avocat%20(droit%20du%20travail%2C%20droit%20des%20contrats%2C%20droit%20p%C3%A9nal)&query_place_id=ChIJ7-5diRFx5kcRri4c1765uOk",
        "description": "",
        "verified": false,
        "location": {
          "lat": null,
          "lng": null
        }
      }
    },
    {
      "id": "apify_1745754246_9",
      "company_name": "Ma\u00eetre R\u00e9my Josseaume Avocat Droit routier et permis de conduire",
      "contact_name": null,
      "position": null,
      "email": null,
      "phone": "+33 1 76 54 34 97",
      "website": "http://www.josseaume-avocat.fr/",
      "address": "36 Rue Vital, 75116 Paris, France",
      "city": "Paris",
      "postal_code": "75116",
      "country": "France",
      "rating": 4.9,
      "reviews_count": 338,
      "category": [
        "Avocat"
      ],
      "opening_hours": [
        {
          "day": "dimanche",
          "hours": "08:00 to 22:00"
        },
        {
          "day": "lundi",
          "hours": "07:00 to 22:00"
        },
        {
          "day": "mardi",
          "hours": "07:00 to 22:00"
        },
        {
          "day": "mercredi",
          "hours": "07:00 to 22:00"
        },
        {
          "day": "jeudi",
          "hours": "07:00 to 22:00"
        },
        {
          "day": "vendredi",
          "hours": "07:00 to 22:00"
        },
        {
          "day": "samedi",
          "hours": "07:00 to 22:00"
        }
      ],
      "source": "Google Maps",
      "scrape_date": "2025-04-27T11:44:06.632299",
      "niche": "Avocats sp\u00e9cialis\u00e9s en droit des affaires",
      "raw_data": {
        "place_id": "ChIJvd3b7hxu5kcRNbm2K9YMkjg",
        "url": "https://www.google.com/maps/search/?api=1&query=Ma%C3%AEtre%20R%C3%A9my%20Josseaume%20Avocat%20Droit%20routier%20et%20permis%20de%20conduire&query_place_id=ChIJvd3b7hxu5kcRNbm2K9YMkjg",
        "description": "",
        "verified": false,
        "location": {
          "lat": null,
          "lng": null
        }
      }
    },
    {
      "id": "apify_1745754246_10",
      "company_name": "Emmanuel Boukris Avocat \u2013 Droit Immobilier, Droit des Affaires, Droit du Dommage Corporel",
      "contact_name": null,
      "position": null,
      "email": null,
      "phone": "+33 1 55 43 88 56",
      "website": "http://www.emmanuelboukris.com/",
      "address": "31 Bd Malesherbes, 75008 Paris, France",
      "city": "Paris",
      "postal_code": "75008",
      "country": "France",
      "rating": 5,
      "reviews_count": 84,
      "category": [
        "Avocat",
        "Avocat.e en droit civil",
        "Avocat g\u00e9n\u00e9raliste",
        "Cabinet d'avocats"
      ],
      "opening_hours": [
        {
          "day": "dimanche",
          "hours": "Ferm\u00e9"
        },
        {
          "day": "lundi",
          "hours": "09:30 to 19:30"
        },
        {
          "day": "mardi",
          "hours": "09:30 to 19:30"
        },
        {
          "day": "mercredi",
          "hours": "09:30 to 19:30"
        },
        {
          "day": "jeudi",
          "hours": "09:30 to 19:30"
        },
        {
          "day": "vendredi",
          "hours": "09:30 to 17:30"
        },
        {
          "day": "samedi",
          "hours": "Ferm\u00e9"
        }
      ],
      "source": "Google Maps",
      "scrape_date": "2025-04-27T11:44:06.632542",
      "niche": "Avocats sp\u00e9cialis\u00e9s en droit des affaires",
      "raw_data": {
        "place_id": "ChIJpwW8OLZv5kcRIFYcMd8ZSLI",
        "url": "https://www.google.com/maps/search/?api=1&query=Emmanuel%20Boukris%20Avocat%20%E2%80%93%20Droit%20Immobilier%2C%20Droit%20des%20Affaires%2C%20Droit%20du%20Dommage%20Corporel&query_place_id=ChIJpwW8OLZv5kcRIFYcMd8ZSLI",
        "description": "",
        "verified": false,
        "location": {
          "lat": null,
          "lng": null
        }
      }
    },
    {
      "id": "apify_1745754246_11",
      "company_name": "Avocat Droit Public - Droit Immobilier - Paris - Marion Lacome d'Estalenx",
      "contact_name": null,
      "position": null,
      "email": null,
      "phone": "+33 6 45 73 25 15",
      "website": "https://lacomemarquis.fr/",
      "address": "15 Rue de Bellefond, 75009 Paris, France",
      "city": "Paris",
      "postal_code": "75009",
      "country": "France",
      "rating": 5,
      "reviews_count": 19,
      "category": [
        "Avocat.e en droit civil",
        "Avocat en droit administratif"
      ],
      "opening_hours": [
        {
          "day": "dimanche",
          "hours": "Ferm\u00e9"
        },
        {
          "day": "lundi",
          "hours": "09:00 to 20:00"
        },
        {
          "day": "mardi",
          "hours": "09:00 to 20:00"
        },
        {
          "day": "mercredi",
          "hours": "09:00 to 20:00"
        },
        {
          "day": "jeudi",
          "hours": "09:00 to 20:00"
        },
        {
          "day": "vendredi",
          "hours": "09:00 to 20:00"
        },
        {
          "day": "samedi",
          "hours": "Ferm\u00e9"
        }
      ],
      "source": "Google Maps",
      "scrape_date": "2025-04-27T11:44:06.632754",
      "niche": "Avocats sp\u00e9cialis\u00e9s en droit des affaires",
      "raw_data": {
        "place_id": "ChIJVVV52ulv5kcREPrutPBuQRw",
        "url": "https://www.google.com/maps/search/?api=1&query=Avocat%20Droit%20Public%20-%20Droit%20Immobilier%20-%20Paris%20-%20Marion%20Lacome%20d'Estalenx&query_place_id=ChIJVVV52ulv5kcREPrutPBuQRw",
        "description": "",
        "verified": false,
        "location": {
          "lat": null,
          "lng": null
        }
      }
    },
    {
      "id": "apify_1745754246_12",
      "company_name": "\ufe0f Benjamin INGELAERE Avocats Droit public, Paris. Urbanisme, Fonction Publique.",
      "contact_name": null,
      "position": null,
      "email": null,
      "phone": "+33 7 81 14 93 30",
      "website": "https://ing-avocat.legal/",
      "address": "Cabinet d'Avocats, 8 Rue de Chantilly, 75009 Paris, France",
      "city": "Paris",
      "postal_code": "75009",
      "country": "France",
      "rating": 4.4,
      "reviews_count": 33,
      "category": [
        "Avocat en droit administratif",
        "Tribunal",
        "Avocat sp\u00e9cialis\u00e9 en droit immobilier"
      ],
      "opening_hours": [
        {
          "day": "dimanche",
          "hours": "Ferm\u00e9"
        },
        {
          "day": "lundi",
          "hours": "09:00 to 18:00"
        },
        {
          "day": "mardi",
          "hours": "09:00 to 18:00"
        },
        {
          "day": "mercredi",
          "hours": "09:00 to 18:00"
        },
        {
          "day": "jeudi",
          "hours": "09:00 to 18:00"
        },
        {
          "day": "vendredi",
          "hours": "09:00 to 12:00"
        },
        {
          "day": "samedi",
          "hours": "Ferm\u00e9"
        }
      ],
      "source": "Google Maps",
      "scrape_date": "2025-04-27T11:44:06.633245",
      "niche": "Avocats sp\u00e9cialis\u00e9s en droit des affaires",
      "raw_data": {
        "place_id": "ChIJcfNU28Nx5kcR83BOWujOTQo",
        "url": "https://www.google.com/maps/search/?api=1&query=%EF%B8%8F%20Benjamin%20INGELAERE%20Avocats%20Droit%20public%2C%20Paris.%20Urbanisme%2C%20Fonction%20Publique.&query_place_id=ChIJcfNU28Nx5kcR83BOWujOTQo",
        "description": "",
        "verified": false,
        "location": {
          "lat": null,
          "lng": null
        }
      }
    },
    {
      "id": "apify_1745754246_13",
      "company_name": "Me Paul Emile Boutmy - Avocat en droit des affaires \u00e0 Paris",
      "contact_name": null,
      "position": null,
      "email": null,
      "phone": "+33 6 63 68 71 99",
      "website": "https://www.avocat-boutmy.com/",
      "address": "4 Rue Saint-Nicolas, 75012 Paris, France",
      "city": "Paris",
      "postal_code": "75012",
      "country": "France",
      "rating": 5,
      "reviews_count": 28,
      "category": [
        "Avocat"
      ],
      "opening_hours": [
        {
          "day": "dimanche",
          "hours": "Ferm\u00e9"
        },
        {
          "day": "lundi",
          "hours": "09:00 to 20:00"
        },
        {
          "day": "mardi",
          "hours": "09:00 to 20:00"
        },
        {
          "day": "mercredi",
          "hours": "09:00 to 20:00"
        },
        {
          "day": "jeudi",
          "hours": "09:00 to 20:00"
        },
        {
          "day": "vendredi",
          "hours": "09:00 to 20:00"
        },
        {
          "day": "samedi",
          "hours": "Ferm\u00e9"
        }
      ],
      "source": "Google Maps",
      "scrape_date": "2025-04-27T11:44:06.633490",
      "niche": "Avocats sp\u00e9cialis\u00e9s en droit des affaires",
      "raw_data": {
        "place_id": "ChIJAQDU0D5u5kcR5aqzlt9JtME",
        "url": "https://www.google.com/maps/search/?api=1&query=Me%20Paul%20Emile%20Boutmy%20-%20Avocat%20en%20droit%20des%20affaires%20%C3%A0%20Paris&query_place_id=ChIJAQDU0D5u5kcR5aqzlt9JtME",
        "description": "",
        "verified": false,
        "location": {
          "lat": null,
          "lng": null
        }
      }
    },
    {
      "id": "apify_1745754246_14",
      "company_name": "Marie-Isis LAURENT",
      "contact_name": null,
      "position": null,
      "email": null,
      "phone": "+33 6 47 61 88 31",
      "website": "https://www.marie-isis-laurent-avocat.fr/",
      "address": "4-6 Rue Thimonnier, 75009 Paris, France",
      "city": "Paris",
      "postal_code": "75009",
      "country": "France",
      "rating": 4.6,
      "reviews_count": 46,
      "category": [
        "Avocat"
      ],
      "opening_hours": [
        {
          "day": "dimanche",
          "hours": "Ferm\u00e9"
        },
        {
          "day": "lundi",
          "hours": "09:00 to 20:00"
        },
        {
          "day": "mardi",
          "hours": "09:00 to 20:00"
        },
        {
          "day": "mercredi",
          "hours": "09:00 to 20:00"
        },
        {
          "day": "jeudi",
          "hours": "09:00 to 20:00"
        },
        {
          "day": "vendredi",
          "hours": "09:00 to 20:00"
        },
        {
          "day": "samedi",
          "hours": "09:00 to 13:00"
        }
      ],
      "source": "Google Maps",
      "scrape_date": "2025-04-27T11:44:06.633839",
      "niche": "Avocats sp\u00e9cialis\u00e9s en droit des affaires",
      "raw_data": {
        "place_id": "ChIJ073K909v5kcRe1uE5KmYeD0",
        "url": "https://www.google.com/maps/search/?api=1&query=Marie-Isis%20LAURENT&query_place_id=ChIJ073K909v5kcRe1uE5KmYeD0",
        "description": "",
        "verified": false,
        "location": {
          "lat": null,
          "lng": null
        }
      }
    },
    {
      "id": "apify_1745754246_15",
      "company_name": "Kohen Avocats, cabinet d'avocats en droit immobilier et droit des affaires \u00e0 Paris",
      "contact_name": null,
      "position": null,
      "email": null,
      "phone": "+33 6 46 60 58 22",
      "website": "https://kohenavocats.fr/",
      "address": "155 Bd Malesherbes, 75017 Paris, France",
      "city": "Paris",
      "postal_code": "75017",
      "country": "France",
      "rating": 4.9,
      "reviews_count": 79,
      "category": [
        "Avocat"
      ],
      "opening_hours": [
        {
          "day": "dimanche",
          "hours": "Ferm\u00e9"
        },
        {
          "day": "lundi",
          "hours": "09:00 to 20:00"
        },
        {
          "day": "mardi",
          "hours": "09:00 to 20:00"
        },
        {
          "day": "mercredi",
          "hours": "09:00 to 20:00"
        },
        {
          "day": "jeudi",
          "hours": "09:00 to 19:30"
        },
        {
          "day": "vendredi",
          "hours": "09:00 to 20:00"
        },
        {
          "day": "samedi",
          "hours": "09:00 to 20:00"
        }
      ],
      "source": "Google Maps",
      "scrape_date": "2025-04-27T11:44:06.634239",
      "niche": "Avocats sp\u00e9cialis\u00e9s en droit des affaires",
      "raw_data": {
        "place_id": "ChIJvRSMfNJv5kcRoBAxgaYQ91c",
        "url": "https://www.google.com/maps/search/?api=1&query=Kohen%20Avocats%2C%20cabinet%20d'avocats%20en%20droit%20immobilier%20et%20droit%20des%20affaires%20%C3%A0%20Paris&query_place_id=ChIJvRSMfNJv5kcRoBAxgaYQ91c",
        "description": "",
        "verified": false,
        "location": {
          "lat": null,
          "lng": null
        }
      }
    },
    {
      "id": "apify_1745754246_16",
      "company_name": "Baptiste ROBELIN - Avocat en droit commercial, droit des contrats et droit immobilier",
      "contact_name": null,
      "position": null,
      "email": null,
      "phone": "+33 6 66 15 63 07",
      "website": "https://novlaw.fr/baptiste-robelin/",
      "address": "53 Bd de Magenta, 75010 Paris, France",
      "city": "Paris",
      "postal_code": "75010",
      "country": "France",
      "rating": 5,
      "reviews_count": 49,
      "category": [
        "Avocat sp\u00e9cialis\u00e9 en droit immobilier",
        "Avocat d'affaires",
        "Avocat",
        "Services juridiques"
      ],
      "opening_hours": [
        {
          "day": "dimanche",
          "hours": "Ferm\u00e9"
        },
        {
          "day": "lundi",
          "hours": "08:00 to 20:00"
        },
        {
          "day": "mardi",
          "hours": "08:00 to 20:00"
        },
        {
          "day": "mercredi",
          "hours": "08:00 to 20:00"
        },
        {
          "day": "jeudi",
          "hours": "08:00 to 20:00"
        },
        {
          "day": "vendredi",
          "hours": "08:00 to 20:00"
        },
        {
          "day": "samedi",
          "hours": "Ferm\u00e9"
        }
      ],
      "source": "Google Maps",
      "scrape_date": "2025-04-27T11:44:06.634493",
      "niche": "Avocats sp\u00e9cialis\u00e9s en droit des affaires",
      "raw_data": {
        "place_id": "ChIJsZ9yX-5v5kcRu53G0LFrzS0",
        "url": "https://www.google.com/maps/search/?api=1&query=Baptiste%20ROBELIN%20-%20Avocat%20en%20droit%20commercial%2C%20droit%20des%20contrats%20et%20droit%20immobilier&query_place_id=ChIJsZ9yX-5v5kcRu53G0LFrzS0",
        "description": "",
        "verified": false,
        "location": {
          "lat": null,
          "lng": null
        }
      }
    },
    {
      "id": "apify_1745754246_17",
      "company_name": "Avocat Droit des affaires et Commerce \u00e0 Paris, Ma\u00eetre Jabouley Marie-Pierre | Conseil juridique | Vente et achat de fonds de commerceI Cession entreprise I Cr\u00e9ation Soci\u00e9t\u00e9 I Contrats",
      "contact_name": null,
      "position": null,
      "email": null,
      "phone": "+33 1 53 30 08 48",
      "website": "https://www.avocat-jabouley.fr/",
      "address": "17 - 21 Rue Duret BAT D, 75116 Paris, France",
      "city": "Paris",
      "postal_code": "75116",
      "country": "France",
      "rating": 4.9,
      "reviews_count": 74,
      "category": [
        "Avocat",
        "Conseil",
        "Services juridiques"
      ],
      "opening_hours": [
        {
          "day": "dimanche",
          "hours": "Ferm\u00e9"
        },
        {
          "day": "lundi",
          "hours": "09:00 to 12:00, 13:00 to 19:00"
        },
        {
          "day": "mardi",
          "hours": "09:00 to 12:00, 13:00 to 19:00"
        },
        {
          "day": "mercredi",
          "hours": "09:00 to 12:00, 13:00 to 19:00"
        },
        {
          "day": "jeudi",
          "hours": "09:00 to 12:00, 13:00 to 19:00"
        },
        {
          "day": "vendredi",
          "hours": "09:00 to 12:00, 13:00 to 18:00"
        },
        {
          "day": "samedi",
          "hours": "Ferm\u00e9"
        }
      ],
      "source": "Google Maps",
      "scrape_date": "2025-04-27T11:44:06.634748",
      "niche": "Avocats sp\u00e9cialis\u00e9s en droit des affaires",
      "raw_data": {
        "place_id": "ChIJoTzavfNv5kcRSoENjJ5XLmc",
        "url": "https://www.google.com/maps/search/?api=1&query=Avocat%20Droit%20des%20affaires%20et%20Commerce%20%C3%A0%20Paris%2C%20Ma%C3%AEtre%20Jabouley%20Marie-Pierre%20%7C%20Conseil%20juridique%20%7C%20Vente%20et%20achat%20de%20fonds%20de%20commerceI%20Cession%20entreprise%20I%20Cr%C3%A9ation%20Soci%C3%A9t%C3%A9%20I%20Contrats&query_place_id=ChIJoTzavfNv5kcRSoENjJ5XLmc",
        "description": "",
        "verified": false,
        "location": {
          "lat": null,
          "lng": null
        }
      }
    },
    {
      "id": "apify_1745754246_18",
      "company_name": "BRANJONNEAU Christel - Avocat en droit des affaires PARIS - Sp\u00e9cialiste en droit des Soci\u00e9t\u00e9s",
      "contact_name": null,
      "position": null,
      "email": null,
      "phone": "+33 1 40 28 11 96",
      "website": "http://www.branjonneau-avocat.com/",
      "address": "27 Rue du Pont Neuf, 75001 Paris, France",
      "city": "Paris",
      "postal_code": "75001",
      "country": "France",
      "rating": 4.7,
      "reviews_count": 13,
      "category": [
        "Avocat",
        "Avocat sp\u00e9cialis\u00e9 en droit de la faillite",
        "Services aux entreprises",
        "Conseil",
        "Cabinet d'avocats"
      ],
      "opening_hours": [
        {
          "day": "dimanche",
          "hours": "Ferm\u00e9"
        },
        {
          "day": "lundi",
          "hours": "09:00 to 19:00"
        },
        {
          "day": "mardi",
          "hours": "09:00 to 19:00"
        },
        {
          "day": "mercredi",
          "hours": "09:00 to 19:00"
        },
        {
          "day": "jeudi",
          "hours": "09:00 to 19:00"
        },
        {
          "day": "vendredi",
          "hours": "09:00 to 19:00"
        },
        {
          "day": "samedi",
          "hours": "Ferm\u00e9"
        }
      ],
      "source": "Google Maps",
      "scrape_date": "2025-04-27T11:44:06.635180",
      "niche": "Avocats sp\u00e9cialis\u00e9s en droit des affaires",
      "raw_data": {
        "place_id": "ChIJXdCsEB9v5kcROWXQM08sY2o",
        "url": "https://www.google.com/maps/search/?api=1&query=BRANJONNEAU%20Christel%20-%20Avocat%20en%20droit%20des%20affaires%20PARIS%20-%20Sp%C3%A9cialiste%20en%20droit%20des%20Soci%C3%A9t%C3%A9s&query_place_id=ChIJXdCsEB9v5kcROWXQM08sY2o",
        "description": "",
        "verified": false,
        "location": {
          "lat": null,
          "lng": null
        }
      }
    },
    {
      "id": "apify_1745754246_19",
      "company_name": "Elisabeth Aydin Avocat",
      "contact_name": null,
      "position": null,
      "email": null,
      "phone": "+33 1 40 20 02 37",
      "website": "https://www.avocat-elisabeth-aydin.fr/",
      "address": "3 Rue Guillaumot, 75012 Paris, France",
      "city": "Paris",
      "postal_code": "75012",
      "country": "France",
      "rating": 4.9,
      "reviews_count": 301,
      "category": [
        "Avocat sp\u00e9cialis\u00e9 dans les divorces",
        "Avocat en droit administratif",
        "Avocat.e en droit civil",
        "Avocat p\u00e9naliste",
        "Avocat sp\u00e9cialis\u00e9 en droit de la famille",
        "Avocat en droit de l'immigration",
        "Avocat sp\u00e9cialis\u00e9 en dommages corporels",
        "Avocat sp\u00e9cialis\u00e9 en droit social"
      ],
      "opening_hours": [
        {
          "day": "dimanche",
          "hours": "Ferm\u00e9"
        },
        {
          "day": "lundi",
          "hours": "09:00 to 19:00"
        },
        {
          "day": "mardi",
          "hours": "09:00 to 19:00"
        },
        {
          "day": "mercredi",
          "hours": "09:00 to 19:00"
        },
        {
          "day": "jeudi",
          "hours": "09:00 to 19:00"
        },
        {
          "day": "vendredi",
          "hours": "09:00 to 19:00"
        },
        {
          "day": "samedi",
          "hours": "09:00 to 19:00"
        }
      ],
      "source": "Google Maps",
      "scrape_date": "2025-04-27T11:44:06.635441",
      "niche": "Avocats sp\u00e9cialis\u00e9s en droit des affaires",
      "raw_data": {
        "place_id": "ChIJac-uIAVy5kcRG8aRcFgktxM",
        "url": "https://www.google.com/maps/search/?api=1&query=Elisabeth%20Aydin%20Avocat&query_place_id=ChIJac-uIAVy5kcRG8aRcFgktxM",
        "description": "",
        "verified": false,
        "location": {
          "lat": null,
          "lng": null
        }
      }
    },
    {
      "id": "apify_1745754246_20",
      "company_name": "Laurence Mayer",
      "contact_name": null,
      "position": null,
      "email": null,
      "phone": "+33 1 88 24 37 13",
      "website": "https://www.avocat-paris-lmayer.com/",
      "address": "28 Rue Racine, 75006 Paris, France",
      "city": "Paris",
      "postal_code": "75006",
      "country": "France",
      "rating": 4.8,
      "reviews_count": 144,
      "category": [
        "Avocat sp\u00e9cialis\u00e9 dans les divorces",
        "Avocat sp\u00e9cialis\u00e9 en droit de la famille",
        "Avocat"
      ],
      "opening_hours": [
        {
          "day": "dimanche",
          "hours": "Ferm\u00e9"
        },
        {
          "day": "lundi",
          "hours": "09:00 to 13:00, 14:00 to 19:00"
        },
        {
          "day": "mardi",
          "hours": "09:00 to 13:00, 14:00 to 19:00"
        },
        {
          "day": "mercredi",
          "hours": "09:00 to 13:00, 14:00 to 19:00"
        },
        {
          "day": "jeudi",
          "hours": "09:00 to 13:00, 14:00 to 19:00"
        },
        {
          "day": "vendredi",
          "hours": "09:00 to 13:00, 14:00 to 19:00"
        },
        {
          "day": "samedi",
          "hours": "Ferm\u00e9"
        }
      ],
      "source": "Google Maps",
      "scrape_date": "2025-04-27T11:44:06.640173",
      "niche": "Avocats sp\u00e9cialis\u00e9s en droit des affaires",
      "raw_data": {
        "place_id": "ChIJLcJUdeJv5kcRXFnT9gHU_3w",
        "url": "https://www.google.com/maps/search/?api=1&query=Laurence%20Mayer&query_place_id=ChIJLcJUdeJv5kcRXFnT9gHU_3w",
        "description": "",
        "verified": false,
        "location": {
          "lat": null,
          "lng": null
        }
      }
    },
    {
      "id": "apify_1745754246_21",
      "company_name": "Antoine Gouin | Avocat au Barreau de Paris | Droit fiscal | Droit patrimonial | Droit des affaires",
      "contact_name": null,
      "position": null,
      "email": null,
      "phone": "+33 1 89 16 40 90",
      "website": "https://alphard.law/",
      "address": "13 Rue Royale, 75008 Paris, France",
      "city": "Paris",
      "postal_code": "75008",
      "country": "France",
      "rating": 5,
      "reviews_count": 102,
      "category": [
        "Avocat fiscaliste"
      ],
      "opening_hours": [
        {
          "day": "dimanche",
          "hours": "Ferm\u00e9"
        },
        {
          "day": "lundi",
          "hours": "08:00 to 20:00"
        },
        {
          "day": "mardi",
          "hours": "08:00 to 20:00"
        },
        {
          "day": "mercredi",
          "hours": "08:00 to 20:00"
        },
        {
          "day": "jeudi",
          "hours": "Ferm\u00e9"
        },
        {
          "day": "vendredi",
          "hours": "08:00 to 20:00"
        },
        {
          "day": "samedi",
          "hours": "Ferm\u00e9"
        }
      ],
      "source": "Google Maps",
      "scrape_date": "2025-04-27T11:44:06.640600",
      "niche": "Avocats sp\u00e9cialis\u00e9s en droit des affaires",
      "raw_data": {
        "place_id": "ChIJOcY63Zhv5kcRnNwDJAKucPk",
        "url": "https://www.google.com/maps/search/?api=1&query=Antoine%20Gouin%20%7C%20Avocat%20au%20Barreau%20de%20Paris%20%7C%20Droit%20fiscal%20%7C%20Droit%20patrimonial%20%7C%20Droit%20des%20affaires&query_place_id=ChIJOcY63Zhv5kcRnNwDJAKucPk",
        "description": "",
        "verified": false,
        "location": {
          "lat": null,
          "lng": null
        }
      }
    },
    {
      "id": "apify_1745754246_22",
      "company_name": "ADER JOLIBOIS : cabinet d'avocats en droit des affaires, droit social, droit fiscal et droit du dommage corporel",
      "contact_name": null,
      "position": null,
      "email": null,
      "phone": "+33 1 45 44 10 33",
      "website": "http://www.aderjolibois.com/",
      "address": "6 Pl. Saint-Sulpice, 75006 Paris, France",
      "city": "Paris",
      "postal_code": "75006",
      "country": "France",
      "rating": 5,
      "reviews_count": 4,
      "category": [
        "Cabinet d'avocats"
      ],
      "opening_hours": [
        {
          "day": "dimanche",
          "hours": "Ferm\u00e9"
        },
        {
          "day": "lundi",
          "hours": "09:00 to 19:00"
        },
        {
          "day": "mardi",
          "hours": "09:00 to 19:00"
        },
        {
          "day": "mercredi",
          "hours": "09:00 to 19:00"
        },
        {
          "day": "jeudi",
          "hours": "09:00 to 19:00"
        },
        {
          "day": "vendredi",
          "hours": "09:00 to 19:00"
        },
        {
          "day": "samedi",
          "hours": "Ferm\u00e9"
        }
      ],
      "source": "Google Maps",
      "scrape_date": "2025-04-27T11:44:06.640842",
      "niche": "Avocats sp\u00e9cialis\u00e9s en droit des affaires",
      "raw_data": {
        "place_id": "ChIJj3m3OdRx5kcRIRoqPJE5OUM",
        "url": "https://www.google.com/maps/search/?api=1&query=ADER%20JOLIBOIS%20%3A%20cabinet%20d'avocats%20en%20droit%20des%20affaires%2C%20droit%20social%2C%20droit%20fiscal%20et%20droit%20du%20dommage%20corporel&query_place_id=ChIJj3m3OdRx5kcRIRoqPJE5OUM",
        "description": "",
        "verified": false,
        "location": {
          "lat": null,
          "lng": null
        }
      }
    },
    {
      "id": "apify_1745754246_23",
      "company_name": "Caroline MREJEN-BERREBY : Avocat en droit commercial",
      "contact_name": null,
      "position": null,
      "email": null,
      "phone": "+33 1 84 80 07 82",
      "website": "http://www.martinmrejen-avocats.fr/",
      "address": "14 Rue Margueritte, 75017 Paris, France",
      "city": "Paris",
      "postal_code": "75017",
      "country": "France",
      "rating": 5,
      "reviews_count": 33,
      "category": [
        "Avocat d'affaires"
      ],
      "opening_hours": [
        {
          "day": "dimanche",
          "hours": "Ferm\u00e9"
        },
        {
          "day": "lundi",
          "hours": "09:00 to 19:00"
        },
        {
          "day": "mardi",
          "hours": "09:00 to 19:00"
        },
        {
          "day": "mercredi",
          "hours": "09:00 to 19:00"
        },
        {
          "day": "jeudi",
          "hours": "09:00 to 19:00"
        },
        {
          "day": "vendredi",
          "hours": "09:00 to 19:00"
        },
        {
          "day": "samedi",
          "hours": "Ferm\u00e9"
        }
      ],
      "source": "Google Maps",
      "scrape_date": "2025-04-27T11:44:06.641112",
      "niche": "Avocats sp\u00e9cialis\u00e9s en droit des affaires",
      "raw_data": {
        "place_id": "ChIJVVWFeDRu5kcRU2IQR2Okm6I",
        "url": "https://www.google.com/maps/search/?api=1&query=Caroline%20MREJEN-BERREBY%20%3A%20Avocat%20en%20droit%20commercial&query_place_id=ChIJVVWFeDRu5kcRU2IQR2Okm6I",
        "description": "",
        "verified": false,
        "location": {
          "lat": null,
          "lng": null
        }
      }
    },
    {
      "id": "apify_1745754246_24",
      "company_name": "YM AVOCATS - Immobilier commercial - baux commerciaux Paris",
      "contact_name": null,
      "position": null,
      "email": null,
      "phone": "+33 6 11 95 42 97",
      "website": "http://www.ymavocat.fr/",
      "address": "14 Rue des immeubles Industriels, 75011 Paris, France",
      "city": "Paris",
      "postal_code": "75011",
      "country": "France",
      "rating": 4.9,
      "reviews_count": 136,
      "category": [
        "Cabinet d'avocats"
      ],
      "opening_hours": [
        {
          "day": "dimanche",
          "hours": "Ferm\u00e9"
        },
        {
          "day": "lundi",
          "hours": "09:00 to 20:00"
        },
        {
          "day": "mardi",
          "hours": "09:00 to 20:00"
        },
        {
          "day": "mercredi",
          "hours": "09:00 to 20:00"
        },
        {
          "day": "jeudi",
          "hours": "09:00 to 20:00"
        },
        {
          "day": "vendredi",
          "hours": "09:00 to 20:00"
        },
        {
          "day": "samedi",
          "hours": "Ferm\u00e9"
        }
      ],
      "source": "Google Maps",
      "scrape_date": "2025-04-27T11:44:06.641344",
      "niche": "Avocats sp\u00e9cialis\u00e9s en droit des affaires",
      "raw_data": {
        "place_id": "ChIJ_4TF1Shv5kcRSfPRU-PFMzo",
        "url": "https://www.google.com/maps/search/?api=1&query=YM%20AVOCATS%20-%20Immobilier%20commercial%20-%20baux%20commerciaux%20Paris&query_place_id=ChIJ_4TF1Shv5kcRSfPRU-PFMzo",
        "description": "",
        "verified": false,
        "location": {
          "lat": null,
          "lng": null
        }
      }
    },
    {
      "id": "apify_1745754246_25",
      "company_name": "Cabinet d'Avocats A LA LETTRE",
      "contact_name": null,
      "position": null,
      "email": null,
      "phone": "+33 1 40 30 10 84",
      "website": "http://avocats-alalettre.fr/",
      "address": "16 Rue de Picpus, 75012 Paris, France",
      "city": "Paris",
      "postal_code": "75012",
      "country": "France",
      "rating": 4.8,
      "reviews_count": 33,
      "category": [
        "Avocat"
      ],
      "opening_hours": [],
      "source": "Google Maps",
      "scrape_date": "2025-04-27T11:44:06.641539",
      "niche": "Avocats sp\u00e9cialis\u00e9s en droit des affaires",
      "raw_data": {
        "place_id": "ChIJC6Q-FJpt5kcRU0T0xuu6inY",
        "url": "https://www.google.com/maps/search/?api=1&query=Cabinet%20d'Avocats%20A%20LA%20LETTRE&query_place_id=ChIJC6Q-FJpt5kcRU0T0xuu6inY",
        "description": "",
        "verified": false,
        "location": {
          "lat": null,
          "lng": null
        }
      }
    },
    {
      "id": "apify_1745754246_26",
      "company_name": "LDCF Avocats",
      "contact_name": null,
      "position": null,
      "email": null,
      "phone": "+33 1 80 88 56 44",
      "website": "http://www.ldcf-avocats.com/",
      "address": "28 Bd de la Bastille, 75012 Paris, France",
      "city": "Paris",
      "postal_code": "75012",
      "country": "France",
      "rating": 5,
      "reviews_count": 18,
      "category": [
        "Cabinet d'avocats"
      ],
      "opening_hours": [
        {
          "day": "dimanche",
          "hours": "Ferm\u00e9"
        },
        {
          "day": "lundi",
          "hours": "09:30 to 12:30, 14:00 to 19:00"
        },
        {
          "day": "mardi",
          "hours": "09:30 to 12:30, 14:00 to 19:00"
        },
        {
          "day": "mercredi",
          "hours": "09:30 to 12:30, 14:00 to 19:00"
        },
        {
          "day": "jeudi",
          "hours": "09:30 to 12:30, 14:00 to 19:00"
        },
        {
          "day": "vendredi",
          "hours": "09:30 to 12:30, 14:00 to 19:00"
        },
        {
          "day": "samedi",
          "hours": "Ferm\u00e9"
        }
      ],
      "source": "Google Maps",
      "scrape_date": "2025-04-27T11:44:06.641749",
      "niche": "Avocats sp\u00e9cialis\u00e9s en droit des affaires",
      "raw_data": {
        "place_id": "ChIJLXJ0CTZu5kcRweObgCTcKMU",
        "url": "https://www.google.com/maps/search/?api=1&query=LDCF%20Avocats&query_place_id=ChIJLXJ0CTZu5kcRweObgCTcKMU",
        "description": "",
        "verified": false,
        "location": {
          "lat": null,
          "lng": null
        }
      }
    },
    {
      "id": "apify_1745754246_27",
      "company_name": "CABINET SALLARD CATTONI",
      "contact_name": null,
      "position": null,
      "email": null,
      "phone": "+33 1 40 29 90 28",
      "website": "https://www.avocats-sallard-cattoni.fr/",
      "address": "16 Quai des C\u00e9lestins, 75004 Paris, France",
      "city": "Paris",
      "postal_code": "75004",
      "country": "France",
      "rating": 4.6,
      "reviews_count": 96,
      "category": [
        "Avocat sp\u00e9cialis\u00e9 en droit immobilier",
        "Avocat plaidant",
        "Avocat.e en droit civil",
        "Recouvrement de dettes",
        "Cabinet d'avocats",
        "Avocat"
      ],
      "opening_hours": [
        {
          "day": "dimanche",
          "hours": "Ferm\u00e9"
        },
        {
          "day": "lundi",
          "hours": "09:00 to 19:30"
        },
        {
          "day": "mardi",
          "hours": "09:00 to 19:30"
        },
        {
          "day": "mercredi",
          "hours": "09:00 to 19:30"
        },
        {
          "day": "jeudi",
          "hours": "09:00 to 19:30"
        },
        {
          "day": "vendredi",
          "hours": "09:00 to 19:30"
        },
        {
          "day": "samedi",
          "hours": "Ferm\u00e9"
        }
      ],
      "source": "Google Maps",
      "scrape_date": "2025-04-27T11:44:06.641994",
      "niche": "Avocats sp\u00e9cialis\u00e9s en droit des affaires",
      "raw_data": {
        "place_id": "ChIJh3MJn_5x5kcRMal8RHkS9Dg",
        "url": "https://www.google.com/maps/search/?api=1&query=CABINET%20SALLARD%20CATTONI&query_place_id=ChIJh3MJn_5x5kcRMal8RHkS9Dg",
        "description": "",
        "verified": false,
        "location": {
          "lat": null,
          "lng": null
        }
      }
    },
    {
      "id": "apify_1745754246_28",
      "company_name": "JADDE Avocats",
      "contact_name": null,
      "position": null,
      "email": null,
      "phone": "+33 9 83 35 41 70",
      "website": "https://www.jaddeavocats.com/",
      "address": "35 Rue du Laos, 75015 Paris, France",
      "city": "Paris",
      "postal_code": "75015",
      "country": "France",
      "rating": 4.6,
      "reviews_count": 75,
      "category": [
        "Avocat sp\u00e9cialis\u00e9 en droit de la famille",
        "Avocat sp\u00e9cialis\u00e9 dans les divorces"
      ],
      "opening_hours": [
        {
          "day": "dimanche",
          "hours": "Ferm\u00e9"
        },
        {
          "day": "lundi",
          "hours": "09:00 to 19:00"
        },
        {
          "day": "mardi",
          "hours": "09:00 to 19:00"
        },
        {
          "day": "mercredi",
          "hours": "09:00 to 19:00"
        },
        {
          "day": "jeudi",
          "hours": "Ferm\u00e9"
        },
        {
          "day": "vendredi",
          "hours": "09:00 to 19:00"
        },
        {
          "day": "samedi",
          "hours": "Ferm\u00e9"
        }
      ],
      "source": "Google Maps",
      "scrape_date": "2025-04-27T11:44:06.643805",
      "niche": "Avocats sp\u00e9cialis\u00e9s en droit des affaires",
      "raw_data": {
        "place_id": "ChIJw5y24yJw5kcRlNHYkJ17BJU",
        "url": "https://www.google.com/maps/search/?api=1&query=JADDE%20Avocats&query_place_id=ChIJw5y24yJw5kcRlNHYkJ17BJU",
        "description": "",
        "verified": false,
        "location": {
          "lat": null,
          "lng": null
        }
      }
    },
    {
      "id": "apify_1745754246_29",
      "company_name": "Ambroise Soreau avocat",
      "contact_name": null,
      "position": null,
      "email": null,
      "phone": "+33 1 48 42 01 81",
      "website": "http://www.soreau-avocat.fr/",
      "address": "192 Rue Lecourbe, 75015 Paris, France",
      "city": "Paris",
      "postal_code": "75015",
      "country": "France",
      "rating": 4.9,
      "reviews_count": 16,
      "category": [
        "Avocat"
      ],
      "opening_hours": [
        {
          "day": "dimanche",
          "hours": "Ferm\u00e9"
        },
        {
          "day": "lundi",
          "hours": "09:00 to 19:00"
        },
        {
          "day": "mardi",
          "hours": "09:00 to 19:00"
        },
        {
          "day": "mercredi",
          "hours": "09:00 to 19:00"
        },
        {
          "day": "jeudi",
          "hours": "09:00 to 19:00"
        },
        {
          "day": "vendredi",
          "hours": "09:00 to 19:00"
        },
        {
          "day": "samedi",
          "hours": "Ferm\u00e9"
        }
      ],
      "source": "Google Maps",
      "scrape_date": "2025-04-27T11:44:06.644166",
      "niche": "Avocats sp\u00e9cialis\u00e9s en droit des affaires",
      "raw_data": {
        "place_id": "ChIJ5UBlxNBx5kcR-v86QtWBN98",
        "url": "https://www.google.com/maps/search/?api=1&query=Ambroise%20Soreau%20avocat&query_place_id=ChIJ5UBlxNBx5kcR-v86QtWBN98",
        "description": "",
        "verified": false,
        "location": {
          "lat": null,
          "lng": null
        }
      }
    },
    {
      "id": "apify_1745754246_30",
      "company_name": "FRANK Judith, avocat au barreau de Paris",
      "contact_name": null,
      "position": null,
      "email": null,
      "phone": "+33 1 43 44 44 15",
      "website": "https://consultation.avocat.fr/blog/judith-frank/",
      "address": "238 Rue de la Croix Nivert, 75015 Paris, France",
      "city": "Paris",
      "postal_code": "75015",
      "country": "France",
      "rating": 4.6,
      "reviews_count": 27,
      "category": [
        "Avocat",
        "Avocat.e en droit civil",
        "Avocat sp\u00e9cialis\u00e9 dans les divorces",
        "Avocat g\u00e9n\u00e9raliste",
        "Avocat sp\u00e9cialis\u00e9 en droit social",
        "Avocat plaidant"
      ],
      "opening_hours": [
        {
          "day": "dimanche",
          "hours": "Ferm\u00e9"
        },
        {
          "day": "lundi",
          "hours": "08:30 to 20:00"
        },
        {
          "day": "mardi",
          "hours": "08:30 to 20:00"
        },
        {
          "day": "mercredi",
          "hours": "08:30 to 20:00"
        },
        {
          "day": "jeudi",
          "hours": "Ferm\u00e9"
        },
        {
          "day": "vendredi",
          "hours": "08:30 to 19:30"
        },
        {
          "day": "samedi",
          "hours": "Ferm\u00e9"
        }
      ],
      "source": "Google Maps",
      "scrape_date": "2025-04-27T11:44:06.644493",
      "niche": "Avocats sp\u00e9cialis\u00e9s en droit des affaires",
      "raw_data": {
        "place_id": "ChIJ0yB__Gxw5kcRiR4alzLSCcA",
        "url": "https://www.google.com/maps/search/?api=1&query=FRANK%20Judith%2C%20avocat%20au%20barreau%20de%20Paris&query_place_id=ChIJ0yB__Gxw5kcRiR4alzLSCcA",
        "description": "",
        "verified": false,
        "location": {
          "lat": null,
          "lng": null
        }
      }
    },
    {
      "id": "apify_1745754246_31",
      "company_name": "LOUKIL RENARD ASSOCI\u00c9S - Avocat en Droit International Priv\u00e9 - Nationalit\u00e9 - Famille",
      "contact_name": null,
      "position": null,
      "email": null,
      "phone": "+33 1 42 24 76 76",
      "website": "https://loukil.digital-avocat.fr/",
      "address": "55 Av. de Versailles, 75016 Paris, France",
      "city": "Paris",
      "postal_code": "75016",
      "country": "France",
      "rating": 4.9,
      "reviews_count": 101,
      "category": [
        "Avocat",
        "Avocat plaidant",
        "Avocat.e en droit civil",
        "Avocat sp\u00e9cialis\u00e9 dans les divorces",
        "Avocat sp\u00e9cialis\u00e9 en droit de la famille",
        "Avocat en droit du travail",
        "Avocat sp\u00e9cialis\u00e9 en droit immobilier",
        "Avocat sp\u00e9cialis\u00e9 en droit social"
      ],
      "opening_hours": [
        {
          "day": "dimanche",
          "hours": "Ferm\u00e9"
        },
        {
          "day": "lundi",
          "hours": "09:00 to 19:00"
        },
        {
          "day": "mardi",
          "hours": "09:00 to 19:00"
        },
        {
          "day": "mercredi",
          "hours": "09:00 to 19:00"
        },
        {
          "day": "jeudi",
          "hours": "09:00 to 19:00"
        },
        {
          "day": "vendredi",
          "hours": "09:00 to 19:00"
        },
        {
          "day": "samedi",
          "hours": "Ferm\u00e9"
        }
      ],
      "source": "Google Maps",
      "scrape_date": "2025-04-27T11:44:06.644735",
      "niche": "Avocats sp\u00e9cialis\u00e9s en droit des affaires",
      "raw_data": {
        "place_id": "ChIJnecFeah65kcRfD9qKKT5iqI",
        "url": "https://www.google.com/maps/search/?api=1&query=LOUKIL%20RENARD%20ASSOCI%C3%89S%20-%20Avocat%20en%20Droit%20International%20Priv%C3%A9%20-%20Nationalit%C3%A9%20-%20Famille&query_place_id=ChIJnecFeah65kcRfD9qKKT5iqI",
        "description": "",
        "verified": false,
        "location": {
          "lat": null,
          "lng": null
        }
      }
    },
    {
      "id": "apify_1745754246_32",
      "company_name": "Cabinet Laure Yamada - Avocat \u00e0 la Cour",
      "contact_name": null,
      "position": null,
      "email": null,
      "phone": "+33 6 65 71 94 62",
      "website": "http://www.yamada-avocat.fr/",
      "address": "3 Rue Georges Citerne, 75015 Paris, France",
      "city": "Paris",
      "postal_code": "75015",
      "country": "France",
      "rating": 5,
      "reviews_count": 34,
      "category": [
        "Avocat"
      ],
      "opening_hours": [
        {
          "day": "dimanche",
          "hours": "Ferm\u00e9"
        },
        {
          "day": "lundi",
          "hours": "09:00 to 19:00"
        },
        {
          "day": "mardi",
          "hours": "09:00 to 19:00"
        },
        {
          "day": "mercredi",
          "hours": "09:00 to 19:00"
        },
        {
          "day": "jeudi",
          "hours": "09:00 to 19:00"
        },
        {
          "day": "vendredi",
          "hours": "09:00 to 19:00"
        },
        {
          "day": "samedi",
          "hours": "Ferm\u00e9"
        }
      ],
      "source": "Google Maps",
      "scrape_date": "2025-04-27T11:44:06.644943",
      "niche": "Avocats sp\u00e9cialis\u00e9s en droit des affaires",
      "raw_data": {
        "place_id": "ChIJQ83q9xxu5kcRxgyVK-TRAcQ",
        "url": "https://www.google.com/maps/search/?api=1&query=Cabinet%20Laure%20Yamada%20-%20Avocat%20%C3%A0%20la%20Cour&query_place_id=ChIJQ83q9xxu5kcRxgyVK-TRAcQ",
        "description": "",
        "verified": false,
        "location": {
          "lat": null,
          "lng": null
        }
      }
    },
    {
      "id": "apify_1745754246_33",
      "company_name": "M\u00e9lanie Vion Avocat Propri\u00e9t\u00e9 intellectuelle & Droit commercial",
      "contact_name": null,
      "position": null,
      "email": null,
      "phone": "+33 1 84 25 79 32",
      "website": "http://www.mev-avocat.com/",
      "address": "37 Rue Louis Morard, 75014 Paris, France",
      "city": "Paris",
      "postal_code": "75014",
      "country": "France",
      "rating": 5,
      "reviews_count": 53,
      "category": [
        "Avocat g\u00e9n\u00e9raliste"
      ],
      "opening_hours": [
        {
          "day": "dimanche",
          "hours": "Ferm\u00e9"
        },
        {
          "day": "lundi",
          "hours": "09:00 to 19:00"
        },
        {
          "day": "mardi",
          "hours": "09:00 to 19:00"
        },
        {
          "day": "mercredi",
          "hours": "09:00 to 19:00"
        },
        {
          "day": "jeudi",
          "hours": "09:00 to 19:00"
        },
        {
          "day": "vendredi",
          "hours": "09:00 to 19:00"
        },
        {
          "day": "samedi",
          "hours": "Ferm\u00e9"
        }
      ],
      "source": "Google Maps",
      "scrape_date": "2025-04-27T11:44:06.645189",
      "niche": "Avocats sp\u00e9cialis\u00e9s en droit des affaires",
      "raw_data": {
        "place_id": "ChIJ5y_-YgRu5kcRfvMlsRvmLlc",
        "url": "https://www.google.com/maps/search/?api=1&query=M%C3%A9lanie%20Vion%20Avocat%20Propri%C3%A9t%C3%A9%20intellectuelle%20%26%20Droit%20commercial&query_place_id=ChIJ5y_-YgRu5kcRfvMlsRvmLlc",
        "description": "",
        "verified": false,
        "location": {
          "lat": null,
          "lng": null
        }
      }
    },
    {
      "id": "apify_1745754246_34",
      "company_name": "Ma\u00eetre Pierre-Henri BOVIS",
      "contact_name": null,
      "position": null,
      "email": null,
      "phone": "+33 1 84 25 19 96",
      "website": "https://raultbovis.fr/",
      "address": "4 Bd Diderot, 75012 Paris, France",
      "city": "Paris",
      "postal_code": "75012",
      "country": "France",
      "rating": 4.4,
      "reviews_count": 18,
      "category": [
        "Avocat p\u00e9naliste",
        "Cabinet d'avocats",
        "Avocat"
      ],
      "opening_hours": [
        {
          "day": "dimanche",
          "hours": "Ferm\u00e9"
        },
        {
          "day": "lundi",
          "hours": "09:00 to 19:00"
        },
        {
          "day": "mardi",
          "hours": "09:00 to 19:00"
        },
        {
          "day": "mercredi",
          "hours": "09:00 to 19:00"
        },
        {
          "day": "jeudi",
          "hours": "09:00 to 19:00"
        },
        {
          "day": "vendredi",
          "hours": "09:00 to 19:00"
        },
        {
          "day": "samedi",
          "hours": "09:00 to 19:00"
        }
      ],
      "source": "Google Maps",
      "scrape_date": "2025-04-27T11:44:06.645555",
      "niche": "Avocats sp\u00e9cialis\u00e9s en droit des affaires",
      "raw_data": {
        "place_id": "ChIJm3Zxe_9z5kcRf8E_5rK1a14",
        "url": "https://www.google.com/maps/search/?api=1&query=Ma%C3%AEtre%20Pierre-Henri%20BOVIS&query_place_id=ChIJm3Zxe_9z5kcRf8E_5rK1a14",
        "description": "",
        "verified": false,
        "location": {
          "lat": null,
          "lng": null
        }
      }
    },
    {
      "id": "apify_1745754246_35",
      "company_name": "Cabinet YAVOCATS Carole YOUNES, Avocate \u00e0 la Cour, Cession de fonds de commerce/baux commerciaux",
      "contact_name": null,
      "position": null,
      "email": null,
      "phone": "+33 1 44 82 98 12",
      "website": "http://www.yavocats.fr/",
      "address": "6 b Rue Pache, 75011, 75011 Paris, France",
      "city": "Paris",
      "postal_code": "75011",
      "country": "France",
      "rating": 5,
      "reviews_count": 5,
      "category": [
        "Avocat sp\u00e9cialis\u00e9 en droit immobilier",
        "Avocat en droit m\u00e9dical"
      ],
      "opening_hours": [
        {
          "day": "dimanche",
          "hours": "Ferm\u00e9"
        },
        {
          "day": "lundi",
          "hours": "09:00 to 19:00"
        },
        {
          "day": "mardi",
          "hours": "09:00 to 19:00"
        },
        {
          "day": "mercredi",
          "hours": "09:00 to 19:00"
        },
        {
          "day": "jeudi",
          "hours": "09:00 to 19:00"
        },
        {
          "day": "vendredi",
          "hours": "09:00 to 19:00"
        },
        {
          "day": "samedi",
          "hours": "Ferm\u00e9"
        }
      ],
      "source": "Google Maps",
      "scrape_date": "2025-04-27T11:44:06.645786",
      "niche": "Avocats sp\u00e9cialis\u00e9s en droit des affaires",
      "raw_data": {
        "place_id": "ChIJXQH-_CFu5kcRi9UgyaKKjyc",
        "url": "https://www.google.com/maps/search/?api=1&query=Cabinet%20YAVOCATS%20Carole%20YOUNES%2C%20Avocate%20%C3%A0%20la%20Cour%2C%20Cession%20de%20fonds%20de%20commerce%2Fbaux%20commerciaux&query_place_id=ChIJXQH-_CFu5kcRi9UgyaKKjyc",
        "description": "",
        "verified": false,
        "location": {
          "lat": null,
          "lng": null
        }
      }
    },
    {
      "id": "apify_1745754246_36",
      "company_name": "Devoret Avocats",
      "contact_name": null,
      "position": null,
      "email": null,
      "phone": "+33 1 88 61 42 24",
      "website": "https://devoret.fr/",
      "address": "11 Rue Auguste Laurent, 75011 Paris, France",
      "city": "Paris",
      "postal_code": "75011",
      "country": "France",
      "rating": 5,
      "reviews_count": 7,
      "category": [
        "Avocat d'affaires",
        "Avocat",
        "Avocat fiscaliste"
      ],
      "opening_hours": [
        {
          "day": "dimanche",
          "hours": "Ferm\u00e9"
        },
        {
          "day": "lundi",
          "hours": "09:00 to 20:00"
        },
        {
          "day": "mardi",
          "hours": "09:00 to 20:00"
        },
        {
          "day": "mercredi",
          "hours": "09:00 to 20:00"
        },
        {
          "day": "jeudi",
          "hours": "09:00 to 20:00"
        },
        {
          "day": "vendredi",
          "hours": "09:00 to 20:00"
        },
        {
          "day": "samedi",
          "hours": "09:00 to 20:00"
        }
      ],
      "source": "Google Maps",
      "scrape_date": "2025-04-27T11:44:06.645986",
      "niche": "Avocats sp\u00e9cialis\u00e9s en droit des affaires",
      "raw_data": {
        "place_id": "ChIJQwYV5yFt5kcRjChJvosXYdI",
        "url": "https://www.google.com/maps/search/?api=1&query=Devoret%20Avocats&query_place_id=ChIJQwYV5yFt5kcRjChJvosXYdI",
        "description": "",
        "verified": false,
        "location": {
          "lat": null,
          "lng": null
        }
      }
    },
    {
      "id": "apify_1745754246_37",
      "company_name": "Cabinet ZENOU - Avocat droit du travail et droit social \u00e0 Paris",
      "contact_name": null,
      "position": null,
      "email": null,
      "phone": "+33 1 42 55 07 74",
      "website": "http://www.cabinet-zenou.fr/",
      "address": "13 Rue Saint-Blaise, 75020 Paris, France",
      "city": "Paris",
      "postal_code": "75020",
      "country": "France",
      "rating": 4.2,
      "reviews_count": 58,
      "category": [
        "Avocat en droit du travail",
        "Avocat p\u00e9naliste",
        "Avocat sp\u00e9cialis\u00e9 en droit du travail",
        "Avocat g\u00e9n\u00e9raliste",
        "Avocat en droit m\u00e9dical",
        "Avocat sp\u00e9cialis\u00e9 en dommages corporels",
        "Avocat sp\u00e9cialis\u00e9 en droit social",
        "Avocat plaidant"
      ],
      "opening_hours": [
        {
          "day": "dimanche",
          "hours": "Ferm\u00e9"
        },
        {
          "day": "lundi",
          "hours": "09:30 to 19:00"
        },
        {
          "day": "mardi",
          "hours": "09:30 to 19:00"
        },
        {
          "day": "mercredi",
          "hours": "09:30 to 19:00"
        },
        {
          "day": "jeudi",
          "hours": "Ferm\u00e9"
        },
        {
          "day": "vendredi",
          "hours": "09:30 to 19:00"
        },
        {
          "day": "samedi",
          "hours": "Ferm\u00e9"
        }
      ],
      "source": "Google Maps",
      "scrape_date": "2025-04-27T11:44:06.647272",
      "niche": "Avocats sp\u00e9cialis\u00e9s en droit des affaires",
      "raw_data": {
        "place_id": "ChIJI4MbpaJt5kcR27z6T7lB55M",
        "url": "https://www.google.com/maps/search/?api=1&query=Cabinet%20ZENOU%20-%20Avocat%20droit%20du%20travail%20et%20droit%20social%20%C3%A0%20Paris&query_place_id=ChIJI4MbpaJt5kcR27z6T7lB55M",
        "description": "",
        "verified": false,
        "location": {
          "lat": null,
          "lng": null
        }
      }
    },
    {
      "id": "apify_1745754246_38",
      "company_name": "Drouot Avocats SAS",
      "contact_name": null,
      "position": null,
      "email": null,
      "phone": "+33 1 44 82 73 82",
      "website": "http://www.drouot-avocats.fr/",
      "address": "8 Rue Drouot, 75009 Paris, France",
      "city": "Paris",
      "postal_code": "75009",
      "country": "France",
      "rating": 4.7,
      "reviews_count": 86,
      "category": [
        "Avocat",
        "Avocat sp\u00e9cialis\u00e9 dans les divorces",
        "Avocat sp\u00e9cialis\u00e9 en droit du travail",
        "Avocat en droit de l'environnement",
        "Avocat en succession",
        "Avocat sp\u00e9cialis\u00e9 en droit de la famille",
        "Avocat g\u00e9n\u00e9raliste",
        "Cabinet d'avocats",
        "Avocat sp\u00e9cialis\u00e9 en droit immobilier",
        "Avocat plaidant"
      ],
      "opening_hours": [
        {
          "day": "dimanche",
          "hours": "Ferm\u00e9"
        },
        {
          "day": "lundi",
          "hours": "09:00 to 19:30"
        },
        {
          "day": "mardi",
          "hours": "09:00 to 19:30"
        },
        {
          "day": "mercredi",
          "hours": "09:00 to 19:30"
        },
        {
          "day": "jeudi",
          "hours": "09:00 to 19:30"
        },
        {
          "day": "vendredi",
          "hours": "09:00 to 19:30"
        },
        {
          "day": "samedi",
          "hours": "Ferm\u00e9"
        }
      ],
      "source": "Google Maps",
      "scrape_date": "2025-04-27T11:44:06.647570",
      "niche": "Avocats sp\u00e9cialis\u00e9s en droit des affaires",
      "raw_data": {
        "place_id": "ChIJKd_Hyz5u5kcR30oxEOWzF-g",
        "url": "https://www.google.com/maps/search/?api=1&query=Drouot%20Avocats%20SAS&query_place_id=ChIJKd_Hyz5u5kcR30oxEOWzF-g",
        "description": "",
        "verified": false,
        "location": {
          "lat": null,
          "lng": null
        }
      }
    },
    {
      "id": "apify_1745754246_39",
      "company_name": "Ma\u00eetre Val\u00e9rie Piau",
      "contact_name": null,
      "position": null,
      "email": null,
      "phone": "+33 1 48 88 90 00",
      "website": "http://www.cabinet-piau.fr/",
      "address": "159 Rue de Rome, 75017 Paris, France",
      "city": "Paris",
      "postal_code": "75017",
      "country": "France",
      "rating": 4.8,
      "reviews_count": 107,
      "category": [
        "Avocat"
      ],
      "opening_hours": [
        {
          "day": "dimanche",
          "hours": "Ferm\u00e9"
        },
        {
          "day": "lundi",
          "hours": "08:00 to 20:00"
        },
        {
          "day": "mardi",
          "hours": "08:00 to 20:00"
        },
        {
          "day": "mercredi",
          "hours": "08:00 to 20:00"
        },
        {
          "day": "jeudi",
          "hours": "08:00 to 20:00"
        },
        {
          "day": "vendredi",
          "hours": "08:00 to 20:00"
        },
        {
          "day": "samedi",
          "hours": "Ferm\u00e9"
        }
      ],
      "source": "Google Maps",
      "scrape_date": "2025-04-27T11:44:06.655856",
      "niche": "Avocats sp\u00e9cialis\u00e9s en droit des affaires",
      "raw_data": {
        "place_id": "ChIJXd26ILBv5kcROlfojiPb4uk",
        "url": "https://www.google.com/maps/search/?api=1&query=Ma%C3%AEtre%20Val%C3%A9rie%20Piau&query_place_id=ChIJXd26ILBv5kcROlfojiPb4uk",
        "description": "",
        "verified": false,
        "location": {
          "lat": null,
          "lng": null
        }
      }
    },
    {
      "id": "apify_1745754246_40",
      "company_name": "Cabinet Leloup",
      "contact_name": null,
      "position": null,
      "email": null,
      "phone": "+33 1 89 16 28 47",
      "website": "http://www.cabinetleloup.com/",
      "address": "11 Rue Dulong, 75017 Paris, France",
      "city": "Paris",
      "postal_code": "75017",
      "country": "France",
      "rating": 4.7,
      "reviews_count": 180,
      "category": [
        "Avocat en droit de l'immigration"
      ],
      "opening_hours": [
        {
          "day": "dimanche",
          "hours": "Ferm\u00e9"
        },
        {
          "day": "lundi",
          "hours": "09:00 to 19:00"
        },
        {
          "day": "mardi",
          "hours": "09:00 to 19:00"
        },
        {
          "day": "mercredi",
          "hours": "09:00 to 19:00"
        },
        {
          "day": "jeudi",
          "hours": "Ferm\u00e9"
        },
        {
          "day": "vendredi",
          "hours": "09:00 to 19:00"
        },
        {
          "day": "samedi",
          "hours": "Ferm\u00e9"
        }
      ],
      "source": "Google Maps",
      "scrape_date": "2025-04-27T11:44:06.656879",
      "niche": "Avocats sp\u00e9cialis\u00e9s en droit des affaires",
      "raw_data": {
        "place_id": "ChIJvySYA11v5kcREzapE9xPwXA",
        "url": "https://www.google.com/maps/search/?api=1&query=Cabinet%20Leloup&query_place_id=ChIJvySYA11v5kcREzapE9xPwXA",
        "description": "",
        "verified": false,
        "location": {
          "lat": null,
          "lng": null
        }
      }
    },
    {
      "id": "apify_1745754246_41",
      "company_name": "DERHY Lor\u00e8ne Avocat",
      "contact_name": null,
      "position": null,
      "email": null,
      "phone": "+33 1 89 86 04 56",
      "website": "http://www.derhy-avocat.com/",
      "address": "32 Rue Jouffroy d'Abbans, 75017 Paris, France",
      "city": "Paris",
      "postal_code": "75017",
      "country": "France",
      "rating": 4.9,
      "reviews_count": 62,
      "category": [
        "Avocat"
      ],
      "opening_hours": [
        {
          "day": "dimanche",
          "hours": "Ferm\u00e9"
        },
        {
          "day": "lundi",
          "hours": "09:30 to 19:30"
        },
        {
          "day": "mardi",
          "hours": "09:30 to 19:30"
        },
        {
          "day": "mercredi",
          "hours": "09:30 to 19:30"
        },
        {
          "day": "jeudi",
          "hours": "09:30 to 19:30"
        },
        {
          "day": "vendredi",
          "hours": "09:30 to 18:00"
        },
        {
          "day": "samedi",
          "hours": "Ferm\u00e9"
        }
      ],
      "source": "Google Maps",
      "scrape_date": "2025-04-27T11:44:06.657706",
      "niche": "Avocats sp\u00e9cialis\u00e9s en droit des affaires",
      "raw_data": {
        "place_id": "ChIJmTT6CtZx5kcR2mInyPVYXGk",
        "url": "https://www.google.com/maps/search/?api=1&query=DERHY%20Lor%C3%A8ne%20Avocat&query_place_id=ChIJmTT6CtZx5kcR2mInyPVYXGk",
        "description": "",
        "verified": false,
        "location": {
          "lat": null,
          "lng": null
        }
      }
    },
    {
      "id": "apify_1745754246_42",
      "company_name": "Ugo Valls - Avocat",
      "contact_name": null,
      "position": null,
      "email": null,
      "phone": "+33 6 10 71 46 50",
      "website": "http://valls-nadjar-avocats.com/",
      "address": "136 Av. de Clichy, 75017 Paris, France",
      "city": "Paris",
      "postal_code": "75017",
      "country": "France",
      "rating": 5,
      "reviews_count": 55,
      "category": [
        "Avocat p\u00e9naliste"
      ],
      "opening_hours": [
        {
          "day": "dimanche",
          "hours": "Ouvert 24h/24"
        },
        {
          "day": "lundi",
          "hours": "Ouvert 24h/24"
        },
        {
          "day": "mardi",
          "hours": "Ouvert 24h/24"
        },
        {
          "day": "mercredi",
          "hours": "Ouvert 24h/24"
        },
        {
          "day": "jeudi",
          "hours": "Ouvert 24h/24"
        },
        {
          "day": "vendredi",
          "hours": "Ouvert 24h/24"
        },
        {
          "day": "samedi",
          "hours": "Ouvert 24h/24"
        }
      ],
      "source": "Google Maps",
      "scrape_date": "2025-04-27T11:44:06.658509",
      "niche": "Avocats sp\u00e9cialis\u00e9s en droit des affaires",
      "raw_data": {
        "place_id": "ChIJ0cyBmAVv5kcRCMgfDYU9vSU",
        "url": "https://www.google.com/maps/search/?api=1&query=Ugo%20Valls%20-%20Avocat&query_place_id=ChIJ0cyBmAVv5kcRCMgfDYU9vSU",
        "description": "",
        "verified": false,
        "location": {
          "lat": null,
          "lng": null
        }
      }
    },
    {
      "id": "apify_1745754246_43",
      "company_name": "Ma\u00eetre Cohen Gis\u00e8le - Avocat et m\u00e9diateur- droit immobilier, droit et contentieux des affaires",
      "contact_name": null,
      "position": null,
      "email": null,
      "phone": "+33 1 56 79 00 70",
      "website": "http://www.giselecohen.com/",
      "address": "88 Av. Niel, 75017 Paris, France",
      "city": "Paris",
      "postal_code": "75017",
      "country": "France",
      "rating": 5,
      "reviews_count": 64,
      "category": [
        "Avocat"
      ],
      "opening_hours": [
        {
          "day": "dimanche",
          "hours": "Ferm\u00e9"
        },
        {
          "day": "lundi",
          "hours": "09:00 to 19:00"
        },
        {
          "day": "mardi",
          "hours": "09:00 to 19:00"
        },
        {
          "day": "mercredi",
          "hours": "09:00 to 19:00"
        },
        {
          "day": "jeudi",
          "hours": "09:00 to 19:00"
        },
        {
          "day": "vendredi",
          "hours": "09:00 to 14:00"
        },
        {
          "day": "samedi",
          "hours": "Ferm\u00e9"
        }
      ],
      "source": "Google Maps",
      "scrape_date": "2025-04-27T11:44:06.659251",
      "niche": "Avocats sp\u00e9cialis\u00e9s en droit des affaires",
      "raw_data": {
        "place_id": "ChIJJRI-Y5Zv5kcR_GhbK_rJP00",
        "url": "https://www.google.com/maps/search/?api=1&query=Ma%C3%AEtre%20Cohen%20Gis%C3%A8le%20-%20Avocat%20et%20m%C3%A9diateur-%20droit%20immobilier%2C%20droit%20et%20contentieux%20des%20affaires&query_place_id=ChIJJRI-Y5Zv5kcR_GhbK_rJP00",
        "description": "",
        "verified": false,
        "location": {
          "lat": null,
          "lng": null
        }
      }
    },
    {
      "id": "apify_1745754246_44",
      "company_name": "J\u00e9r\u00f4me Goudard",
      "contact_name": null,
      "position": null,
      "email": null,
      "phone": "+33 1 44 71 03 73",
      "website": "https://www.avocatgoudard.com/#utm_source=google&utm_medium=organic&utm_campaign=gmb&utm_content=website",
      "address": "142 Rue de Courcelles, 75017 Paris, France",
      "city": "Paris",
      "postal_code": "75017",
      "country": "France",
      "rating": 5,
      "reviews_count": 296,
      "category": [
        "Avocat p\u00e9naliste",
        "Avocat plaidant"
      ],
      "opening_hours": [
        {
          "day": "dimanche",
          "hours": "Ouvert 24h/24"
        },
        {
          "day": "lundi",
          "hours": "Ouvert 24h/24"
        },
        {
          "day": "mardi",
          "hours": "Ouvert 24h/24"
        },
        {
          "day": "mercredi",
          "hours": "Ouvert 24h/24"
        },
        {
          "day": "jeudi",
          "hours": "Ouvert 24h/24"
        },
        {
          "day": "vendredi",
          "hours": "Ouvert 24h/24"
        },
        {
          "day": "samedi",
          "hours": "Ouvert 24h/24"
        }
      ],
      "source": "Google Maps",
      "scrape_date": "2025-04-27T11:44:06.659966",
      "niche": "Avocats sp\u00e9cialis\u00e9s en droit des affaires",
      "raw_data": {
        "place_id": "ChIJlWblpN9x5kcRaDtWzpxOo0g",
        "url": "https://www.google.com/maps/search/?api=1&query=J%C3%A9r%C3%B4me%20Goudard&query_place_id=ChIJlWblpN9x5kcRaDtWzpxOo0g",
        "description": "",
        "verified": false,
        "location": {
          "lat": null,
          "lng": null
        }
      }
    },
    {
      "id": "apify_1745754246_45",
      "company_name": "Avocat droit d'affaires et commerce Cabinet Petroussenko- vente commerces, investissements",
      "contact_name": null,
      "position": null,
      "email": null,
      "phone": "+33 1 56 81 05 80",
      "website": "https://cabinet-petroussenko.com/",
      "address": "72 Av. de Wagram, 75017 Paris, France",
      "city": "Paris",
      "postal_code": "75017",
      "country": "France",
      "rating": 4.8,
      "reviews_count": 56,
      "category": [
        "Avocat",
        "Avocat d'affaires",
        "Avocat en droit du travail",
        "Cabinet d'avocats",
        "Avocat sp\u00e9cialis\u00e9 en droit immobilier"
      ],
      "opening_hours": [
        {
          "day": "dimanche",
          "hours": "Ferm\u00e9"
        },
        {
          "day": "lundi",
          "hours": "09:00 to 19:00"
        },
        {
          "day": "mardi",
          "hours": "09:00 to 19:00"
        },
        {
          "day": "mercredi",
          "hours": "09:00 to 19:00"
        },
        {
          "day": "jeudi",
          "hours": "09:00 to 19:00"
        },
        {
          "day": "vendredi",
          "hours": "09:00 to 19:00"
        },
        {
          "day": "samedi",
          "hours": "Ferm\u00e9"
        }
      ],
      "source": "Google Maps",
      "scrape_date": "2025-04-27T11:44:06.661182",
      "niche": "Avocats sp\u00e9cialis\u00e9s en droit des affaires",
      "raw_data": {
        "place_id": "ChIJ-wgvopVv5kcRbu53EHExL5Q",
        "url": "https://www.google.com/maps/search/?api=1&query=Avocat%20droit%20d'affaires%20et%20commerce%20Cabinet%20Petroussenko-%20vente%20commerces%2C%20investissements&query_place_id=ChIJ-wgvopVv5kcRbu53EHExL5Q",
        "description": "",
        "verified": false,
        "location": {
          "lat": null,
          "lng": null
        }
      }
    },
    {
      "id": "apify_1745754246_46",
      "company_name": "Ma\u00eetre Jonathan Durand, avocat en droit immobilier et en droit des affaires \u00e0 Paris",
      "contact_name": null,
      "position": null,
      "email": null,
      "phone": "+33 6 34 03 30 66",
      "website": "https://jonathandurandavocat.com/",
      "address": "25 Rue du G\u00e9n\u00e9ral Foy, 75008 Paris, France",
      "city": "Paris",
      "postal_code": "75008",
      "country": "France",
      "rating": 5,
      "reviews_count": 27,
      "category": [
        "Avocat",
        "Avocat d'affaires"
      ],
      "opening_hours": [
        {
          "day": "dimanche",
          "hours": "Ferm\u00e9"
        },
        {
          "day": "lundi",
          "hours": "09:00 to 20:00"
        },
        {
          "day": "mardi",
          "hours": "09:00 to 20:00"
        },
        {
          "day": "mercredi",
          "hours": "09:00 to 20:00"
        },
        {
          "day": "jeudi",
          "hours": "09:00 to 20:00"
        },
        {
          "day": "vendredi",
          "hours": "09:00 to 20:00"
        },
        {
          "day": "samedi",
          "hours": "Ferm\u00e9"
        }
      ],
      "source": "Google Maps",
      "scrape_date": "2025-04-27T11:44:06.661961",
      "niche": "Avocats sp\u00e9cialis\u00e9s en droit des affaires",
      "raw_data": {
        "place_id": "ChIJoX02-JFv5kcRtkY4lAcGmWg",
        "url": "https://www.google.com/maps/search/?api=1&query=Ma%C3%AEtre%20Jonathan%20Durand%2C%20avocat%20en%20droit%20immobilier%20et%20en%20droit%20des%20affaires%20%C3%A0%20Paris&query_place_id=ChIJoX02-JFv5kcRtkY4lAcGmWg",
        "description": "",
        "verified": false,
        "location": {
          "lat": null,
          "lng": null
        }
      }
    },
    {
      "id": "apify_1745754246_47",
      "company_name": "Avocat international \u00e0 Paris en droit des affaires",
      "contact_name": null,
      "position": null,
      "email": null,
      "phone": "+33 6 61 72 85 30",
      "website": "https://avocat-international-a-paris-en-droit-des-affaires.net-lab.fr/",
      "address": "159 Rue de Rome, 75017 Paris, France",
      "city": "Paris",
      "postal_code": "75017",
      "country": "France",
      "rating": 4,
      "reviews_count": 2,
      "category": [
        "Avocat"
      ],
      "opening_hours": [],
      "source": "Google Maps",
      "scrape_date": "2025-04-27T11:44:06.662630",
      "niche": "Avocats sp\u00e9cialis\u00e9s en droit des affaires",
      "raw_data": {
        "place_id": "ChIJ0XCpIbBv5kcRZIEkEMdgTZE",
        "url": "https://www.google.com/maps/search/?api=1&query=Avocat%20international%20%C3%A0%20Paris%20en%20droit%20des%20affaires&query_place_id=ChIJ0XCpIbBv5kcRZIEkEMdgTZE",
        "description": "",
        "verified": false,
        "location": {
          "lat": null,
          "lng": null
        }
      }
    },
    {
      "id": "apify_1745754246_48",
      "company_name": "COLLETTE AVOCAT : Droit de la concurrence, droit de la distribution et protection du secret des affaires",
      "contact_name": null,
      "position": null,
      "email": null,
      "phone": "+33 1 75 43 40 27",
      "website": "http://www.collette-avocat.fr/",
      "address": "97 Av. de Villiers, 75017 Paris, France",
      "city": "Paris",
      "postal_code": "75017",
      "country": "France",
      "rating": 5,
      "reviews_count": 2,
      "category": [
        "Cabinet d'avocats"
      ],
      "opening_hours": [
        {
          "day": "dimanche",
          "hours": "Ferm\u00e9"
        },
        {
          "day": "lundi",
          "hours": "10:00 to 18:00"
        },
        {
          "day": "mardi",
          "hours": "09:30 to 19:00"
        },
        {
          "day": "mercredi",
          "hours": "09:30 to 20:00"
        },
        {
          "day": "jeudi",
          "hours": "09:30 to 19:00"
        },
        {
          "day": "vendredi",
          "hours": "09:30 to 13:00"
        },
        {
          "day": "samedi",
          "hours": "Ferm\u00e9"
        }
      ],
      "source": "Google Maps",
      "scrape_date": "2025-04-27T11:44:06.663326",
      "niche": "Avocats sp\u00e9cialis\u00e9s en droit des affaires",
      "raw_data": {
        "place_id": "ChIJG16XNl9v5kcRpSG63s9YIkQ",
        "url": "https://www.google.com/maps/search/?api=1&query=COLLETTE%20AVOCAT%20%3A%20Droit%20de%20la%20concurrence%2C%20droit%20de%20la%20distribution%20et%20protection%20du%20secret%20des%20affaires&query_place_id=ChIJG16XNl9v5kcRpSG63s9YIkQ",
        "description": "",
        "verified": false,
        "location": {
          "lat": null,
          "lng": null
        }
      }
    },
    {
      "id": "apify_1745754246_49",
      "company_name": "Cabinet Levy Druon",
      "contact_name": null,
      "position": null,
      "email": null,
      "phone": "+33 1 82 28 12 57",
      "website": "http://www.cabinetlevydruon.com/",
      "address": "42 Rue de la Clef, 75005 Paris, France",
      "city": "Paris",
      "postal_code": "75005",
      "country": "France",
      "rating": 4.5,
      "reviews_count": 88,
      "category": [
        "Avocat"
      ],
      "opening_hours": [
        {
          "day": "dimanche",
          "hours": "Ferm\u00e9"
        },
        {
          "day": "lundi",
          "hours": "09:00 to 20:00"
        },
        {
          "day": "mardi",
          "hours": "09:00 to 20:00"
        },
        {
          "day": "mercredi",
          "hours": "09:00 to 20:00"
        },
        {
          "day": "jeudi",
          "hours": "09:00 to 20:00"
        },
        {
          "day": "vendredi",
          "hours": "09:00 to 20:00"
        },
        {
          "day": "samedi",
          "hours": "09:00 to 13:00"
        }
      ],
      "source": "Google Maps",
      "scrape_date": "2025-04-27T11:44:06.663962",
      "niche": "Avocats sp\u00e9cialis\u00e9s en droit des affaires",
      "raw_data": {
        "place_id": "ChIJzcLrHY1x5kcRO9EEs_VvtU8",
        "url": "https://www.google.com/maps/search/?api=1&query=Cabinet%20Levy%20Druon&query_place_id=ChIJzcLrHY1x5kcRO9EEs_VvtU8",
        "description": "",
        "verified": false,
        "location": {
          "lat": null,
          "lng": null
        }
      }
    }
  ],
  "count": 50,
  "niche": "Avocats sp\u00e9cialis\u00e9s en droit des affaires",
  "campaign_id": null,
  "time_taken": 24.65969705581665,
  "api_used": true,
  "status": "COMPLETED"
}
