=== ApifyClientScraper LOG ===
Timestamp: 2025-04-27T11:48:35.619992
Operation: execute
Status: COMPLETED

Input: {
  "niche": "Avocats sp\u00e9cialis\u00e9s en droit des affaires",
  "params": {},
  "campaign_id": null
}

Output: {
  "leads": [
    {
      "id": "apify_1745754515_0",
      "company_name": "\u2705 Avocat garde d'enfants | Sophie Hag\u00e8ge | Avocat Divorce | Avocat P\u00e9naliste | Avocat liquidation judiciaire | Paris 17|",
      "contact_name": null,
      "position": null,
      "email": null,
      "phone": "+33 6 20 41 47 18",
      "website": "https://www.sophiehagege-avocat.com/",
      "address": "177 Av. de Clichy, 75017 Paris, France",
      "city": "Paris",
      "postal_code": "75017",
      "country": "France",
      "rating": 4.6,
      "reviews_count": 269,
      "category": [
        "Avocat sp\u00e9cialis\u00e9 en droit de la famille",
        "Avocat sp\u00e9cialis\u00e9 dans les divorces",
        "Service juridique de gestion des divorces",
        "Avocat g\u00e9n\u00e9raliste",
        "Avocat"
      ],
      "opening_hours": [
        {
          "day": "dimanche",
          "hours": "08:00 to 22:30"
        },
        {
          "day": "lundi",
          "hours": "08:00 to 22:30"
        },
        {
          "day": "mardi",
          "hours": "08:00 to 22:30"
        },
        {
          "day": "mercredi",
          "hours": "08:00 to 22:30"
        },
        {
          "day": "jeudi",
          "hours": "08:00 to 22:30"
        },
        {
          "day": "vendredi",
          "hours": "08:00 to 22:30"
        },
        {
          "day": "samedi",
          "hours": "08:00 to 22:30"
        }
      ],
      "source": "Google Maps",
      "scrape_date": "2025-04-27T11:48:35.545555",
      "niche": "Avocats sp\u00e9cialis\u00e9s en droit des affaires",
      "raw_data": {
        "place_id": "ChIJr-Jkx5lv5kcRjNPdiLIXo_w",
        "url": "https://www.google.com/maps/search/?api=1&query=%E2%9C%85%20Avocat%20garde%20d'enfants%20%7C%20Sophie%20Hag%C3%A8ge%20%7C%20Avocat%20Divorce%20%7C%20Avocat%20P%C3%A9naliste%20%7C%20Avocat%20liquidation%20judiciaire%20%7C%20Paris%2017%7C&query_place_id=ChIJr-Jkx5lv5kcRjNPdiLIXo_w",
        "description": "",
        "verified": false,
        "location": {
          "lat": null,
          "lng": null
        }
      }
    },
    {
      "id": "apify_1745754515_1",
      "company_name": "JEM-AVOCAT",
      "contact_name": null,
      "position": null,
      "email": null,
      "phone": "+33 1 84 80 23 99",
      "website": "https://jem-avocat.fr/",
      "address": "99 Rue de Prony, 75017 Paris, France",
      "city": "Paris",
      "postal_code": "75017",
      "country": "France",
      "rating": 4.8,
      "reviews_count": 43,
      "category": [
        "Avocat d'affaires"
      ],
      "opening_hours": [
        {
          "day": "dimanche",
          "hours": "08:00 to 20:00"
        },
        {
          "day": "lundi",
          "hours": "08:00 to 20:00"
        },
        {
          "day": "mardi",
          "hours": "08:00 to 20:00"
        },
        {
          "day": "mercredi",
          "hours": "08:00 to 20:00"
        },
        {
          "day": "jeudi",
          "hours": "08:00 to 20:00"
        },
        {
          "day": "vendredi",
          "hours": "08:00 to 17:00"
        },
        {
          "day": "samedi",
          "hours": "Ferm\u00e9"
        }
      ],
      "source": "Google Maps",
      "scrape_date": "2025-04-27T11:48:35.546191",
      "niche": "Avocats sp\u00e9cialis\u00e9s en droit des affaires",
      "raw_data": {
        "place_id": "ChIJteaq8B5u5kcRJcV_F7Bsqgk",
        "url": "https://www.google.com/maps/search/?api=1&query=JEM-AVOCAT&query_place_id=ChIJteaq8B5u5kcRJcV_F7Bsqgk",
        "description": "",
        "verified": false,
        "location": {
          "lat": null,
          "lng": null
        }
      }
    },
    {
      "id": "apify_1745754515_2",
      "company_name": "Ma\u00eetre Val\u00e9rie Piau",
      "contact_name": null,
      "position": null,
      "email": null,
      "phone": "+33 1 48 88 90 00",
      "website": "http://www.cabinet-piau.fr/",
      "address": "159 Rue de Rome, 75017 Paris, France",
      "city": "Paris",
      "postal_code": "75017",
      "country": "France",
      "rating": 4.8,
      "reviews_count": 107,
      "category": [
        "Avocat"
      ],
      "opening_hours": [
        {
          "day": "dimanche",
          "hours": "Ferm\u00e9"
        },
        {
          "day": "lundi",
          "hours": "08:00 to 20:00"
        },
        {
          "day": "mardi",
          "hours": "08:00 to 20:00"
        },
        {
          "day": "mercredi",
          "hours": "08:00 to 20:00"
        },
        {
          "day": "jeudi",
          "hours": "08:00 to 20:00"
        },
        {
          "day": "vendredi",
          "hours": "08:00 to 20:00"
        },
        {
          "day": "samedi",
          "hours": "Ferm\u00e9"
        }
      ],
      "source": "Google Maps",
      "scrape_date": "2025-04-27T11:48:35.546622",
      "niche": "Avocats sp\u00e9cialis\u00e9s en droit des affaires",
      "raw_data": {
        "place_id": "ChIJXd26ILBv5kcROlfojiPb4uk",
        "url": "https://www.google.com/maps/search/?api=1&query=Ma%C3%AEtre%20Val%C3%A9rie%20Piau&query_place_id=ChIJXd26ILBv5kcROlfojiPb4uk",
        "description": "",
        "verified": false,
        "location": {
          "lat": null,
          "lng": null
        }
      }
    },
    {
      "id": "apify_1745754515_3",
      "company_name": "Caroline MREJEN-BERREBY : Avocat en droit commercial",
      "contact_name": null,
      "position": null,
      "email": null,
      "phone": "+33 1 84 80 07 82",
      "website": "http://www.martinmrejen-avocats.fr/",
      "address": "14 Rue Margueritte, 75017 Paris, France",
      "city": "Paris",
      "postal_code": "75017",
      "country": "France",
      "rating": 5,
      "reviews_count": 33,
      "category": [
        "Avocat d'affaires"
      ],
      "opening_hours": [
        {
          "day": "dimanche",
          "hours": "Ferm\u00e9"
        },
        {
          "day": "lundi",
          "hours": "09:00 to 19:00"
        },
        {
          "day": "mardi",
          "hours": "09:00 to 19:00"
        },
        {
          "day": "mercredi",
          "hours": "09:00 to 19:00"
        },
        {
          "day": "jeudi",
          "hours": "09:00 to 19:00"
        },
        {
          "day": "vendredi",
          "hours": "09:00 to 19:00"
        },
        {
          "day": "samedi",
          "hours": "Ferm\u00e9"
        }
      ],
      "source": "Google Maps",
      "scrape_date": "2025-04-27T11:48:35.547035",
      "niche": "Avocats sp\u00e9cialis\u00e9s en droit des affaires",
      "raw_data": {
        "place_id": "ChIJVVWFeDRu5kcRU2IQR2Okm6I",
        "url": "https://www.google.com/maps/search/?api=1&query=Caroline%20MREJEN-BERREBY%20%3A%20Avocat%20en%20droit%20commercial&query_place_id=ChIJVVWFeDRu5kcRU2IQR2Okm6I",
        "description": "",
        "verified": false,
        "location": {
          "lat": null,
          "lng": null
        }
      }
    },
    {
      "id": "apify_1745754515_4",
      "company_name": "DERHY Lor\u00e8ne Avocat",
      "contact_name": null,
      "position": null,
      "email": null,
      "phone": "+33 1 89 86 04 56",
      "website": "http://www.derhy-avocat.com/",
      "address": "32 Rue Jouffroy d'Abbans, 75017 Paris, France",
      "city": "Paris",
      "postal_code": "75017",
      "country": "France",
      "rating": 4.9,
      "reviews_count": 62,
      "category": [
        "Avocat"
      ],
      "opening_hours": [
        {
          "day": "dimanche",
          "hours": "Ferm\u00e9"
        },
        {
          "day": "lundi",
          "hours": "09:30 to 19:30"
        },
        {
          "day": "mardi",
          "hours": "09:30 to 19:30"
        },
        {
          "day": "mercredi",
          "hours": "09:30 to 19:30"
        },
        {
          "day": "jeudi",
          "hours": "09:30 to 19:30"
        },
        {
          "day": "vendredi",
          "hours": "09:30 to 18:00"
        },
        {
          "day": "samedi",
          "hours": "Ferm\u00e9"
        }
      ],
      "source": "Google Maps",
      "scrape_date": "2025-04-27T11:48:35.547458",
      "niche": "Avocats sp\u00e9cialis\u00e9s en droit des affaires",
      "raw_data": {
        "place_id": "ChIJmTT6CtZx5kcR2mInyPVYXGk",
        "url": "https://www.google.com/maps/search/?api=1&query=DERHY%20Lor%C3%A8ne%20Avocat&query_place_id=ChIJmTT6CtZx5kcR2mInyPVYXGk",
        "description": "",
        "verified": false,
        "location": {
          "lat": null,
          "lng": null
        }
      }
    },
    {
      "id": "apify_1745754515_5",
      "company_name": "Ugo Valls - Avocat",
      "contact_name": null,
      "position": null,
      "email": null,
      "phone": "+33 6 10 71 46 50",
      "website": "http://valls-nadjar-avocats.com/",
      "address": "136 Av. de Clichy, 75017 Paris, France",
      "city": "Paris",
      "postal_code": "75017",
      "country": "France",
      "rating": 5,
      "reviews_count": 55,
      "category": [
        "Avocat p\u00e9naliste"
      ],
      "opening_hours": [
        {
          "day": "dimanche",
          "hours": "Ouvert 24h/24"
        },
        {
          "day": "lundi",
          "hours": "Ouvert 24h/24"
        },
        {
          "day": "mardi",
          "hours": "Ouvert 24h/24"
        },
        {
          "day": "mercredi",
          "hours": "Ouvert 24h/24"
        },
        {
          "day": "jeudi",
          "hours": "Ouvert 24h/24"
        },
        {
          "day": "vendredi",
          "hours": "Ouvert 24h/24"
        },
        {
          "day": "samedi",
          "hours": "Ouvert 24h/24"
        }
      ],
      "source": "Google Maps",
      "scrape_date": "2025-04-27T11:48:35.547900",
      "niche": "Avocats sp\u00e9cialis\u00e9s en droit des affaires",
      "raw_data": {
        "place_id": "ChIJ0cyBmAVv5kcRCMgfDYU9vSU",
        "url": "https://www.google.com/maps/search/?api=1&query=Ugo%20Valls%20-%20Avocat&query_place_id=ChIJ0cyBmAVv5kcRCMgfDYU9vSU",
        "description": "",
        "verified": false,
        "location": {
          "lat": null,
          "lng": null
        }
      }
    },
    {
      "id": "apify_1745754515_6",
      "company_name": "Ma\u00eetre Cohen Gis\u00e8le - Avocat et m\u00e9diateur- droit immobilier, droit et contentieux des affaires",
      "contact_name": null,
      "position": null,
      "email": null,
      "phone": "+33 1 56 79 00 70",
      "website": "http://www.giselecohen.com/",
      "address": "88 Av. Niel, 75017 Paris, France",
      "city": "Paris",
      "postal_code": "75017",
      "country": "France",
      "rating": 5,
      "reviews_count": 64,
      "category": [
        "Avocat"
      ],
      "opening_hours": [
        {
          "day": "dimanche",
          "hours": "Ferm\u00e9"
        },
        {
          "day": "lundi",
          "hours": "09:00 to 19:00"
        },
        {
          "day": "mardi",
          "hours": "09:00 to 19:00"
        },
        {
          "day": "mercredi",
          "hours": "09:00 to 19:00"
        },
        {
          "day": "jeudi",
          "hours": "09:00 to 19:00"
        },
        {
          "day": "vendredi",
          "hours": "09:00 to 14:00"
        },
        {
          "day": "samedi",
          "hours": "Ferm\u00e9"
        }
      ],
      "source": "Google Maps",
      "scrape_date": "2025-04-27T11:48:35.548255",
      "niche": "Avocats sp\u00e9cialis\u00e9s en droit des affaires",
      "raw_data": {
        "place_id": "ChIJJRI-Y5Zv5kcR_GhbK_rJP00",
        "url": "https://www.google.com/maps/search/?api=1&query=Ma%C3%AEtre%20Cohen%20Gis%C3%A8le%20-%20Avocat%20et%20m%C3%A9diateur-%20droit%20immobilier%2C%20droit%20et%20contentieux%20des%20affaires&query_place_id=ChIJJRI-Y5Zv5kcR_GhbK_rJP00",
        "description": "",
        "verified": false,
        "location": {
          "lat": null,
          "lng": null
        }
      }
    },
    {
      "id": "apify_1745754515_7",
      "company_name": "J\u00e9r\u00f4me Goudard",
      "contact_name": null,
      "position": null,
      "email": null,
      "phone": "+33 1 44 71 03 73",
      "website": "https://www.avocatgoudard.com/#utm_source=google&utm_medium=organic&utm_campaign=gmb&utm_content=website",
      "address": "142 Rue de Courcelles, 75017 Paris, France",
      "city": "Paris",
      "postal_code": "75017",
      "country": "France",
      "rating": 5,
      "reviews_count": 296,
      "category": [
        "Avocat p\u00e9naliste",
        "Avocat plaidant"
      ],
      "opening_hours": [
        {
          "day": "dimanche",
          "hours": "Ouvert 24h/24"
        },
        {
          "day": "lundi",
          "hours": "Ouvert 24h/24"
        },
        {
          "day": "mardi",
          "hours": "Ouvert 24h/24"
        },
        {
          "day": "mercredi",
          "hours": "Ouvert 24h/24"
        },
        {
          "day": "jeudi",
          "hours": "Ouvert 24h/24"
        },
        {
          "day": "vendredi",
          "hours": "Ouvert 24h/24"
        },
        {
          "day": "samedi",
          "hours": "Ouvert 24h/24"
        }
      ],
      "source": "Google Maps",
      "scrape_date": "2025-04-27T11:48:35.548544",
      "niche": "Avocats sp\u00e9cialis\u00e9s en droit des affaires",
      "raw_data": {
        "place_id": "ChIJlWblpN9x5kcRaDtWzpxOo0g",
        "url": "https://www.google.com/maps/search/?api=1&query=J%C3%A9r%C3%B4me%20Goudard&query_place_id=ChIJlWblpN9x5kcRaDtWzpxOo0g",
        "description": "",
        "verified": false,
        "location": {
          "lat": null,
          "lng": null
        }
      }
    },
    {
      "id": "apify_1745754515_8",
      "company_name": "Avocat droit d'affaires et commerce Cabinet Petroussenko- vente commerces, investissements",
      "contact_name": null,
      "position": null,
      "email": null,
      "phone": "+33 1 56 81 05 80",
      "website": "https://cabinet-petroussenko.com/",
      "address": "72 Av. de Wagram, 75017 Paris, France",
      "city": "Paris",
      "postal_code": "75017",
      "country": "France",
      "rating": 4.8,
      "reviews_count": 56,
      "category": [
        "Avocat",
        "Avocat d'affaires",
        "Avocat en droit du travail",
        "Cabinet d'avocats",
        "Avocat sp\u00e9cialis\u00e9 en droit immobilier"
      ],
      "opening_hours": [
        {
          "day": "dimanche",
          "hours": "Ferm\u00e9"
        },
        {
          "day": "lundi",
          "hours": "09:00 to 19:00"
        },
        {
          "day": "mardi",
          "hours": "09:00 to 19:00"
        },
        {
          "day": "mercredi",
          "hours": "09:00 to 19:00"
        },
        {
          "day": "jeudi",
          "hours": "09:00 to 19:00"
        },
        {
          "day": "vendredi",
          "hours": "09:00 to 19:00"
        },
        {
          "day": "samedi",
          "hours": "Ferm\u00e9"
        }
      ],
      "source": "Google Maps",
      "scrape_date": "2025-04-27T11:48:35.549073",
      "niche": "Avocats sp\u00e9cialis\u00e9s en droit des affaires",
      "raw_data": {
        "place_id": "ChIJ-wgvopVv5kcRbu53EHExL5Q",
        "url": "https://www.google.com/maps/search/?api=1&query=Avocat%20droit%20d'affaires%20et%20commerce%20Cabinet%20Petroussenko-%20vente%20commerces%2C%20investissements&query_place_id=ChIJ-wgvopVv5kcRbu53EHExL5Q",
        "description": "",
        "verified": false,
        "location": {
          "lat": null,
          "lng": null
        }
      }
    },
    {
      "id": "apify_1745754515_9",
      "company_name": "Julie Soudaz - Avocat droit des Affaires",
      "contact_name": null,
      "position": null,
      "email": null,
      "phone": "+33 6 31 68 82 91",
      "website": "https://avocat-soudaz.com/",
      "address": "10 bis Av. de la Grande Arm\u00e9e, 75017 Paris, France",
      "city": "Paris",
      "postal_code": "75017",
      "country": "France",
      "rating": 5,
      "reviews_count": 22,
      "category": [
        "Avocat"
      ],
      "opening_hours": [
        {
          "day": "dimanche",
          "hours": "09:00 to 21:00"
        },
        {
          "day": "lundi",
          "hours": "09:00 to 19:00"
        },
        {
          "day": "mardi",
          "hours": "09:00 to 21:00"
        },
        {
          "day": "mercredi",
          "hours": "09:00 to 21:00"
        },
        {
          "day": "jeudi",
          "hours": "09:00 to 21:00"
        },
        {
          "day": "vendredi",
          "hours": "09:00 to 21:00"
        },
        {
          "day": "samedi",
          "hours": "09:00 to 21:00"
        }
      ],
      "source": "Google Maps",
      "scrape_date": "2025-04-27T11:48:35.549489",
      "niche": "Avocats sp\u00e9cialis\u00e9s en droit des affaires",
      "raw_data": {
        "place_id": "ChIJf1W_BCBl5kcRdspwPNwM3CY",
        "url": "https://www.google.com/maps/search/?api=1&query=Julie%20Soudaz%20-%20Avocat%20droit%20des%20Affaires&query_place_id=ChIJf1W_BCBl5kcRdspwPNwM3CY",
        "description": "",
        "verified": false,
        "location": {
          "lat": null,
          "lng": null
        }
      }
    },
    {
      "id": "apify_1745754515_10",
      "company_name": "Ma\u00eetre Jonathan Durand, avocat en droit immobilier et en droit des affaires \u00e0 Paris",
      "contact_name": null,
      "position": null,
      "email": null,
      "phone": "+33 6 34 03 30 66",
      "website": "https://jonathandurandavocat.com/",
      "address": "25 Rue du G\u00e9n\u00e9ral Foy, 75008 Paris, France",
      "city": "Paris",
      "postal_code": "75008",
      "country": "France",
      "rating": 5,
      "reviews_count": 27,
      "category": [
        "Avocat",
        "Avocat d'affaires"
      ],
      "opening_hours": [
        {
          "day": "dimanche",
          "hours": "Ferm\u00e9"
        },
        {
          "day": "lundi",
          "hours": "09:00 to 20:00"
        },
        {
          "day": "mardi",
          "hours": "09:00 to 20:00"
        },
        {
          "day": "mercredi",
          "hours": "09:00 to 20:00"
        },
        {
          "day": "jeudi",
          "hours": "09:00 to 20:00"
        },
        {
          "day": "vendredi",
          "hours": "09:00 to 20:00"
        },
        {
          "day": "samedi",
          "hours": "Ferm\u00e9"
        }
      ],
      "source": "Google Maps",
      "scrape_date": "2025-04-27T11:48:35.549880",
      "niche": "Avocats sp\u00e9cialis\u00e9s en droit des affaires",
      "raw_data": {
        "place_id": "ChIJoX02-JFv5kcRtkY4lAcGmWg",
        "url": "https://www.google.com/maps/search/?api=1&query=Ma%C3%AEtre%20Jonathan%20Durand%2C%20avocat%20en%20droit%20immobilier%20et%20en%20droit%20des%20affaires%20%C3%A0%20Paris&query_place_id=ChIJoX02-JFv5kcRtkY4lAcGmWg",
        "description": "",
        "verified": false,
        "location": {
          "lat": null,
          "lng": null
        }
      }
    },
    {
      "id": "apify_1745754515_11",
      "company_name": "Avocat international \u00e0 Paris en droit des affaires",
      "contact_name": null,
      "position": null,
      "email": null,
      "phone": "+33 6 61 72 85 30",
      "website": "https://avocat-international-a-paris-en-droit-des-affaires.net-lab.fr/",
      "address": "159 Rue de Rome, 75017 Paris, France",
      "city": "Paris",
      "postal_code": "75017",
      "country": "France",
      "rating": 4,
      "reviews_count": 2,
      "category": [
        "Avocat"
      ],
      "opening_hours": [],
      "source": "Google Maps",
      "scrape_date": "2025-04-27T11:48:35.550230",
      "niche": "Avocats sp\u00e9cialis\u00e9s en droit des affaires",
      "raw_data": {
        "place_id": "ChIJ0XCpIbBv5kcRZIEkEMdgTZE",
        "url": "https://www.google.com/maps/search/?api=1&query=Avocat%20international%20%C3%A0%20Paris%20en%20droit%20des%20affaires&query_place_id=ChIJ0XCpIbBv5kcRZIEkEMdgTZE",
        "description": "",
        "verified": false,
        "location": {
          "lat": null,
          "lng": null
        }
      }
    },
    {
      "id": "apify_1745754515_12",
      "company_name": "COLLETTE AVOCAT : Droit de la concurrence, droit de la distribution et protection du secret des affaires",
      "contact_name": null,
      "position": null,
      "email": null,
      "phone": "+33 1 75 43 40 27",
      "website": "http://www.collette-avocat.fr/",
      "address": "97 Av. de Villiers, 75017 Paris, France",
      "city": "Paris",
      "postal_code": "75017",
      "country": "France",
      "rating": 5,
      "reviews_count": 2,
      "category": [
        "Cabinet d'avocats"
      ],
      "opening_hours": [
        {
          "day": "dimanche",
          "hours": "Ferm\u00e9"
        },
        {
          "day": "lundi",
          "hours": "10:00 to 18:00"
        },
        {
          "day": "mardi",
          "hours": "09:30 to 19:00"
        },
        {
          "day": "mercredi",
          "hours": "09:30 to 20:00"
        },
        {
          "day": "jeudi",
          "hours": "09:30 to 19:00"
        },
        {
          "day": "vendredi",
          "hours": "09:30 to 13:00"
        },
        {
          "day": "samedi",
          "hours": "Ferm\u00e9"
        }
      ],
      "source": "Google Maps",
      "scrape_date": "2025-04-27T11:48:35.550564",
      "niche": "Avocats sp\u00e9cialis\u00e9s en droit des affaires",
      "raw_data": {
        "place_id": "ChIJG16XNl9v5kcRpSG63s9YIkQ",
        "url": "https://www.google.com/maps/search/?api=1&query=COLLETTE%20AVOCAT%20%3A%20Droit%20de%20la%20concurrence%2C%20droit%20de%20la%20distribution%20et%20protection%20du%20secret%20des%20affaires&query_place_id=ChIJG16XNl9v5kcRpSG63s9YIkQ",
        "description": "",
        "verified": false,
        "location": {
          "lat": null,
          "lng": null
        }
      }
    },
    {
      "id": "apify_1745754515_13",
      "company_name": "COLMAN Avocats | Commercial, Affaires & Immobilier.",
      "contact_name": null,
      "position": null,
      "email": null,
      "phone": "+33 1 81 70 34 56",
      "website": "https://www.colman-avocats.fr/",
      "address": "La Boutique Bleue, 89 Bd Malesherbes, 75008 Paris, France",
      "city": "Paris",
      "postal_code": "75008",
      "country": "France",
      "rating": 4.8,
      "reviews_count": 8,
      "category": [
        "Cabinet d'avocats",
        "Avocat d'affaires",
        "Avocat sp\u00e9cialis\u00e9 en droit immobilier",
        "Avocat plaidant"
      ],
      "opening_hours": [
        {
          "day": "dimanche",
          "hours": "09:30 to 12:00, 14:00 to 18:00"
        },
        {
          "day": "lundi",
          "hours": "09:30 to 12:00, 14:00 to 18:00"
        },
        {
          "day": "mardi",
          "hours": "09:30 to 12:00, 14:00 to 18:00"
        },
        {
          "day": "mercredi",
          "hours": "09:30 to 12:00, 14:00 to 18:00"
        },
        {
          "day": "jeudi",
          "hours": "Ferm\u00e9"
        },
        {
          "day": "vendredi",
          "hours": "09:30 to 12:00, 14:00 to 18:00"
        },
        {
          "day": "samedi",
          "hours": "09:30 to 12:00, 14:00 to 18:00"
        }
      ],
      "source": "Google Maps",
      "scrape_date": "2025-04-27T11:48:35.550833",
      "niche": "Avocats sp\u00e9cialis\u00e9s en droit des affaires",
      "raw_data": {
        "place_id": "ChIJteaq8B5u5kcRzPRnteBL4fc",
        "url": "https://www.google.com/maps/search/?api=1&query=COLMAN%20Avocats%20%7C%20Commercial%2C%20Affaires%20%26%20Immobilier.&query_place_id=ChIJteaq8B5u5kcRzPRnteBL4fc",
        "description": "",
        "verified": false,
        "location": {
          "lat": null,
          "lng": null
        }
      }
    },
    {
      "id": "apify_1745754515_14",
      "company_name": "JADDE Avocats",
      "contact_name": null,
      "position": null,
      "email": null,
      "phone": "+33 9 83 35 41 70",
      "website": "https://www.jaddeavocats.com/",
      "address": "35 Rue du Laos, 75015 Paris, France",
      "city": "Paris",
      "postal_code": "75015",
      "country": "France",
      "rating": 4.6,
      "reviews_count": 75,
      "category": [
        "Avocat sp\u00e9cialis\u00e9 en droit de la famille",
        "Avocat sp\u00e9cialis\u00e9 dans les divorces"
      ],
      "opening_hours": [
        {
          "day": "dimanche",
          "hours": "Ferm\u00e9"
        },
        {
          "day": "lundi",
          "hours": "09:00 to 19:00"
        },
        {
          "day": "mardi",
          "hours": "09:00 to 19:00"
        },
        {
          "day": "mercredi",
          "hours": "09:00 to 19:00"
        },
        {
          "day": "jeudi",
          "hours": "Ferm\u00e9"
        },
        {
          "day": "vendredi",
          "hours": "09:00 to 19:00"
        },
        {
          "day": "samedi",
          "hours": "Ferm\u00e9"
        }
      ],
      "source": "Google Maps",
      "scrape_date": "2025-04-27T11:48:35.551161",
      "niche": "Avocats sp\u00e9cialis\u00e9s en droit des affaires",
      "raw_data": {
        "place_id": "ChIJw5y24yJw5kcRlNHYkJ17BJU",
        "url": "https://www.google.com/maps/search/?api=1&query=JADDE%20Avocats&query_place_id=ChIJw5y24yJw5kcRlNHYkJ17BJU",
        "description": "",
        "verified": false,
        "location": {
          "lat": null,
          "lng": null
        }
      }
    },
    {
      "id": "apify_1745754515_15",
      "company_name": "Nadia Tigzim : Avocat droit des affaires, droit commercial, baux commerciaux",
      "contact_name": null,
      "position": null,
      "email": null,
      "phone": "+33 1 46 36 79 33",
      "website": "https://avocat-tigzim.fr/",
      "address": "222 Bd Saint-Germain, 75007 Paris, France",
      "city": "Paris",
      "postal_code": "75007",
      "country": "France",
      "rating": 4.7,
      "reviews_count": 63,
      "category": [
        "Avocat",
        "Cabinet d'avocats"
      ],
      "opening_hours": [
        {
          "day": "dimanche",
          "hours": "Ferm\u00e9"
        },
        {
          "day": "lundi",
          "hours": "09:00 to 19:00"
        },
        {
          "day": "mardi",
          "hours": "09:00 to 19:00"
        },
        {
          "day": "mercredi",
          "hours": "09:00 to 19:00"
        },
        {
          "day": "jeudi",
          "hours": "09:00 to 19:00"
        },
        {
          "day": "vendredi",
          "hours": "09:00 to 19:00"
        },
        {
          "day": "samedi",
          "hours": "Ferm\u00e9"
        }
      ],
      "source": "Google Maps",
      "scrape_date": "2025-04-27T11:48:35.551473",
      "niche": "Avocats sp\u00e9cialis\u00e9s en droit des affaires",
      "raw_data": {
        "place_id": "ChIJy5bD3DVu5kcRfMUkZc-LUc0",
        "url": "https://www.google.com/maps/search/?api=1&query=Nadia%20Tigzim%20%3A%20Avocat%20droit%20des%20affaires%2C%20droit%20commercial%2C%20baux%20commerciaux&query_place_id=ChIJy5bD3DVu5kcRfMUkZc-LUc0",
        "description": "",
        "verified": false,
        "location": {
          "lat": null,
          "lng": null
        }
      }
    },
    {
      "id": "apify_1745754515_16",
      "company_name": "nait-office.avocat",
      "contact_name": null,
      "position": null,
      "email": null,
      "phone": "+33 6 17 34 10 70",
      "website": "http://www.nait-office.com/",
      "address": "3 Rue de l'Arriv\u00e9e, 75015 Paris, France",
      "city": "Paris",
      "postal_code": "75015",
      "country": "France",
      "rating": 5,
      "reviews_count": 23,
      "category": [
        "Avocat"
      ],
      "opening_hours": [
        {
          "day": "dimanche",
          "hours": "Ferm\u00e9"
        },
        {
          "day": "lundi",
          "hours": "08:00 to 17:00"
        },
        {
          "day": "mardi",
          "hours": "08:00 to 17:00"
        },
        {
          "day": "mercredi",
          "hours": "08:00 to 17:00"
        },
        {
          "day": "jeudi",
          "hours": "08:00 to 17:00"
        },
        {
          "day": "vendredi",
          "hours": "08:00 to 17:00"
        },
        {
          "day": "samedi",
          "hours": "Ferm\u00e9"
        }
      ],
      "source": "Google Maps",
      "scrape_date": "2025-04-27T11:48:35.551769",
      "niche": "Avocats sp\u00e9cialis\u00e9s en droit des affaires",
      "raw_data": {
        "place_id": "ChIJ-_h1cqJx5kcRMkqWsiw2_Bg",
        "url": "https://www.google.com/maps/search/?api=1&query=nait-office.avocat&query_place_id=ChIJ-_h1cqJx5kcRMkqWsiw2_Bg",
        "description": "",
        "verified": false,
        "location": {
          "lat": null,
          "lng": null
        }
      }
    },
    {
      "id": "apify_1745754515_17",
      "company_name": "Avocat Droit des affaires et Commerce \u00e0 Paris, Ma\u00eetre Jabouley Marie-Pierre | Conseil juridique | Vente et achat de fonds de commerceI Cession entreprise I Cr\u00e9ation Soci\u00e9t\u00e9 I Contrats",
      "contact_name": null,
      "position": null,
      "email": null,
      "phone": "+33 1 53 30 08 48",
      "website": "https://www.avocat-jabouley.fr/",
      "address": "17 - 21 Rue Duret BAT D, 75116 Paris, France",
      "city": "Paris",
      "postal_code": "75116",
      "country": "France",
      "rating": 4.9,
      "reviews_count": 74,
      "category": [
        "Avocat",
        "Conseil",
        "Services juridiques"
      ],
      "opening_hours": [
        {
          "day": "dimanche",
          "hours": "Ferm\u00e9"
        },
        {
          "day": "lundi",
          "hours": "09:00 to 12:00, 13:00 to 19:00"
        },
        {
          "day": "mardi",
          "hours": "09:00 to 12:00, 13:00 to 19:00"
        },
        {
          "day": "mercredi",
          "hours": "09:00 to 12:00, 13:00 to 19:00"
        },
        {
          "day": "jeudi",
          "hours": "09:00 to 12:00, 13:00 to 19:00"
        },
        {
          "day": "vendredi",
          "hours": "09:00 to 12:00, 13:00 to 18:00"
        },
        {
          "day": "samedi",
          "hours": "Ferm\u00e9"
        }
      ],
      "source": "Google Maps",
      "scrape_date": "2025-04-27T11:48:35.557486",
      "niche": "Avocats sp\u00e9cialis\u00e9s en droit des affaires",
      "raw_data": {
        "place_id": "ChIJoTzavfNv5kcRSoENjJ5XLmc",
        "url": "https://www.google.com/maps/search/?api=1&query=Avocat%20Droit%20des%20affaires%20et%20Commerce%20%C3%A0%20Paris%2C%20Ma%C3%AEtre%20Jabouley%20Marie-Pierre%20%7C%20Conseil%20juridique%20%7C%20Vente%20et%20achat%20de%20fonds%20de%20commerceI%20Cession%20entreprise%20I%20Cr%C3%A9ation%20Soci%C3%A9t%C3%A9%20I%20Contrats&query_place_id=ChIJoTzavfNv5kcRSoENjJ5XLmc",
        "description": "",
        "verified": false,
        "location": {
          "lat": null,
          "lng": null
        }
      }
    },
    {
      "id": "apify_1745754515_18",
      "company_name": "Avocat droit des affaires Paris \u2014 Chama Benseghir",
      "contact_name": null,
      "position": null,
      "email": null,
      "phone": "+33 6 98 06 25 92",
      "website": "https://benseghir-juris.com/",
      "address": "115 Rue de la Pompe, 75116 Paris, France",
      "city": "Paris",
      "postal_code": "75116",
      "country": "France",
      "rating": 4.9,
      "reviews_count": 77,
      "category": [
        "Avocat",
        "Avocat plaidant"
      ],
      "opening_hours": [
        {
          "day": "dimanche",
          "hours": "09:00 to 20:30"
        },
        {
          "day": "lundi",
          "hours": "08:30 to 20:30"
        },
        {
          "day": "mardi",
          "hours": "08:30 to 20:30"
        },
        {
          "day": "mercredi",
          "hours": "08:30 to 20:30"
        },
        {
          "day": "jeudi",
          "hours": "08:30 to 20:30"
        },
        {
          "day": "vendredi",
          "hours": "08:30 to 20:30"
        },
        {
          "day": "samedi",
          "hours": "08:30 to 20:30"
        }
      ],
      "source": "Google Maps",
      "scrape_date": "2025-04-27T11:48:35.557957",
      "niche": "Avocats sp\u00e9cialis\u00e9s en droit des affaires",
      "raw_data": {
        "place_id": "ChIJVTUgSLtv5kcRQ289i9My8Q4",
        "url": "https://www.google.com/maps/search/?api=1&query=Avocat%20droit%20des%20affaires%20Paris%20%E2%80%94%20Chama%20Benseghir&query_place_id=ChIJVTUgSLtv5kcRQ289i9My8Q4",
        "description": "",
        "verified": false,
        "location": {
          "lat": null,
          "lng": null
        }
      }
    },
    {
      "id": "apify_1745754515_19",
      "company_name": "Ambroise Soreau avocat",
      "contact_name": null,
      "position": null,
      "email": null,
      "phone": "+33 1 48 42 01 81",
      "website": "http://www.soreau-avocat.fr/",
      "address": "192 Rue Lecourbe, 75015 Paris, France",
      "city": "Paris",
      "postal_code": "75015",
      "country": "France",
      "rating": 4.9,
      "reviews_count": 16,
      "category": [
        "Avocat"
      ],
      "opening_hours": [
        {
          "day": "dimanche",
          "hours": "Ferm\u00e9"
        },
        {
          "day": "lundi",
          "hours": "09:00 to 19:00"
        },
        {
          "day": "mardi",
          "hours": "09:00 to 19:00"
        },
        {
          "day": "mercredi",
          "hours": "09:00 to 19:00"
        },
        {
          "day": "jeudi",
          "hours": "09:00 to 19:00"
        },
        {
          "day": "vendredi",
          "hours": "09:00 to 19:00"
        },
        {
          "day": "samedi",
          "hours": "Ferm\u00e9"
        }
      ],
      "source": "Google Maps",
      "scrape_date": "2025-04-27T11:48:35.558215",
      "niche": "Avocats sp\u00e9cialis\u00e9s en droit des affaires",
      "raw_data": {
        "place_id": "ChIJ5UBlxNBx5kcR-v86QtWBN98",
        "url": "https://www.google.com/maps/search/?api=1&query=Ambroise%20Soreau%20avocat&query_place_id=ChIJ5UBlxNBx5kcR-v86QtWBN98",
        "description": "",
        "verified": false,
        "location": {
          "lat": null,
          "lng": null
        }
      }
    },
    {
      "id": "apify_1745754515_20",
      "company_name": "LLA Avocats - Avocat Droit des Affaires Paris",
      "contact_name": null,
      "position": null,
      "email": null,
      "phone": "+33 1 86 95 83 98",
      "website": "https://www.lla-avocats.fr/cabinet/marc-ladreit-de-lacharriere/",
      "address": "30 Rue de Miromesnil, 75008 Paris, France",
      "city": "Paris",
      "postal_code": "75008",
      "country": "France",
      "rating": 4.9,
      "reviews_count": 97,
      "category": [
        "Avocat d'affaires",
        "Avocat"
      ],
      "opening_hours": [
        {
          "day": "dimanche",
          "hours": "09:00 to 21:30"
        },
        {
          "day": "lundi",
          "hours": "09:00 to 20:00"
        },
        {
          "day": "mardi",
          "hours": "09:00 to 20:00"
        },
        {
          "day": "mercredi",
          "hours": "09:00 to 20:00"
        },
        {
          "day": "jeudi",
          "hours": "09:00 to 20:00"
        },
        {
          "day": "vendredi",
          "hours": "09:00 to 20:00"
        },
        {
          "day": "samedi",
          "hours": "09:00 to 20:00"
        }
      ],
      "source": "Google Maps",
      "scrape_date": "2025-04-27T11:48:35.558469",
      "niche": "Avocats sp\u00e9cialis\u00e9s en droit des affaires",
      "raw_data": {
        "place_id": "ChIJ__8bgpZv5kcRRZyE0zkLJT0",
        "url": "https://www.google.com/maps/search/?api=1&query=LLA%20Avocats%20-%20Avocat%20Droit%20des%20Affaires%20Paris&query_place_id=ChIJ__8bgpZv5kcRRZyE0zkLJT0",
        "description": "",
        "verified": false,
        "location": {
          "lat": null,
          "lng": null
        }
      }
    },
    {
      "id": "apify_1745754515_21",
      "company_name": "Ivan Nasio Avocat",
      "contact_name": null,
      "position": null,
      "email": null,
      "phone": "+33 1 76 42 06 55",
      "website": "https://www.avocat-nasio.fr/",
      "address": "78 Rue des Saints-P\u00e8res, 75007 Paris, France",
      "city": "Paris",
      "postal_code": "75007",
      "country": "France",
      "rating": 4.5,
      "reviews_count": 310,
      "category": [
        "Avocat"
      ],
      "opening_hours": [
        {
          "day": "dimanche",
          "hours": "09:30 to 17:30"
        },
        {
          "day": "lundi",
          "hours": "08:00 to 20:00"
        },
        {
          "day": "mardi",
          "hours": "08:00 to 20:00"
        },
        {
          "day": "mercredi",
          "hours": "08:00 to 20:00"
        },
        {
          "day": "jeudi",
          "hours": "08:00 to 20:00"
        },
        {
          "day": "vendredi",
          "hours": "08:00 to 20:00"
        },
        {
          "day": "samedi",
          "hours": "09:30 to 17:30"
        }
      ],
      "source": "Google Maps",
      "scrape_date": "2025-04-27T11:48:35.558679",
      "niche": "Avocats sp\u00e9cialis\u00e9s en droit des affaires",
      "raw_data": {
        "place_id": "ChIJtWgpuNZx5kcRewIdTVLTuCk",
        "url": "https://www.google.com/maps/search/?api=1&query=Ivan%20Nasio%20Avocat&query_place_id=ChIJtWgpuNZx5kcRewIdTVLTuCk",
        "description": "",
        "verified": false,
        "location": {
          "lat": null,
          "lng": null
        }
      }
    },
    {
      "id": "apify_1745754515_22",
      "company_name": "ADER JOLIBOIS : cabinet d'avocats en droit des affaires, droit social, droit fiscal et droit du dommage corporel",
      "contact_name": null,
      "position": null,
      "email": null,
      "phone": "+33 1 45 44 10 33",
      "website": "http://www.aderjolibois.com/",
      "address": "6 Pl. Saint-Sulpice, 75006 Paris, France",
      "city": "Paris",
      "postal_code": "75006",
      "country": "France",
      "rating": 5,
      "reviews_count": 4,
      "category": [
        "Cabinet d'avocats"
      ],
      "opening_hours": [
        {
          "day": "dimanche",
          "hours": "Ferm\u00e9"
        },
        {
          "day": "lundi",
          "hours": "09:00 to 19:00"
        },
        {
          "day": "mardi",
          "hours": "09:00 to 19:00"
        },
        {
          "day": "mercredi",
          "hours": "09:00 to 19:00"
        },
        {
          "day": "jeudi",
          "hours": "09:00 to 19:00"
        },
        {
          "day": "vendredi",
          "hours": "09:00 to 19:00"
        },
        {
          "day": "samedi",
          "hours": "Ferm\u00e9"
        }
      ],
      "source": "Google Maps",
      "scrape_date": "2025-04-27T11:48:35.559792",
      "niche": "Avocats sp\u00e9cialis\u00e9s en droit des affaires",
      "raw_data": {
        "place_id": "ChIJj3m3OdRx5kcRIRoqPJE5OUM",
        "url": "https://www.google.com/maps/search/?api=1&query=ADER%20JOLIBOIS%20%3A%20cabinet%20d'avocats%20en%20droit%20des%20affaires%2C%20droit%20social%2C%20droit%20fiscal%20et%20droit%20du%20dommage%20corporel&query_place_id=ChIJj3m3OdRx5kcRIRoqPJE5OUM",
        "description": "",
        "verified": false,
        "location": {
          "lat": null,
          "lng": null
        }
      }
    },
    {
      "id": "apify_1745754515_23",
      "company_name": "Laurence Mayer",
      "contact_name": null,
      "position": null,
      "email": null,
      "phone": "+33 1 88 24 37 13",
      "website": "https://www.avocat-paris-lmayer.com/",
      "address": "28 Rue Racine, 75006 Paris, France",
      "city": "Paris",
      "postal_code": "75006",
      "country": "France",
      "rating": 4.8,
      "reviews_count": 144,
      "category": [
        "Avocat sp\u00e9cialis\u00e9 dans les divorces",
        "Avocat sp\u00e9cialis\u00e9 en droit de la famille",
        "Avocat"
      ],
      "opening_hours": [
        {
          "day": "dimanche",
          "hours": "Ferm\u00e9"
        },
        {
          "day": "lundi",
          "hours": "09:00 to 13:00, 14:00 to 19:00"
        },
        {
          "day": "mardi",
          "hours": "09:00 to 13:00, 14:00 to 19:00"
        },
        {
          "day": "mercredi",
          "hours": "09:00 to 13:00, 14:00 to 19:00"
        },
        {
          "day": "jeudi",
          "hours": "09:00 to 13:00, 14:00 to 19:00"
        },
        {
          "day": "vendredi",
          "hours": "09:00 to 13:00, 14:00 to 19:00"
        },
        {
          "day": "samedi",
          "hours": "Ferm\u00e9"
        }
      ],
      "source": "Google Maps",
      "scrape_date": "2025-04-27T11:48:35.560193",
      "niche": "Avocats sp\u00e9cialis\u00e9s en droit des affaires",
      "raw_data": {
        "place_id": "ChIJLcJUdeJv5kcRXFnT9gHU_3w",
        "url": "https://www.google.com/maps/search/?api=1&query=Laurence%20Mayer&query_place_id=ChIJLcJUdeJv5kcRXFnT9gHU_3w",
        "description": "",
        "verified": false,
        "location": {
          "lat": null,
          "lng": null
        }
      }
    },
    {
      "id": "apify_1745754515_24",
      "company_name": "Kohen Avocats, cabinet d'avocats en droit immobilier et droit des affaires \u00e0 Paris",
      "contact_name": null,
      "position": null,
      "email": null,
      "phone": "+33 6 46 60 58 22",
      "website": "https://kohenavocats.fr/",
      "address": "155 Bd Malesherbes, 75017 Paris, France",
      "city": "Paris",
      "postal_code": "75017",
      "country": "France",
      "rating": 4.9,
      "reviews_count": 79,
      "category": [
        "Avocat"
      ],
      "opening_hours": [
        {
          "day": "dimanche",
          "hours": "Ferm\u00e9"
        },
        {
          "day": "lundi",
          "hours": "09:00 to 20:00"
        },
        {
          "day": "mardi",
          "hours": "09:00 to 20:00"
        },
        {
          "day": "mercredi",
          "hours": "09:00 to 20:00"
        },
        {
          "day": "jeudi",
          "hours": "09:00 to 19:30"
        },
        {
          "day": "vendredi",
          "hours": "09:00 to 20:00"
        },
        {
          "day": "samedi",
          "hours": "09:00 to 20:00"
        }
      ],
      "source": "Google Maps",
      "scrape_date": "2025-04-27T11:48:35.560455",
      "niche": "Avocats sp\u00e9cialis\u00e9s en droit des affaires",
      "raw_data": {
        "place_id": "ChIJvRSMfNJv5kcRoBAxgaYQ91c",
        "url": "https://www.google.com/maps/search/?api=1&query=Kohen%20Avocats%2C%20cabinet%20d'avocats%20en%20droit%20immobilier%20et%20droit%20des%20affaires%20%C3%A0%20Paris&query_place_id=ChIJvRSMfNJv5kcRoBAxgaYQ91c",
        "description": "",
        "verified": false,
        "location": {
          "lat": null,
          "lng": null
        }
      }
    },
    {
      "id": "apify_1745754515_25",
      "company_name": "Me Paul Emile Boutmy - Avocat en droit des affaires \u00e0 Paris",
      "contact_name": null,
      "position": null,
      "email": null,
      "phone": "+33 6 63 68 71 99",
      "website": "https://www.avocat-boutmy.com/",
      "address": "4 Rue Saint-Nicolas, 75012 Paris, France",
      "city": "Paris",
      "postal_code": "75012",
      "country": "France",
      "rating": 5,
      "reviews_count": 28,
      "category": [
        "Avocat"
      ],
      "opening_hours": [
        {
          "day": "dimanche",
          "hours": "Ferm\u00e9"
        },
        {
          "day": "lundi",
          "hours": "09:00 to 20:00"
        },
        {
          "day": "mardi",
          "hours": "09:00 to 20:00"
        },
        {
          "day": "mercredi",
          "hours": "09:00 to 20:00"
        },
        {
          "day": "jeudi",
          "hours": "09:00 to 20:00"
        },
        {
          "day": "vendredi",
          "hours": "09:00 to 20:00"
        },
        {
          "day": "samedi",
          "hours": "Ferm\u00e9"
        }
      ],
      "source": "Google Maps",
      "scrape_date": "2025-04-27T11:48:35.560725",
      "niche": "Avocats sp\u00e9cialis\u00e9s en droit des affaires",
      "raw_data": {
        "place_id": "ChIJAQDU0D5u5kcR5aqzlt9JtME",
        "url": "https://www.google.com/maps/search/?api=1&query=Me%20Paul%20Emile%20Boutmy%20-%20Avocat%20en%20droit%20des%20affaires%20%C3%A0%20Paris&query_place_id=ChIJAQDU0D5u5kcR5aqzlt9JtME",
        "description": "",
        "verified": false,
        "location": {
          "lat": null,
          "lng": null
        }
      }
    },
    {
      "id": "apify_1745754515_26",
      "company_name": "Avocat Gr\u00e9goire Normier - Divorce - Droit civil - Droit des contrats",
      "contact_name": null,
      "position": null,
      "email": null,
      "phone": "+33 6 62 40 19 09",
      "website": "https://normiergregoire.fr/",
      "address": "22 Av. de l'Observatoire, 75014 Paris, France",
      "city": "Paris",
      "postal_code": "75014",
      "country": "France",
      "rating": 4.9,
      "reviews_count": 89,
      "category": [
        "Avocat",
        "Avocat plaidant",
        "Avocat.e en droit civil",
        "Avocat sp\u00e9cialis\u00e9 dans les divorces",
        "Avocat sp\u00e9cialis\u00e9 en droit de la famille",
        "Avocat g\u00e9n\u00e9raliste",
        "Avocat en droit de l'immigration",
        "Cabinet d'avocats",
        "Avocat sp\u00e9cialis\u00e9 en dommages corporels"
      ],
      "opening_hours": [
        {
          "day": "dimanche",
          "hours": "Ferm\u00e9"
        },
        {
          "day": "lundi",
          "hours": "09:00 to 19:30"
        },
        {
          "day": "mardi",
          "hours": "09:00 to 19:30"
        },
        {
          "day": "mercredi",
          "hours": "09:00 to 19:30"
        },
        {
          "day": "jeudi",
          "hours": "09:00 to 19:30"
        },
        {
          "day": "vendredi",
          "hours": "09:00 to 19:00"
        },
        {
          "day": "samedi",
          "hours": "Ferm\u00e9"
        }
      ],
      "source": "Google Maps",
      "scrape_date": "2025-04-27T11:48:35.561073",
      "niche": "Avocats sp\u00e9cialis\u00e9s en droit des affaires",
      "raw_data": {
        "place_id": "ChIJc3NWw8Zx5kcRxRbKdPCqZOg",
        "url": "https://www.google.com/maps/search/?api=1&query=Avocat%20Gr%C3%A9goire%20Normier%20-%20Divorce%20-%20Droit%20civil%20-%20Droit%20des%20contrats&query_place_id=ChIJc3NWw8Zx5kcRxRbKdPCqZOg",
        "description": "",
        "verified": false,
        "location": {
          "lat": null,
          "lng": null
        }
      }
    },
    {
      "id": "apify_1745754515_27",
      "company_name": "Cabinet Fellous Avocats - Droit des affaires - Droit du Sport",
      "contact_name": null,
      "position": null,
      "email": null,
      "phone": "+33 1 84 80 75 31",
      "website": "https://www.legalacte.fr/",
      "address": "174 Bd Saint-Germain, 75006 Paris, France",
      "city": "Paris",
      "postal_code": "75006",
      "country": "France",
      "rating": 4.5,
      "reviews_count": 23,
      "category": [
        "Avocat"
      ],
      "opening_hours": [
        {
          "day": "dimanche",
          "hours": "Ferm\u00e9"
        },
        {
          "day": "lundi",
          "hours": "09:00 to 20:00"
        },
        {
          "day": "mardi",
          "hours": "09:00 to 20:00"
        },
        {
          "day": "mercredi",
          "hours": "09:00 to 20:00"
        },
        {
          "day": "jeudi",
          "hours": "09:00 to 20:00"
        },
        {
          "day": "vendredi",
          "hours": "09:00 to 18:00"
        },
        {
          "day": "samedi",
          "hours": "Ferm\u00e9"
        }
      ],
      "source": "Google Maps",
      "scrape_date": "2025-04-27T11:48:35.561420",
      "niche": "Avocats sp\u00e9cialis\u00e9s en droit des affaires",
      "raw_data": {
        "place_id": "ChIJmTT6CtZx5kcRG4pBbI-gkjw",
        "url": "https://www.google.com/maps/search/?api=1&query=Cabinet%20Fellous%20Avocats%20-%20Droit%20des%20affaires%20-%20Droit%20du%20Sport&query_place_id=ChIJmTT6CtZx5kcRG4pBbI-gkjw",
        "description": "",
        "verified": false,
        "location": {
          "lat": null,
          "lng": null
        }
      }
    },
    {
      "id": "apify_1745754515_28",
      "company_name": "BRANJONNEAU Christel - Avocat en droit des affaires PARIS - Sp\u00e9cialiste en droit des Soci\u00e9t\u00e9s",
      "contact_name": null,
      "position": null,
      "email": null,
      "phone": "+33 1 40 28 11 96",
      "website": "http://www.branjonneau-avocat.com/",
      "address": "27 Rue du Pont Neuf, 75001 Paris, France",
      "city": "Paris",
      "postal_code": "75001",
      "country": "France",
      "rating": 4.7,
      "reviews_count": 13,
      "category": [
        "Avocat",
        "Avocat sp\u00e9cialis\u00e9 en droit de la faillite",
        "Services aux entreprises",
        "Conseil",
        "Cabinet d'avocats"
      ],
      "opening_hours": [
        {
          "day": "dimanche",
          "hours": "Ferm\u00e9"
        },
        {
          "day": "lundi",
          "hours": "09:00 to 19:00"
        },
        {
          "day": "mardi",
          "hours": "09:00 to 19:00"
        },
        {
          "day": "mercredi",
          "hours": "09:00 to 19:00"
        },
        {
          "day": "jeudi",
          "hours": "09:00 to 19:00"
        },
        {
          "day": "vendredi",
          "hours": "09:00 to 19:00"
        },
        {
          "day": "samedi",
          "hours": "Ferm\u00e9"
        }
      ],
      "source": "Google Maps",
      "scrape_date": "2025-04-27T11:48:35.561680",
      "niche": "Avocats sp\u00e9cialis\u00e9s en droit des affaires",
      "raw_data": {
        "place_id": "ChIJXdCsEB9v5kcROWXQM08sY2o",
        "url": "https://www.google.com/maps/search/?api=1&query=BRANJONNEAU%20Christel%20-%20Avocat%20en%20droit%20des%20affaires%20PARIS%20-%20Sp%C3%A9cialiste%20en%20droit%20des%20Soci%C3%A9t%C3%A9s&query_place_id=ChIJXdCsEB9v5kcROWXQM08sY2o",
        "description": "",
        "verified": false,
        "location": {
          "lat": null,
          "lng": null
        }
      }
    },
    {
      "id": "apify_1745754515_29",
      "company_name": "PRIMO Avocats | Avocats droit des affaires et droit du travail \u00e0 Paris",
      "contact_name": null,
      "position": null,
      "email": null,
      "phone": "+33 1 89 16 54 74",
      "website": "http://www.primo-avocats.fr/",
      "address": "99 Rue de Courcelles, 75017 Paris, France",
      "city": "Paris",
      "postal_code": "75017",
      "country": "France",
      "rating": 4.8,
      "reviews_count": 36,
      "category": [
        "Avocat d'affaires"
      ],
      "opening_hours": [
        {
          "day": "dimanche",
          "hours": "Ferm\u00e9"
        },
        {
          "day": "lundi",
          "hours": "09:00 to 19:30"
        },
        {
          "day": "mardi",
          "hours": "09:00 to 19:30"
        },
        {
          "day": "mercredi",
          "hours": "09:00 to 19:30"
        },
        {
          "day": "jeudi",
          "hours": "09:00 to 19:30"
        },
        {
          "day": "vendredi",
          "hours": "09:00 to 19:30"
        },
        {
          "day": "samedi",
          "hours": "Ferm\u00e9"
        }
      ],
      "source": "Google Maps",
      "scrape_date": "2025-04-27T11:48:35.561878",
      "niche": "Avocats sp\u00e9cialis\u00e9s en droit des affaires",
      "raw_data": {
        "place_id": "ChIJjS7tXARv5kcRaaMlC3I0IQg",
        "url": "https://www.google.com/maps/search/?api=1&query=PRIMO%20Avocats%20%7C%20Avocats%20droit%20des%20affaires%20et%20droit%20du%20travail%20%C3%A0%20Paris&query_place_id=ChIJjS7tXARv5kcRaaMlC3I0IQg",
        "description": "",
        "verified": false,
        "location": {
          "lat": null,
          "lng": null
        }
      }
    },
    {
      "id": "apify_1745754515_30",
      "company_name": "CABINET D'AVOCATS MAHBOULI PARIS",
      "contact_name": null,
      "position": null,
      "email": null,
      "phone": "+33 1 48 78 19 59",
      "website": "https://www.avocat-mahbouli.com/",
      "address": "11 Rue Rousselet, 75007 Paris, France",
      "city": "Paris",
      "postal_code": "75007",
      "country": "France",
      "rating": 4.6,
      "reviews_count": 142,
      "category": [
        "Avocat",
        "Avocat en droit administratif",
        "Avocat p\u00e9naliste",
        "Avocat sp\u00e9cialis\u00e9 dans les divorces",
        "Avocat sp\u00e9cialis\u00e9 en droit du travail",
        "Avocat sp\u00e9cialis\u00e9 en droit de la famille",
        "Service d'immigration et de naturalisation",
        "Avocat en droit de l'immigration",
        "Services juridiques"
      ],
      "opening_hours": [
        {
          "day": "dimanche",
          "hours": "Ferm\u00e9"
        },
        {
          "day": "lundi",
          "hours": "09:00 to 20:00"
        },
        {
          "day": "mardi",
          "hours": "09:00 to 20:00"
        },
        {
          "day": "mercredi",
          "hours": "09:00 to 20:00"
        },
        {
          "day": "jeudi",
          "hours": "09:00 to 20:00"
        },
        {
          "day": "vendredi",
          "hours": "09:00 to 20:00"
        },
        {
          "day": "samedi",
          "hours": "09:00 to 20:00"
        }
      ],
      "source": "Google Maps",
      "scrape_date": "2025-04-27T11:48:35.562070",
      "niche": "Avocats sp\u00e9cialis\u00e9s en droit des affaires",
      "raw_data": {
        "place_id": "ChIJyU0UQtZx5kcRzN_V3kSVXLo",
        "url": "https://www.google.com/maps/search/?api=1&query=CABINET%20D'AVOCATS%20MAHBOULI%20PARIS&query_place_id=ChIJyU0UQtZx5kcRzN_V3kSVXLo",
        "description": "",
        "verified": false,
        "location": {
          "lat": null,
          "lng": null
        }
      }
    },
    {
      "id": "apify_1745754515_31",
      "company_name": "M\u00e9lanie Vion Avocat Propri\u00e9t\u00e9 intellectuelle & Droit commercial",
      "contact_name": null,
      "position": null,
      "email": null,
      "phone": "+33 1 84 25 79 32",
      "website": "http://www.mev-avocat.com/",
      "address": "37 Rue Louis Morard, 75014 Paris, France",
      "city": "Paris",
      "postal_code": "75014",
      "country": "France",
      "rating": 5,
      "reviews_count": 53,
      "category": [
        "Avocat g\u00e9n\u00e9raliste"
      ],
      "opening_hours": [
        {
          "day": "dimanche",
          "hours": "Ferm\u00e9"
        },
        {
          "day": "lundi",
          "hours": "09:00 to 19:00"
        },
        {
          "day": "mardi",
          "hours": "09:00 to 19:00"
        },
        {
          "day": "mercredi",
          "hours": "09:00 to 19:00"
        },
        {
          "day": "jeudi",
          "hours": "09:00 to 19:00"
        },
        {
          "day": "vendredi",
          "hours": "09:00 to 19:00"
        },
        {
          "day": "samedi",
          "hours": "Ferm\u00e9"
        }
      ],
      "source": "Google Maps",
      "scrape_date": "2025-04-27T11:48:35.562210",
      "niche": "Avocats sp\u00e9cialis\u00e9s en droit des affaires",
      "raw_data": {
        "place_id": "ChIJ5y_-YgRu5kcRfvMlsRvmLlc",
        "url": "https://www.google.com/maps/search/?api=1&query=M%C3%A9lanie%20Vion%20Avocat%20Propri%C3%A9t%C3%A9%20intellectuelle%20%26%20Droit%20commercial&query_place_id=ChIJ5y_-YgRu5kcRfvMlsRvmLlc",
        "description": "",
        "verified": false,
        "location": {
          "lat": null,
          "lng": null
        }
      }
    },
    {
      "id": "apify_1745754515_32",
      "company_name": "Emmanuel Boukris Avocat \u2013 Droit Immobilier, Droit des Affaires, Droit du Dommage Corporel",
      "contact_name": null,
      "position": null,
      "email": null,
      "phone": "+33 1 55 43 88 56",
      "website": "http://www.emmanuelboukris.com/",
      "address": "31 Bd Malesherbes, 75008 Paris, France",
      "city": "Paris",
      "postal_code": "75008",
      "country": "France",
      "rating": 5,
      "reviews_count": 84,
      "category": [
        "Avocat",
        "Avocat.e en droit civil",
        "Avocat g\u00e9n\u00e9raliste",
        "Cabinet d'avocats"
      ],
      "opening_hours": [
        {
          "day": "dimanche",
          "hours": "Ferm\u00e9"
        },
        {
          "day": "lundi",
          "hours": "09:30 to 19:30"
        },
        {
          "day": "mardi",
          "hours": "09:30 to 19:30"
        },
        {
          "day": "mercredi",
          "hours": "09:30 to 19:30"
        },
        {
          "day": "jeudi",
          "hours": "09:30 to 19:30"
        },
        {
          "day": "vendredi",
          "hours": "09:30 to 17:30"
        },
        {
          "day": "samedi",
          "hours": "Ferm\u00e9"
        }
      ],
      "source": "Google Maps",
      "scrape_date": "2025-04-27T11:48:35.562342",
      "niche": "Avocats sp\u00e9cialis\u00e9s en droit des affaires",
      "raw_data": {
        "place_id": "ChIJpwW8OLZv5kcRIFYcMd8ZSLI",
        "url": "https://www.google.com/maps/search/?api=1&query=Emmanuel%20Boukris%20Avocat%20%E2%80%93%20Droit%20Immobilier%2C%20Droit%20des%20Affaires%2C%20Droit%20du%20Dommage%20Corporel&query_place_id=ChIJpwW8OLZv5kcRIFYcMd8ZSLI",
        "description": "",
        "verified": false,
        "location": {
          "lat": null,
          "lng": null
        }
      }
    },
    {
      "id": "apify_1745754515_33",
      "company_name": "FBAVOCAT - ME JOSEPHINE MOLLE - PARIS Immigration - \u00e9trangers -nationalit\u00e9 fran\u00e7aise -visa - transcription",
      "contact_name": null,
      "position": null,
      "email": null,
      "phone": "+33 9 85 40 18 64",
      "website": "https://leblogdemaitrebabou.com/",
      "address": "7/11 Pl. des Cinq Martyrs du Lyc\u00e9e Buffon Regus, 75014 Paris, France",
      "city": "Paris",
      "postal_code": "75014",
      "country": "France",
      "rating": 3.7,
      "reviews_count": 3,
      "category": [
        "Avocat",
        "Avocat sp\u00e9cialis\u00e9 dans les divorces",
        "Avocat g\u00e9n\u00e9raliste",
        "Avocat en droit de l'immigration",
        "Cabinet d'avocats"
      ],
      "opening_hours": [
        {
          "day": "dimanche",
          "hours": "Ferm\u00e9"
        },
        {
          "day": "lundi",
          "hours": "08:30 to 19:00"
        },
        {
          "day": "mardi",
          "hours": "08:30 to 19:00"
        },
        {
          "day": "mercredi",
          "hours": "08:30 to 19:00"
        },
        {
          "day": "jeudi",
          "hours": "08:30 to 19:00"
        },
        {
          "day": "vendredi",
          "hours": "08:30 to 19:00"
        },
        {
          "day": "samedi",
          "hours": "09:00 to 12:00"
        }
      ],
      "source": "Google Maps",
      "scrape_date": "2025-04-27T11:48:35.562484",
      "niche": "Avocats sp\u00e9cialis\u00e9s en droit des affaires",
      "raw_data": {
        "place_id": "ChIJ2xIvQEFx5kcRKjhb04bgRyA",
        "url": "https://www.google.com/maps/search/?api=1&query=FBAVOCAT%20-%20ME%20JOSEPHINE%20MOLLE%20-%20PARIS%20Immigration%20-%20%C3%A9trangers%20-nationalit%C3%A9%20fran%C3%A7aise%20-visa%20-%20transcription&query_place_id=ChIJ2xIvQEFx5kcRKjhb04bgRyA",
        "description": "",
        "verified": false,
        "location": {
          "lat": null,
          "lng": null
        }
      }
    },
    {
      "id": "apify_1745754515_34",
      "company_name": "Holfran",
      "contact_name": null,
      "position": null,
      "email": null,
      "phone": "+33 1 42 96 80 98",
      "website": "https://holfran.com/nl/contact/?utm_source=google&utm_medium=organic&utm_campaign=google_my_business",
      "address": "15 Rue Ernest Renan, 75015 Paris, France",
      "city": "Paris",
      "postal_code": "75015",
      "country": "France",
      "rating": 5,
      "reviews_count": 3,
      "category": [
        "Avocat"
      ],
      "opening_hours": [
        {
          "day": "dimanche",
          "hours": "Ferm\u00e9"
        },
        {
          "day": "lundi",
          "hours": "09:30 to 18:00"
        },
        {
          "day": "mardi",
          "hours": "09:30 to 18:00"
        },
        {
          "day": "mercredi",
          "hours": "09:30 to 18:00"
        },
        {
          "day": "jeudi",
          "hours": "09:30 to 18:00"
        },
        {
          "day": "vendredi",
          "hours": "09:30 to 18:00"
        },
        {
          "day": "samedi",
          "hours": "Ferm\u00e9"
        }
      ],
      "source": "Google Maps",
      "scrape_date": "2025-04-27T11:48:35.562609",
      "niche": "Avocats sp\u00e9cialis\u00e9s en droit des affaires",
      "raw_data": {
        "place_id": "ChIJc8mys9hx5kcR0_EgkXOxGqQ",
        "url": "https://www.google.com/maps/search/?api=1&query=Holfran&query_place_id=ChIJc8mys9hx5kcR0_EgkXOxGqQ",
        "description": "",
        "verified": false,
        "location": {
          "lat": null,
          "lng": null
        }
      }
    },
    {
      "id": "apify_1745754515_35",
      "company_name": "Krust-Penaud",
      "contact_name": null,
      "position": null,
      "email": null,
      "phone": "+33 1 43 20 06 39",
      "website": "https://www.avocats-krust-penaud.com/",
      "address": "3 Rue de l'Arriv\u00e9e, 75015 Paris, France",
      "city": "Paris",
      "postal_code": "75015",
      "country": "France",
      "rating": 3,
      "reviews_count": 1,
      "category": [
        "Avocat",
        "Notaire"
      ],
      "opening_hours": [],
      "source": "Google Maps",
      "scrape_date": "2025-04-27T11:48:35.571234",
      "niche": "Avocats sp\u00e9cialis\u00e9s en droit des affaires",
      "raw_data": {
        "place_id": "ChIJaz9lscxx5kcRaV9uAvF9vzk",
        "url": "https://www.google.com/maps/search/?api=1&query=Krust-Penaud&query_place_id=ChIJaz9lscxx5kcRaV9uAvF9vzk",
        "description": "",
        "verified": false,
        "location": {
          "lat": null,
          "lng": null
        }
      }
    },
    {
      "id": "apify_1745754515_36",
      "company_name": "TO AVOCATS",
      "contact_name": null,
      "position": null,
      "email": null,
      "phone": "+33 6 15 73 05 22",
      "website": "http://www.toavocats.fr/",
      "address": "24 Rue Falgui\u00e8re, 75015 Paris, France",
      "city": "Paris",
      "postal_code": "75015",
      "country": "France",
      "rating": null,
      "reviews_count": 0,
      "category": [
        "Avocat"
      ],
      "opening_hours": [],
      "source": "Google Maps",
      "scrape_date": "2025-04-27T11:48:35.572320",
      "niche": "Avocats sp\u00e9cialis\u00e9s en droit des affaires",
      "raw_data": {
        "place_id": "ChIJO6we6TNw5kcRxxOtWlzOJBw",
        "url": "https://www.google.com/maps/search/?api=1&query=TO%20AVOCATS&query_place_id=ChIJO6we6TNw5kcRxxOtWlzOJBw",
        "description": "",
        "verified": false,
        "location": {
          "lat": null,
          "lng": null
        }
      }
    },
    {
      "id": "apify_1745754515_37",
      "company_name": "La Lettre des Juristes d'Affaires",
      "contact_name": null,
      "position": null,
      "email": null,
      "phone": "+33 1 81 69 80 68",
      "website": "http://www.lja.fr/",
      "address": "Tour Maine Montparnasse, 33 Av. du Maine, 75015 Paris, France",
      "city": "Paris",
      "postal_code": "75015",
      "country": "France",
      "rating": null,
      "reviews_count": 0,
      "category": [
        "Services juridiques",
        "M\u00e9dia"
      ],
      "opening_hours": [
        {
          "day": "dimanche",
          "hours": "Ferm\u00e9"
        },
        {
          "day": "lundi",
          "hours": "09:30 to 19:00"
        },
        {
          "day": "mardi",
          "hours": "09:30 to 19:00"
        },
        {
          "day": "mercredi",
          "hours": "09:30 to 19:00"
        },
        {
          "day": "jeudi",
          "hours": "09:30 to 19:00"
        },
        {
          "day": "vendredi",
          "hours": "09:30 to 19:00"
        },
        {
          "day": "samedi",
          "hours": "Ferm\u00e9"
        }
      ],
      "source": "Google Maps",
      "scrape_date": "2025-04-27T11:48:35.573440",
      "niche": "Avocats sp\u00e9cialis\u00e9s en droit des affaires",
      "raw_data": {
        "place_id": "ChIJq6pqo8xx5kcRT9h_ffv3F6Q",
        "url": "https://www.google.com/maps/search/?api=1&query=La%20Lettre%20des%20Juristes%20d'Affaires&query_place_id=ChIJq6pqo8xx5kcRT9h_ffv3F6Q",
        "description": "",
        "verified": false,
        "location": {
          "lat": null,
          "lng": null
        }
      }
    },
    {
      "id": "apify_1745754515_38",
      "company_name": "Cabinet Vincent Jul\u00e9-Parade (SELAS VJP AVOCATS)",
      "contact_name": null,
      "position": null,
      "email": null,
      "phone": "+33 1 40 54 02 41",
      "website": "http://vjp-avocat.com/",
      "address": "18 Rue Philibert Delorme, 75017 Paris, France",
      "city": "Paris",
      "postal_code": "75017",
      "country": "France",
      "rating": 4.4,
      "reviews_count": 55,
      "category": [
        "Avocat sp\u00e9cialis\u00e9 en dommages corporels"
      ],
      "opening_hours": [
        {
          "day": "dimanche",
          "hours": "Ferm\u00e9"
        },
        {
          "day": "lundi",
          "hours": "08:00 to 20:00"
        },
        {
          "day": "mardi",
          "hours": "08:00 to 20:00"
        },
        {
          "day": "mercredi",
          "hours": "08:00 to 20:00"
        },
        {
          "day": "jeudi",
          "hours": "08:00 to 20:00"
        },
        {
          "day": "vendredi",
          "hours": "08:00 to 20:00"
        },
        {
          "day": "samedi",
          "hours": "08:00 to 12:00"
        }
      ],
      "source": "Google Maps",
      "scrape_date": "2025-04-27T11:48:35.574389",
      "niche": "Avocats sp\u00e9cialis\u00e9s en droit des affaires",
      "raw_data": {
        "place_id": "ChIJ-TvN7ax65kcR59MT2PMqGkk",
        "url": "https://www.google.com/maps/search/?api=1&query=Cabinet%20Vincent%20Jul%C3%A9-Parade%20(SELAS%20VJP%20AVOCATS)&query_place_id=ChIJ-TvN7ax65kcR59MT2PMqGkk",
        "description": "",
        "verified": false,
        "location": {
          "lat": null,
          "lng": null
        }
      }
    },
    {
      "id": "apify_1745754515_39",
      "company_name": "Ma\u00eetre Spira - Avocat Permis de conduire - Droit routier",
      "contact_name": null,
      "position": null,
      "email": null,
      "phone": "+33 1 46 22 19 15",
      "website": "https://www.avocat-spira.fr/",
      "address": "119 Rue de Courcelles, 75017 Paris, France",
      "city": "Paris",
      "postal_code": "75017",
      "country": "France",
      "rating": 4.8,
      "reviews_count": 214,
      "category": [
        "Cabinet d'avocats",
        "Avocat p\u00e9naliste",
        "Avocat plaidant"
      ],
      "opening_hours": [
        {
          "day": "dimanche",
          "hours": "Ferm\u00e9"
        },
        {
          "day": "lundi",
          "hours": "08:00 to 20:00"
        },
        {
          "day": "mardi",
          "hours": "08:00 to 20:00"
        },
        {
          "day": "mercredi",
          "hours": "08:00 to 20:00"
        },
        {
          "day": "jeudi",
          "hours": "08:00 to 20:00"
        },
        {
          "day": "vendredi",
          "hours": "08:00 to 20:00"
        },
        {
          "day": "samedi",
          "hours": "Ferm\u00e9"
        }
      ],
      "source": "Google Maps",
      "scrape_date": "2025-04-27T11:48:35.575219",
      "niche": "Avocats sp\u00e9cialis\u00e9s en droit des affaires",
      "raw_data": {
        "place_id": "ChIJh8NVtL5v5kcRxP_UsHK48Bg",
        "url": "https://www.google.com/maps/search/?api=1&query=Ma%C3%AEtre%20Spira%20-%20Avocat%20Permis%20de%20conduire%20-%20Droit%20routier&query_place_id=ChIJh8NVtL5v5kcRxP_UsHK48Bg",
        "description": "",
        "verified": false,
        "location": {
          "lat": null,
          "lng": null
        }
      }
    },
    {
      "id": "apify_1745754515_40",
      "company_name": "Ma\u00eetre David SAIDON Avocat Sp\u00e9cialis\u00e9 en Droit immobilier et Droit de la construction",
      "contact_name": null,
      "position": null,
      "email": null,
      "phone": "+33 6 11 20 42 12",
      "website": "https://www.avocatds.fr/",
      "address": "148 Av. de Wagram, 75017 Paris, France",
      "city": "Paris",
      "postal_code": "75017",
      "country": "France",
      "rating": 4.7,
      "reviews_count": 76,
      "category": [
        "Avocat sp\u00e9cialis\u00e9 en droit immobilier"
      ],
      "opening_hours": [
        {
          "day": "dimanche",
          "hours": "Ferm\u00e9"
        },
        {
          "day": "lundi",
          "hours": "08:30 to 20:00"
        },
        {
          "day": "mardi",
          "hours": "08:30 to 20:00"
        },
        {
          "day": "mercredi",
          "hours": "08:30 to 20:00"
        },
        {
          "day": "jeudi",
          "hours": "08:30 to 20:00"
        },
        {
          "day": "vendredi",
          "hours": "08:30 to 20:00"
        },
        {
          "day": "samedi",
          "hours": "08:30 to 20:00"
        }
      ],
      "source": "Google Maps",
      "scrape_date": "2025-04-27T11:48:35.575759",
      "niche": "Avocats sp\u00e9cialis\u00e9s en droit des affaires",
      "raw_data": {
        "place_id": "ChIJ4TF3-L1v5kcRKNiUvH-PdYU",
        "url": "https://www.google.com/maps/search/?api=1&query=Ma%C3%AEtre%20David%20SAIDON%20Avocat%20Sp%C3%A9cialis%C3%A9%20en%20Droit%20immobilier%20et%20Droit%20de%20la%20construction&query_place_id=ChIJ4TF3-L1v5kcRKNiUvH-PdYU",
        "description": "",
        "verified": false,
        "location": {
          "lat": null,
          "lng": null
        }
      }
    },
    {
      "id": "apify_1745754515_41",
      "company_name": "Florian CANDAN - Avocat Droit Immobilier - Droit Copropri\u00e9t\u00e9",
      "contact_name": null,
      "position": null,
      "email": null,
      "phone": "+33 1 42 66 92 36",
      "website": "http://www.cabinet-candan-avocat.fr/",
      "address": "84 Bd des Batignolles, 75017 Paris, France",
      "city": "Paris",
      "postal_code": "75017",
      "country": "France",
      "rating": 4.9,
      "reviews_count": 56,
      "category": [
        "Avocat"
      ],
      "opening_hours": [
        {
          "day": "dimanche",
          "hours": "Ferm\u00e9"
        },
        {
          "day": "lundi",
          "hours": "10:00 to 17:30"
        },
        {
          "day": "mardi",
          "hours": "10:00 to 17:30"
        },
        {
          "day": "mercredi",
          "hours": "10:00 to 17:30"
        },
        {
          "day": "jeudi",
          "hours": "10:00 to 17:30"
        },
        {
          "day": "vendredi",
          "hours": "10:00 to 17:30"
        },
        {
          "day": "samedi",
          "hours": "Ferm\u00e9"
        }
      ],
      "source": "Google Maps",
      "scrape_date": "2025-04-27T11:48:35.576321",
      "niche": "Avocats sp\u00e9cialis\u00e9s en droit des affaires",
      "raw_data": {
        "place_id": "ChIJDUEZz8pv5kcRqMAuiJzNSEw",
        "url": "https://www.google.com/maps/search/?api=1&query=Florian%20CANDAN%20-%20Avocat%20Droit%20Immobilier%20-%20Droit%20Copropri%C3%A9t%C3%A9&query_place_id=ChIJDUEZz8pv5kcRqMAuiJzNSEw",
        "description": "",
        "verified": false,
        "location": {
          "lat": null,
          "lng": null
        }
      }
    },
    {
      "id": "apify_1745754515_42",
      "company_name": "Royer Avocats - Droit Bancaire \u00e0 Paris",
      "contact_name": null,
      "position": null,
      "email": null,
      "phone": "+33 1 45 51 21 60",
      "website": "https://www.royer-avocats.fr/?utm_source=GMB&utm_medium=organic&utm_campaign=gmb",
      "address": "24 Rue Eug\u00e8ne Flachat, 75017 Paris, France",
      "city": "Paris",
      "postal_code": "75017",
      "country": "France",
      "rating": 4.2,
      "reviews_count": 10,
      "category": [
        "Avocat",
        "Cabinet d'avocats"
      ],
      "opening_hours": [
        {
          "day": "dimanche",
          "hours": "Ferm\u00e9"
        },
        {
          "day": "lundi",
          "hours": "09:00 to 19:00"
        },
        {
          "day": "mardi",
          "hours": "09:00 to 19:00"
        },
        {
          "day": "mercredi",
          "hours": "09:00 to 19:00"
        },
        {
          "day": "jeudi",
          "hours": "09:00 to 19:00"
        },
        {
          "day": "vendredi",
          "hours": "09:00 to 19:00"
        },
        {
          "day": "samedi",
          "hours": "Ferm\u00e9"
        }
      ],
      "source": "Google Maps",
      "scrape_date": "2025-04-27T11:48:35.576751",
      "niche": "Avocats sp\u00e9cialis\u00e9s en droit des affaires",
      "raw_data": {
        "place_id": "ChIJY51-vN5v5kcRLLK8pfTut58",
        "url": "https://www.google.com/maps/search/?api=1&query=Royer%20Avocats%20-%20Droit%20Bancaire%20%C3%A0%20Paris&query_place_id=ChIJY51-vN5v5kcRLLK8pfTut58",
        "description": "",
        "verified": false,
        "location": {
          "lat": null,
          "lng": null
        }
      }
    },
    {
      "id": "apify_1745754515_43",
      "company_name": "ESE\u00cfS AVOCATS \u2013 Avocats en droit du travail et droit commercial",
      "contact_name": null,
      "position": null,
      "email": null,
      "phone": "+33 6 26 18 84 09",
      "website": "https://www.eseis-avocats.com/",
      "address": "109 Rue de Courcelles, 75017 Paris, France",
      "city": "Paris",
      "postal_code": "75017",
      "country": "France",
      "rating": 5,
      "reviews_count": 4,
      "category": [
        "Cabinet d'avocats"
      ],
      "opening_hours": [
        {
          "day": "dimanche",
          "hours": "Ferm\u00e9"
        },
        {
          "day": "lundi",
          "hours": "09:00 to 20:00"
        },
        {
          "day": "mardi",
          "hours": "09:00 to 20:00"
        },
        {
          "day": "mercredi",
          "hours": "09:00 to 20:00"
        },
        {
          "day": "jeudi",
          "hours": "09:00 to 20:00"
        },
        {
          "day": "vendredi",
          "hours": "09:00 to 20:00"
        },
        {
          "day": "samedi",
          "hours": "Ferm\u00e9"
        }
      ],
      "source": "Google Maps",
      "scrape_date": "2025-04-27T11:48:35.577251",
      "niche": "Avocats sp\u00e9cialis\u00e9s en droit des affaires",
      "raw_data": {
        "place_id": "ChIJdywcXc5v5kcRzbbiNTswus0",
        "url": "https://www.google.com/maps/search/?api=1&query=ESE%C3%8FS%20AVOCATS%20%E2%80%93%20Avocats%20en%20droit%20du%20travail%20et%20droit%20commercial&query_place_id=ChIJdywcXc5v5kcRzbbiNTswus0",
        "description": "",
        "verified": false,
        "location": {
          "lat": null,
          "lng": null
        }
      }
    },
    {
      "id": "apify_1745754515_44",
      "company_name": "GOMIS & LACKER, Avocats sp\u00e9cialistes en propri\u00e9t\u00e9 intellectuelle",
      "contact_name": null,
      "position": null,
      "email": null,
      "phone": "+33 1 47 63 63 35",
      "website": "http://www.gomis-lacker.fr/",
      "address": "65 Rue de Prony, 75017 Paris, France",
      "city": "Paris",
      "postal_code": "75017",
      "country": "France",
      "rating": 5,
      "reviews_count": 8,
      "category": [
        "Avocat plaidant"
      ],
      "opening_hours": [
        {
          "day": "dimanche",
          "hours": "Ferm\u00e9"
        },
        {
          "day": "lundi",
          "hours": "09:00 to 20:00"
        },
        {
          "day": "mardi",
          "hours": "09:00 to 20:00"
        },
        {
          "day": "mercredi",
          "hours": "09:00 to 20:00"
        },
        {
          "day": "jeudi",
          "hours": "09:00 to 20:00"
        },
        {
          "day": "vendredi",
          "hours": "09:00 to 20:00"
        },
        {
          "day": "samedi",
          "hours": "Ferm\u00e9"
        }
      ],
      "source": "Google Maps",
      "scrape_date": "2025-04-27T11:48:35.577793",
      "niche": "Avocats sp\u00e9cialis\u00e9s en droit des affaires",
      "raw_data": {
        "place_id": "ChIJ10n2MpFv5kcRh4BQjTYnzzs",
        "url": "https://www.google.com/maps/search/?api=1&query=GOMIS%20%26%20LACKER%2C%20Avocats%20sp%C3%A9cialistes%20en%20propri%C3%A9t%C3%A9%20intellectuelle&query_place_id=ChIJ10n2MpFv5kcRh4BQjTYnzzs",
        "description": "",
        "verified": false,
        "location": {
          "lat": null,
          "lng": null
        }
      }
    },
    {
      "id": "apify_1745754515_45",
      "company_name": "DIVOLIB",
      "contact_name": null,
      "position": null,
      "email": null,
      "phone": "+33 7 68 11 12 00",
      "website": "https://www.divolib.fr/",
      "address": "149 Rue de Rome, 75017 Paris, France",
      "city": "Paris",
      "postal_code": "75017",
      "country": "France",
      "rating": 5,
      "reviews_count": 3,
      "category": [
        "Avocat"
      ],
      "opening_hours": [
        {
          "day": "dimanche",
          "hours": "Ferm\u00e9"
        },
        {
          "day": "lundi",
          "hours": "09:00 to 17:00"
        },
        {
          "day": "mardi",
          "hours": "09:00 to 17:00"
        },
        {
          "day": "mercredi",
          "hours": "09:00 to 17:00"
        },
        {
          "day": "jeudi",
          "hours": "09:00 to 17:00"
        },
        {
          "day": "vendredi",
          "hours": "09:00 to 17:00"
        },
        {
          "day": "samedi",
          "hours": "Ferm\u00e9"
        }
      ],
      "source": "Google Maps",
      "scrape_date": "2025-04-27T11:48:35.578364",
      "niche": "Avocats sp\u00e9cialis\u00e9s en droit des affaires",
      "raw_data": {
        "place_id": "ChIJcy9NwiJv5kcRI0K2XA4cylQ",
        "url": "https://www.google.com/maps/search/?api=1&query=DIVOLIB&query_place_id=ChIJcy9NwiJv5kcRI0K2XA4cylQ",
        "description": "",
        "verified": false,
        "location": {
          "lat": null,
          "lng": null
        }
      }
    },
    {
      "id": "apify_1745754515_46",
      "company_name": "Billand & Messi\u00e9 Avocats",
      "contact_name": null,
      "position": null,
      "email": null,
      "phone": "+33 1 83 56 72 23",
      "website": "http://www.bm.legal/",
      "address": "99 Rue de Prony, 75017 Paris, France",
      "city": "Paris",
      "postal_code": "75017",
      "country": "France",
      "rating": 4.8,
      "reviews_count": 17,
      "category": [
        "Cabinet d'avocats"
      ],
      "opening_hours": [
        {
          "day": "dimanche",
          "hours": "Ferm\u00e9"
        },
        {
          "day": "lundi",
          "hours": "09:00 to 21:00"
        },
        {
          "day": "mardi",
          "hours": "09:00 to 21:00"
        },
        {
          "day": "mercredi",
          "hours": "09:00 to 21:00"
        },
        {
          "day": "jeudi",
          "hours": "09:00 to 21:00"
        },
        {
          "day": "vendredi",
          "hours": "09:00 to 21:00"
        },
        {
          "day": "samedi",
          "hours": "10:00 to 18:00"
        }
      ],
      "source": "Google Maps",
      "scrape_date": "2025-04-27T11:48:35.579140",
      "niche": "Avocats sp\u00e9cialis\u00e9s en droit des affaires",
      "raw_data": {
        "place_id": "ChIJTU3IHHpv5kcRUwAUeFJ7xZQ",
        "url": "https://www.google.com/maps/search/?api=1&query=Billand%20%26%20Messi%C3%A9%20Avocats&query_place_id=ChIJTU3IHHpv5kcRUwAUeFJ7xZQ",
        "description": "",
        "verified": false,
        "location": {
          "lat": null,
          "lng": null
        }
      }
    },
    {
      "id": "apify_1745754515_47",
      "company_name": "CABANES Avocats l Droit public des affaires",
      "contact_name": null,
      "position": null,
      "email": null,
      "phone": "+33 1 42 89 57 57",
      "website": "https://www.cabanes-avocats.fr/",
      "address": "141 Av. de Wagram, 75017 Paris, France",
      "city": "Paris",
      "postal_code": "75017",
      "country": "France",
      "rating": 5,
      "reviews_count": 1,
      "category": [
        "Cabinet d'avocats"
      ],
      "opening_hours": [
        {
          "day": "dimanche",
          "hours": "Ferm\u00e9"
        },
        {
          "day": "lundi",
          "hours": "08:00 to 19:00"
        },
        {
          "day": "mardi",
          "hours": "08:00 to 19:00"
        },
        {
          "day": "mercredi",
          "hours": "08:00 to 19:00"
        },
        {
          "day": "jeudi",
          "hours": "08:00 to 19:00"
        },
        {
          "day": "vendredi",
          "hours": "08:00 to 19:00"
        },
        {
          "day": "samedi",
          "hours": "Ferm\u00e9"
        }
      ],
      "source": "Google Maps",
      "scrape_date": "2025-04-27T11:48:35.579892",
      "niche": "Avocats sp\u00e9cialis\u00e9s en droit des affaires",
      "raw_data": {
        "place_id": "ChIJf1cRdr1v5kcRCHwnggKKHfE",
        "url": "https://www.google.com/maps/search/?api=1&query=CABANES%20Avocats%20l%20Droit%20public%20des%20affaires&query_place_id=ChIJf1cRdr1v5kcRCHwnggKKHfE",
        "description": "",
        "verified": false,
        "location": {
          "lat": null,
          "lng": null
        }
      }
    },
    {
      "id": "apify_1745754515_48",
      "company_name": "Smadja Avocat - Avocat Divorce Paris",
      "contact_name": null,
      "position": null,
      "email": null,
      "phone": "+33 1 75 51 99 44",
      "website": "https://www.smadja-avocat.com/",
      "address": "128 Bd Malesherbes, 75017 Paris, France",
      "city": "Paris",
      "postal_code": "75017",
      "country": "France",
      "rating": 4.4,
      "reviews_count": 69,
      "category": [
        "Avocat sp\u00e9cialis\u00e9 dans les divorces",
        "Service juridique de gestion des divorces",
        "Avocat sp\u00e9cialis\u00e9 en droit de la famille"
      ],
      "opening_hours": [
        {
          "day": "dimanche",
          "hours": "Ferm\u00e9"
        },
        {
          "day": "lundi",
          "hours": "09:30 to 19:00"
        },
        {
          "day": "mardi",
          "hours": "09:30 to 19:00"
        },
        {
          "day": "mercredi",
          "hours": "09:30 to 19:00"
        },
        {
          "day": "jeudi",
          "hours": "09:30 to 19:00"
        },
        {
          "day": "vendredi",
          "hours": "09:30 to 19:00"
        },
        {
          "day": "samedi",
          "hours": "Ferm\u00e9"
        }
      ],
      "source": "Google Maps",
      "scrape_date": "2025-04-27T11:48:35.618602",
      "niche": "Avocats sp\u00e9cialis\u00e9s en droit des affaires",
      "raw_data": {
        "place_id": "ChIJnVuVNuVv5kcRchflPsVndto",
        "url": "https://www.google.com/maps/search/?api=1&query=Smadja%20Avocat%20-%20Avocat%20Divorce%20Paris&query_place_id=ChIJnVuVNuVv5kcRchflPsVndto",
        "description": "",
        "verified": false,
        "location": {
          "lat": null,
          "lng": null
        }
      }
    },
    {
      "id": "apify_1745754515_49",
      "company_name": "Steering Legal Cabinet d'avocats/Attorneys at Law",
      "contact_name": null,
      "position": null,
      "email": null,
      "phone": "+33 1 45 05 15 65",
      "website": "http://www.steeringlegal.com/",
      "address": "20 Rue Fortuny, 75017 Paris, France",
      "city": "Paris",
      "postal_code": "75017",
      "country": "France",
      "rating": 4.7,
      "reviews_count": 33,
      "category": [
        "Cabinet d'avocats"
      ],
      "opening_hours": [
        {
          "day": "dimanche",
          "hours": "Ferm\u00e9"
        },
        {
          "day": "lundi",
          "hours": "09:00 to 20:00"
        },
        {
          "day": "mardi",
          "hours": "09:00 to 20:00"
        },
        {
          "day": "mercredi",
          "hours": "09:00 to 20:00"
        },
        {
          "day": "jeudi",
          "hours": "09:00 to 20:00"
        },
        {
          "day": "vendredi",
          "hours": "09:00 to 20:00"
        },
        {
          "day": "samedi",
          "hours": "Ferm\u00e9"
        }
      ],
      "source": "Google Maps",
      "scrape_date": "2025-04-27T11:48:35.619423",
      "niche": "Avocats sp\u00e9cialis\u00e9s en droit des affaires",
      "raw_data": {
        "place_id": "ChIJj5UDArxv5kcR044V-ms0i8g",
        "url": "https://www.google.com/maps/search/?api=1&query=Steering%20Legal%20Cabinet%20d'avocats%2FAttorneys%20at%20Law&query_place_id=ChIJj5UDArxv5kcR044V-ms0i8g",
        "description": "",
        "verified": false,
        "location": {
          "lat": null,
          "lng": null
        }
      }
    }
  ],
  "count": 50,
  "niche": "Avocats sp\u00e9cialis\u00e9s en droit des affaires",
  "campaign_id": null,
  "time_taken": 14.378862619400024,
  "api_used": true,
  "status": "COMPLETED"
}
