=== ApolloScraper LOG ===
Timestamp: 2025-04-27T00:56:36.625247
Operation: execute
Status: COMPLETED

Input: {
  "niche": "Avocats sp\u00e9cialis\u00e9s en droit des affaires",
  "filters": {},
  "campaign_id": null
}

Output: {
  "leads": [
    {
      "id": "apollo_1745715396_0",
      "first_name": "Nathalie",
      "last_name": "Robert",
      "full_name": "Nathalie Robert",
      "job_title": "Partner",
      "seniority": "Owner",
      "email": "nathalie.robert@cabinet-robert.belgium",
      "email_status": "unverified",
      "phone": "+32475978433",
      "phone_status": "unverified",
      "company": {
        "name": "Cabinet Robert & Associ\u00e9s",
        "website": "https://www.cabinet-robert.belgium",
        "industry": "Legal Services",
        "size": 8,
        "founded": 1999,
        "linkedin_url": "https://www.linkedin.com/company/cabinet-robert-&-associ\u00e9s"
      },
      "location": {
        "country": "Belgium",
        "city": "Antwerp",
        "continent": "Europe"
      },
      "social": {
        "linkedin_url": "https://www.linkedin.com/in/nathalie-robert-23903",
        "twitter_url": "https://twitter.com/nathalierobert",
        "facebook_url": null
      },
      "buying_signals": "medium",
      "last_contacted": null,
      "lead_source": "Apollo",
      "apollo_specific": {
        "lead_score": 64,
        "intent_score": 32,
        "funding_round": null,
        "account_stage": "Target",
        "technologies": []
      },
      "scrape_date": "2025-04-27T00:56:36.622890"
    },
    {
      "id": "apollo_1745715396_1",
      "first_name": "Michel",
      "last_name": "Richard",
      "full_name": "Michel Richard",
      "job_title": "Lawyer",
      "seniority": "Executive",
      "email": "michel.richard@cabinet-richard.belgium",
      "email_status": "verified",
      "phone": "+32425228414",
      "phone_status": "unverified",
      "company": {
        "name": "Cabinet Richard & Associ\u00e9s",
        "website": "https://www.cabinet-richard.belgium",
        "industry": "Legal Services",
        "size": 30,
        "founded": 1999,
        "linkedin_url": "https://www.linkedin.com/company/cabinet-richard-&-associ\u00e9s"
      },
      "location": {
        "country": "Belgium",
        "city": "Brussels",
        "continent": "Europe"
      },
      "social": {
        "linkedin_url": "https://www.linkedin.com/in/michel-richard-23050",
        "twitter_url": "https://twitter.com/michelrichard",
        "facebook_url": null
      },
      "buying_signals": "high",
      "last_contacted": null,
      "lead_source": "Apollo",
      "apollo_specific": {
        "lead_score": 51,
        "intent_score": 52,
        "funding_round": null,
        "account_stage": "Lead",
        "technologies": []
      },
      "scrape_date": "2025-04-27T00:56:36.622971"
    },
    {
      "id": "apollo_1745715396_2",
      "first_name": "Jean",
      "last_name": "Durand",
      "full_name": "Jean Durand",
      "job_title": "Attorney",
      "seniority": "Senior",
      "email": "jean.durand@cabinet-durand.fr",
      "email_status": "verified",
      "phone": "+33745020896",
      "phone_status": "unverified",
      "company": {
        "name": "Cabinet Durand & Associ\u00e9s",
        "website": "https://www.cabinet-durand.fr",
        "industry": "Legal Services",
        "size": 1,
        "founded": 1983,
        "linkedin_url": "https://www.linkedin.com/company/cabinet-durand-&-associ\u00e9s"
      },
      "location": {
        "country": "France",
        "city": "Paris",
        "continent": "Europe"
      },
      "social": {
        "linkedin_url": "https://www.linkedin.com/in/jean-durand-46500",
        "twitter_url": null,
        "facebook_url": "https://facebook.com/jean.durand"
      },
      "buying_signals": "low",
      "last_contacted": null,
      "lead_source": "Apollo",
      "apollo_specific": {
        "lead_score": 81,
        "intent_score": 47,
        "funding_round": null,
        "account_stage": "Prospect",
        "technologies": []
      },
      "scrape_date": "2025-04-27T00:56:36.623043"
    },
    {
      "id": "apollo_1745715396_3",
      "first_name": "Nicolas",
      "last_name": "Michel",
      "full_name": "Nicolas Michel",
      "job_title": "Managing Partner",
      "seniority": "Executive",
      "email": "nicolas.michel@cabinet-michel.belgium",
      "email_status": "verified",
      "phone": "+32489866725",
      "phone_status": "unverified",
      "company": {
        "name": "Cabinet Michel & Associ\u00e9s",
        "website": "https://www.cabinet-michel.belgium",
        "industry": "Legal Services",
        "size": 19,
        "founded": 2003,
        "linkedin_url": "https://www.linkedin.com/company/cabinet-michel-&-associ\u00e9s"
      },
      "location": {
        "country": "Belgium",
        "city": "Ghent",
        "continent": "Europe"
      },
      "social": {
        "linkedin_url": "https://www.linkedin.com/in/nicolas-michel-92994",
        "twitter_url": "https://twitter.com/nicolasmichel",
        "facebook_url": null
      },
      "buying_signals": "low",
      "last_contacted": null,
      "lead_source": "Apollo",
      "apollo_specific": {
        "lead_score": 50,
        "intent_score": 75,
        "funding_round": null,
        "account_stage": "Prospect",
        "technologies": []
      },
      "scrape_date": "2025-04-27T00:56:36.623110"
    },
    {
      "id": "apollo_1745715396_4",
      "first_name": "Jean",
      "last_name": "Richard",
      "full_name": "Jean Richard",
      "job_title": "Partner",
      "seniority": "Owner",
      "email": "jean.richard@cabinet-richard.fr",
      "email_status": "verified",
      "phone": "+33679061472",
      "phone_status": "verified",
      "company": {
        "name": "Cabinet Richard & Associ\u00e9s",
        "website": "https://www.cabinet-richard.fr",
        "industry": "Legal Services",
        "size": 4,
        "founded": 2003,
        "linkedin_url": "https://www.linkedin.com/company/cabinet-richard-&-associ\u00e9s"
      },
      "location": {
        "country": "France",
        "city": "Paris",
        "continent": "Europe"
      },
      "social": {
        "linkedin_url": "https://www.linkedin.com/in/jean-richard-68320",
        "twitter_url": "https://twitter.com/jeanrichard",
        "facebook_url": null
      },
      "buying_signals": "medium",
      "last_contacted": null,
      "lead_source": "Apollo",
      "apollo_specific": {
        "lead_score": 89,
        "intent_score": 63,
        "funding_round": null,
        "account_stage": "Lead",
        "technologies": []
      },
      "scrape_date": "2025-04-27T00:56:36.623174"
    },
    {
      "id": "apollo_1745715396_5",
      "first_name": "Julie",
      "last_name": "Lefebvre",
      "full_name": "Julie Lefebvre",
      "job_title": "Partner",
      "seniority": "Senior",
      "email": "julie.lefebvre@cabinet-lefebvre.switzerland",
      "email_status": "verified",
      "phone": "+41772587535",
      "phone_status": "verified",
      "company": {
        "name": "Cabinet Lefebvre & Associ\u00e9s",
        "website": "https://www.cabinet-lefebvre.switzerland",
        "industry": "Legal Services",
        "size": 38,
        "founded": 2009,
        "linkedin_url": "https://www.linkedin.com/company/cabinet-lefebvre-&-associ\u00e9s"
      },
      "location": {
        "country": "Switzerland",
        "city": "Lausanne",
        "continent": "Europe"
      },
      "social": {
        "linkedin_url": "https://www.linkedin.com/in/julie-lefebvre-99952",
        "twitter_url": null,
        "facebook_url": null
      },
      "buying_signals": "low",
      "last_contacted": null,
      "lead_source": "Apollo",
      "apollo_specific": {
        "lead_score": 83,
        "intent_score": 80,
        "funding_round": null,
        "account_stage": "Lead",
        "technologies": []
      },
      "scrape_date": "2025-04-27T00:56:36.623242"
    },
    {
      "id": "apollo_1745715396_6",
      "first_name": "\u00c9milie",
      "last_name": "Richard",
      "full_name": "\u00c9milie Richard",
      "job_title": "Attorney",
      "seniority": "Executive",
      "email": "\u00e9milie.richard@cabinet-richard.belgium",
      "email_status": "verified",
      "phone": "+32402523902",
      "phone_status": "verified",
      "company": {
        "name": "Cabinet Richard & Associ\u00e9s",
        "website": "https://www.cabinet-richard.belgium",
        "industry": "Legal Services",
        "size": 43,
        "founded": 1984,
        "linkedin_url": "https://www.linkedin.com/company/cabinet-richard-&-associ\u00e9s"
      },
      "location": {
        "country": "Belgium",
        "city": "Brussels",
        "continent": "Europe"
      },
      "social": {
        "linkedin_url": "https://www.linkedin.com/in/\u00e9milie-richard-84215",
        "twitter_url": "https://twitter.com/\u00e9milierichard",
        "facebook_url": "https://facebook.com/\u00e9milie.richard"
      },
      "buying_signals": "high",
      "last_contacted": null,
      "lead_source": "Apollo",
      "apollo_specific": {
        "lead_score": 86,
        "intent_score": 80,
        "funding_round": null,
        "account_stage": "Target",
        "technologies": []
      },
      "scrape_date": "2025-04-27T00:56:36.623307"
    },
    {
      "id": "apollo_1745715396_7",
      "first_name": "L\u00e9a",
      "last_name": "Richard",
      "full_name": "L\u00e9a Richard",
      "job_title": "Managing Partner",
      "seniority": "Senior",
      "email": "l\u00e9a.richard@cabinet-richard.fr",
      "email_status": "verified",
      "phone": "+33782551718",
      "phone_status": "verified",
      "company": {
        "name": "Cabinet Richard & Associ\u00e9s",
        "website": "https://www.cabinet-richard.fr",
        "industry": "Legal Services",
        "size": 45,
        "founded": 2014,
        "linkedin_url": "https://www.linkedin.com/company/cabinet-richard-&-associ\u00e9s"
      },
      "location": {
        "country": "France",
        "city": "Grenoble",
        "continent": "Europe"
      },
      "social": {
        "linkedin_url": "https://www.linkedin.com/in/l\u00e9a-richard-95687",
        "twitter_url": "https://twitter.com/l\u00e9arichard",
        "facebook_url": "https://facebook.com/l\u00e9a.richard"
      },
      "buying_signals": "high",
      "last_contacted": "2025-03-21T00:56:36.623402",
      "lead_source": "Apollo",
      "apollo_specific": {
        "lead_score": 60,
        "intent_score": 30,
        "funding_round": null,
        "account_stage": "Qualified",
        "technologies": []
      },
      "scrape_date": "2025-04-27T00:56:36.623444"
    },
    {
      "id": "apollo_1745715396_8",
      "first_name": "C\u00e9line",
      "last_name": "Leroy",
      "full_name": "C\u00e9line Leroy",
      "job_title": "Partner",
      "seniority": "Executive",
      "email": "c\u00e9line.leroy@cabinet-leroy.fr",
      "email_status": "verified",
      "phone": "+33779647688",
      "phone_status": "unverified",
      "company": {
        "name": "Cabinet Leroy & Associ\u00e9s",
        "website": "https://www.cabinet-leroy.fr",
        "industry": "Legal Services",
        "size": 21,
        "founded": 1991,
        "linkedin_url": "https://www.linkedin.com/company/cabinet-leroy-&-associ\u00e9s"
      },
      "location": {
        "country": "France",
        "city": "Lille",
        "continent": "Europe"
      },
      "social": {
        "linkedin_url": "https://www.linkedin.com/in/c\u00e9line-leroy-40306",
        "twitter_url": null,
        "facebook_url": "https://facebook.com/c\u00e9line.leroy"
      },
      "buying_signals": "medium",
      "last_contacted": null,
      "lead_source": "Apollo",
      "apollo_specific": {
        "lead_score": 67,
        "intent_score": 73,
        "funding_round": null,
        "account_stage": "Prospect",
        "technologies": []
      },
      "scrape_date": "2025-04-27T00:56:36.623558"
    },
    {
      "id": "apollo_1745715396_9",
      "first_name": "Jean",
      "last_name": "Richard",
      "full_name": "Jean Richard",
      "job_title": "Managing Partner",
      "seniority": "Senior",
      "email": "jean.richard@cabinet-richard.belgium",
      "email_status": "verified",
      "phone": "+32471431081",
      "phone_status": "unverified",
      "company": {
        "name": "Cabinet Richard & Associ\u00e9s",
        "website": "https://www.cabinet-richard.belgium",
        "industry": "Legal Services",
        "size": 36,
        "founded": 1990,
        "linkedin_url": "https://www.linkedin.com/company/cabinet-richard-&-associ\u00e9s"
      },
      "location": {
        "country": "Belgium",
        "city": "Charleroi",
        "continent": "Europe"
      },
      "social": {
        "linkedin_url": "https://www.linkedin.com/in/jean-richard-33957",
        "twitter_url": null,
        "facebook_url": "https://facebook.com/jean.richard"
      },
      "buying_signals": "medium",
      "last_contacted": null,
      "lead_source": "Apollo",
      "apollo_specific": {
        "lead_score": 55,
        "intent_score": 37,
        "funding_round": null,
        "account_stage": "Qualified",
        "technologies": []
      },
      "scrape_date": "2025-04-27T00:56:36.623709"
    },
    {
      "id": "apollo_1745715396_10",
      "first_name": "Marie",
      "last_name": "Simon",
      "full_name": "Marie Simon",
      "job_title": "Lawyer",
      "seniority": "Owner",
      "email": "marie.simon@cabinet-simon.belgium",
      "email_status": "unverified",
      "phone": "+32427093583",
      "phone_status": "unverified",
      "company": {
        "name": "Cabinet Simon & Associ\u00e9s",
        "website": "https://www.cabinet-simon.belgium",
        "industry": "Legal Services",
        "size": 48,
        "founded": 2005,
        "linkedin_url": "https://www.linkedin.com/company/cabinet-simon-&-associ\u00e9s"
      },
      "location": {
        "country": "Belgium",
        "city": "Li\u00e8ge",
        "continent": "Europe"
      },
      "social": {
        "linkedin_url": "https://www.linkedin.com/in/marie-simon-87748",
        "twitter_url": "https://twitter.com/mariesimon",
        "facebook_url": null
      },
      "buying_signals": "low",
      "last_contacted": null,
      "lead_source": "Apollo",
      "apollo_specific": {
        "lead_score": 63,
        "intent_score": 70,
        "funding_round": null,
        "account_stage": "Target",
        "technologies": []
      },
      "scrape_date": "2025-04-27T00:56:36.623857"
    },
    {
      "id": "apollo_1745715396_11",
      "first_name": "Pierre",
      "last_name": "Martin",
      "full_name": "Pierre Martin",
      "job_title": "Owner",
      "seniority": "Owner",
      "email": "pierre.martin@cabinet-martin.switzerland",
      "email_status": "verified",
      "phone": "+41783699677",
      "phone_status": "verified",
      "company": {
        "name": "Cabinet Martin & Associ\u00e9s",
        "website": "https://www.cabinet-martin.switzerland",
        "industry": "Legal Services",
        "size": 1,
        "founded": 2020,
        "linkedin_url": "https://www.linkedin.com/company/cabinet-martin-&-associ\u00e9s"
      },
      "location": {
        "country": "Switzerland",
        "city": "Basel",
        "continent": "Europe"
      },
      "social": {
        "linkedin_url": "https://www.linkedin.com/in/pierre-martin-36683",
        "twitter_url": null,
        "facebook_url": "https://facebook.com/pierre.martin"
      },
      "buying_signals": "low",
      "last_contacted": "2025-02-22T00:56:36.623953",
      "lead_source": "Apollo",
      "apollo_specific": {
        "lead_score": 93,
        "intent_score": 59,
        "funding_round": null,
        "account_stage": "Prospect",
        "technologies": []
      },
      "scrape_date": "2025-04-27T00:56:36.623990"
    },
    {
      "id": "apollo_1745715396_12",
      "first_name": "L\u00e9a",
      "last_name": "Laurent",
      "full_name": "L\u00e9a Laurent",
      "job_title": "Attorney",
      "seniority": "Owner",
      "email": "l\u00e9a.laurent@cabinet-laurent.switzerland",
      "email_status": "verified",
      "phone": "+41766383494",
      "phone_status": "unverified",
      "company": {
        "name": "Cabinet Laurent & Associ\u00e9s",
        "website": "https://www.cabinet-laurent.switzerland",
        "industry": "Legal Services",
        "size": 28,
        "founded": 2016,
        "linkedin_url": "https://www.linkedin.com/company/cabinet-laurent-&-associ\u00e9s"
      },
      "location": {
        "country": "Switzerland",
        "city": "Bern",
        "continent": "Europe"
      },
      "social": {
        "linkedin_url": "https://www.linkedin.com/in/l\u00e9a-laurent-59258",
        "twitter_url": null,
        "facebook_url": null
      },
      "buying_signals": "medium",
      "last_contacted": null,
      "lead_source": "Apollo",
      "apollo_specific": {
        "lead_score": 72,
        "intent_score": 62,
        "funding_round": null,
        "account_stage": "Qualified",
        "technologies": []
      },
      "scrape_date": "2025-04-27T00:56:36.624141"
    },
    {
      "id": "apollo_1745715396_13",
      "first_name": "David",
      "last_name": "Durand",
      "full_name": "David Durand",
      "job_title": "Partner",
      "seniority": "Executive",
      "email": "david.durand@cabinet-durand.fr",
      "email_status": "verified",
      "phone": "+33702818986",
      "phone_status": "verified",
      "company": {
        "name": "Cabinet Durand & Associ\u00e9s",
        "website": "https://www.cabinet-durand.fr",
        "industry": "Legal Services",
        "size": 3,
        "founded": 2020,
        "linkedin_url": "https://www.linkedin.com/company/cabinet-durand-&-associ\u00e9s"
      },
      "location": {
        "country": "France",
        "city": "Grenoble",
        "continent": "Europe"
      },
      "social": {
        "linkedin_url": "https://www.linkedin.com/in/david-durand-94584",
        "twitter_url": null,
        "facebook_url": null
      },
      "buying_signals": "low",
      "last_contacted": null,
      "lead_source": "Apollo",
      "apollo_specific": {
        "lead_score": 79,
        "intent_score": 82,
        "funding_round": null,
        "account_stage": "Lead",
        "technologies": []
      },
      "scrape_date": "2025-04-27T00:56:36.624307"
    },
    {
      "id": "apollo_1745715396_14",
      "first_name": "Nathalie",
      "last_name": "Dubois",
      "full_name": "Nathalie Dubois",
      "job_title": "Partner",
      "seniority": "Executive",
      "email": "nathalie.dubois@cabinet-dubois.belgium",
      "email_status": "verified",
      "phone": "+32423940382",
      "phone_status": "unverified",
      "company": {
        "name": "Cabinet Dubois & Associ\u00e9s",
        "website": "https://www.cabinet-dubois.belgium",
        "industry": "Legal Services",
        "size": 44,
        "founded": 2001,
        "linkedin_url": "https://www.linkedin.com/company/cabinet-dubois-&-associ\u00e9s"
      },
      "location": {
        "country": "Belgium",
        "city": "Brussels",
        "continent": "Europe"
      },
      "social": {
        "linkedin_url": "https://www.linkedin.com/in/nathalie-dubois-34973",
        "twitter_url": null,
        "facebook_url": null
      },
      "buying_signals": "high",
      "last_contacted": null,
      "lead_source": "Apollo",
      "apollo_specific": {
        "lead_score": 73,
        "intent_score": 55,
        "funding_round": null,
        "account_stage": "Qualified",
        "technologies": []
      },
      "scrape_date": "2025-04-27T00:56:36.624459"
    },
    {
      "id": "apollo_1745715396_15",
      "first_name": "Michel",
      "last_name": "Michel",
      "full_name": "Michel Michel",
      "job_title": "Lawyer",
      "seniority": "Executive",
      "email": "michel.michel@cabinet-michel.switzerland",
      "email_status": "verified",
      "phone": "+41781786206",
      "phone_status": "verified",
      "company": {
        "name": "Cabinet Michel & Associ\u00e9s",
        "website": "https://www.cabinet-michel.switzerland",
        "industry": "Legal Services",
        "size": 50,
        "founded": 2003,
        "linkedin_url": "https://www.linkedin.com/company/cabinet-michel-&-associ\u00e9s"
      },
      "location": {
        "country": "Switzerland",
        "city": "Geneva",
        "continent": "Europe"
      },
      "social": {
        "linkedin_url": "https://www.linkedin.com/in/michel-michel-59019",
        "twitter_url": null,
        "facebook_url": null
      },
      "buying_signals": "low",
      "last_contacted": "2025-03-03T00:56:36.624563",
      "lead_source": "Apollo",
      "apollo_specific": {
        "lead_score": 87,
        "intent_score": 82,
        "funding_round": null,
        "account_stage": "Prospect",
        "technologies": []
      },
      "scrape_date": "2025-04-27T00:56:36.624647"
    },
    {
      "id": "apollo_1745715396_16",
      "first_name": "\u00c9milie",
      "last_name": "Martin",
      "full_name": "\u00c9milie Martin",
      "job_title": "Owner",
      "seniority": "Senior",
      "email": "\u00e9milie.martin@cabinet-martin.fr",
      "email_status": "verified",
      "phone": "+33733465938",
      "phone_status": "verified",
      "company": {
        "name": "Cabinet Martin & Associ\u00e9s",
        "website": "https://www.cabinet-martin.fr",
        "industry": "Legal Services",
        "size": 41,
        "founded": 2012,
        "linkedin_url": "https://www.linkedin.com/company/cabinet-martin-&-associ\u00e9s"
      },
      "location": {
        "country": "France",
        "city": "Montpellier",
        "continent": "Europe"
      },
      "social": {
        "linkedin_url": "https://www.linkedin.com/in/\u00e9milie-martin-88304",
        "twitter_url": null,
        "facebook_url": null
      },
      "buying_signals": "low",
      "last_contacted": "2025-03-19T00:56:36.624719",
      "lead_source": "Apollo",
      "apollo_specific": {
        "lead_score": 67,
        "intent_score": 69,
        "funding_round": null,
        "account_stage": "Target",
        "technologies": []
      },
      "scrape_date": "2025-04-27T00:56:36.624740"
    },
    {
      "id": "apollo_1745715396_17",
      "first_name": "Thomas",
      "last_name": "Laurent",
      "full_name": "Thomas Laurent",
      "job_title": "Attorney",
      "seniority": "Owner",
      "email": "thomas.laurent@cabinet-laurent.fr",
      "email_status": "verified",
      "phone": "+33728062575",
      "phone_status": "verified",
      "company": {
        "name": "Cabinet Laurent & Associ\u00e9s",
        "website": "https://www.cabinet-laurent.fr",
        "industry": "Legal Services",
        "size": 49,
        "founded": 1999,
        "linkedin_url": "https://www.linkedin.com/company/cabinet-laurent-&-associ\u00e9s"
      },
      "location": {
        "country": "France",
        "city": "Lille",
        "continent": "Europe"
      },
      "social": {
        "linkedin_url": "https://www.linkedin.com/in/thomas-laurent-36902",
        "twitter_url": "https://twitter.com/thomaslaurent",
        "facebook_url": null
      },
      "buying_signals": "medium",
      "last_contacted": null,
      "lead_source": "Apollo",
      "apollo_specific": {
        "lead_score": 56,
        "intent_score": 42,
        "funding_round": null,
        "account_stage": "Lead",
        "technologies": []
      },
      "scrape_date": "2025-04-27T00:56:36.624832"
    },
    {
      "id": "apollo_1745715396_18",
      "first_name": "Marie",
      "last_name": "Bernard",
      "full_name": "Marie Bernard",
      "job_title": "Partner",
      "seniority": "Executive",
      "email": "marie.bernard@cabinet-bernard.fr",
      "email_status": "verified",
      "phone": "+33792445300",
      "phone_status": "verified",
      "company": {
        "name": "Cabinet Bernard & Associ\u00e9s",
        "website": "https://www.cabinet-bernard.fr",
        "industry": "Legal Services",
        "size": 33,
        "founded": 2003,
        "linkedin_url": "https://www.linkedin.com/company/cabinet-bernard-&-associ\u00e9s"
      },
      "location": {
        "country": "France",
        "city": "Marseille",
        "continent": "Europe"
      },
      "social": {
        "linkedin_url": "https://www.linkedin.com/in/marie-bernard-65819",
        "twitter_url": null,
        "facebook_url": "https://facebook.com/marie.bernard"
      },
      "buying_signals": "low",
      "last_contacted": null,
      "lead_source": "Apollo",
      "apollo_specific": {
        "lead_score": 84,
        "intent_score": 83,
        "funding_round": null,
        "account_stage": "Target",
        "technologies": []
      },
      "scrape_date": "2025-04-27T00:56:36.624900"
    },
    {
      "id": "apollo_1745715396_19",
      "first_name": "Nicolas",
      "last_name": "Bernard",
      "full_name": "Nicolas Bernard",
      "job_title": "Partner",
      "seniority": "Senior",
      "email": "nicolas.bernard@cabinet-bernard.fr",
      "email_status": "verified",
      "phone": "+33672463361",
      "phone_status": "unverified",
      "company": {
        "name": "Cabinet Bernard & Associ\u00e9s",
        "website": "https://www.cabinet-bernard.fr",
        "industry": "Legal Services",
        "size": 43,
        "founded": 2006,
        "linkedin_url": "https://www.linkedin.com/company/cabinet-bernard-&-associ\u00e9s"
      },
      "location": {
        "country": "France",
        "city": "Strasbourg",
        "continent": "Europe"
      },
      "social": {
        "linkedin_url": "https://www.linkedin.com/in/nicolas-bernard-62950",
        "twitter_url": "https://twitter.com/nicolasbernard",
        "facebook_url": null
      },
      "buying_signals": "medium",
      "last_contacted": "2024-12-29T00:56:36.624951",
      "lead_source": "Apollo",
      "apollo_specific": {
        "lead_score": 68,
        "intent_score": 35,
        "funding_round": null,
        "account_stage": "Lead",
        "technologies": []
      },
      "scrape_date": "2025-04-27T00:56:36.624969"
    },
    {
      "id": "apollo_1745715396_20",
      "first_name": "Marie",
      "last_name": "Petit",
      "full_name": "Marie Petit",
      "job_title": "Owner",
      "seniority": "Senior",
      "email": "marie.petit@cabinet-petit.belgium",
      "email_status": "verified",
      "phone": "+32496185930",
      "phone_status": "verified",
      "company": {
        "name": "Cabinet Petit & Associ\u00e9s",
        "website": "https://www.cabinet-petit.belgium",
        "industry": "Legal Services",
        "size": 9,
        "founded": 1998,
        "linkedin_url": "https://www.linkedin.com/company/cabinet-petit-&-associ\u00e9s"
      },
      "location": {
        "country": "Belgium",
        "city": "Li\u00e8ge",
        "continent": "Europe"
      },
      "social": {
        "linkedin_url": "https://www.linkedin.com/in/marie-petit-34003",
        "twitter_url": null,
        "facebook_url": "https://facebook.com/marie.petit"
      },
      "buying_signals": "high",
      "last_contacted": null,
      "lead_source": "Apollo",
      "apollo_specific": {
        "lead_score": 70,
        "intent_score": 75,
        "funding_round": null,
        "account_stage": "Target",
        "technologies": []
      },
      "scrape_date": "2025-04-27T00:56:36.625094"
    },
    {
      "id": "apollo_1745715396_21",
      "first_name": "\u00c9milie",
      "last_name": "Petit",
      "full_name": "\u00c9milie Petit",
      "job_title": "Managing Partner",
      "seniority": "Executive",
      "email": "\u00e9milie.petit@cabinet-petit.switzerland",
      "email_status": "unverified",
      "phone": "+41752489409",
      "phone_status": "verified",
      "company": {
        "name": "Cabinet Petit & Associ\u00e9s",
        "website": "https://www.cabinet-petit.switzerland",
        "industry": "Legal Services",
        "size": 2,
        "founded": 2005,
        "linkedin_url": "https://www.linkedin.com/company/cabinet-petit-&-associ\u00e9s"
      },
      "location": {
        "country": "Switzerland",
        "city": "Bern",
        "continent": "Europe"
      },
      "social": {
        "linkedin_url": "https://www.linkedin.com/in/\u00e9milie-petit-29382",
        "twitter_url": "https://twitter.com/\u00e9miliepetit",
        "facebook_url": null
      },
      "buying_signals": "medium",
      "last_contacted": null,
      "lead_source": "Apollo",
      "apollo_specific": {
        "lead_score": 81,
        "intent_score": 72,
        "funding_round": null,
        "account_stage": "Prospect",
        "technologies": []
      },
      "scrape_date": "2025-04-27T00:56:36.625162"
    },
    {
      "id": "apollo_1745715396_22",
      "first_name": "Marie",
      "last_name": "Robert",
      "full_name": "Marie Robert",
      "job_title": "Lawyer",
      "seniority": "Senior",
      "email": "marie.robert@cabinet-robert.switzerland",
      "email_status": "verified",
      "phone": "+41747920214",
      "phone_status": "verified",
      "company": {
        "name": "Cabinet Robert & Associ\u00e9s",
        "website": "https://www.cabinet-robert.switzerland",
        "industry": "Legal Services",
        "size": 44,
        "founded": 2008,
        "linkedin_url": "https://www.linkedin.com/company/cabinet-robert-&-associ\u00e9s"
      },
      "location": {
        "country": "Switzerland",
        "city": "Basel",
        "continent": "Europe"
      },
      "social": {
        "linkedin_url": "https://www.linkedin.com/in/marie-robert-71674",
        "twitter_url": "https://twitter.com/marierobert",
        "facebook_url": null
      },
      "buying_signals": "low",
      "last_contacted": null,
      "lead_source": "Apollo",
      "apollo_specific": {
        "lead_score": 66,
        "intent_score": 79,
        "funding_round": null,
        "account_stage": "Target",
        "technologies": []
      },
      "scrape_date": "2025-04-27T00:56:36.625229"
    }
  ],
  "count": 23,
  "niche": "Avocats sp\u00e9cialis\u00e9s en droit des affaires",
  "campaign_id": null,
  "time_taken": 1.0041708820288089,
  "source": "apollo",
  "filters_used": {
    "industry": "Legal Services",
    "employee_size": {
      "min": 1,
      "max": 50
    },
    "country": "France",
    "job_titles": [
      "Partner",
      "Owner",
      "Managing Partner",
      "Attorney",
      "Lawyer"
    ],
    "seniority": [
      "Owner",
      "Executive",
      "Senior"
    ],
    "keywords": [
      "Avocats",
      "sp\u00e9cialis\u00e9s",
      "en",
      "droit",
      "des",
      "affaires"
    ],
    "signal_scores": {
      "buying_intent": "high"
    },
    "recently_funded": false,
    "technologies": []
  },
  "status": "COMPLETED"
}
