=== ApolloScraper LOG ===
Timestamp: 2025-04-27T11:32:15.095520
Operation: execute
Status: COMPLETED

Input: {
  "niche": "Avocats sp\u00e9cialis\u00e9s en droit des affaires",
  "filters": {},
  "campaign_id": null
}

Output: {
  "leads": [
    {
      "id": "apollo_1745753535_0",
      "first_name": "Pierre",
      "last_name": "Moreau",
      "full_name": "Pierre Moreau",
      "job_title": "Attorney",
      "seniority": "Senior",
      "email": "pierre.moreau@cabinet-moreau.switzerland",
      "email_status": "verified",
      "phone": "+41768369013",
      "phone_status": "verified",
      "company": {
        "name": "Cabinet Moreau & Associ\u00e9s",
        "website": "https://www.cabinet-moreau.switzerland",
        "industry": "Legal Services",
        "size": 26,
        "founded": 1990,
        "linkedin_url": "https://www.linkedin.com/company/cabinet-moreau-&-associ\u00e9s"
      },
      "location": {
        "country": "Switzerland",
        "city": "Lausanne",
        "continent": "Europe"
      },
      "social": {
        "linkedin_url": "https://www.linkedin.com/in/pierre-moreau-81013",
        "twitter_url": null,
        "facebook_url": null
      },
      "buying_signals": "high",
      "last_contacted": null,
      "lead_source": "Apollo",
      "apollo_specific": {
        "lead_score": 52,
        "intent_score": 40,
        "funding_round": null,
        "account_stage": "Lead",
        "technologies": []
      },
      "scrape_date": "2025-04-27T11:32:15.092995"
    },
    {
      "id": "apollo_1745753535_1",
      "first_name": "C\u00e9line",
      "last_name": "Thomas",
      "full_name": "C\u00e9line Thomas",
      "job_title": "Lawyer",
      "seniority": "Owner",
      "email": "c\u00e9line.thomas@cabinet-thomas.belgium",
      "email_status": "verified",
      "phone": "+32481910094",
      "phone_status": "verified",
      "company": {
        "name": "Cabinet Thomas & Associ\u00e9s",
        "website": "https://www.cabinet-thomas.belgium",
        "industry": "Legal Services",
        "size": 34,
        "founded": 2015,
        "linkedin_url": "https://www.linkedin.com/company/cabinet-thomas-&-associ\u00e9s"
      },
      "location": {
        "country": "Belgium",
        "city": "Li\u00e8ge",
        "continent": "Europe"
      },
      "social": {
        "linkedin_url": "https://www.linkedin.com/in/c\u00e9line-thomas-52934",
        "twitter_url": "https://twitter.com/c\u00e9linethomas",
        "facebook_url": "https://facebook.com/c\u00e9line.thomas"
      },
      "buying_signals": "high",
      "last_contacted": null,
      "lead_source": "Apollo",
      "apollo_specific": {
        "lead_score": 77,
        "intent_score": 52,
        "funding_round": null,
        "account_stage": "Lead",
        "technologies": []
      },
      "scrape_date": "2025-04-27T11:32:15.093154"
    },
    {
      "id": "apollo_1745753535_2",
      "first_name": "Thomas",
      "last_name": "Thomas",
      "full_name": "Thomas Thomas",
      "job_title": "Partner",
      "seniority": "Senior",
      "email": "thomas.thomas@cabinet-thomas.fr",
      "email_status": "verified",
      "phone": "+33680684253",
      "phone_status": "verified",
      "company": {
        "name": "Cabinet Thomas & Associ\u00e9s",
        "website": "https://www.cabinet-thomas.fr",
        "industry": "Legal Services",
        "size": 41,
        "founded": 1994,
        "linkedin_url": "https://www.linkedin.com/company/cabinet-thomas-&-associ\u00e9s"
      },
      "location": {
        "country": "France",
        "city": "Rennes",
        "continent": "Europe"
      },
      "social": {
        "linkedin_url": "https://www.linkedin.com/in/thomas-thomas-13376",
        "twitter_url": "https://twitter.com/thomasthomas",
        "facebook_url": null
      },
      "buying_signals": "high",
      "last_contacted": "2025-01-02T11:32:15.093219",
      "lead_source": "Apollo",
      "apollo_specific": {
        "lead_score": 81,
        "intent_score": 39,
        "funding_round": null,
        "account_stage": "Qualified",
        "technologies": []
      },
      "scrape_date": "2025-04-27T11:32:15.093243"
    },
    {
      "id": "apollo_1745753535_3",
      "first_name": "L\u00e9a",
      "last_name": "Dubois",
      "full_name": "L\u00e9a Dubois",
      "job_title": "Lawyer",
      "seniority": "Executive",
      "email": "l\u00e9a.dubois@cabinet-dubois.fr",
      "email_status": "verified",
      "phone": "+33700363588",
      "phone_status": "verified",
      "company": {
        "name": "Cabinet Dubois & Associ\u00e9s",
        "website": "https://www.cabinet-dubois.fr",
        "industry": "Legal Services",
        "size": 35,
        "founded": 1992,
        "linkedin_url": "https://www.linkedin.com/company/cabinet-dubois-&-associ\u00e9s"
      },
      "location": {
        "country": "France",
        "city": "Nice",
        "continent": "Europe"
      },
      "social": {
        "linkedin_url": "https://www.linkedin.com/in/l\u00e9a-dubois-46064",
        "twitter_url": null,
        "facebook_url": null
      },
      "buying_signals": "medium",
      "last_contacted": null,
      "lead_source": "Apollo",
      "apollo_specific": {
        "lead_score": 86,
        "intent_score": 40,
        "funding_round": null,
        "account_stage": "Qualified",
        "technologies": []
      },
      "scrape_date": "2025-04-27T11:32:15.093330"
    },
    {
      "id": "apollo_1745753535_4",
      "first_name": "Thomas",
      "last_name": "Laurent",
      "full_name": "Thomas Laurent",
      "job_title": "Managing Partner",
      "seniority": "Owner",
      "email": "thomas.laurent@cabinet-laurent.belgium",
      "email_status": "unverified",
      "phone": "+32463933233",
      "phone_status": "unverified",
      "company": {
        "name": "Cabinet Laurent & Associ\u00e9s",
        "website": "https://www.cabinet-laurent.belgium",
        "industry": "Legal Services",
        "size": 19,
        "founded": 2004,
        "linkedin_url": "https://www.linkedin.com/company/cabinet-laurent-&-associ\u00e9s"
      },
      "location": {
        "country": "Belgium",
        "city": "Ghent",
        "continent": "Europe"
      },
      "social": {
        "linkedin_url": "https://www.linkedin.com/in/thomas-laurent-93444",
        "twitter_url": null,
        "facebook_url": null
      },
      "buying_signals": "high",
      "last_contacted": null,
      "lead_source": "Apollo",
      "apollo_specific": {
        "lead_score": 94,
        "intent_score": 64,
        "funding_round": null,
        "account_stage": "Target",
        "technologies": []
      },
      "scrape_date": "2025-04-27T11:32:15.093414"
    },
    {
      "id": "apollo_1745753535_5",
      "first_name": "Pierre",
      "last_name": "Dubois",
      "full_name": "Pierre Dubois",
      "job_title": "Attorney",
      "seniority": "Executive",
      "email": "pierre.dubois@cabinet-dubois.fr",
      "email_status": "verified",
      "phone": "+33799285321",
      "phone_status": "unverified",
      "company": {
        "name": "Cabinet Dubois & Associ\u00e9s",
        "website": "https://www.cabinet-dubois.fr",
        "industry": "Legal Services",
        "size": 22,
        "founded": 1998,
        "linkedin_url": "https://www.linkedin.com/company/cabinet-dubois-&-associ\u00e9s"
      },
      "location": {
        "country": "France",
        "city": "Montpellier",
        "continent": "Europe"
      },
      "social": {
        "linkedin_url": "https://www.linkedin.com/in/pierre-dubois-75378",
        "twitter_url": null,
        "facebook_url": "https://facebook.com/pierre.dubois"
      },
      "buying_signals": "high",
      "last_contacted": "2025-01-18T11:32:15.093473",
      "lead_source": "Apollo",
      "apollo_specific": {
        "lead_score": 58,
        "intent_score": 79,
        "funding_round": null,
        "account_stage": "Prospect",
        "technologies": []
      },
      "scrape_date": "2025-04-27T11:32:15.093495"
    },
    {
      "id": "apollo_1745753535_6",
      "first_name": "C\u00e9line",
      "last_name": "Leroy",
      "full_name": "C\u00e9line Leroy",
      "job_title": "Lawyer",
      "seniority": "Executive",
      "email": "c\u00e9line.leroy@cabinet-leroy.fr",
      "email_status": "verified",
      "phone": "+33796221297",
      "phone_status": "unverified",
      "company": {
        "name": "Cabinet Leroy & Associ\u00e9s",
        "website": "https://www.cabinet-leroy.fr",
        "industry": "Legal Services",
        "size": 43,
        "founded": 1985,
        "linkedin_url": "https://www.linkedin.com/company/cabinet-leroy-&-associ\u00e9s"
      },
      "location": {
        "country": "France",
        "city": "Lyon",
        "continent": "Europe"
      },
      "social": {
        "linkedin_url": "https://www.linkedin.com/in/c\u00e9line-leroy-62565",
        "twitter_url": null,
        "facebook_url": null
      },
      "buying_signals": "low",
      "last_contacted": null,
      "lead_source": "Apollo",
      "apollo_specific": {
        "lead_score": 61,
        "intent_score": 74,
        "funding_round": null,
        "account_stage": "Target",
        "technologies": []
      },
      "scrape_date": "2025-04-27T11:32:15.093590"
    },
    {
      "id": "apollo_1745753535_7",
      "first_name": "Pierre",
      "last_name": "Michel",
      "full_name": "Pierre Michel",
      "job_title": "Owner",
      "seniority": "Owner",
      "email": "pierre.michel@cabinet-michel.switzerland",
      "email_status": "unverified",
      "phone": "+41708267458",
      "phone_status": "unverified",
      "company": {
        "name": "Cabinet Michel & Associ\u00e9s",
        "website": "https://www.cabinet-michel.switzerland",
        "industry": "Legal Services",
        "size": 28,
        "founded": 1980,
        "linkedin_url": "https://www.linkedin.com/company/cabinet-michel-&-associ\u00e9s"
      },
      "location": {
        "country": "Switzerland",
        "city": "Geneva",
        "continent": "Europe"
      },
      "social": {
        "linkedin_url": "https://www.linkedin.com/in/pierre-michel-92183",
        "twitter_url": "https://twitter.com/pierremichel",
        "facebook_url": null
      },
      "buying_signals": "medium",
      "last_contacted": null,
      "lead_source": "Apollo",
      "apollo_specific": {
        "lead_score": 65,
        "intent_score": 70,
        "funding_round": null,
        "account_stage": "Prospect",
        "technologies": []
      },
      "scrape_date": "2025-04-27T11:32:15.093687"
    },
    {
      "id": "apollo_1745753535_8",
      "first_name": "Thomas",
      "last_name": "Moreau",
      "full_name": "Thomas Moreau",
      "job_title": "Managing Partner",
      "seniority": "Senior",
      "email": "thomas.moreau@cabinet-moreau.belgium",
      "email_status": "verified",
      "phone": "+32476041197",
      "phone_status": "unverified",
      "company": {
        "name": "Cabinet Moreau & Associ\u00e9s",
        "website": "https://www.cabinet-moreau.belgium",
        "industry": "Legal Services",
        "size": 38,
        "founded": 1998,
        "linkedin_url": "https://www.linkedin.com/company/cabinet-moreau-&-associ\u00e9s"
      },
      "location": {
        "country": "Belgium",
        "city": "Antwerp",
        "continent": "Europe"
      },
      "social": {
        "linkedin_url": "https://www.linkedin.com/in/thomas-moreau-88858",
        "twitter_url": null,
        "facebook_url": "https://facebook.com/thomas.moreau"
      },
      "buying_signals": "high",
      "last_contacted": null,
      "lead_source": "Apollo",
      "apollo_specific": {
        "lead_score": 90,
        "intent_score": 79,
        "funding_round": null,
        "account_stage": "Qualified",
        "technologies": []
      },
      "scrape_date": "2025-04-27T11:32:15.093783"
    },
    {
      "id": "apollo_1745753535_9",
      "first_name": "Marie",
      "last_name": "Laurent",
      "full_name": "Marie Laurent",
      "job_title": "Partner",
      "seniority": "Owner",
      "email": "marie.laurent@cabinet-laurent.fr",
      "email_status": "verified",
      "phone": "+33605010479",
      "phone_status": "verified",
      "company": {
        "name": "Cabinet Laurent & Associ\u00e9s",
        "website": "https://www.cabinet-laurent.fr",
        "industry": "Legal Services",
        "size": 27,
        "founded": 1990,
        "linkedin_url": "https://www.linkedin.com/company/cabinet-laurent-&-associ\u00e9s"
      },
      "location": {
        "country": "France",
        "city": "Nice",
        "continent": "Europe"
      },
      "social": {
        "linkedin_url": "https://www.linkedin.com/in/marie-laurent-51630",
        "twitter_url": "https://twitter.com/marielaurent",
        "facebook_url": null
      },
      "buying_signals": "medium",
      "last_contacted": null,
      "lead_source": "Apollo",
      "apollo_specific": {
        "lead_score": 72,
        "intent_score": 81,
        "funding_round": null,
        "account_stage": "Qualified",
        "technologies": []
      },
      "scrape_date": "2025-04-27T11:32:15.093880"
    },
    {
      "id": "apollo_1745753535_10",
      "first_name": "Paul",
      "last_name": "Robert",
      "full_name": "Paul Robert",
      "job_title": "Managing Partner",
      "seniority": "Senior",
      "email": "paul.robert@cabinet-robert.switzerland",
      "email_status": "verified",
      "phone": "+41739522627",
      "phone_status": "verified",
      "company": {
        "name": "Cabinet Robert & Associ\u00e9s",
        "website": "https://www.cabinet-robert.switzerland",
        "industry": "Legal Services",
        "size": 21,
        "founded": 2018,
        "linkedin_url": "https://www.linkedin.com/company/cabinet-robert-&-associ\u00e9s"
      },
      "location": {
        "country": "Switzerland",
        "city": "Geneva",
        "continent": "Europe"
      },
      "social": {
        "linkedin_url": "https://www.linkedin.com/in/paul-robert-97872",
        "twitter_url": "https://twitter.com/paulrobert",
        "facebook_url": null
      },
      "buying_signals": "medium",
      "last_contacted": null,
      "lead_source": "Apollo",
      "apollo_specific": {
        "lead_score": 84,
        "intent_score": 83,
        "funding_round": null,
        "account_stage": "Lead",
        "technologies": []
      },
      "scrape_date": "2025-04-27T11:32:15.093963"
    },
    {
      "id": "apollo_1745753535_11",
      "first_name": "Julie",
      "last_name": "Martin",
      "full_name": "Julie Martin",
      "job_title": "Partner",
      "seniority": "Owner",
      "email": "julie.martin@cabinet-martin.belgium",
      "email_status": "unverified",
      "phone": "+32462846136",
      "phone_status": "unverified",
      "company": {
        "name": "Cabinet Martin & Associ\u00e9s",
        "website": "https://www.cabinet-martin.belgium",
        "industry": "Legal Services",
        "size": 10,
        "founded": 2012,
        "linkedin_url": "https://www.linkedin.com/company/cabinet-martin-&-associ\u00e9s"
      },
      "location": {
        "country": "Belgium",
        "city": "Ghent",
        "continent": "Europe"
      },
      "social": {
        "linkedin_url": "https://www.linkedin.com/in/julie-martin-95952",
        "twitter_url": null,
        "facebook_url": "https://facebook.com/julie.martin"
      },
      "buying_signals": "medium",
      "last_contacted": null,
      "lead_source": "Apollo",
      "apollo_specific": {
        "lead_score": 90,
        "intent_score": 41,
        "funding_round": null,
        "account_stage": "Qualified",
        "technologies": []
      },
      "scrape_date": "2025-04-27T11:32:15.094091"
    },
    {
      "id": "apollo_1745753535_12",
      "first_name": "Marie",
      "last_name": "Dubois",
      "full_name": "Marie Dubois",
      "job_title": "Managing Partner",
      "seniority": "Senior",
      "email": "marie.dubois@cabinet-dubois.belgium",
      "email_status": "verified",
      "phone": "+32416406908",
      "phone_status": "verified",
      "company": {
        "name": "Cabinet Dubois & Associ\u00e9s",
        "website": "https://www.cabinet-dubois.belgium",
        "industry": "Legal Services",
        "size": 47,
        "founded": 1984,
        "linkedin_url": "https://www.linkedin.com/company/cabinet-dubois-&-associ\u00e9s"
      },
      "location": {
        "country": "Belgium",
        "city": "Charleroi",
        "continent": "Europe"
      },
      "social": {
        "linkedin_url": "https://www.linkedin.com/in/marie-dubois-19357",
        "twitter_url": "https://twitter.com/mariedubois",
        "facebook_url": null
      },
      "buying_signals": "low",
      "last_contacted": null,
      "lead_source": "Apollo",
      "apollo_specific": {
        "lead_score": 77,
        "intent_score": 85,
        "funding_round": null,
        "account_stage": "Target",
        "technologies": []
      },
      "scrape_date": "2025-04-27T11:32:15.094133"
    },
    {
      "id": "apollo_1745753535_13",
      "first_name": "Jean",
      "last_name": "Petit",
      "full_name": "Jean Petit",
      "job_title": "Lawyer",
      "seniority": "Executive",
      "email": "jean.petit@cabinet-petit.belgium",
      "email_status": "unverified",
      "phone": "+32412530497",
      "phone_status": "verified",
      "company": {
        "name": "Cabinet Petit & Associ\u00e9s",
        "website": "https://www.cabinet-petit.belgium",
        "industry": "Legal Services",
        "size": 4,
        "founded": 2009,
        "linkedin_url": "https://www.linkedin.com/company/cabinet-petit-&-associ\u00e9s"
      },
      "location": {
        "country": "Belgium",
        "city": "Ghent",
        "continent": "Europe"
      },
      "social": {
        "linkedin_url": "https://www.linkedin.com/in/jean-petit-79692",
        "twitter_url": null,
        "facebook_url": null
      },
      "buying_signals": "low",
      "last_contacted": null,
      "lead_source": "Apollo",
      "apollo_specific": {
        "lead_score": 95,
        "intent_score": 58,
        "funding_round": "Seed",
        "account_stage": "Prospect",
        "technologies": []
      },
      "scrape_date": "2025-04-27T11:32:15.094234"
    },
    {
      "id": "apollo_1745753535_14",
      "first_name": "Sophie",
      "last_name": "Petit",
      "full_name": "Sophie Petit",
      "job_title": "Partner",
      "seniority": "Senior",
      "email": "sophie.petit@cabinet-petit.fr",
      "email_status": "verified",
      "phone": "+33704867474",
      "phone_status": "unverified",
      "company": {
        "name": "Cabinet Petit & Associ\u00e9s",
        "website": "https://www.cabinet-petit.fr",
        "industry": "Legal Services",
        "size": 2,
        "founded": 1981,
        "linkedin_url": "https://www.linkedin.com/company/cabinet-petit-&-associ\u00e9s"
      },
      "location": {
        "country": "France",
        "city": "Toulouse",
        "continent": "Europe"
      },
      "social": {
        "linkedin_url": "https://www.linkedin.com/in/sophie-petit-14656",
        "twitter_url": "https://twitter.com/sophiepetit",
        "facebook_url": null
      },
      "buying_signals": "high",
      "last_contacted": null,
      "lead_source": "Apollo",
      "apollo_specific": {
        "lead_score": 57,
        "intent_score": 52,
        "funding_round": null,
        "account_stage": "Lead",
        "technologies": []
      },
      "scrape_date": "2025-04-27T11:32:15.094330"
    },
    {
      "id": "apollo_1745753535_15",
      "first_name": "C\u00e9line",
      "last_name": "Dubois",
      "full_name": "C\u00e9line Dubois",
      "job_title": "Attorney",
      "seniority": "Owner",
      "email": "c\u00e9line.dubois@cabinet-dubois.switzerland",
      "email_status": "verified",
      "phone": "+41768125956",
      "phone_status": "unverified",
      "company": {
        "name": "Cabinet Dubois & Associ\u00e9s",
        "website": "https://www.cabinet-dubois.switzerland",
        "industry": "Legal Services",
        "size": 16,
        "founded": 2001,
        "linkedin_url": "https://www.linkedin.com/company/cabinet-dubois-&-associ\u00e9s"
      },
      "location": {
        "country": "Switzerland",
        "city": "Lausanne",
        "continent": "Europe"
      },
      "social": {
        "linkedin_url": "https://www.linkedin.com/in/c\u00e9line-dubois-25439",
        "twitter_url": null,
        "facebook_url": "https://facebook.com/c\u00e9line.dubois"
      },
      "buying_signals": "high",
      "last_contacted": null,
      "lead_source": "Apollo",
      "apollo_specific": {
        "lead_score": 86,
        "intent_score": 32,
        "funding_round": null,
        "account_stage": "Qualified",
        "technologies": []
      },
      "scrape_date": "2025-04-27T11:32:15.094415"
    },
    {
      "id": "apollo_1745753535_16",
      "first_name": "Michel",
      "last_name": "Thomas",
      "full_name": "Michel Thomas",
      "job_title": "Partner",
      "seniority": "Senior",
      "email": "michel.thomas@cabinet-thomas.belgium",
      "email_status": "verified",
      "phone": "+32442248875",
      "phone_status": "verified",
      "company": {
        "name": "Cabinet Thomas & Associ\u00e9s",
        "website": "https://www.cabinet-thomas.belgium",
        "industry": "Legal Services",
        "size": 22,
        "founded": 2005,
        "linkedin_url": "https://www.linkedin.com/company/cabinet-thomas-&-associ\u00e9s"
      },
      "location": {
        "country": "Belgium",
        "city": "Brussels",
        "continent": "Europe"
      },
      "social": {
        "linkedin_url": "https://www.linkedin.com/in/michel-thomas-86757",
        "twitter_url": null,
        "facebook_url": null
      },
      "buying_signals": "medium",
      "last_contacted": null,
      "lead_source": "Apollo",
      "apollo_specific": {
        "lead_score": 90,
        "intent_score": 34,
        "funding_round": "Seed",
        "account_stage": "Lead",
        "technologies": []
      },
      "scrape_date": "2025-04-27T11:32:15.094503"
    },
    {
      "id": "apollo_1745753535_17",
      "first_name": "Marie",
      "last_name": "Michel",
      "full_name": "Marie Michel",
      "job_title": "Managing Partner",
      "seniority": "Senior",
      "email": "marie.michel@cabinet-michel.switzerland",
      "email_status": "verified",
      "phone": "+41715446856",
      "phone_status": "verified",
      "company": {
        "name": "Cabinet Michel & Associ\u00e9s",
        "website": "https://www.cabinet-michel.switzerland",
        "industry": "Legal Services",
        "size": 28,
        "founded": 2001,
        "linkedin_url": "https://www.linkedin.com/company/cabinet-michel-&-associ\u00e9s"
      },
      "location": {
        "country": "Switzerland",
        "city": "Basel",
        "continent": "Europe"
      },
      "social": {
        "linkedin_url": "https://www.linkedin.com/in/marie-michel-47588",
        "twitter_url": null,
        "facebook_url": "https://facebook.com/marie.michel"
      },
      "buying_signals": "medium",
      "last_contacted": "2025-02-17T11:32:15.094590",
      "lead_source": "Apollo",
      "apollo_specific": {
        "lead_score": 66,
        "intent_score": 80,
        "funding_round": null,
        "account_stage": "Qualified",
        "technologies": []
      },
      "scrape_date": "2025-04-27T11:32:15.094613"
    },
    {
      "id": "apollo_1745753535_18",
      "first_name": "Thomas",
      "last_name": "Dubois",
      "full_name": "Thomas Dubois",
      "job_title": "Partner",
      "seniority": "Senior",
      "email": "thomas.dubois@cabinet-dubois.belgium",
      "email_status": "verified",
      "phone": "+32472878120",
      "phone_status": "unverified",
      "company": {
        "name": "Cabinet Dubois & Associ\u00e9s",
        "website": "https://www.cabinet-dubois.belgium",
        "industry": "Legal Services",
        "size": 50,
        "founded": 1989,
        "linkedin_url": "https://www.linkedin.com/company/cabinet-dubois-&-associ\u00e9s"
      },
      "location": {
        "country": "Belgium",
        "city": "Charleroi",
        "continent": "Europe"
      },
      "social": {
        "linkedin_url": "https://www.linkedin.com/in/thomas-dubois-14919",
        "twitter_url": "https://twitter.com/thomasdubois",
        "facebook_url": null
      },
      "buying_signals": "medium",
      "last_contacted": null,
      "lead_source": "Apollo",
      "apollo_specific": {
        "lead_score": 75,
        "intent_score": 54,
        "funding_round": null,
        "account_stage": "Qualified",
        "technologies": []
      },
      "scrape_date": "2025-04-27T11:32:15.094694"
    },
    {
      "id": "apollo_1745753535_19",
      "first_name": "Julie",
      "last_name": "Lefebvre",
      "full_name": "Julie Lefebvre",
      "job_title": "Lawyer",
      "seniority": "Senior",
      "email": "julie.lefebvre@cabinet-lefebvre.switzerland",
      "email_status": "verified",
      "phone": "+41791936378",
      "phone_status": "verified",
      "company": {
        "name": "Cabinet Lefebvre & Associ\u00e9s",
        "website": "https://www.cabinet-lefebvre.switzerland",
        "industry": "Legal Services",
        "size": 13,
        "founded": 1992,
        "linkedin_url": "https://www.linkedin.com/company/cabinet-lefebvre-&-associ\u00e9s"
      },
      "location": {
        "country": "Switzerland",
        "city": "Geneva",
        "continent": "Europe"
      },
      "social": {
        "linkedin_url": "https://www.linkedin.com/in/julie-lefebvre-66993",
        "twitter_url": "https://twitter.com/julielefebvre",
        "facebook_url": null
      },
      "buying_signals": "low",
      "last_contacted": null,
      "lead_source": "Apollo",
      "apollo_specific": {
        "lead_score": 76,
        "intent_score": 54,
        "funding_round": null,
        "account_stage": "Lead",
        "technologies": []
      },
      "scrape_date": "2025-04-27T11:32:15.094805"
    },
    {
      "id": "apollo_1745753535_20",
      "first_name": "Michel",
      "last_name": "Michel",
      "full_name": "Michel Michel",
      "job_title": "Managing Partner",
      "seniority": "Owner",
      "email": "michel.michel@cabinet-michel.belgium",
      "email_status": "unverified",
      "phone": "+32435531166",
      "phone_status": "unverified",
      "company": {
        "name": "Cabinet Michel & Associ\u00e9s",
        "website": "https://www.cabinet-michel.belgium",
        "industry": "Legal Services",
        "size": 30,
        "founded": 1998,
        "linkedin_url": "https://www.linkedin.com/company/cabinet-michel-&-associ\u00e9s"
      },
      "location": {
        "country": "Belgium",
        "city": "Antwerp",
        "continent": "Europe"
      },
      "social": {
        "linkedin_url": "https://www.linkedin.com/in/michel-michel-56611",
        "twitter_url": "https://twitter.com/michelmichel",
        "facebook_url": "https://facebook.com/michel.michel"
      },
      "buying_signals": "high",
      "last_contacted": null,
      "lead_source": "Apollo",
      "apollo_specific": {
        "lead_score": 50,
        "intent_score": 59,
        "funding_round": null,
        "account_stage": "Qualified",
        "technologies": []
      },
      "scrape_date": "2025-04-27T11:32:15.094890"
    },
    {
      "id": "apollo_1745753535_21",
      "first_name": "Nicolas",
      "last_name": "Bernard",
      "full_name": "Nicolas Bernard",
      "job_title": "Partner",
      "seniority": "Senior",
      "email": "nicolas.bernard@cabinet-bernard.fr",
      "email_status": "verified",
      "phone": "+33683303904",
      "phone_status": "unverified",
      "company": {
        "name": "Cabinet Bernard & Associ\u00e9s",
        "website": "https://www.cabinet-bernard.fr",
        "industry": "Legal Services",
        "size": 7,
        "founded": 1984,
        "linkedin_url": "https://www.linkedin.com/company/cabinet-bernard-&-associ\u00e9s"
      },
      "location": {
        "country": "France",
        "city": "Marseille",
        "continent": "Europe"
      },
      "social": {
        "linkedin_url": "https://www.linkedin.com/in/nicolas-bernard-27537",
        "twitter_url": null,
        "facebook_url": null
      },
      "buying_signals": "low",
      "last_contacted": "2025-02-04T11:32:15.094966",
      "lead_source": "Apollo",
      "apollo_specific": {
        "lead_score": 60,
        "intent_score": 64,
        "funding_round": null,
        "account_stage": "Qualified",
        "technologies": []
      },
      "scrape_date": "2025-04-27T11:32:15.094992"
    },
    {
      "id": "apollo_1745753535_22",
      "first_name": "Thomas",
      "last_name": "Robert",
      "full_name": "Thomas Robert",
      "job_title": "Partner",
      "seniority": "Executive",
      "email": "thomas.robert@cabinet-robert.switzerland",
      "email_status": "unverified",
      "phone": "+41708130304",
      "phone_status": "verified",
      "company": {
        "name": "Cabinet Robert & Associ\u00e9s",
        "website": "https://www.cabinet-robert.switzerland",
        "industry": "Legal Services",
        "size": 41,
        "founded": 1985,
        "linkedin_url": "https://www.linkedin.com/company/cabinet-robert-&-associ\u00e9s"
      },
      "location": {
        "country": "Switzerland",
        "city": "Bern",
        "continent": "Europe"
      },
      "social": {
        "linkedin_url": "https://www.linkedin.com/in/thomas-robert-18251",
        "twitter_url": null,
        "facebook_url": null
      },
      "buying_signals": "low",
      "last_contacted": null,
      "lead_source": "Apollo",
      "apollo_specific": {
        "lead_score": 50,
        "intent_score": 43,
        "funding_round": null,
        "account_stage": "Prospect",
        "technologies": []
      },
      "scrape_date": "2025-04-27T11:32:15.095088"
    },
    {
      "id": "apollo_1745753535_23",
      "first_name": "Nicolas",
      "last_name": "Lefebvre",
      "full_name": "Nicolas Lefebvre",
      "job_title": "Lawyer",
      "seniority": "Senior",
      "email": "nicolas.lefebvre@cabinet-lefebvre.fr",
      "email_status": "unverified",
      "phone": "+33758127208",
      "phone_status": "verified",
      "company": {
        "name": "Cabinet Lefebvre & Associ\u00e9s",
        "website": "https://www.cabinet-lefebvre.fr",
        "industry": "Legal Services",
        "size": 30,
        "founded": 2006,
        "linkedin_url": "https://www.linkedin.com/company/cabinet-lefebvre-&-associ\u00e9s"
      },
      "location": {
        "country": "France",
        "city": "Marseille",
        "continent": "Europe"
      },
      "social": {
        "linkedin_url": "https://www.linkedin.com/in/nicolas-lefebvre-83579",
        "twitter_url": null,
        "facebook_url": null
      },
      "buying_signals": "high",
      "last_contacted": null,
      "lead_source": "Apollo",
      "apollo_specific": {
        "lead_score": 86,
        "intent_score": 67,
        "funding_round": null,
        "account_stage": "Prospect",
        "technologies": []
      },
      "scrape_date": "2025-04-27T11:32:15.095172"
    },
    {
      "id": "apollo_1745753535_24",
      "first_name": "\u00c9milie",
      "last_name": "Leroy",
      "full_name": "\u00c9milie Leroy",
      "job_title": "Partner",
      "seniority": "Executive",
      "email": "\u00e9milie.leroy@cabinet-leroy.belgium",
      "email_status": "verified",
      "phone": "+32440936718",
      "phone_status": "verified",
      "company": {
        "name": "Cabinet Leroy & Associ\u00e9s",
        "website": "https://www.cabinet-leroy.belgium",
        "industry": "Legal Services",
        "size": 49,
        "founded": 1991,
        "linkedin_url": "https://www.linkedin.com/company/cabinet-leroy-&-associ\u00e9s"
      },
      "location": {
        "country": "Belgium",
        "city": "Li\u00e8ge",
        "continent": "Europe"
      },
      "social": {
        "linkedin_url": "https://www.linkedin.com/in/\u00e9milie-leroy-11413",
        "twitter_url": null,
        "facebook_url": null
      },
      "buying_signals": "low",
      "last_contacted": null,
      "lead_source": "Apollo",
      "apollo_specific": {
        "lead_score": 56,
        "intent_score": 37,
        "funding_round": null,
        "account_stage": "Prospect",
        "technologies": []
      },
      "scrape_date": "2025-04-27T11:32:15.095256"
    },
    {
      "id": "apollo_1745753535_25",
      "first_name": "Paul",
      "last_name": "Thomas",
      "full_name": "Paul Thomas",
      "job_title": "Attorney",
      "seniority": "Executive",
      "email": "paul.thomas@cabinet-thomas.belgium",
      "email_status": "verified",
      "phone": "+32413875118",
      "phone_status": "unverified",
      "company": {
        "name": "Cabinet Thomas & Associ\u00e9s",
        "website": "https://www.cabinet-thomas.belgium",
        "industry": "Legal Services",
        "size": 50,
        "founded": 1983,
        "linkedin_url": "https://www.linkedin.com/company/cabinet-thomas-&-associ\u00e9s"
      },
      "location": {
        "country": "Belgium",
        "city": "Brussels",
        "continent": "Europe"
      },
      "social": {
        "linkedin_url": "https://www.linkedin.com/in/paul-thomas-72954",
        "twitter_url": null,
        "facebook_url": "https://facebook.com/paul.thomas"
      },
      "buying_signals": "high",
      "last_contacted": null,
      "lead_source": "Apollo",
      "apollo_specific": {
        "lead_score": 55,
        "intent_score": 85,
        "funding_round": null,
        "account_stage": "Qualified",
        "technologies": []
      },
      "scrape_date": "2025-04-27T11:32:15.095339"
    },
    {
      "id": "apollo_1745753535_26",
      "first_name": "Pierre",
      "last_name": "Michel",
      "full_name": "Pierre Michel",
      "job_title": "Partner",
      "seniority": "Executive",
      "email": "pierre.michel@cabinet-michel.fr",
      "email_status": "verified",
      "phone": "+33608682632",
      "phone_status": "unverified",
      "company": {
        "name": "Cabinet Michel & Associ\u00e9s",
        "website": "https://www.cabinet-michel.fr",
        "industry": "Legal Services",
        "size": 9,
        "founded": 1987,
        "linkedin_url": "https://www.linkedin.com/company/cabinet-michel-&-associ\u00e9s"
      },
      "location": {
        "country": "France",
        "city": "Lyon",
        "continent": "Europe"
      },
      "social": {
        "linkedin_url": "https://www.linkedin.com/in/pierre-michel-70849",
        "twitter_url": "https://twitter.com/pierremichel",
        "facebook_url": "https://facebook.com/pierre.michel"
      },
      "buying_signals": "high",
      "last_contacted": null,
      "lead_source": "Apollo",
      "apollo_specific": {
        "lead_score": 86,
        "intent_score": 79,
        "funding_round": null,
        "account_stage": "Qualified",
        "technologies": []
      },
      "scrape_date": "2025-04-27T11:32:15.095420"
    },
    {
      "id": "apollo_1745753535_27",
      "first_name": "Paul",
      "last_name": "Laurent",
      "full_name": "Paul Laurent",
      "job_title": "Partner",
      "seniority": "Executive",
      "email": "paul.laurent@cabinet-laurent.switzerland",
      "email_status": "verified",
      "phone": "+41724413581",
      "phone_status": "unverified",
      "company": {
        "name": "Cabinet Laurent & Associ\u00e9s",
        "website": "https://www.cabinet-laurent.switzerland",
        "industry": "Legal Services",
        "size": 40,
        "founded": 1993,
        "linkedin_url": "https://www.linkedin.com/company/cabinet-laurent-&-associ\u00e9s"
      },
      "location": {
        "country": "Switzerland",
        "city": "Basel",
        "continent": "Europe"
      },
      "social": {
        "linkedin_url": "https://www.linkedin.com/in/paul-laurent-35832",
        "twitter_url": null,
        "facebook_url": "https://facebook.com/paul.laurent"
      },
      "buying_signals": "low",
      "last_contacted": null,
      "lead_source": "Apollo",
      "apollo_specific": {
        "lead_score": 71,
        "intent_score": 88,
        "funding_round": null,
        "account_stage": "Qualified",
        "technologies": []
      },
      "scrape_date": "2025-04-27T11:32:15.095501"
    }
  ],
  "count": 28,
  "niche": "Avocats sp\u00e9cialis\u00e9s en droit des affaires",
  "campaign_id": null,
  "time_taken": 2.95396844215101,
  "source": "apollo",
  "filters_used": {
    "industry": "Legal Services",
    "employee_size": {
      "min": 1,
      "max": 50
    },
    "country": "France",
    "job_titles": [
      "Partner",
      "Owner",
      "Managing Partner",
      "Attorney",
      "Lawyer"
    ],
    "seniority": [
      "Owner",
      "Executive",
      "Senior"
    ],
    "keywords": [
      "Avocats",
      "sp\u00e9cialis\u00e9s",
      "en",
      "droit",
      "des",
      "affaires"
    ],
    "signal_scores": {
      "buying_intent": "high"
    },
    "recently_funded": false,
    "technologies": []
  },
  "status": "COMPLETED"
}
