=== ApolloScraper LOG ===
Timestamp: 2025-04-27T11:44:08.088618
Operation: execute
Status: COMPLETED

Input: {
  "niche": "Avocats sp\u00e9cialis\u00e9s en droit des affaires",
  "filters": {},
  "campaign_id": null
}

Output: {
  "leads": [
    {
      "id": "apollo_1745754248_0",
      "first_name": "Jean",
      "last_name": "Bernard",
      "full_name": "Jean Bernard",
      "job_title": "Owner",
      "seniority": "Executive",
      "email": "jean.bernard@cabinet-bernard.fr",
      "email_status": "verified",
      "phone": "+33614499503",
      "phone_status": "unverified",
      "company": {
        "name": "Cabinet Bernard & Associ\u00e9s",
        "website": "https://www.cabinet-bernard.fr",
        "industry": "Legal Services",
        "size": 46,
        "founded": 2012,
        "linkedin_url": "https://www.linkedin.com/company/cabinet-bernard-&-associ\u00e9s"
      },
      "location": {
        "country": "France",
        "city": "Strasbourg",
        "continent": "Europe"
      },
      "social": {
        "linkedin_url": "https://www.linkedin.com/in/jean-bernard-98783",
        "twitter_url": "https://twitter.com/jeanbernard",
        "facebook_url": null
      },
      "buying_signals": "high",
      "last_contacted": null,
      "lead_source": "Apollo",
      "apollo_specific": {
        "lead_score": 66,
        "intent_score": 30,
        "funding_round": "Series A",
        "account_stage": "Qualified",
        "technologies": []
      },
      "scrape_date": "2025-04-27T11:44:08.085344"
    },
    {
      "id": "apollo_1745754248_1",
      "first_name": "Jean",
      "last_name": "Dubois",
      "full_name": "Jean Dubois",
      "job_title": "Lawyer",
      "seniority": "Owner",
      "email": "jean.dubois@cabinet-dubois.belgium",
      "email_status": "verified",
      "phone": "+32457595987",
      "phone_status": "verified",
      "company": {
        "name": "Cabinet Dubois & Associ\u00e9s",
        "website": "https://www.cabinet-dubois.belgium",
        "industry": "Legal Services",
        "size": 36,
        "founded": 2008,
        "linkedin_url": "https://www.linkedin.com/company/cabinet-dubois-&-associ\u00e9s"
      },
      "location": {
        "country": "Belgium",
        "city": "Charleroi",
        "continent": "Europe"
      },
      "social": {
        "linkedin_url": "https://www.linkedin.com/in/jean-dubois-50354",
        "twitter_url": "https://twitter.com/jeandubois",
        "facebook_url": null
      },
      "buying_signals": "low",
      "last_contacted": "2025-03-06T11:44:08.085467",
      "lead_source": "Apollo",
      "apollo_specific": {
        "lead_score": 72,
        "intent_score": 51,
        "funding_round": null,
        "account_stage": "Target",
        "technologies": []
      },
      "scrape_date": "2025-04-27T11:44:08.085512"
    },
    {
      "id": "apollo_1745754248_2",
      "first_name": "Marie",
      "last_name": "Michel",
      "full_name": "Marie Michel",
      "job_title": "Owner",
      "seniority": "Owner",
      "email": "marie.michel@cabinet-michel.switzerland",
      "email_status": "verified",
      "phone": "+41725299771",
      "phone_status": "verified",
      "company": {
        "name": "Cabinet Michel & Associ\u00e9s",
        "website": "https://www.cabinet-michel.switzerland",
        "industry": "Legal Services",
        "size": 24,
        "founded": 2010,
        "linkedin_url": "https://www.linkedin.com/company/cabinet-michel-&-associ\u00e9s"
      },
      "location": {
        "country": "Switzerland",
        "city": "Bern",
        "continent": "Europe"
      },
      "social": {
        "linkedin_url": "https://www.linkedin.com/in/marie-michel-43871",
        "twitter_url": "https://twitter.com/mariemichel",
        "facebook_url": "https://facebook.com/marie.michel"
      },
      "buying_signals": "low",
      "last_contacted": null,
      "lead_source": "Apollo",
      "apollo_specific": {
        "lead_score": 59,
        "intent_score": 37,
        "funding_round": null,
        "account_stage": "Target",
        "technologies": []
      },
      "scrape_date": "2025-04-27T11:44:08.085739"
    },
    {
      "id": "apollo_1745754248_3",
      "first_name": "Nathalie",
      "last_name": "Durand",
      "full_name": "Nathalie Durand",
      "job_title": "Attorney",
      "seniority": "Executive",
      "email": "nathalie.durand@cabinet-durand.belgium",
      "email_status": "verified",
      "phone": "+32406997138",
      "phone_status": "unverified",
      "company": {
        "name": "Cabinet Durand & Associ\u00e9s",
        "website": "https://www.cabinet-durand.belgium",
        "industry": "Legal Services",
        "size": 9,
        "founded": 1986,
        "linkedin_url": "https://www.linkedin.com/company/cabinet-durand-&-associ\u00e9s"
      },
      "location": {
        "country": "Belgium",
        "city": "Brussels",
        "continent": "Europe"
      },
      "social": {
        "linkedin_url": "https://www.linkedin.com/in/nathalie-durand-95011",
        "twitter_url": "https://twitter.com/nathaliedurand",
        "facebook_url": null
      },
      "buying_signals": "medium",
      "last_contacted": "2025-03-12T11:44:08.085881",
      "lead_source": "Apollo",
      "apollo_specific": {
        "lead_score": 94,
        "intent_score": 76,
        "funding_round": null,
        "account_stage": "Qualified",
        "technologies": []
      },
      "scrape_date": "2025-04-27T11:44:08.085919"
    },
    {
      "id": "apollo_1745754248_4",
      "first_name": "Pierre",
      "last_name": "Moreau",
      "full_name": "Pierre Moreau",
      "job_title": "Managing Partner",
      "seniority": "Owner",
      "email": "pierre.moreau@cabinet-moreau.fr",
      "email_status": "unverified",
      "phone": "+33608455967",
      "phone_status": "verified",
      "company": {
        "name": "Cabinet Moreau & Associ\u00e9s",
        "website": "https://www.cabinet-moreau.fr",
        "industry": "Legal Services",
        "size": 4,
        "founded": 2015,
        "linkedin_url": "https://www.linkedin.com/company/cabinet-moreau-&-associ\u00e9s"
      },
      "location": {
        "country": "France",
        "city": "Strasbourg",
        "continent": "Europe"
      },
      "social": {
        "linkedin_url": "https://www.linkedin.com/in/pierre-moreau-31207",
        "twitter_url": "https://twitter.com/pierremoreau",
        "facebook_url": null
      },
      "buying_signals": "low",
      "last_contacted": null,
      "lead_source": "Apollo",
      "apollo_specific": {
        "lead_score": 88,
        "intent_score": 66,
        "funding_round": null,
        "account_stage": "Target",
        "technologies": []
      },
      "scrape_date": "2025-04-27T11:44:08.086068"
    },
    {
      "id": "apollo_1745754248_5",
      "first_name": "Marie",
      "last_name": "Bernard",
      "full_name": "Marie Bernard",
      "job_title": "Lawyer",
      "seniority": "Senior",
      "email": "marie.bernard@cabinet-bernard.switzerland",
      "email_status": "verified",
      "phone": "+41738621055",
      "phone_status": "verified",
      "company": {
        "name": "Cabinet Bernard & Associ\u00e9s",
        "website": "https://www.cabinet-bernard.switzerland",
        "industry": "Legal Services",
        "size": 27,
        "founded": 2014,
        "linkedin_url": "https://www.linkedin.com/company/cabinet-bernard-&-associ\u00e9s"
      },
      "location": {
        "country": "Switzerland",
        "city": "Basel",
        "continent": "Europe"
      },
      "social": {
        "linkedin_url": "https://www.linkedin.com/in/marie-bernard-97970",
        "twitter_url": "https://twitter.com/mariebernard",
        "facebook_url": null
      },
      "buying_signals": "low",
      "last_contacted": null,
      "lead_source": "Apollo",
      "apollo_specific": {
        "lead_score": 91,
        "intent_score": 33,
        "funding_round": "Seed",
        "account_stage": "Qualified",
        "technologies": []
      },
      "scrape_date": "2025-04-27T11:44:08.086222"
    },
    {
      "id": "apollo_1745754248_6",
      "first_name": "Paul",
      "last_name": "Martin",
      "full_name": "Paul Martin",
      "job_title": "Partner",
      "seniority": "Owner",
      "email": "paul.martin@cabinet-martin.fr",
      "email_status": "verified",
      "phone": "+33777052750",
      "phone_status": "verified",
      "company": {
        "name": "Cabinet Martin & Associ\u00e9s",
        "website": "https://www.cabinet-martin.fr",
        "industry": "Legal Services",
        "size": 39,
        "founded": 1985,
        "linkedin_url": "https://www.linkedin.com/company/cabinet-martin-&-associ\u00e9s"
      },
      "location": {
        "country": "France",
        "city": "Montpellier",
        "continent": "Europe"
      },
      "social": {
        "linkedin_url": "https://www.linkedin.com/in/paul-martin-91888",
        "twitter_url": null,
        "facebook_url": "https://facebook.com/paul.martin"
      },
      "buying_signals": "medium",
      "last_contacted": null,
      "lead_source": "Apollo",
      "apollo_specific": {
        "lead_score": 69,
        "intent_score": 87,
        "funding_round": null,
        "account_stage": "Target",
        "technologies": []
      },
      "scrape_date": "2025-04-27T11:44:08.086346"
    },
    {
      "id": "apollo_1745754248_7",
      "first_name": "\u00c9milie",
      "last_name": "Dubois",
      "full_name": "\u00c9milie Dubois",
      "job_title": "Owner",
      "seniority": "Senior",
      "email": "\u00e9milie.dubois@cabinet-dubois.fr",
      "email_status": "verified",
      "phone": "+33722344577",
      "phone_status": "verified",
      "company": {
        "name": "Cabinet Dubois & Associ\u00e9s",
        "website": "https://www.cabinet-dubois.fr",
        "industry": "Legal Services",
        "size": 10,
        "founded": 1985,
        "linkedin_url": "https://www.linkedin.com/company/cabinet-dubois-&-associ\u00e9s"
      },
      "location": {
        "country": "France",
        "city": "Montpellier",
        "continent": "Europe"
      },
      "social": {
        "linkedin_url": "https://www.linkedin.com/in/\u00e9milie-dubois-17298",
        "twitter_url": null,
        "facebook_url": null
      },
      "buying_signals": "high",
      "last_contacted": null,
      "lead_source": "Apollo",
      "apollo_specific": {
        "lead_score": 59,
        "intent_score": 33,
        "funding_round": null,
        "account_stage": "Target",
        "technologies": []
      },
      "scrape_date": "2025-04-27T11:44:08.086516"
    },
    {
      "id": "apollo_1745754248_8",
      "first_name": "David",
      "last_name": "Thomas",
      "full_name": "David Thomas",
      "job_title": "Partner",
      "seniority": "Senior",
      "email": "david.thomas@cabinet-thomas.belgium",
      "email_status": "verified",
      "phone": "+32459219754",
      "phone_status": "unverified",
      "company": {
        "name": "Cabinet Thomas & Associ\u00e9s",
        "website": "https://www.cabinet-thomas.belgium",
        "industry": "Legal Services",
        "size": 3,
        "founded": 1997,
        "linkedin_url": "https://www.linkedin.com/company/cabinet-thomas-&-associ\u00e9s"
      },
      "location": {
        "country": "Belgium",
        "city": "Antwerp",
        "continent": "Europe"
      },
      "social": {
        "linkedin_url": "https://www.linkedin.com/in/david-thomas-60118",
        "twitter_url": null,
        "facebook_url": null
      },
      "buying_signals": "medium",
      "last_contacted": null,
      "lead_source": "Apollo",
      "apollo_specific": {
        "lead_score": 73,
        "intent_score": 71,
        "funding_round": null,
        "account_stage": "Target",
        "technologies": []
      },
      "scrape_date": "2025-04-27T11:44:08.086682"
    },
    {
      "id": "apollo_1745754248_9",
      "first_name": "Sophie",
      "last_name": "Petit",
      "full_name": "Sophie Petit",
      "job_title": "Partner",
      "seniority": "Owner",
      "email": "sophie.petit@cabinet-petit.belgium",
      "email_status": "verified",
      "phone": "+32420507277",
      "phone_status": "verified",
      "company": {
        "name": "Cabinet Petit & Associ\u00e9s",
        "website": "https://www.cabinet-petit.belgium",
        "industry": "Legal Services",
        "size": 26,
        "founded": 1994,
        "linkedin_url": "https://www.linkedin.com/company/cabinet-petit-&-associ\u00e9s"
      },
      "location": {
        "country": "Belgium",
        "city": "Antwerp",
        "continent": "Europe"
      },
      "social": {
        "linkedin_url": "https://www.linkedin.com/in/sophie-petit-82425",
        "twitter_url": "https://twitter.com/sophiepetit",
        "facebook_url": null
      },
      "buying_signals": "medium",
      "last_contacted": "2025-02-28T11:44:08.086770",
      "lead_source": "Apollo",
      "apollo_specific": {
        "lead_score": 90,
        "intent_score": 77,
        "funding_round": null,
        "account_stage": "Target",
        "technologies": []
      },
      "scrape_date": "2025-04-27T11:44:08.086802"
    },
    {
      "id": "apollo_1745754248_10",
      "first_name": "David",
      "last_name": "Richard",
      "full_name": "David Richard",
      "job_title": "Partner",
      "seniority": "Owner",
      "email": "david.richard@cabinet-richard.switzerland",
      "email_status": "verified",
      "phone": "+41762928514",
      "phone_status": "unverified",
      "company": {
        "name": "Cabinet Richard & Associ\u00e9s",
        "website": "https://www.cabinet-richard.switzerland",
        "industry": "Legal Services",
        "size": 29,
        "founded": 1980,
        "linkedin_url": "https://www.linkedin.com/company/cabinet-richard-&-associ\u00e9s"
      },
      "location": {
        "country": "Switzerland",
        "city": "Lausanne",
        "continent": "Europe"
      },
      "social": {
        "linkedin_url": "https://www.linkedin.com/in/david-richard-70977",
        "twitter_url": "https://twitter.com/davidrichard",
        "facebook_url": "https://facebook.com/david.richard"
      },
      "buying_signals": "high",
      "last_contacted": null,
      "lead_source": "Apollo",
      "apollo_specific": {
        "lead_score": 59,
        "intent_score": 84,
        "funding_round": null,
        "account_stage": "Prospect",
        "technologies": []
      },
      "scrape_date": "2025-04-27T11:44:08.086922"
    },
    {
      "id": "apollo_1745754248_11",
      "first_name": "Jean",
      "last_name": "Martin",
      "full_name": "Jean Martin",
      "job_title": "Attorney",
      "seniority": "Executive",
      "email": "jean.martin@cabinet-martin.belgium",
      "email_status": "verified",
      "phone": "+32493428904",
      "phone_status": "verified",
      "company": {
        "name": "Cabinet Martin & Associ\u00e9s",
        "website": "https://www.cabinet-martin.belgium",
        "industry": "Legal Services",
        "size": 2,
        "founded": 1981,
        "linkedin_url": "https://www.linkedin.com/company/cabinet-martin-&-associ\u00e9s"
      },
      "location": {
        "country": "Belgium",
        "city": "Charleroi",
        "continent": "Europe"
      },
      "social": {
        "linkedin_url": "https://www.linkedin.com/in/jean-martin-10360",
        "twitter_url": "https://twitter.com/jeanmartin",
        "facebook_url": "https://facebook.com/jean.martin"
      },
      "buying_signals": "low",
      "last_contacted": null,
      "lead_source": "Apollo",
      "apollo_specific": {
        "lead_score": 76,
        "intent_score": 64,
        "funding_round": null,
        "account_stage": "Qualified",
        "technologies": []
      },
      "scrape_date": "2025-04-27T11:44:08.087127"
    },
    {
      "id": "apollo_1745754248_12",
      "first_name": "Nathalie",
      "last_name": "Bernard",
      "full_name": "Nathalie Bernard",
      "job_title": "Lawyer",
      "seniority": "Senior",
      "email": "nathalie.bernard@cabinet-bernard.belgium",
      "email_status": "verified",
      "phone": "+32468535699",
      "phone_status": "unverified",
      "company": {
        "name": "Cabinet Bernard & Associ\u00e9s",
        "website": "https://www.cabinet-bernard.belgium",
        "industry": "Legal Services",
        "size": 38,
        "founded": 1983,
        "linkedin_url": "https://www.linkedin.com/company/cabinet-bernard-&-associ\u00e9s"
      },
      "location": {
        "country": "Belgium",
        "city": "Antwerp",
        "continent": "Europe"
      },
      "social": {
        "linkedin_url": "https://www.linkedin.com/in/nathalie-bernard-13755",
        "twitter_url": null,
        "facebook_url": null
      },
      "buying_signals": "medium",
      "last_contacted": null,
      "lead_source": "Apollo",
      "apollo_specific": {
        "lead_score": 64,
        "intent_score": 55,
        "funding_round": null,
        "account_stage": "Target",
        "technologies": []
      },
      "scrape_date": "2025-04-27T11:44:08.087325"
    },
    {
      "id": "apollo_1745754248_13",
      "first_name": "Jean",
      "last_name": "Robert",
      "full_name": "Jean Robert",
      "job_title": "Lawyer",
      "seniority": "Senior",
      "email": "jean.robert@cabinet-robert.fr",
      "email_status": "verified",
      "phone": "+33663483664",
      "phone_status": "verified",
      "company": {
        "name": "Cabinet Robert & Associ\u00e9s",
        "website": "https://www.cabinet-robert.fr",
        "industry": "Legal Services",
        "size": 26,
        "founded": 1998,
        "linkedin_url": "https://www.linkedin.com/company/cabinet-robert-&-associ\u00e9s"
      },
      "location": {
        "country": "France",
        "city": "Marseille",
        "continent": "Europe"
      },
      "social": {
        "linkedin_url": "https://www.linkedin.com/in/jean-robert-47135",
        "twitter_url": "https://twitter.com/jeanrobert",
        "facebook_url": "https://facebook.com/jean.robert"
      },
      "buying_signals": "medium",
      "last_contacted": null,
      "lead_source": "Apollo",
      "apollo_specific": {
        "lead_score": 59,
        "intent_score": 42,
        "funding_round": null,
        "account_stage": "Qualified",
        "technologies": []
      },
      "scrape_date": "2025-04-27T11:44:08.087512"
    },
    {
      "id": "apollo_1745754248_14",
      "first_name": "Nathalie",
      "last_name": "Lefebvre",
      "full_name": "Nathalie Lefebvre",
      "job_title": "Lawyer",
      "seniority": "Owner",
      "email": "nathalie.lefebvre@cabinet-lefebvre.switzerland",
      "email_status": "verified",
      "phone": "+41792575123",
      "phone_status": "verified",
      "company": {
        "name": "Cabinet Lefebvre & Associ\u00e9s",
        "website": "https://www.cabinet-lefebvre.switzerland",
        "industry": "Legal Services",
        "size": 40,
        "founded": 2000,
        "linkedin_url": "https://www.linkedin.com/company/cabinet-lefebvre-&-associ\u00e9s"
      },
      "location": {
        "country": "Switzerland",
        "city": "Bern",
        "continent": "Europe"
      },
      "social": {
        "linkedin_url": "https://www.linkedin.com/in/nathalie-lefebvre-87079",
        "twitter_url": null,
        "facebook_url": "https://facebook.com/nathalie.lefebvre"
      },
      "buying_signals": "medium",
      "last_contacted": null,
      "lead_source": "Apollo",
      "apollo_specific": {
        "lead_score": 70,
        "intent_score": 54,
        "funding_round": null,
        "account_stage": "Qualified",
        "technologies": []
      },
      "scrape_date": "2025-04-27T11:44:08.087669"
    },
    {
      "id": "apollo_1745754248_15",
      "first_name": "Jean",
      "last_name": "Bernard",
      "full_name": "Jean Bernard",
      "job_title": "Lawyer",
      "seniority": "Owner",
      "email": "jean.bernard@cabinet-bernard.switzerland",
      "email_status": "unverified",
      "phone": "+41761686271",
      "phone_status": "verified",
      "company": {
        "name": "Cabinet Bernard & Associ\u00e9s",
        "website": "https://www.cabinet-bernard.switzerland",
        "industry": "Legal Services",
        "size": 46,
        "founded": 2011,
        "linkedin_url": "https://www.linkedin.com/company/cabinet-bernard-&-associ\u00e9s"
      },
      "location": {
        "country": "Switzerland",
        "city": "Lausanne",
        "continent": "Europe"
      },
      "social": {
        "linkedin_url": "https://www.linkedin.com/in/jean-bernard-77281",
        "twitter_url": null,
        "facebook_url": null
      },
      "buying_signals": "low",
      "last_contacted": "2025-02-18T11:44:08.087774",
      "lead_source": "Apollo",
      "apollo_specific": {
        "lead_score": 72,
        "intent_score": 37,
        "funding_round": null,
        "account_stage": "Target",
        "technologies": []
      },
      "scrape_date": "2025-04-27T11:44:08.087845"
    },
    {
      "id": "apollo_1745754248_16",
      "first_name": "Paul",
      "last_name": "Dubois",
      "full_name": "Paul Dubois",
      "job_title": "Attorney",
      "seniority": "Executive",
      "email": "paul.dubois@cabinet-dubois.fr",
      "email_status": "unverified",
      "phone": "+33725355827",
      "phone_status": "unverified",
      "company": {
        "name": "Cabinet Dubois & Associ\u00e9s",
        "website": "https://www.cabinet-dubois.fr",
        "industry": "Legal Services",
        "size": 15,
        "founded": 2004,
        "linkedin_url": "https://www.linkedin.com/company/cabinet-dubois-&-associ\u00e9s"
      },
      "location": {
        "country": "France",
        "city": "Strasbourg",
        "continent": "Europe"
      },
      "social": {
        "linkedin_url": "https://www.linkedin.com/in/paul-dubois-50194",
        "twitter_url": null,
        "facebook_url": null
      },
      "buying_signals": "high",
      "last_contacted": "2024-12-28T11:44:08.087987",
      "lead_source": "Apollo",
      "apollo_specific": {
        "lead_score": 74,
        "intent_score": 33,
        "funding_round": null,
        "account_stage": "Prospect",
        "technologies": []
      },
      "scrape_date": "2025-04-27T11:44:08.088048"
    },
    {
      "id": "apollo_1745754248_17",
      "first_name": "Jean",
      "last_name": "Leroy",
      "full_name": "Jean Leroy",
      "job_title": "Managing Partner",
      "seniority": "Owner",
      "email": "jean.leroy@cabinet-leroy.switzerland",
      "email_status": "verified",
      "phone": "+41725113608",
      "phone_status": "verified",
      "company": {
        "name": "Cabinet Leroy & Associ\u00e9s",
        "website": "https://www.cabinet-leroy.switzerland",
        "industry": "Legal Services",
        "size": 33,
        "founded": 1997,
        "linkedin_url": "https://www.linkedin.com/company/cabinet-leroy-&-associ\u00e9s"
      },
      "location": {
        "country": "Switzerland",
        "city": "Basel",
        "continent": "Europe"
      },
      "social": {
        "linkedin_url": "https://www.linkedin.com/in/jean-leroy-87160",
        "twitter_url": "https://twitter.com/jeanleroy",
        "facebook_url": null
      },
      "buying_signals": "low",
      "last_contacted": null,
      "lead_source": "Apollo",
      "apollo_specific": {
        "lead_score": 52,
        "intent_score": 58,
        "funding_round": null,
        "account_stage": "Prospect",
        "technologies": []
      },
      "scrape_date": "2025-04-27T11:44:08.088291"
    },
    {
      "id": "apollo_1745754248_18",
      "first_name": "David",
      "last_name": "Durand",
      "full_name": "David Durand",
      "job_title": "Owner",
      "seniority": "Owner",
      "email": "david.durand@cabinet-durand.belgium",
      "email_status": "unverified",
      "phone": "+32486676535",
      "phone_status": "unverified",
      "company": {
        "name": "Cabinet Durand & Associ\u00e9s",
        "website": "https://www.cabinet-durand.belgium",
        "industry": "Legal Services",
        "size": 41,
        "founded": 2011,
        "linkedin_url": "https://www.linkedin.com/company/cabinet-durand-&-associ\u00e9s"
      },
      "location": {
        "country": "Belgium",
        "city": "Charleroi",
        "continent": "Europe"
      },
      "social": {
        "linkedin_url": "https://www.linkedin.com/in/david-durand-75210",
        "twitter_url": "https://twitter.com/daviddurand",
        "facebook_url": null
      },
      "buying_signals": "low",
      "last_contacted": null,
      "lead_source": "Apollo",
      "apollo_specific": {
        "lead_score": 66,
        "intent_score": 70,
        "funding_round": null,
        "account_stage": "Target",
        "technologies": []
      },
      "scrape_date": "2025-04-27T11:44:08.088438"
    },
    {
      "id": "apollo_1745754248_19",
      "first_name": "L\u00e9a",
      "last_name": "Laurent",
      "full_name": "L\u00e9a Laurent",
      "job_title": "Lawyer",
      "seniority": "Senior",
      "email": "l\u00e9a.laurent@cabinet-laurent.fr",
      "email_status": "verified",
      "phone": "+33625039708",
      "phone_status": "verified",
      "company": {
        "name": "Cabinet Laurent & Associ\u00e9s",
        "website": "https://www.cabinet-laurent.fr",
        "industry": "Legal Services",
        "size": 44,
        "founded": 2000,
        "linkedin_url": "https://www.linkedin.com/company/cabinet-laurent-&-associ\u00e9s"
      },
      "location": {
        "country": "France",
        "city": "Paris",
        "continent": "Europe"
      },
      "social": {
        "linkedin_url": "https://www.linkedin.com/in/l\u00e9a-laurent-41442",
        "twitter_url": null,
        "facebook_url": null
      },
      "buying_signals": "low",
      "last_contacted": null,
      "lead_source": "Apollo",
      "apollo_specific": {
        "lead_score": 69,
        "intent_score": 66,
        "funding_round": null,
        "account_stage": "Qualified",
        "technologies": []
      },
      "scrape_date": "2025-04-27T11:44:08.088591"
    }
  ],
  "count": 20,
  "niche": "Avocats sp\u00e9cialis\u00e9s en droit des affaires",
  "campaign_id": null,
  "time_taken": 1.4041417361349249,
  "source": "apollo",
  "filters_used": {
    "industry": "Legal Services",
    "employee_size": {
      "min": 1,
      "max": 50
    },
    "country": "France",
    "job_titles": [
      "Partner",
      "Owner",
      "Managing Partner",
      "Attorney",
      "Lawyer"
    ],
    "seniority": [
      "Owner",
      "Executive",
      "Senior"
    ],
    "keywords": [
      "Avocats",
      "sp\u00e9cialis\u00e9s",
      "en",
      "droit",
      "des",
      "affaires"
    ],
    "signal_scores": {
      "buying_intent": "high"
    },
    "recently_funded": false,
    "technologies": []
  },
  "status": "COMPLETED"
}
