=== ApolloScraper LOG ===
Timestamp: 2025-04-27T01:03:53.051287
Operation: execute
Status: COMPLETED

Input: {
  "niche": "Avocats sp\u00e9cialis\u00e9s en droit des affaires",
  "filters": {},
  "campaign_id": null
}

Output: {
  "leads": [
    {
      "id": "apollo_1745715833_0",
      "first_name": "Thomas",
      "last_name": "Simon",
      "full_name": "Thomas Simon",
      "job_title": "Managing Partner",
      "seniority": "Owner",
      "email": "thomas.simon@cabinet-simon.switzerland",
      "email_status": "verified",
      "phone": "+41706390006",
      "phone_status": "verified",
      "company": {
        "name": "Cabinet Simon & Associ\u00e9s",
        "website": "https://www.cabinet-simon.switzerland",
        "industry": "Legal Services",
        "size": 23,
        "founded": 1994,
        "linkedin_url": "https://www.linkedin.com/company/cabinet-simon-&-associ\u00e9s"
      },
      "location": {
        "country": "Switzerland",
        "city": "Basel",
        "continent": "Europe"
      },
      "social": {
        "linkedin_url": "https://www.linkedin.com/in/thomas-simon-21212",
        "twitter_url": "https://twitter.com/thomassimon",
        "facebook_url": null
      },
      "buying_signals": "low",
      "last_contacted": "2024-12-28T01:03:53.047896",
      "lead_source": "Apollo",
      "apollo_specific": {
        "lead_score": 57,
        "intent_score": 77,
        "funding_round": null,
        "account_stage": "Lead",
        "technologies": []
      },
      "scrape_date": "2025-04-27T01:03:53.047973"
    },
    {
      "id": "apollo_1745715833_1",
      "first_name": "Pierre",
      "last_name": "Simon",
      "full_name": "Pierre Simon",
      "job_title": "Partner",
      "seniority": "Senior",
      "email": "pierre.simon@cabinet-simon.switzerland",
      "email_status": "verified",
      "phone": "+41749825498",
      "phone_status": "unverified",
      "company": {
        "name": "Cabinet Simon & Associ\u00e9s",
        "website": "https://www.cabinet-simon.switzerland",
        "industry": "Legal Services",
        "size": 47,
        "founded": 1985,
        "linkedin_url": "https://www.linkedin.com/company/cabinet-simon-&-associ\u00e9s"
      },
      "location": {
        "country": "Switzerland",
        "city": "Bern",
        "continent": "Europe"
      },
      "social": {
        "linkedin_url": "https://www.linkedin.com/in/pierre-simon-55171",
        "twitter_url": "https://twitter.com/pierresimon",
        "facebook_url": "https://facebook.com/pierre.simon"
      },
      "buying_signals": "high",
      "last_contacted": "2025-03-19T01:03:53.048073",
      "lead_source": "Apollo",
      "apollo_specific": {
        "lead_score": 84,
        "intent_score": 43,
        "funding_round": null,
        "account_stage": "Lead",
        "technologies": []
      },
      "scrape_date": "2025-04-27T01:03:53.048104"
    },
    {
      "id": "apollo_1745715833_2",
      "first_name": "Julie",
      "last_name": "Robert",
      "full_name": "Julie Robert",
      "job_title": "Attorney",
      "seniority": "Owner",
      "email": "julie.robert@cabinet-robert.fr",
      "email_status": "unverified",
      "phone": "+33780592127",
      "phone_status": "unverified",
      "company": {
        "name": "Cabinet Robert & Associ\u00e9s",
        "website": "https://www.cabinet-robert.fr",
        "industry": "Legal Services",
        "size": 11,
        "founded": 1991,
        "linkedin_url": "https://www.linkedin.com/company/cabinet-robert-&-associ\u00e9s"
      },
      "location": {
        "country": "France",
        "city": "Strasbourg",
        "continent": "Europe"
      },
      "social": {
        "linkedin_url": "https://www.linkedin.com/in/julie-robert-90552",
        "twitter_url": "https://twitter.com/julierobert",
        "facebook_url": null
      },
      "buying_signals": "medium",
      "last_contacted": "2025-02-23T01:03:53.048180",
      "lead_source": "Apollo",
      "apollo_specific": {
        "lead_score": 94,
        "intent_score": 58,
        "funding_round": null,
        "account_stage": "Prospect",
        "technologies": []
      },
      "scrape_date": "2025-04-27T01:03:53.048208"
    },
    {
      "id": "apollo_1745715833_3",
      "first_name": "Nicolas",
      "last_name": "Lefebvre",
      "full_name": "Nicolas Lefebvre",
      "job_title": "Lawyer",
      "seniority": "Executive",
      "email": "nicolas.lefebvre@cabinet-lefebvre.belgium",
      "email_status": "unverified",
      "phone": "+32437203828",
      "phone_status": "verified",
      "company": {
        "name": "Cabinet Lefebvre & Associ\u00e9s",
        "website": "https://www.cabinet-lefebvre.belgium",
        "industry": "Legal Services",
        "size": 41,
        "founded": 1991,
        "linkedin_url": "https://www.linkedin.com/company/cabinet-lefebvre-&-associ\u00e9s"
      },
      "location": {
        "country": "Belgium",
        "city": "Li\u00e8ge",
        "continent": "Europe"
      },
      "social": {
        "linkedin_url": "https://www.linkedin.com/in/nicolas-lefebvre-43750",
        "twitter_url": "https://twitter.com/nicolaslefebvre",
        "facebook_url": "https://facebook.com/nicolas.lefebvre"
      },
      "buying_signals": "medium",
      "last_contacted": null,
      "lead_source": "Apollo",
      "apollo_specific": {
        "lead_score": 79,
        "intent_score": 40,
        "funding_round": null,
        "account_stage": "Qualified",
        "technologies": []
      },
      "scrape_date": "2025-04-27T01:03:53.048305"
    },
    {
      "id": "apollo_1745715833_4",
      "first_name": "Thomas",
      "last_name": "Laurent",
      "full_name": "Thomas Laurent",
      "job_title": "Lawyer",
      "seniority": "Senior",
      "email": "thomas.laurent@cabinet-laurent.switzerland",
      "email_status": "unverified",
      "phone": "+41709550506",
      "phone_status": "unverified",
      "company": {
        "name": "Cabinet Laurent & Associ\u00e9s",
        "website": "https://www.cabinet-laurent.switzerland",
        "industry": "Legal Services",
        "size": 6,
        "founded": 1988,
        "linkedin_url": "https://www.linkedin.com/company/cabinet-laurent-&-associ\u00e9s"
      },
      "location": {
        "country": "Switzerland",
        "city": "Basel",
        "continent": "Europe"
      },
      "social": {
        "linkedin_url": "https://www.linkedin.com/in/thomas-laurent-94606",
        "twitter_url": "https://twitter.com/thomaslaurent",
        "facebook_url": null
      },
      "buying_signals": "high",
      "last_contacted": null,
      "lead_source": "Apollo",
      "apollo_specific": {
        "lead_score": 60,
        "intent_score": 76,
        "funding_round": "Series A",
        "account_stage": "Prospect",
        "technologies": []
      },
      "scrape_date": "2025-04-27T01:03:53.048428"
    },
    {
      "id": "apollo_1745715833_5",
      "first_name": "C\u00e9line",
      "last_name": "Richard",
      "full_name": "C\u00e9line Richard",
      "job_title": "Attorney",
      "seniority": "Executive",
      "email": "c\u00e9line.richard@cabinet-richard.belgium",
      "email_status": "verified",
      "phone": "+32419541595",
      "phone_status": "unverified",
      "company": {
        "name": "Cabinet Richard & Associ\u00e9s",
        "website": "https://www.cabinet-richard.belgium",
        "industry": "Legal Services",
        "size": 15,
        "founded": 2009,
        "linkedin_url": "https://www.linkedin.com/company/cabinet-richard-&-associ\u00e9s"
      },
      "location": {
        "country": "Belgium",
        "city": "Charleroi",
        "continent": "Europe"
      },
      "social": {
        "linkedin_url": "https://www.linkedin.com/in/c\u00e9line-richard-13399",
        "twitter_url": null,
        "facebook_url": null
      },
      "buying_signals": "low",
      "last_contacted": null,
      "lead_source": "Apollo",
      "apollo_specific": {
        "lead_score": 75,
        "intent_score": 59,
        "funding_round": null,
        "account_stage": "Target",
        "technologies": []
      },
      "scrape_date": "2025-04-27T01:03:53.048525"
    },
    {
      "id": "apollo_1745715833_6",
      "first_name": "Nathalie",
      "last_name": "Lefebvre",
      "full_name": "Nathalie Lefebvre",
      "job_title": "Managing Partner",
      "seniority": "Owner",
      "email": "nathalie.lefebvre@cabinet-lefebvre.switzerland",
      "email_status": "verified",
      "phone": "+41713846781",
      "phone_status": "unverified",
      "company": {
        "name": "Cabinet Lefebvre & Associ\u00e9s",
        "website": "https://www.cabinet-lefebvre.switzerland",
        "industry": "Legal Services",
        "size": 28,
        "founded": 2005,
        "linkedin_url": "https://www.linkedin.com/company/cabinet-lefebvre-&-associ\u00e9s"
      },
      "location": {
        "country": "Switzerland",
        "city": "Geneva",
        "continent": "Europe"
      },
      "social": {
        "linkedin_url": "https://www.linkedin.com/in/nathalie-lefebvre-49376",
        "twitter_url": null,
        "facebook_url": null
      },
      "buying_signals": "high",
      "last_contacted": null,
      "lead_source": "Apollo",
      "apollo_specific": {
        "lead_score": 61,
        "intent_score": 38,
        "funding_round": null,
        "account_stage": "Qualified",
        "technologies": []
      },
      "scrape_date": "2025-04-27T01:03:53.048632"
    },
    {
      "id": "apollo_1745715833_7",
      "first_name": "Jean",
      "last_name": "Martin",
      "full_name": "Jean Martin",
      "job_title": "Owner",
      "seniority": "Senior",
      "email": "jean.martin@cabinet-martin.fr",
      "email_status": "unverified",
      "phone": "+33778679257",
      "phone_status": "unverified",
      "company": {
        "name": "Cabinet Martin & Associ\u00e9s",
        "website": "https://www.cabinet-martin.fr",
        "industry": "Legal Services",
        "size": 12,
        "founded": 1992,
        "linkedin_url": "https://www.linkedin.com/company/cabinet-martin-&-associ\u00e9s"
      },
      "location": {
        "country": "France",
        "city": "Nice",
        "continent": "Europe"
      },
      "social": {
        "linkedin_url": "https://www.linkedin.com/in/jean-martin-98636",
        "twitter_url": null,
        "facebook_url": "https://facebook.com/jean.martin"
      },
      "buying_signals": "high",
      "last_contacted": "2025-01-26T01:03:53.048722",
      "lead_source": "Apollo",
      "apollo_specific": {
        "lead_score": 87,
        "intent_score": 43,
        "funding_round": null,
        "account_stage": "Lead",
        "technologies": []
      },
      "scrape_date": "2025-04-27T01:03:53.048750"
    },
    {
      "id": "apollo_1745715833_8",
      "first_name": "Jean",
      "last_name": "Michel",
      "full_name": "Jean Michel",
      "job_title": "Managing Partner",
      "seniority": "Owner",
      "email": "jean.michel@cabinet-michel.fr",
      "email_status": "verified",
      "phone": "+33640331391",
      "phone_status": "unverified",
      "company": {
        "name": "Cabinet Michel & Associ\u00e9s",
        "website": "https://www.cabinet-michel.fr",
        "industry": "Legal Services",
        "size": 50,
        "founded": 2018,
        "linkedin_url": "https://www.linkedin.com/company/cabinet-michel-&-associ\u00e9s"
      },
      "location": {
        "country": "France",
        "city": "Grenoble",
        "continent": "Europe"
      },
      "social": {
        "linkedin_url": "https://www.linkedin.com/in/jean-michel-92316",
        "twitter_url": "https://twitter.com/jeanmichel",
        "facebook_url": null
      },
      "buying_signals": "high",
      "last_contacted": null,
      "lead_source": "Apollo",
      "apollo_specific": {
        "lead_score": 56,
        "intent_score": 80,
        "funding_round": null,
        "account_stage": "Lead",
        "technologies": []
      },
      "scrape_date": "2025-04-27T01:03:53.048847"
    },
    {
      "id": "apollo_1745715833_9",
      "first_name": "Paul",
      "last_name": "Martin",
      "full_name": "Paul Martin",
      "job_title": "Attorney",
      "seniority": "Owner",
      "email": "paul.martin@cabinet-martin.belgium",
      "email_status": "verified",
      "phone": "+32419317508",
      "phone_status": "verified",
      "company": {
        "name": "Cabinet Martin & Associ\u00e9s",
        "website": "https://www.cabinet-martin.belgium",
        "industry": "Legal Services",
        "size": 19,
        "founded": 2020,
        "linkedin_url": "https://www.linkedin.com/company/cabinet-martin-&-associ\u00e9s"
      },
      "location": {
        "country": "Belgium",
        "city": "Li\u00e8ge",
        "continent": "Europe"
      },
      "social": {
        "linkedin_url": "https://www.linkedin.com/in/paul-martin-54866",
        "twitter_url": "https://twitter.com/paulmartin",
        "facebook_url": "https://facebook.com/paul.martin"
      },
      "buying_signals": "high",
      "last_contacted": null,
      "lead_source": "Apollo",
      "apollo_specific": {
        "lead_score": 58,
        "intent_score": 89,
        "funding_round": null,
        "account_stage": "Target",
        "technologies": []
      },
      "scrape_date": "2025-04-27T01:03:53.048960"
    },
    {
      "id": "apollo_1745715833_10",
      "first_name": "Jean",
      "last_name": "Lefebvre",
      "full_name": "Jean Lefebvre",
      "job_title": "Attorney",
      "seniority": "Executive",
      "email": "jean.lefebvre@cabinet-lefebvre.belgium",
      "email_status": "unverified",
      "phone": "+32445320498",
      "phone_status": "verified",
      "company": {
        "name": "Cabinet Lefebvre & Associ\u00e9s",
        "website": "https://www.cabinet-lefebvre.belgium",
        "industry": "Legal Services",
        "size": 34,
        "founded": 2003,
        "linkedin_url": "https://www.linkedin.com/company/cabinet-lefebvre-&-associ\u00e9s"
      },
      "location": {
        "country": "Belgium",
        "city": "Antwerp",
        "continent": "Europe"
      },
      "social": {
        "linkedin_url": "https://www.linkedin.com/in/jean-lefebvre-98532",
        "twitter_url": null,
        "facebook_url": null
      },
      "buying_signals": "high",
      "last_contacted": null,
      "lead_source": "Apollo",
      "apollo_specific": {
        "lead_score": 91,
        "intent_score": 68,
        "funding_round": null,
        "account_stage": "Lead",
        "technologies": []
      },
      "scrape_date": "2025-04-27T01:03:53.049113"
    },
    {
      "id": "apollo_1745715833_11",
      "first_name": "David",
      "last_name": "Dubois",
      "full_name": "David Dubois",
      "job_title": "Lawyer",
      "seniority": "Executive",
      "email": "david.dubois@cabinet-dubois.belgium",
      "email_status": "unverified",
      "phone": "+32417364334",
      "phone_status": "unverified",
      "company": {
        "name": "Cabinet Dubois & Associ\u00e9s",
        "website": "https://www.cabinet-dubois.belgium",
        "industry": "Legal Services",
        "size": 12,
        "founded": 2003,
        "linkedin_url": "https://www.linkedin.com/company/cabinet-dubois-&-associ\u00e9s"
      },
      "location": {
        "country": "Belgium",
        "city": "Brussels",
        "continent": "Europe"
      },
      "social": {
        "linkedin_url": "https://www.linkedin.com/in/david-dubois-58845",
        "twitter_url": null,
        "facebook_url": null
      },
      "buying_signals": "high",
      "last_contacted": null,
      "lead_source": "Apollo",
      "apollo_specific": {
        "lead_score": 92,
        "intent_score": 61,
        "funding_round": null,
        "account_stage": "Lead",
        "technologies": []
      },
      "scrape_date": "2025-04-27T01:03:53.049210"
    },
    {
      "id": "apollo_1745715833_12",
      "first_name": "David",
      "last_name": "Simon",
      "full_name": "David Simon",
      "job_title": "Lawyer",
      "seniority": "Owner",
      "email": "david.simon@cabinet-simon.belgium",
      "email_status": "unverified",
      "phone": "+32430904475",
      "phone_status": "unverified",
      "company": {
        "name": "Cabinet Simon & Associ\u00e9s",
        "website": "https://www.cabinet-simon.belgium",
        "industry": "Legal Services",
        "size": 13,
        "founded": 2001,
        "linkedin_url": "https://www.linkedin.com/company/cabinet-simon-&-associ\u00e9s"
      },
      "location": {
        "country": "Belgium",
        "city": "Ghent",
        "continent": "Europe"
      },
      "social": {
        "linkedin_url": "https://www.linkedin.com/in/david-simon-58369",
        "twitter_url": "https://twitter.com/davidsimon",
        "facebook_url": null
      },
      "buying_signals": "high",
      "last_contacted": null,
      "lead_source": "Apollo",
      "apollo_specific": {
        "lead_score": 53,
        "intent_score": 36,
        "funding_round": null,
        "account_stage": "Prospect",
        "technologies": []
      },
      "scrape_date": "2025-04-27T01:03:53.049312"
    },
    {
      "id": "apollo_1745715833_13",
      "first_name": "Nicolas",
      "last_name": "Lefebvre",
      "full_name": "Nicolas Lefebvre",
      "job_title": "Managing Partner",
      "seniority": "Owner",
      "email": "nicolas.lefebvre@cabinet-lefebvre.belgium",
      "email_status": "unverified",
      "phone": "+32489580776",
      "phone_status": "unverified",
      "company": {
        "name": "Cabinet Lefebvre & Associ\u00e9s",
        "website": "https://www.cabinet-lefebvre.belgium",
        "industry": "Legal Services",
        "size": 49,
        "founded": 2019,
        "linkedin_url": "https://www.linkedin.com/company/cabinet-lefebvre-&-associ\u00e9s"
      },
      "location": {
        "country": "Belgium",
        "city": "Ghent",
        "continent": "Europe"
      },
      "social": {
        "linkedin_url": "https://www.linkedin.com/in/nicolas-lefebvre-95357",
        "twitter_url": null,
        "facebook_url": null
      },
      "buying_signals": "low",
      "last_contacted": "2025-01-19T01:03:53.049454",
      "lead_source": "Apollo",
      "apollo_specific": {
        "lead_score": 65,
        "intent_score": 38,
        "funding_round": null,
        "account_stage": "Prospect",
        "technologies": []
      },
      "scrape_date": "2025-04-27T01:03:53.049481"
    },
    {
      "id": "apollo_1745715833_14",
      "first_name": "Jean",
      "last_name": "Michel",
      "full_name": "Jean Michel",
      "job_title": "Attorney",
      "seniority": "Owner",
      "email": "jean.michel@cabinet-michel.switzerland",
      "email_status": "unverified",
      "phone": "+41771961678",
      "phone_status": "verified",
      "company": {
        "name": "Cabinet Michel & Associ\u00e9s",
        "website": "https://www.cabinet-michel.switzerland",
        "industry": "Legal Services",
        "size": 16,
        "founded": 2009,
        "linkedin_url": "https://www.linkedin.com/company/cabinet-michel-&-associ\u00e9s"
      },
      "location": {
        "country": "Switzerland",
        "city": "Geneva",
        "continent": "Europe"
      },
      "social": {
        "linkedin_url": "https://www.linkedin.com/in/jean-michel-81119",
        "twitter_url": "https://twitter.com/jeanmichel",
        "facebook_url": null
      },
      "buying_signals": "medium",
      "last_contacted": null,
      "lead_source": "Apollo",
      "apollo_specific": {
        "lead_score": 87,
        "intent_score": 44,
        "funding_round": null,
        "account_stage": "Target",
        "technologies": []
      },
      "scrape_date": "2025-04-27T01:03:53.049578"
    },
    {
      "id": "apollo_1745715833_15",
      "first_name": "C\u00e9line",
      "last_name": "Dubois",
      "full_name": "C\u00e9line Dubois",
      "job_title": "Managing Partner",
      "seniority": "Senior",
      "email": "c\u00e9line.dubois@cabinet-dubois.fr",
      "email_status": "verified",
      "phone": "+33755604537",
      "phone_status": "verified",
      "company": {
        "name": "Cabinet Dubois & Associ\u00e9s",
        "website": "https://www.cabinet-dubois.fr",
        "industry": "Legal Services",
        "size": 49,
        "founded": 1983,
        "linkedin_url": "https://www.linkedin.com/company/cabinet-dubois-&-associ\u00e9s"
      },
      "location": {
        "country": "France",
        "city": "Nantes",
        "continent": "Europe"
      },
      "social": {
        "linkedin_url": "https://www.linkedin.com/in/c\u00e9line-dubois-33769",
        "twitter_url": "https://twitter.com/c\u00e9linedubois",
        "facebook_url": null
      },
      "buying_signals": "medium",
      "last_contacted": null,
      "lead_source": "Apollo",
      "apollo_specific": {
        "lead_score": 95,
        "intent_score": 53,
        "funding_round": null,
        "account_stage": "Lead",
        "technologies": []
      },
      "scrape_date": "2025-04-27T01:03:53.049675"
    },
    {
      "id": "apollo_1745715833_16",
      "first_name": "Nicolas",
      "last_name": "Laurent",
      "full_name": "Nicolas Laurent",
      "job_title": "Attorney",
      "seniority": "Executive",
      "email": "nicolas.laurent@cabinet-laurent.fr",
      "email_status": "verified",
      "phone": "+33785471520",
      "phone_status": "verified",
      "company": {
        "name": "Cabinet Laurent & Associ\u00e9s",
        "website": "https://www.cabinet-laurent.fr",
        "industry": "Legal Services",
        "size": 30,
        "founded": 2006,
        "linkedin_url": "https://www.linkedin.com/company/cabinet-laurent-&-associ\u00e9s"
      },
      "location": {
        "country": "France",
        "city": "Paris",
        "continent": "Europe"
      },
      "social": {
        "linkedin_url": "https://www.linkedin.com/in/nicolas-laurent-11333",
        "twitter_url": null,
        "facebook_url": "https://facebook.com/nicolas.laurent"
      },
      "buying_signals": "low",
      "last_contacted": null,
      "lead_source": "Apollo",
      "apollo_specific": {
        "lead_score": 58,
        "intent_score": 49,
        "funding_round": null,
        "account_stage": "Prospect",
        "technologies": []
      },
      "scrape_date": "2025-04-27T01:03:53.049769"
    },
    {
      "id": "apollo_1745715833_17",
      "first_name": "Sophie",
      "last_name": "Simon",
      "full_name": "Sophie Simon",
      "job_title": "Attorney",
      "seniority": "Senior",
      "email": "sophie.simon@cabinet-simon.fr",
      "email_status": "unverified",
      "phone": "+33737111394",
      "phone_status": "verified",
      "company": {
        "name": "Cabinet Simon & Associ\u00e9s",
        "website": "https://www.cabinet-simon.fr",
        "industry": "Legal Services",
        "size": 32,
        "founded": 2003,
        "linkedin_url": "https://www.linkedin.com/company/cabinet-simon-&-associ\u00e9s"
      },
      "location": {
        "country": "France",
        "city": "Montpellier",
        "continent": "Europe"
      },
      "social": {
        "linkedin_url": "https://www.linkedin.com/in/sophie-simon-59771",
        "twitter_url": "https://twitter.com/sophiesimon",
        "facebook_url": null
      },
      "buying_signals": "high",
      "last_contacted": null,
      "lead_source": "Apollo",
      "apollo_specific": {
        "lead_score": 53,
        "intent_score": 41,
        "funding_round": null,
        "account_stage": "Target",
        "technologies": []
      },
      "scrape_date": "2025-04-27T01:03:53.049863"
    },
    {
      "id": "apollo_1745715833_18",
      "first_name": "Marie",
      "last_name": "Simon",
      "full_name": "Marie Simon",
      "job_title": "Partner",
      "seniority": "Executive",
      "email": "marie.simon@cabinet-simon.fr",
      "email_status": "unverified",
      "phone": "+33750389360",
      "phone_status": "verified",
      "company": {
        "name": "Cabinet Simon & Associ\u00e9s",
        "website": "https://www.cabinet-simon.fr",
        "industry": "Legal Services",
        "size": 39,
        "founded": 1985,
        "linkedin_url": "https://www.linkedin.com/company/cabinet-simon-&-associ\u00e9s"
      },
      "location": {
        "country": "France",
        "city": "Strasbourg",
        "continent": "Europe"
      },
      "social": {
        "linkedin_url": "https://www.linkedin.com/in/marie-simon-80923",
        "twitter_url": null,
        "facebook_url": "https://facebook.com/marie.simon"
      },
      "buying_signals": "medium",
      "last_contacted": null,
      "lead_source": "Apollo",
      "apollo_specific": {
        "lead_score": 90,
        "intent_score": 36,
        "funding_round": null,
        "account_stage": "Qualified",
        "technologies": []
      },
      "scrape_date": "2025-04-27T01:03:53.049956"
    },
    {
      "id": "apollo_1745715833_19",
      "first_name": "Michel",
      "last_name": "Moreau",
      "full_name": "Michel Moreau",
      "job_title": "Owner",
      "seniority": "Owner",
      "email": "michel.moreau@cabinet-moreau.fr",
      "email_status": "verified",
      "phone": "+33665299159",
      "phone_status": "verified",
      "company": {
        "name": "Cabinet Moreau & Associ\u00e9s",
        "website": "https://www.cabinet-moreau.fr",
        "industry": "Legal Services",
        "size": 16,
        "founded": 2012,
        "linkedin_url": "https://www.linkedin.com/company/cabinet-moreau-&-associ\u00e9s"
      },
      "location": {
        "country": "France",
        "city": "Lyon",
        "continent": "Europe"
      },
      "social": {
        "linkedin_url": "https://www.linkedin.com/in/michel-moreau-91290",
        "twitter_url": null,
        "facebook_url": "https://facebook.com/michel.moreau"
      },
      "buying_signals": "medium",
      "last_contacted": null,
      "lead_source": "Apollo",
      "apollo_specific": {
        "lead_score": 72,
        "intent_score": 44,
        "funding_round": null,
        "account_stage": "Lead",
        "technologies": []
      },
      "scrape_date": "2025-04-27T01:03:53.050053"
    },
    {
      "id": "apollo_1745715833_20",
      "first_name": "Thomas",
      "last_name": "Durand",
      "full_name": "Thomas Durand",
      "job_title": "Attorney",
      "seniority": "Executive",
      "email": "thomas.durand@cabinet-durand.fr",
      "email_status": "verified",
      "phone": "+33696722067",
      "phone_status": "verified",
      "company": {
        "name": "Cabinet Durand & Associ\u00e9s",
        "website": "https://www.cabinet-durand.fr",
        "industry": "Legal Services",
        "size": 13,
        "founded": 2017,
        "linkedin_url": "https://www.linkedin.com/company/cabinet-durand-&-associ\u00e9s"
      },
      "location": {
        "country": "France",
        "city": "Grenoble",
        "continent": "Europe"
      },
      "social": {
        "linkedin_url": "https://www.linkedin.com/in/thomas-durand-58200",
        "twitter_url": null,
        "facebook_url": null
      },
      "buying_signals": "high",
      "last_contacted": null,
      "lead_source": "Apollo",
      "apollo_specific": {
        "lead_score": 68,
        "intent_score": 87,
        "funding_round": null,
        "account_stage": "Lead",
        "technologies": []
      },
      "scrape_date": "2025-04-27T01:03:53.050158"
    },
    {
      "id": "apollo_1745715833_21",
      "first_name": "David",
      "last_name": "Leroy",
      "full_name": "David Leroy",
      "job_title": "Lawyer",
      "seniority": "Senior",
      "email": "david.leroy@cabinet-leroy.switzerland",
      "email_status": "verified",
      "phone": "+41779080785",
      "phone_status": "verified",
      "company": {
        "name": "Cabinet Leroy & Associ\u00e9s",
        "website": "https://www.cabinet-leroy.switzerland",
        "industry": "Legal Services",
        "size": 32,
        "founded": 2007,
        "linkedin_url": "https://www.linkedin.com/company/cabinet-leroy-&-associ\u00e9s"
      },
      "location": {
        "country": "Switzerland",
        "city": "Geneva",
        "continent": "Europe"
      },
      "social": {
        "linkedin_url": "https://www.linkedin.com/in/david-leroy-77510",
        "twitter_url": null,
        "facebook_url": null
      },
      "buying_signals": "high",
      "last_contacted": null,
      "lead_source": "Apollo",
      "apollo_specific": {
        "lead_score": 94,
        "intent_score": 34,
        "funding_round": null,
        "account_stage": "Qualified",
        "technologies": []
      },
      "scrape_date": "2025-04-27T01:03:53.050253"
    },
    {
      "id": "apollo_1745715833_22",
      "first_name": "Julie",
      "last_name": "Leroy",
      "full_name": "Julie Leroy",
      "job_title": "Managing Partner",
      "seniority": "Senior",
      "email": "julie.leroy@cabinet-leroy.switzerland",
      "email_status": "verified",
      "phone": "+41703547576",
      "phone_status": "verified",
      "company": {
        "name": "Cabinet Leroy & Associ\u00e9s",
        "website": "https://www.cabinet-leroy.switzerland",
        "industry": "Legal Services",
        "size": 48,
        "founded": 2012,
        "linkedin_url": "https://www.linkedin.com/company/cabinet-leroy-&-associ\u00e9s"
      },
      "location": {
        "country": "Switzerland",
        "city": "Basel",
        "continent": "Europe"
      },
      "social": {
        "linkedin_url": "https://www.linkedin.com/in/julie-leroy-98855",
        "twitter_url": null,
        "facebook_url": "https://facebook.com/julie.leroy"
      },
      "buying_signals": "medium",
      "last_contacted": null,
      "lead_source": "Apollo",
      "apollo_specific": {
        "lead_score": 62,
        "intent_score": 37,
        "funding_round": null,
        "account_stage": "Qualified",
        "technologies": []
      },
      "scrape_date": "2025-04-27T01:03:53.050370"
    },
    {
      "id": "apollo_1745715833_23",
      "first_name": "Paul",
      "last_name": "Petit",
      "full_name": "Paul Petit",
      "job_title": "Attorney",
      "seniority": "Owner",
      "email": "paul.petit@cabinet-petit.switzerland",
      "email_status": "verified",
      "phone": "+41760120538",
      "phone_status": "verified",
      "company": {
        "name": "Cabinet Petit & Associ\u00e9s",
        "website": "https://www.cabinet-petit.switzerland",
        "industry": "Legal Services",
        "size": 28,
        "founded": 1999,
        "linkedin_url": "https://www.linkedin.com/company/cabinet-petit-&-associ\u00e9s"
      },
      "location": {
        "country": "Switzerland",
        "city": "Zurich",
        "continent": "Europe"
      },
      "social": {
        "linkedin_url": "https://www.linkedin.com/in/paul-petit-83872",
        "twitter_url": "https://twitter.com/paulpetit",
        "facebook_url": "https://facebook.com/paul.petit"
      },
      "buying_signals": "medium",
      "last_contacted": "2025-03-01T01:03:53.050444",
      "lead_source": "Apollo",
      "apollo_specific": {
        "lead_score": 65,
        "intent_score": 33,
        "funding_round": null,
        "account_stage": "Target",
        "technologies": []
      },
      "scrape_date": "2025-04-27T01:03:53.050474"
    },
    {
      "id": "apollo_1745715833_24",
      "first_name": "Pierre",
      "last_name": "Petit",
      "full_name": "Pierre Petit",
      "job_title": "Lawyer",
      "seniority": "Executive",
      "email": "pierre.petit@cabinet-petit.fr",
      "email_status": "unverified",
      "phone": "+33685657846",
      "phone_status": "verified",
      "company": {
        "name": "Cabinet Petit & Associ\u00e9s",
        "website": "https://www.cabinet-petit.fr",
        "industry": "Legal Services",
        "size": 45,
        "founded": 2016,
        "linkedin_url": "https://www.linkedin.com/company/cabinet-petit-&-associ\u00e9s"
      },
      "location": {
        "country": "France",
        "city": "Rennes",
        "continent": "Europe"
      },
      "social": {
        "linkedin_url": "https://www.linkedin.com/in/pierre-petit-86837",
        "twitter_url": "https://twitter.com/pierrepetit",
        "facebook_url": "https://facebook.com/pierre.petit"
      },
      "buying_signals": "high",
      "last_contacted": "2025-02-03T01:03:53.050544",
      "lead_source": "Apollo",
      "apollo_specific": {
        "lead_score": 53,
        "intent_score": 71,
        "funding_round": null,
        "account_stage": "Prospect",
        "technologies": []
      },
      "scrape_date": "2025-04-27T01:03:53.050569"
    },
    {
      "id": "apollo_1745715833_25",
      "first_name": "Nicolas",
      "last_name": "Simon",
      "full_name": "Nicolas Simon",
      "job_title": "Partner",
      "seniority": "Senior",
      "email": "nicolas.simon@cabinet-simon.fr",
      "email_status": "verified",
      "phone": "+33680079565",
      "phone_status": "verified",
      "company": {
        "name": "Cabinet Simon & Associ\u00e9s",
        "website": "https://www.cabinet-simon.fr",
        "industry": "Legal Services",
        "size": 36,
        "founded": 1994,
        "linkedin_url": "https://www.linkedin.com/company/cabinet-simon-&-associ\u00e9s"
      },
      "location": {
        "country": "France",
        "city": "Nice",
        "continent": "Europe"
      },
      "social": {
        "linkedin_url": "https://www.linkedin.com/in/nicolas-simon-25997",
        "twitter_url": "https://twitter.com/nicolassimon",
        "facebook_url": null
      },
      "buying_signals": "low",
      "last_contacted": null,
      "lead_source": "Apollo",
      "apollo_specific": {
        "lead_score": 63,
        "intent_score": 59,
        "funding_round": null,
        "account_stage": "Qualified",
        "technologies": []
      },
      "scrape_date": "2025-04-27T01:03:53.050678"
    },
    {
      "id": "apollo_1745715833_26",
      "first_name": "Jean",
      "last_name": "Richard",
      "full_name": "Jean Richard",
      "job_title": "Attorney",
      "seniority": "Owner",
      "email": "jean.richard@cabinet-richard.fr",
      "email_status": "unverified",
      "phone": "+33605786037",
      "phone_status": "verified",
      "company": {
        "name": "Cabinet Richard & Associ\u00e9s",
        "website": "https://www.cabinet-richard.fr",
        "industry": "Legal Services",
        "size": 17,
        "founded": 1997,
        "linkedin_url": "https://www.linkedin.com/company/cabinet-richard-&-associ\u00e9s"
      },
      "location": {
        "country": "France",
        "city": "Grenoble",
        "continent": "Europe"
      },
      "social": {
        "linkedin_url": "https://www.linkedin.com/in/jean-richard-83683",
        "twitter_url": null,
        "facebook_url": null
      },
      "buying_signals": "high",
      "last_contacted": null,
      "lead_source": "Apollo",
      "apollo_specific": {
        "lead_score": 63,
        "intent_score": 51,
        "funding_round": null,
        "account_stage": "Prospect",
        "technologies": []
      },
      "scrape_date": "2025-04-27T01:03:53.050777"
    },
    {
      "id": "apollo_1745715833_27",
      "first_name": "Nicolas",
      "last_name": "Michel",
      "full_name": "Nicolas Michel",
      "job_title": "Attorney",
      "seniority": "Executive",
      "email": "nicolas.michel@cabinet-michel.fr",
      "email_status": "unverified",
      "phone": "+33767894669",
      "phone_status": "verified",
      "company": {
        "name": "Cabinet Michel & Associ\u00e9s",
        "website": "https://www.cabinet-michel.fr",
        "industry": "Legal Services",
        "size": 20,
        "founded": 1986,
        "linkedin_url": "https://www.linkedin.com/company/cabinet-michel-&-associ\u00e9s"
      },
      "location": {
        "country": "France",
        "city": "Rennes",
        "continent": "Europe"
      },
      "social": {
        "linkedin_url": "https://www.linkedin.com/in/nicolas-michel-16305",
        "twitter_url": null,
        "facebook_url": null
      },
      "buying_signals": "medium",
      "last_contacted": null,
      "lead_source": "Apollo",
      "apollo_specific": {
        "lead_score": 76,
        "intent_score": 46,
        "funding_round": null,
        "account_stage": "Qualified",
        "technologies": []
      },
      "scrape_date": "2025-04-27T01:03:53.050874"
    },
    {
      "id": "apollo_1745715833_28",
      "first_name": "Pierre",
      "last_name": "Petit",
      "full_name": "Pierre Petit",
      "job_title": "Attorney",
      "seniority": "Owner",
      "email": "pierre.petit@cabinet-petit.switzerland",
      "email_status": "unverified",
      "phone": "+41776470802",
      "phone_status": "unverified",
      "company": {
        "name": "Cabinet Petit & Associ\u00e9s",
        "website": "https://www.cabinet-petit.switzerland",
        "industry": "Legal Services",
        "size": 26,
        "founded": 1998,
        "linkedin_url": "https://www.linkedin.com/company/cabinet-petit-&-associ\u00e9s"
      },
      "location": {
        "country": "Switzerland",
        "city": "Zurich",
        "continent": "Europe"
      },
      "social": {
        "linkedin_url": "https://www.linkedin.com/in/pierre-petit-93460",
        "twitter_url": "https://twitter.com/pierrepetit",
        "facebook_url": null
      },
      "buying_signals": "high",
      "last_contacted": null,
      "lead_source": "Apollo",
      "apollo_specific": {
        "lead_score": 81,
        "intent_score": 68,
        "funding_round": null,
        "account_stage": "Lead",
        "technologies": []
      },
      "scrape_date": "2025-04-27T01:03:53.050967"
    },
    {
      "id": "apollo_1745715833_29",
      "first_name": "Pierre",
      "last_name": "Thomas",
      "full_name": "Pierre Thomas",
      "job_title": "Attorney",
      "seniority": "Executive",
      "email": "pierre.thomas@cabinet-thomas.fr",
      "email_status": "verified",
      "phone": "+33642586248",
      "phone_status": "verified",
      "company": {
        "name": "Cabinet Thomas & Associ\u00e9s",
        "website": "https://www.cabinet-thomas.fr",
        "industry": "Legal Services",
        "size": 43,
        "founded": 1987,
        "linkedin_url": "https://www.linkedin.com/company/cabinet-thomas-&-associ\u00e9s"
      },
      "location": {
        "country": "France",
        "city": "Paris",
        "continent": "Europe"
      },
      "social": {
        "linkedin_url": "https://www.linkedin.com/in/pierre-thomas-11830",
        "twitter_url": "https://twitter.com/pierrethomas",
        "facebook_url": null
      },
      "buying_signals": "low",
      "last_contacted": null,
      "lead_source": "Apollo",
      "apollo_specific": {
        "lead_score": 67,
        "intent_score": 89,
        "funding_round": null,
        "account_stage": "Prospect",
        "technologies": []
      },
      "scrape_date": "2025-04-27T01:03:53.051061"
    },
    {
      "id": "apollo_1745715833_30",
      "first_name": "Paul",
      "last_name": "Moreau",
      "full_name": "Paul Moreau",
      "job_title": "Owner",
      "seniority": "Executive",
      "email": "paul.moreau@cabinet-moreau.fr",
      "email_status": "verified",
      "phone": "+33667136263",
      "phone_status": "unverified",
      "company": {
        "name": "Cabinet Moreau & Associ\u00e9s",
        "website": "https://www.cabinet-moreau.fr",
        "industry": "Legal Services",
        "size": 14,
        "founded": 2007,
        "linkedin_url": "https://www.linkedin.com/company/cabinet-moreau-&-associ\u00e9s"
      },
      "location": {
        "country": "France",
        "city": "Nantes",
        "continent": "Europe"
      },
      "social": {
        "linkedin_url": "https://www.linkedin.com/in/paul-moreau-18695",
        "twitter_url": "https://twitter.com/paulmoreau",
        "facebook_url": null
      },
      "buying_signals": "medium",
      "last_contacted": null,
      "lead_source": "Apollo",
      "apollo_specific": {
        "lead_score": 66,
        "intent_score": 50,
        "funding_round": null,
        "account_stage": "Prospect",
        "technologies": []
      },
      "scrape_date": "2025-04-27T01:03:53.051159"
    },
    {
      "id": "apollo_1745715833_31",
      "first_name": "Julie",
      "last_name": "Thomas",
      "full_name": "Julie Thomas",
      "job_title": "Managing Partner",
      "seniority": "Executive",
      "email": "julie.thomas@cabinet-thomas.fr",
      "email_status": "unverified",
      "phone": "+33763945577",
      "phone_status": "verified",
      "company": {
        "name": "Cabinet Thomas & Associ\u00e9s",
        "website": "https://www.cabinet-thomas.fr",
        "industry": "Legal Services",
        "size": 21,
        "founded": 1999,
        "linkedin_url": "https://www.linkedin.com/company/cabinet-thomas-&-associ\u00e9s"
      },
      "location": {
        "country": "France",
        "city": "Toulouse",
        "continent": "Europe"
      },
      "social": {
        "linkedin_url": "https://www.linkedin.com/in/julie-thomas-15408",
        "twitter_url": "https://twitter.com/juliethomas",
        "facebook_url": null
      },
      "buying_signals": "high",
      "last_contacted": null,
      "lead_source": "Apollo",
      "apollo_specific": {
        "lead_score": 82,
        "intent_score": 76,
        "funding_round": null,
        "account_stage": "Target",
        "technologies": []
      },
      "scrape_date": "2025-04-27T01:03:53.051265"
    }
  ],
  "count": 32,
  "niche": "Avocats sp\u00e9cialis\u00e9s en droit des affaires",
  "campaign_id": null,
  "time_taken": 3.674785990721856,
  "source": "apollo",
  "filters_used": {
    "industry": "Legal Services",
    "employee_size": {
      "min": 1,
      "max": 50
    },
    "country": "France",
    "job_titles": [
      "Partner",
      "Owner",
      "Managing Partner",
      "Attorney",
      "Lawyer"
    ],
    "seniority": [
      "Owner",
      "Executive",
      "Senior"
    ],
    "keywords": [
      "Avocats",
      "sp\u00e9cialis\u00e9s",
      "en",
      "droit",
      "des",
      "affaires"
    ],
    "signal_scores": {
      "buying_intent": "high"
    },
    "recently_funded": false,
    "technologies": []
  },
  "status": "COMPLETED"
}
