=== ApolloScraper LOG ===
Timestamp: 2025-04-27T14:36:15.087409
Operation: execute
Status: COMPLETED

Input: {
  "niche": "Avocats sp\u00e9cialis\u00e9s en droit des affaires",
  "filters": {},
  "campaign_id": null
}

Output: {
  "leads": [
    {
      "id": "apollo_1745764575_0",
      "first_name": "Jean",
      "last_name": "Michel",
      "full_name": "Jean Michel",
      "job_title": "Lawyer",
      "seniority": "Executive",
      "email": "jean.michel@cabinet-michel.belgium",
      "email_status": "verified",
      "phone": "+32460668341",
      "phone_status": "verified",
      "company": {
        "name": "Cabinet Michel & Associ\u00e9s",
        "website": "https://www.cabinet-michel.belgium",
        "industry": "Legal Services",
        "size": 29,
        "founded": 2006,
        "linkedin_url": "https://www.linkedin.com/company/cabinet-michel-&-associ\u00e9s"
      },
      "location": {
        "country": "Belgium",
        "city": "Li\u00e8ge",
        "continent": "Europe"
      },
      "social": {
        "linkedin_url": "https://www.linkedin.com/in/jean-michel-57472",
        "twitter_url": null,
        "facebook_url": "https://facebook.com/jean.michel"
      },
      "buying_signals": "medium",
      "last_contacted": null,
      "lead_source": "Apollo",
      "apollo_specific": {
        "lead_score": 82,
        "intent_score": 44,
        "funding_round": null,
        "account_stage": "Prospect",
        "technologies": []
      },
      "scrape_date": "2025-04-27T14:36:15.086236"
    },
    {
      "id": "apollo_1745764575_1",
      "first_name": "L\u00e9a",
      "last_name": "Durand",
      "full_name": "L\u00e9a Durand",
      "job_title": "Managing Partner",
      "seniority": "Senior",
      "email": "l\u00e9a.durand@cabinet-durand.switzerland",
      "email_status": "unverified",
      "phone": "+41777936964",
      "phone_status": "unverified",
      "company": {
        "name": "Cabinet Durand & Associ\u00e9s",
        "website": "https://www.cabinet-durand.switzerland",
        "industry": "Legal Services",
        "size": 28,
        "founded": 2001,
        "linkedin_url": "https://www.linkedin.com/company/cabinet-durand-&-associ\u00e9s"
      },
      "location": {
        "country": "Switzerland",
        "city": "Basel",
        "continent": "Europe"
      },
      "social": {
        "linkedin_url": "https://www.linkedin.com/in/l\u00e9a-durand-61274",
        "twitter_url": null,
        "facebook_url": null
      },
      "buying_signals": "medium",
      "last_contacted": null,
      "lead_source": "Apollo",
      "apollo_specific": {
        "lead_score": 71,
        "intent_score": 84,
        "funding_round": null,
        "account_stage": "Target",
        "technologies": []
      },
      "scrape_date": "2025-04-27T14:36:15.086298"
    },
    {
      "id": "apollo_1745764575_2",
      "first_name": "Paul",
      "last_name": "Robert",
      "full_name": "Paul Robert",
      "job_title": "Managing Partner",
      "seniority": "Owner",
      "email": "paul.robert@cabinet-robert.fr",
      "email_status": "unverified",
      "phone": "+33727392077",
      "phone_status": "unverified",
      "company": {
        "name": "Cabinet Robert & Associ\u00e9s",
        "website": "https://www.cabinet-robert.fr",
        "industry": "Legal Services",
        "size": 9,
        "founded": 1980,
        "linkedin_url": "https://www.linkedin.com/company/cabinet-robert-&-associ\u00e9s"
      },
      "location": {
        "country": "France",
        "city": "Rennes",
        "continent": "Europe"
      },
      "social": {
        "linkedin_url": "https://www.linkedin.com/in/paul-robert-67868",
        "twitter_url": "https://twitter.com/paulrobert",
        "facebook_url": "https://facebook.com/paul.robert"
      },
      "buying_signals": "high",
      "last_contacted": null,
      "lead_source": "Apollo",
      "apollo_specific": {
        "lead_score": 79,
        "intent_score": 58,
        "funding_round": null,
        "account_stage": "Lead",
        "technologies": []
      },
      "scrape_date": "2025-04-27T14:36:15.086347"
    },
    {
      "id": "apollo_1745764575_3",
      "first_name": "Jean",
      "last_name": "Richard",
      "full_name": "Jean Richard",
      "job_title": "Partner",
      "seniority": "Senior",
      "email": "jean.richard@cabinet-richard.belgium",
      "email_status": "verified",
      "phone": "+32441278917",
      "phone_status": "verified",
      "company": {
        "name": "Cabinet Richard & Associ\u00e9s",
        "website": "https://www.cabinet-richard.belgium",
        "industry": "Legal Services",
        "size": 50,
        "founded": 2020,
        "linkedin_url": "https://www.linkedin.com/company/cabinet-richard-&-associ\u00e9s"
      },
      "location": {
        "country": "Belgium",
        "city": "Li\u00e8ge",
        "continent": "Europe"
      },
      "social": {
        "linkedin_url": "https://www.linkedin.com/in/jean-richard-10588",
        "twitter_url": null,
        "facebook_url": null
      },
      "buying_signals": "high",
      "last_contacted": null,
      "lead_source": "Apollo",
      "apollo_specific": {
        "lead_score": 69,
        "intent_score": 88,
        "funding_round": null,
        "account_stage": "Target",
        "technologies": []
      },
      "scrape_date": "2025-04-27T14:36:15.086417"
    },
    {
      "id": "apollo_1745764575_4",
      "first_name": "Pierre",
      "last_name": "Laurent",
      "full_name": "Pierre Laurent",
      "job_title": "Lawyer",
      "seniority": "Executive",
      "email": "pierre.laurent@cabinet-laurent.fr",
      "email_status": "verified",
      "phone": "+33634080024",
      "phone_status": "unverified",
      "company": {
        "name": "Cabinet Laurent & Associ\u00e9s",
        "website": "https://www.cabinet-laurent.fr",
        "industry": "Legal Services",
        "size": 17,
        "founded": 2016,
        "linkedin_url": "https://www.linkedin.com/company/cabinet-laurent-&-associ\u00e9s"
      },
      "location": {
        "country": "France",
        "city": "Lyon",
        "continent": "Europe"
      },
      "social": {
        "linkedin_url": "https://www.linkedin.com/in/pierre-laurent-71399",
        "twitter_url": "https://twitter.com/pierrelaurent",
        "facebook_url": "https://facebook.com/pierre.laurent"
      },
      "buying_signals": "high",
      "last_contacted": null,
      "lead_source": "Apollo",
      "apollo_specific": {
        "lead_score": 79,
        "intent_score": 67,
        "funding_round": null,
        "account_stage": "Target",
        "technologies": []
      },
      "scrape_date": "2025-04-27T14:36:15.086464"
    },
    {
      "id": "apollo_1745764575_5",
      "first_name": "Julie",
      "last_name": "Thomas",
      "full_name": "Julie Thomas",
      "job_title": "Attorney",
      "seniority": "Senior",
      "email": "julie.thomas@cabinet-thomas.belgium",
      "email_status": "verified",
      "phone": "+32403793789",
      "phone_status": "unverified",
      "company": {
        "name": "Cabinet Thomas & Associ\u00e9s",
        "website": "https://www.cabinet-thomas.belgium",
        "industry": "Legal Services",
        "size": 24,
        "founded": 1997,
        "linkedin_url": "https://www.linkedin.com/company/cabinet-thomas-&-associ\u00e9s"
      },
      "location": {
        "country": "Belgium",
        "city": "Brussels",
        "continent": "Europe"
      },
      "social": {
        "linkedin_url": "https://www.linkedin.com/in/julie-thomas-29548",
        "twitter_url": null,
        "facebook_url": "https://facebook.com/julie.thomas"
      },
      "buying_signals": "medium",
      "last_contacted": "2025-02-27T14:36:15.086499",
      "lead_source": "Apollo",
      "apollo_specific": {
        "lead_score": 59,
        "intent_score": 88,
        "funding_round": null,
        "account_stage": "Lead",
        "technologies": []
      },
      "scrape_date": "2025-04-27T14:36:15.086511"
    },
    {
      "id": "apollo_1745764575_6",
      "first_name": "Julie",
      "last_name": "Lefebvre",
      "full_name": "Julie Lefebvre",
      "job_title": "Lawyer",
      "seniority": "Owner",
      "email": "julie.lefebvre@cabinet-lefebvre.belgium",
      "email_status": "verified",
      "phone": "+32421736159",
      "phone_status": "verified",
      "company": {
        "name": "Cabinet Lefebvre & Associ\u00e9s",
        "website": "https://www.cabinet-lefebvre.belgium",
        "industry": "Legal Services",
        "size": 33,
        "founded": 1990,
        "linkedin_url": "https://www.linkedin.com/company/cabinet-lefebvre-&-associ\u00e9s"
      },
      "location": {
        "country": "Belgium",
        "city": "Li\u00e8ge",
        "continent": "Europe"
      },
      "social": {
        "linkedin_url": "https://www.linkedin.com/in/julie-lefebvre-50690",
        "twitter_url": null,
        "facebook_url": null
      },
      "buying_signals": "low",
      "last_contacted": null,
      "lead_source": "Apollo",
      "apollo_specific": {
        "lead_score": 52,
        "intent_score": 85,
        "funding_round": null,
        "account_stage": "Lead",
        "technologies": []
      },
      "scrape_date": "2025-04-27T14:36:15.086558"
    },
    {
      "id": "apollo_1745764575_7",
      "first_name": "Jean",
      "last_name": "Martin",
      "full_name": "Jean Martin",
      "job_title": "Lawyer",
      "seniority": "Senior",
      "email": "jean.martin@cabinet-martin.belgium",
      "email_status": "verified",
      "phone": "+32432547305",
      "phone_status": "verified",
      "company": {
        "name": "Cabinet Martin & Associ\u00e9s",
        "website": "https://www.cabinet-martin.belgium",
        "industry": "Legal Services",
        "size": 26,
        "founded": 2008,
        "linkedin_url": "https://www.linkedin.com/company/cabinet-martin-&-associ\u00e9s"
      },
      "location": {
        "country": "Belgium",
        "city": "Charleroi",
        "continent": "Europe"
      },
      "social": {
        "linkedin_url": "https://www.linkedin.com/in/jean-martin-12914",
        "twitter_url": null,
        "facebook_url": null
      },
      "buying_signals": "medium",
      "last_contacted": null,
      "lead_source": "Apollo",
      "apollo_specific": {
        "lead_score": 66,
        "intent_score": 71,
        "funding_round": null,
        "account_stage": "Prospect",
        "technologies": []
      },
      "scrape_date": "2025-04-27T14:36:15.086604"
    },
    {
      "id": "apollo_1745764575_8",
      "first_name": "Pierre",
      "last_name": "Dubois",
      "full_name": "Pierre Dubois",
      "job_title": "Lawyer",
      "seniority": "Owner",
      "email": "pierre.dubois@cabinet-dubois.belgium",
      "email_status": "verified",
      "phone": "+32466783922",
      "phone_status": "verified",
      "company": {
        "name": "Cabinet Dubois & Associ\u00e9s",
        "website": "https://www.cabinet-dubois.belgium",
        "industry": "Legal Services",
        "size": 30,
        "founded": 2004,
        "linkedin_url": "https://www.linkedin.com/company/cabinet-dubois-&-associ\u00e9s"
      },
      "location": {
        "country": "Belgium",
        "city": "Ghent",
        "continent": "Europe"
      },
      "social": {
        "linkedin_url": "https://www.linkedin.com/in/pierre-dubois-12449",
        "twitter_url": null,
        "facebook_url": "https://facebook.com/pierre.dubois"
      },
      "buying_signals": "low",
      "last_contacted": "2025-01-26T14:36:15.086648",
      "lead_source": "Apollo",
      "apollo_specific": {
        "lead_score": 81,
        "intent_score": 36,
        "funding_round": null,
        "account_stage": "Prospect",
        "technologies": []
      },
      "scrape_date": "2025-04-27T14:36:15.086662"
    },
    {
      "id": "apollo_1745764575_9",
      "first_name": "L\u00e9a",
      "last_name": "Simon",
      "full_name": "L\u00e9a Simon",
      "job_title": "Attorney",
      "seniority": "Senior",
      "email": "l\u00e9a.simon@cabinet-simon.fr",
      "email_status": "verified",
      "phone": "+33664362232",
      "phone_status": "verified",
      "company": {
        "name": "Cabinet Simon & Associ\u00e9s",
        "website": "https://www.cabinet-simon.fr",
        "industry": "Legal Services",
        "size": 23,
        "founded": 1987,
        "linkedin_url": "https://www.linkedin.com/company/cabinet-simon-&-associ\u00e9s"
      },
      "location": {
        "country": "France",
        "city": "Montpellier",
        "continent": "Europe"
      },
      "social": {
        "linkedin_url": "https://www.linkedin.com/in/l\u00e9a-simon-65642",
        "twitter_url": null,
        "facebook_url": null
      },
      "buying_signals": "high",
      "last_contacted": null,
      "lead_source": "Apollo",
      "apollo_specific": {
        "lead_score": 92,
        "intent_score": 45,
        "funding_round": "Seed",
        "account_stage": "Target",
        "technologies": []
      },
      "scrape_date": "2025-04-27T14:36:15.086712"
    },
    {
      "id": "apollo_1745764575_10",
      "first_name": "\u00c9milie",
      "last_name": "Dubois",
      "full_name": "\u00c9milie Dubois",
      "job_title": "Lawyer",
      "seniority": "Executive",
      "email": "\u00e9milie.dubois@cabinet-dubois.switzerland",
      "email_status": "verified",
      "phone": "+41764870144",
      "phone_status": "verified",
      "company": {
        "name": "Cabinet Dubois & Associ\u00e9s",
        "website": "https://www.cabinet-dubois.switzerland",
        "industry": "Legal Services",
        "size": 16,
        "founded": 1987,
        "linkedin_url": "https://www.linkedin.com/company/cabinet-dubois-&-associ\u00e9s"
      },
      "location": {
        "country": "Switzerland",
        "city": "Zurich",
        "continent": "Europe"
      },
      "social": {
        "linkedin_url": "https://www.linkedin.com/in/\u00e9milie-dubois-92434",
        "twitter_url": "https://twitter.com/\u00e9miliedubois",
        "facebook_url": null
      },
      "buying_signals": "medium",
      "last_contacted": null,
      "lead_source": "Apollo",
      "apollo_specific": {
        "lead_score": 93,
        "intent_score": 56,
        "funding_round": null,
        "account_stage": "Lead",
        "technologies": []
      },
      "scrape_date": "2025-04-27T14:36:15.086759"
    },
    {
      "id": "apollo_1745764575_11",
      "first_name": "\u00c9milie",
      "last_name": "Durand",
      "full_name": "\u00c9milie Durand",
      "job_title": "Partner",
      "seniority": "Owner",
      "email": "\u00e9milie.durand@cabinet-durand.belgium",
      "email_status": "verified",
      "phone": "+32462018024",
      "phone_status": "unverified",
      "company": {
        "name": "Cabinet Durand & Associ\u00e9s",
        "website": "https://www.cabinet-durand.belgium",
        "industry": "Legal Services",
        "size": 17,
        "founded": 1991,
        "linkedin_url": "https://www.linkedin.com/company/cabinet-durand-&-associ\u00e9s"
      },
      "location": {
        "country": "Belgium",
        "city": "Brussels",
        "continent": "Europe"
      },
      "social": {
        "linkedin_url": "https://www.linkedin.com/in/\u00e9milie-durand-32094",
        "twitter_url": "https://twitter.com/\u00e9miliedurand",
        "facebook_url": null
      },
      "buying_signals": "medium",
      "last_contacted": null,
      "lead_source": "Apollo",
      "apollo_specific": {
        "lead_score": 64,
        "intent_score": 79,
        "funding_round": null,
        "account_stage": "Target",
        "technologies": []
      },
      "scrape_date": "2025-04-27T14:36:15.086810"
    },
    {
      "id": "apollo_1745764575_12",
      "first_name": "Thomas",
      "last_name": "Lefebvre",
      "full_name": "Thomas Lefebvre",
      "job_title": "Attorney",
      "seniority": "Senior",
      "email": "thomas.lefebvre@cabinet-lefebvre.switzerland",
      "email_status": "verified",
      "phone": "+41741859118",
      "phone_status": "unverified",
      "company": {
        "name": "Cabinet Lefebvre & Associ\u00e9s",
        "website": "https://www.cabinet-lefebvre.switzerland",
        "industry": "Legal Services",
        "size": 32,
        "founded": 2017,
        "linkedin_url": "https://www.linkedin.com/company/cabinet-lefebvre-&-associ\u00e9s"
      },
      "location": {
        "country": "Switzerland",
        "city": "Geneva",
        "continent": "Europe"
      },
      "social": {
        "linkedin_url": "https://www.linkedin.com/in/thomas-lefebvre-69954",
        "twitter_url": "https://twitter.com/thomaslefebvre",
        "facebook_url": null
      },
      "buying_signals": "low",
      "last_contacted": null,
      "lead_source": "Apollo",
      "apollo_specific": {
        "lead_score": 78,
        "intent_score": 62,
        "funding_round": null,
        "account_stage": "Qualified",
        "technologies": []
      },
      "scrape_date": "2025-04-27T14:36:15.086865"
    },
    {
      "id": "apollo_1745764575_13",
      "first_name": "L\u00e9a",
      "last_name": "Richard",
      "full_name": "L\u00e9a Richard",
      "job_title": "Managing Partner",
      "seniority": "Owner",
      "email": "l\u00e9a.richard@cabinet-richard.belgium",
      "email_status": "verified",
      "phone": "+32460717340",
      "phone_status": "unverified",
      "company": {
        "name": "Cabinet Richard & Associ\u00e9s",
        "website": "https://www.cabinet-richard.belgium",
        "industry": "Legal Services",
        "size": 15,
        "founded": 2001,
        "linkedin_url": "https://www.linkedin.com/company/cabinet-richard-&-associ\u00e9s"
      },
      "location": {
        "country": "Belgium",
        "city": "Li\u00e8ge",
        "continent": "Europe"
      },
      "social": {
        "linkedin_url": "https://www.linkedin.com/in/l\u00e9a-richard-75805",
        "twitter_url": "https://twitter.com/l\u00e9arichard",
        "facebook_url": null
      },
      "buying_signals": "low",
      "last_contacted": null,
      "lead_source": "Apollo",
      "apollo_specific": {
        "lead_score": 72,
        "intent_score": 36,
        "funding_round": null,
        "account_stage": "Target",
        "technologies": []
      },
      "scrape_date": "2025-04-27T14:36:15.086924"
    },
    {
      "id": "apollo_1745764575_14",
      "first_name": "Nathalie",
      "last_name": "Bernard",
      "full_name": "Nathalie Bernard",
      "job_title": "Attorney",
      "seniority": "Executive",
      "email": "nathalie.bernard@cabinet-bernard.fr",
      "email_status": "unverified",
      "phone": "+33604477938",
      "phone_status": "unverified",
      "company": {
        "name": "Cabinet Bernard & Associ\u00e9s",
        "website": "https://www.cabinet-bernard.fr",
        "industry": "Legal Services",
        "size": 29,
        "founded": 2012,
        "linkedin_url": "https://www.linkedin.com/company/cabinet-bernard-&-associ\u00e9s"
      },
      "location": {
        "country": "France",
        "city": "Nice",
        "continent": "Europe"
      },
      "social": {
        "linkedin_url": "https://www.linkedin.com/in/nathalie-bernard-25700",
        "twitter_url": "https://twitter.com/nathaliebernard",
        "facebook_url": null
      },
      "buying_signals": "high",
      "last_contacted": null,
      "lead_source": "Apollo",
      "apollo_specific": {
        "lead_score": 85,
        "intent_score": 64,
        "funding_round": null,
        "account_stage": "Target",
        "technologies": []
      },
      "scrape_date": "2025-04-27T14:36:15.086984"
    },
    {
      "id": "apollo_1745764575_15",
      "first_name": "\u00c9milie",
      "last_name": "Thomas",
      "full_name": "\u00c9milie Thomas",
      "job_title": "Owner",
      "seniority": "Senior",
      "email": "\u00e9milie.thomas@cabinet-thomas.belgium",
      "email_status": "verified",
      "phone": "+32418198595",
      "phone_status": "verified",
      "company": {
        "name": "Cabinet Thomas & Associ\u00e9s",
        "website": "https://www.cabinet-thomas.belgium",
        "industry": "Legal Services",
        "size": 5,
        "founded": 2011,
        "linkedin_url": "https://www.linkedin.com/company/cabinet-thomas-&-associ\u00e9s"
      },
      "location": {
        "country": "Belgium",
        "city": "Antwerp",
        "continent": "Europe"
      },
      "social": {
        "linkedin_url": "https://www.linkedin.com/in/\u00e9milie-thomas-68260",
        "twitter_url": "https://twitter.com/\u00e9miliethomas",
        "facebook_url": null
      },
      "buying_signals": "medium",
      "last_contacted": null,
      "lead_source": "Apollo",
      "apollo_specific": {
        "lead_score": 83,
        "intent_score": 90,
        "funding_round": null,
        "account_stage": "Qualified",
        "technologies": []
      },
      "scrape_date": "2025-04-27T14:36:15.087029"
    },
    {
      "id": "apollo_1745764575_16",
      "first_name": "Nathalie",
      "last_name": "Martin",
      "full_name": "Nathalie Martin",
      "job_title": "Lawyer",
      "seniority": "Executive",
      "email": "nathalie.martin@cabinet-martin.switzerland",
      "email_status": "verified",
      "phone": "+41706807359",
      "phone_status": "unverified",
      "company": {
        "name": "Cabinet Martin & Associ\u00e9s",
        "website": "https://www.cabinet-martin.switzerland",
        "industry": "Legal Services",
        "size": 29,
        "founded": 1999,
        "linkedin_url": "https://www.linkedin.com/company/cabinet-martin-&-associ\u00e9s"
      },
      "location": {
        "country": "Switzerland",
        "city": "Bern",
        "continent": "Europe"
      },
      "social": {
        "linkedin_url": "https://www.linkedin.com/in/nathalie-martin-74289",
        "twitter_url": "https://twitter.com/nathaliemartin",
        "facebook_url": null
      },
      "buying_signals": "high",
      "last_contacted": null,
      "lead_source": "Apollo",
      "apollo_specific": {
        "lead_score": 67,
        "intent_score": 84,
        "funding_round": null,
        "account_stage": "Lead",
        "technologies": []
      },
      "scrape_date": "2025-04-27T14:36:15.087247"
    },
    {
      "id": "apollo_1745764575_17",
      "first_name": "Jean",
      "last_name": "Thomas",
      "full_name": "Jean Thomas",
      "job_title": "Attorney",
      "seniority": "Owner",
      "email": "jean.thomas@cabinet-thomas.belgium",
      "email_status": "verified",
      "phone": "+32400299620",
      "phone_status": "unverified",
      "company": {
        "name": "Cabinet Thomas & Associ\u00e9s",
        "website": "https://www.cabinet-thomas.belgium",
        "industry": "Legal Services",
        "size": 15,
        "founded": 2007,
        "linkedin_url": "https://www.linkedin.com/company/cabinet-thomas-&-associ\u00e9s"
      },
      "location": {
        "country": "Belgium",
        "city": "Antwerp",
        "continent": "Europe"
      },
      "social": {
        "linkedin_url": "https://www.linkedin.com/in/jean-thomas-53987",
        "twitter_url": "https://twitter.com/jeanthomas",
        "facebook_url": null
      },
      "buying_signals": "high",
      "last_contacted": null,
      "lead_source": "Apollo",
      "apollo_specific": {
        "lead_score": 53,
        "intent_score": 75,
        "funding_round": null,
        "account_stage": "Lead",
        "technologies": []
      },
      "scrape_date": "2025-04-27T14:36:15.087300"
    },
    {
      "id": "apollo_1745764575_18",
      "first_name": "Thomas",
      "last_name": "Leroy",
      "full_name": "Thomas Leroy",
      "job_title": "Managing Partner",
      "seniority": "Owner",
      "email": "thomas.leroy@cabinet-leroy.belgium",
      "email_status": "verified",
      "phone": "+32407978091",
      "phone_status": "unverified",
      "company": {
        "name": "Cabinet Leroy & Associ\u00e9s",
        "website": "https://www.cabinet-leroy.belgium",
        "industry": "Legal Services",
        "size": 37,
        "founded": 2017,
        "linkedin_url": "https://www.linkedin.com/company/cabinet-leroy-&-associ\u00e9s"
      },
      "location": {
        "country": "Belgium",
        "city": "Brussels",
        "continent": "Europe"
      },
      "social": {
        "linkedin_url": "https://www.linkedin.com/in/thomas-leroy-97498",
        "twitter_url": "https://twitter.com/thomasleroy",
        "facebook_url": null
      },
      "buying_signals": "high",
      "last_contacted": null,
      "lead_source": "Apollo",
      "apollo_specific": {
        "lead_score": 52,
        "intent_score": 34,
        "funding_round": null,
        "account_stage": "Qualified",
        "technologies": []
      },
      "scrape_date": "2025-04-27T14:36:15.087347"
    },
    {
      "id": "apollo_1745764575_19",
      "first_name": "L\u00e9a",
      "last_name": "Richard",
      "full_name": "L\u00e9a Richard",
      "job_title": "Lawyer",
      "seniority": "Senior",
      "email": "l\u00e9a.richard@cabinet-richard.switzerland",
      "email_status": "unverified",
      "phone": "+41727872542",
      "phone_status": "verified",
      "company": {
        "name": "Cabinet Richard & Associ\u00e9s",
        "website": "https://www.cabinet-richard.switzerland",
        "industry": "Legal Services",
        "size": 30,
        "founded": 1990,
        "linkedin_url": "https://www.linkedin.com/company/cabinet-richard-&-associ\u00e9s"
      },
      "location": {
        "country": "Switzerland",
        "city": "Basel",
        "continent": "Europe"
      },
      "social": {
        "linkedin_url": "https://www.linkedin.com/in/l\u00e9a-richard-83391",
        "twitter_url": null,
        "facebook_url": null
      },
      "buying_signals": "medium",
      "last_contacted": null,
      "lead_source": "Apollo",
      "apollo_specific": {
        "lead_score": 55,
        "intent_score": 67,
        "funding_round": null,
        "account_stage": "Qualified",
        "technologies": []
      },
      "scrape_date": "2025-04-27T14:36:15.087396"
    }
  ],
  "count": 20,
  "niche": "Avocats sp\u00e9cialis\u00e9s en droit des affaires",
  "campaign_id": null,
  "time_taken": 2.3233377856145916,
  "source": "apollo",
  "filters_used": {
    "industry": "Legal Services",
    "employee_size": {
      "min": 1,
      "max": 50
    },
    "country": "France",
    "job_titles": [
      "Partner",
      "Owner",
      "Managing Partner",
      "Attorney",
      "Lawyer"
    ],
    "seniority": [
      "Owner",
      "Executive",
      "Senior"
    ],
    "keywords": [
      "Avocats",
      "sp\u00e9cialis\u00e9s",
      "en",
      "droit",
      "des",
      "affaires"
    ],
    "signal_scores": {
      "buying_intent": "high"
    },
    "recently_funded": false,
    "technologies": []
  },
  "status": "COMPLETED"
}
