=== ApolloScraper LOG ===
Timestamp: 2025-04-27T11:22:40.963093
Operation: execute
Status: COMPLETED

Input: {
  "niche": "Avocats sp\u00e9cialis\u00e9s en droit des affaires",
  "filters": {},
  "campaign_id": null
}

Output: {
  "leads": [
    {
      "id": "apollo_1745752960_0",
      "first_name": "Paul",
      "last_name": "Simon",
      "full_name": "Paul Simon",
      "job_title": "Owner",
      "seniority": "Executive",
      "email": "paul.simon@cabinet-simon.fr",
      "email_status": "verified",
      "phone": "+33652939931",
      "phone_status": "verified",
      "company": {
        "name": "Cabinet Simon & Associ\u00e9s",
        "website": "https://www.cabinet-simon.fr",
        "industry": "Legal Services",
        "size": 4,
        "founded": 2009,
        "linkedin_url": "https://www.linkedin.com/company/cabinet-simon-&-associ\u00e9s"
      },
      "location": {
        "country": "France",
        "city": "Nice",
        "continent": "Europe"
      },
      "social": {
        "linkedin_url": "https://www.linkedin.com/in/paul-simon-14094",
        "twitter_url": "https://twitter.com/paulsimon",
        "facebook_url": null
      },
      "buying_signals": "high",
      "last_contacted": "2025-03-06T11:22:40.960294",
      "lead_source": "Apollo",
      "apollo_specific": {
        "lead_score": 80,
        "intent_score": 78,
        "funding_round": null,
        "account_stage": "Target",
        "technologies": []
      },
      "scrape_date": "2025-04-27T11:22:40.960357"
    },
    {
      "id": "apollo_1745752960_1",
      "first_name": "Nathalie",
      "last_name": "Thomas",
      "full_name": "Nathalie Thomas",
      "job_title": "Owner",
      "seniority": "Owner",
      "email": "nathalie.thomas@cabinet-thomas.belgium",
      "email_status": "verified",
      "phone": "+32421170472",
      "phone_status": "unverified",
      "company": {
        "name": "Cabinet Thomas & Associ\u00e9s",
        "website": "https://www.cabinet-thomas.belgium",
        "industry": "Legal Services",
        "size": 50,
        "founded": 1986,
        "linkedin_url": "https://www.linkedin.com/company/cabinet-thomas-&-associ\u00e9s"
      },
      "location": {
        "country": "Belgium",
        "city": "Charleroi",
        "continent": "Europe"
      },
      "social": {
        "linkedin_url": "https://www.linkedin.com/in/nathalie-thomas-31122",
        "twitter_url": "https://twitter.com/nathaliethomas",
        "facebook_url": null
      },
      "buying_signals": "low",
      "last_contacted": null,
      "lead_source": "Apollo",
      "apollo_specific": {
        "lead_score": 88,
        "intent_score": 38,
        "funding_round": null,
        "account_stage": "Qualified",
        "technologies": []
      },
      "scrape_date": "2025-04-27T11:22:40.960500"
    },
    {
      "id": "apollo_1745752960_2",
      "first_name": "L\u00e9a",
      "last_name": "Robert",
      "full_name": "L\u00e9a Robert",
      "job_title": "Managing Partner",
      "seniority": "Owner",
      "email": "l\u00e9a.robert@cabinet-robert.belgium",
      "email_status": "verified",
      "phone": "+32484184994",
      "phone_status": "unverified",
      "company": {
        "name": "Cabinet Robert & Associ\u00e9s",
        "website": "https://www.cabinet-robert.belgium",
        "industry": "Legal Services",
        "size": 29,
        "founded": 1991,
        "linkedin_url": "https://www.linkedin.com/company/cabinet-robert-&-associ\u00e9s"
      },
      "location": {
        "country": "Belgium",
        "city": "Li\u00e8ge",
        "continent": "Europe"
      },
      "social": {
        "linkedin_url": "https://www.linkedin.com/in/l\u00e9a-robert-59414",
        "twitter_url": null,
        "facebook_url": "https://facebook.com/l\u00e9a.robert"
      },
      "buying_signals": "high",
      "last_contacted": "2025-01-01T11:22:40.960578",
      "lead_source": "Apollo",
      "apollo_specific": {
        "lead_score": 73,
        "intent_score": 68,
        "funding_round": null,
        "account_stage": "Target",
        "technologies": []
      },
      "scrape_date": "2025-04-27T11:22:40.960606"
    },
    {
      "id": "apollo_1745752960_3",
      "first_name": "Sophie",
      "last_name": "Robert",
      "full_name": "Sophie Robert",
      "job_title": "Managing Partner",
      "seniority": "Executive",
      "email": "sophie.robert@cabinet-robert.fr",
      "email_status": "unverified",
      "phone": "+33734398291",
      "phone_status": "verified",
      "company": {
        "name": "Cabinet Robert & Associ\u00e9s",
        "website": "https://www.cabinet-robert.fr",
        "industry": "Legal Services",
        "size": 20,
        "founded": 2000,
        "linkedin_url": "https://www.linkedin.com/company/cabinet-robert-&-associ\u00e9s"
      },
      "location": {
        "country": "France",
        "city": "Bordeaux",
        "continent": "Europe"
      },
      "social": {
        "linkedin_url": "https://www.linkedin.com/in/sophie-robert-41673",
        "twitter_url": null,
        "facebook_url": null
      },
      "buying_signals": "low",
      "last_contacted": null,
      "lead_source": "Apollo",
      "apollo_specific": {
        "lead_score": 86,
        "intent_score": 84,
        "funding_round": null,
        "account_stage": "Lead",
        "technologies": []
      },
      "scrape_date": "2025-04-27T11:22:40.960708"
    },
    {
      "id": "apollo_1745752960_4",
      "first_name": "Paul",
      "last_name": "Thomas",
      "full_name": "Paul Thomas",
      "job_title": "Partner",
      "seniority": "Executive",
      "email": "paul.thomas@cabinet-thomas.belgium",
      "email_status": "verified",
      "phone": "+32414421089",
      "phone_status": "verified",
      "company": {
        "name": "Cabinet Thomas & Associ\u00e9s",
        "website": "https://www.cabinet-thomas.belgium",
        "industry": "Legal Services",
        "size": 48,
        "founded": 2009,
        "linkedin_url": "https://www.linkedin.com/company/cabinet-thomas-&-associ\u00e9s"
      },
      "location": {
        "country": "Belgium",
        "city": "Antwerp",
        "continent": "Europe"
      },
      "social": {
        "linkedin_url": "https://www.linkedin.com/in/paul-thomas-88596",
        "twitter_url": "https://twitter.com/paulthomas",
        "facebook_url": null
      },
      "buying_signals": "low",
      "last_contacted": "2025-01-09T11:22:40.960779",
      "lead_source": "Apollo",
      "apollo_specific": {
        "lead_score": 52,
        "intent_score": 40,
        "funding_round": null,
        "account_stage": "Qualified",
        "technologies": []
      },
      "scrape_date": "2025-04-27T11:22:40.960820"
    },
    {
      "id": "apollo_1745752960_5",
      "first_name": "Marie",
      "last_name": "Dubois",
      "full_name": "Marie Dubois",
      "job_title": "Partner",
      "seniority": "Senior",
      "email": "marie.dubois@cabinet-dubois.switzerland",
      "email_status": "verified",
      "phone": "+41739245667",
      "phone_status": "verified",
      "company": {
        "name": "Cabinet Dubois & Associ\u00e9s",
        "website": "https://www.cabinet-dubois.switzerland",
        "industry": "Legal Services",
        "size": 14,
        "founded": 2019,
        "linkedin_url": "https://www.linkedin.com/company/cabinet-dubois-&-associ\u00e9s"
      },
      "location": {
        "country": "Switzerland",
        "city": "Lausanne",
        "continent": "Europe"
      },
      "social": {
        "linkedin_url": "https://www.linkedin.com/in/marie-dubois-18363",
        "twitter_url": null,
        "facebook_url": null
      },
      "buying_signals": "medium",
      "last_contacted": null,
      "lead_source": "Apollo",
      "apollo_specific": {
        "lead_score": 67,
        "intent_score": 38,
        "funding_round": null,
        "account_stage": "Qualified",
        "technologies": []
      },
      "scrape_date": "2025-04-27T11:22:40.960942"
    },
    {
      "id": "apollo_1745752960_6",
      "first_name": "Nicolas",
      "last_name": "Martin",
      "full_name": "Nicolas Martin",
      "job_title": "Owner",
      "seniority": "Executive",
      "email": "nicolas.martin@cabinet-martin.belgium",
      "email_status": "verified",
      "phone": "+32466685837",
      "phone_status": "verified",
      "company": {
        "name": "Cabinet Martin & Associ\u00e9s",
        "website": "https://www.cabinet-martin.belgium",
        "industry": "Legal Services",
        "size": 20,
        "founded": 1991,
        "linkedin_url": "https://www.linkedin.com/company/cabinet-martin-&-associ\u00e9s"
      },
      "location": {
        "country": "Belgium",
        "city": "Ghent",
        "continent": "Europe"
      },
      "social": {
        "linkedin_url": "https://www.linkedin.com/in/nicolas-martin-30872",
        "twitter_url": null,
        "facebook_url": "https://facebook.com/nicolas.martin"
      },
      "buying_signals": "medium",
      "last_contacted": null,
      "lead_source": "Apollo",
      "apollo_specific": {
        "lead_score": 58,
        "intent_score": 65,
        "funding_round": null,
        "account_stage": "Prospect",
        "technologies": []
      },
      "scrape_date": "2025-04-27T11:22:40.961113"
    },
    {
      "id": "apollo_1745752960_7",
      "first_name": "\u00c9milie",
      "last_name": "Michel",
      "full_name": "\u00c9milie Michel",
      "job_title": "Owner",
      "seniority": "Senior",
      "email": "\u00e9milie.michel@cabinet-michel.switzerland",
      "email_status": "verified",
      "phone": "+41793601020",
      "phone_status": "verified",
      "company": {
        "name": "Cabinet Michel & Associ\u00e9s",
        "website": "https://www.cabinet-michel.switzerland",
        "industry": "Legal Services",
        "size": 34,
        "founded": 2001,
        "linkedin_url": "https://www.linkedin.com/company/cabinet-michel-&-associ\u00e9s"
      },
      "location": {
        "country": "Switzerland",
        "city": "Lausanne",
        "continent": "Europe"
      },
      "social": {
        "linkedin_url": "https://www.linkedin.com/in/\u00e9milie-michel-21155",
        "twitter_url": null,
        "facebook_url": null
      },
      "buying_signals": "medium",
      "last_contacted": null,
      "lead_source": "Apollo",
      "apollo_specific": {
        "lead_score": 65,
        "intent_score": 37,
        "funding_round": null,
        "account_stage": "Target",
        "technologies": []
      },
      "scrape_date": "2025-04-27T11:22:40.961230"
    },
    {
      "id": "apollo_1745752960_8",
      "first_name": "C\u00e9line",
      "last_name": "Durand",
      "full_name": "C\u00e9line Durand",
      "job_title": "Partner",
      "seniority": "Executive",
      "email": "c\u00e9line.durand@cabinet-durand.belgium",
      "email_status": "unverified",
      "phone": "+32461161142",
      "phone_status": "unverified",
      "company": {
        "name": "Cabinet Durand & Associ\u00e9s",
        "website": "https://www.cabinet-durand.belgium",
        "industry": "Legal Services",
        "size": 14,
        "founded": 2014,
        "linkedin_url": "https://www.linkedin.com/company/cabinet-durand-&-associ\u00e9s"
      },
      "location": {
        "country": "Belgium",
        "city": "Ghent",
        "continent": "Europe"
      },
      "social": {
        "linkedin_url": "https://www.linkedin.com/in/c\u00e9line-durand-47553",
        "twitter_url": "https://twitter.com/c\u00e9linedurand",
        "facebook_url": null
      },
      "buying_signals": "high",
      "last_contacted": null,
      "lead_source": "Apollo",
      "apollo_specific": {
        "lead_score": 74,
        "intent_score": 76,
        "funding_round": null,
        "account_stage": "Qualified",
        "technologies": []
      },
      "scrape_date": "2025-04-27T11:22:40.961346"
    },
    {
      "id": "apollo_1745752960_9",
      "first_name": "Thomas",
      "last_name": "Michel",
      "full_name": "Thomas Michel",
      "job_title": "Owner",
      "seniority": "Executive",
      "email": "thomas.michel@cabinet-michel.belgium",
      "email_status": "verified",
      "phone": "+32442881432",
      "phone_status": "unverified",
      "company": {
        "name": "Cabinet Michel & Associ\u00e9s",
        "website": "https://www.cabinet-michel.belgium",
        "industry": "Legal Services",
        "size": 22,
        "founded": 1993,
        "linkedin_url": "https://www.linkedin.com/company/cabinet-michel-&-associ\u00e9s"
      },
      "location": {
        "country": "Belgium",
        "city": "Antwerp",
        "continent": "Europe"
      },
      "social": {
        "linkedin_url": "https://www.linkedin.com/in/thomas-michel-52291",
        "twitter_url": "https://twitter.com/thomasmichel",
        "facebook_url": null
      },
      "buying_signals": "low",
      "last_contacted": "2025-02-26T11:22:40.961420",
      "lead_source": "Apollo",
      "apollo_specific": {
        "lead_score": 55,
        "intent_score": 66,
        "funding_round": null,
        "account_stage": "Lead",
        "technologies": []
      },
      "scrape_date": "2025-04-27T11:22:40.961448"
    },
    {
      "id": "apollo_1745752960_10",
      "first_name": "C\u00e9line",
      "last_name": "Durand",
      "full_name": "C\u00e9line Durand",
      "job_title": "Owner",
      "seniority": "Executive",
      "email": "c\u00e9line.durand@cabinet-durand.fr",
      "email_status": "unverified",
      "phone": "+33759836644",
      "phone_status": "unverified",
      "company": {
        "name": "Cabinet Durand & Associ\u00e9s",
        "website": "https://www.cabinet-durand.fr",
        "industry": "Legal Services",
        "size": 46,
        "founded": 2018,
        "linkedin_url": "https://www.linkedin.com/company/cabinet-durand-&-associ\u00e9s"
      },
      "location": {
        "country": "France",
        "city": "Montpellier",
        "continent": "Europe"
      },
      "social": {
        "linkedin_url": "https://www.linkedin.com/in/c\u00e9line-durand-97325",
        "twitter_url": null,
        "facebook_url": "https://facebook.com/c\u00e9line.durand"
      },
      "buying_signals": "high",
      "last_contacted": "2025-03-17T11:22:40.961519",
      "lead_source": "Apollo",
      "apollo_specific": {
        "lead_score": 68,
        "intent_score": 45,
        "funding_round": null,
        "account_stage": "Prospect",
        "technologies": []
      },
      "scrape_date": "2025-04-27T11:22:40.961547"
    },
    {
      "id": "apollo_1745752960_11",
      "first_name": "C\u00e9line",
      "last_name": "Martin",
      "full_name": "C\u00e9line Martin",
      "job_title": "Attorney",
      "seniority": "Senior",
      "email": "c\u00e9line.martin@cabinet-martin.switzerland",
      "email_status": "verified",
      "phone": "+41731229444",
      "phone_status": "verified",
      "company": {
        "name": "Cabinet Martin & Associ\u00e9s",
        "website": "https://www.cabinet-martin.switzerland",
        "industry": "Legal Services",
        "size": 41,
        "founded": 1984,
        "linkedin_url": "https://www.linkedin.com/company/cabinet-martin-&-associ\u00e9s"
      },
      "location": {
        "country": "Switzerland",
        "city": "Bern",
        "continent": "Europe"
      },
      "social": {
        "linkedin_url": "https://www.linkedin.com/in/c\u00e9line-martin-28587",
        "twitter_url": "https://twitter.com/c\u00e9linemartin",
        "facebook_url": null
      },
      "buying_signals": "low",
      "last_contacted": null,
      "lead_source": "Apollo",
      "apollo_specific": {
        "lead_score": 89,
        "intent_score": 70,
        "funding_round": null,
        "account_stage": "Target",
        "technologies": []
      },
      "scrape_date": "2025-04-27T11:22:40.961643"
    },
    {
      "id": "apollo_1745752960_12",
      "first_name": "Jean",
      "last_name": "Durand",
      "full_name": "Jean Durand",
      "job_title": "Managing Partner",
      "seniority": "Owner",
      "email": "jean.durand@cabinet-durand.switzerland",
      "email_status": "verified",
      "phone": "+41705392409",
      "phone_status": "unverified",
      "company": {
        "name": "Cabinet Durand & Associ\u00e9s",
        "website": "https://www.cabinet-durand.switzerland",
        "industry": "Legal Services",
        "size": 19,
        "founded": 1981,
        "linkedin_url": "https://www.linkedin.com/company/cabinet-durand-&-associ\u00e9s"
      },
      "location": {
        "country": "Switzerland",
        "city": "Basel",
        "continent": "Europe"
      },
      "social": {
        "linkedin_url": "https://www.linkedin.com/in/jean-durand-20499",
        "twitter_url": "https://twitter.com/jeandurand",
        "facebook_url": "https://facebook.com/jean.durand"
      },
      "buying_signals": "high",
      "last_contacted": null,
      "lead_source": "Apollo",
      "apollo_specific": {
        "lead_score": 56,
        "intent_score": 60,
        "funding_round": null,
        "account_stage": "Lead",
        "technologies": []
      },
      "scrape_date": "2025-04-27T11:22:40.961742"
    },
    {
      "id": "apollo_1745752960_13",
      "first_name": "\u00c9milie",
      "last_name": "Robert",
      "full_name": "\u00c9milie Robert",
      "job_title": "Lawyer",
      "seniority": "Executive",
      "email": "\u00e9milie.robert@cabinet-robert.switzerland",
      "email_status": "verified",
      "phone": "+41790283210",
      "phone_status": "verified",
      "company": {
        "name": "Cabinet Robert & Associ\u00e9s",
        "website": "https://www.cabinet-robert.switzerland",
        "industry": "Legal Services",
        "size": 41,
        "founded": 2016,
        "linkedin_url": "https://www.linkedin.com/company/cabinet-robert-&-associ\u00e9s"
      },
      "location": {
        "country": "Switzerland",
        "city": "Basel",
        "continent": "Europe"
      },
      "social": {
        "linkedin_url": "https://www.linkedin.com/in/\u00e9milie-robert-80171",
        "twitter_url": null,
        "facebook_url": null
      },
      "buying_signals": "low",
      "last_contacted": null,
      "lead_source": "Apollo",
      "apollo_specific": {
        "lead_score": 92,
        "intent_score": 74,
        "funding_round": null,
        "account_stage": "Lead",
        "technologies": []
      },
      "scrape_date": "2025-04-27T11:22:40.961838"
    },
    {
      "id": "apollo_1745752960_14",
      "first_name": "Julie",
      "last_name": "Leroy",
      "full_name": "Julie Leroy",
      "job_title": "Owner",
      "seniority": "Senior",
      "email": "julie.leroy@cabinet-leroy.fr",
      "email_status": "verified",
      "phone": "+33676988303",
      "phone_status": "verified",
      "company": {
        "name": "Cabinet Leroy & Associ\u00e9s",
        "website": "https://www.cabinet-leroy.fr",
        "industry": "Legal Services",
        "size": 22,
        "founded": 2012,
        "linkedin_url": "https://www.linkedin.com/company/cabinet-leroy-&-associ\u00e9s"
      },
      "location": {
        "country": "France",
        "city": "Grenoble",
        "continent": "Europe"
      },
      "social": {
        "linkedin_url": "https://www.linkedin.com/in/julie-leroy-22696",
        "twitter_url": "https://twitter.com/julieleroy",
        "facebook_url": null
      },
      "buying_signals": "high",
      "last_contacted": "2025-02-13T11:22:40.961910",
      "lead_source": "Apollo",
      "apollo_specific": {
        "lead_score": 50,
        "intent_score": 60,
        "funding_round": null,
        "account_stage": "Target",
        "technologies": []
      },
      "scrape_date": "2025-04-27T11:22:40.961955"
    },
    {
      "id": "apollo_1745752960_15",
      "first_name": "Paul",
      "last_name": "Leroy",
      "full_name": "Paul Leroy",
      "job_title": "Managing Partner",
      "seniority": "Owner",
      "email": "paul.leroy@cabinet-leroy.fr",
      "email_status": "verified",
      "phone": "+33698079429",
      "phone_status": "unverified",
      "company": {
        "name": "Cabinet Leroy & Associ\u00e9s",
        "website": "https://www.cabinet-leroy.fr",
        "industry": "Legal Services",
        "size": 15,
        "founded": 1990,
        "linkedin_url": "https://www.linkedin.com/company/cabinet-leroy-&-associ\u00e9s"
      },
      "location": {
        "country": "France",
        "city": "Marseille",
        "continent": "Europe"
      },
      "social": {
        "linkedin_url": "https://www.linkedin.com/in/paul-leroy-77407",
        "twitter_url": "https://twitter.com/paulleroy",
        "facebook_url": null
      },
      "buying_signals": "low",
      "last_contacted": null,
      "lead_source": "Apollo",
      "apollo_specific": {
        "lead_score": 64,
        "intent_score": 31,
        "funding_round": null,
        "account_stage": "Target",
        "technologies": []
      },
      "scrape_date": "2025-04-27T11:22:40.962132"
    },
    {
      "id": "apollo_1745752960_16",
      "first_name": "Michel",
      "last_name": "Michel",
      "full_name": "Michel Michel",
      "job_title": "Partner",
      "seniority": "Executive",
      "email": "michel.michel@cabinet-michel.fr",
      "email_status": "verified",
      "phone": "+33667566542",
      "phone_status": "verified",
      "company": {
        "name": "Cabinet Michel & Associ\u00e9s",
        "website": "https://www.cabinet-michel.fr",
        "industry": "Legal Services",
        "size": 22,
        "founded": 2009,
        "linkedin_url": "https://www.linkedin.com/company/cabinet-michel-&-associ\u00e9s"
      },
      "location": {
        "country": "France",
        "city": "Grenoble",
        "continent": "Europe"
      },
      "social": {
        "linkedin_url": "https://www.linkedin.com/in/michel-michel-54334",
        "twitter_url": null,
        "facebook_url": null
      },
      "buying_signals": "low",
      "last_contacted": null,
      "lead_source": "Apollo",
      "apollo_specific": {
        "lead_score": 69,
        "intent_score": 38,
        "funding_round": null,
        "account_stage": "Lead",
        "technologies": []
      },
      "scrape_date": "2025-04-27T11:22:40.962233"
    },
    {
      "id": "apollo_1745752960_17",
      "first_name": "C\u00e9line",
      "last_name": "Lefebvre",
      "full_name": "C\u00e9line Lefebvre",
      "job_title": "Partner",
      "seniority": "Executive",
      "email": "c\u00e9line.lefebvre@cabinet-lefebvre.switzerland",
      "email_status": "verified",
      "phone": "+41785249567",
      "phone_status": "verified",
      "company": {
        "name": "Cabinet Lefebvre & Associ\u00e9s",
        "website": "https://www.cabinet-lefebvre.switzerland",
        "industry": "Legal Services",
        "size": 29,
        "founded": 1992,
        "linkedin_url": "https://www.linkedin.com/company/cabinet-lefebvre-&-associ\u00e9s"
      },
      "location": {
        "country": "Switzerland",
        "city": "Lausanne",
        "continent": "Europe"
      },
      "social": {
        "linkedin_url": "https://www.linkedin.com/in/c\u00e9line-lefebvre-50005",
        "twitter_url": null,
        "facebook_url": null
      },
      "buying_signals": "high",
      "last_contacted": null,
      "lead_source": "Apollo",
      "apollo_specific": {
        "lead_score": 74,
        "intent_score": 62,
        "funding_round": null,
        "account_stage": "Lead",
        "technologies": []
      },
      "scrape_date": "2025-04-27T11:22:40.962331"
    },
    {
      "id": "apollo_1745752960_18",
      "first_name": "Nathalie",
      "last_name": "Moreau",
      "full_name": "Nathalie Moreau",
      "job_title": "Managing Partner",
      "seniority": "Executive",
      "email": "nathalie.moreau@cabinet-moreau.fr",
      "email_status": "verified",
      "phone": "+33635642167",
      "phone_status": "verified",
      "company": {
        "name": "Cabinet Moreau & Associ\u00e9s",
        "website": "https://www.cabinet-moreau.fr",
        "industry": "Legal Services",
        "size": 9,
        "founded": 1984,
        "linkedin_url": "https://www.linkedin.com/company/cabinet-moreau-&-associ\u00e9s"
      },
      "location": {
        "country": "France",
        "city": "Nice",
        "continent": "Europe"
      },
      "social": {
        "linkedin_url": "https://www.linkedin.com/in/nathalie-moreau-48591",
        "twitter_url": "https://twitter.com/nathaliemoreau",
        "facebook_url": null
      },
      "buying_signals": "medium",
      "last_contacted": null,
      "lead_source": "Apollo",
      "apollo_specific": {
        "lead_score": 79,
        "intent_score": 83,
        "funding_round": null,
        "account_stage": "Qualified",
        "technologies": []
      },
      "scrape_date": "2025-04-27T11:22:40.962427"
    },
    {
      "id": "apollo_1745752960_19",
      "first_name": "Sophie",
      "last_name": "Richard",
      "full_name": "Sophie Richard",
      "job_title": "Managing Partner",
      "seniority": "Senior",
      "email": "sophie.richard@cabinet-richard.fr",
      "email_status": "verified",
      "phone": "+33635795781",
      "phone_status": "verified",
      "company": {
        "name": "Cabinet Richard & Associ\u00e9s",
        "website": "https://www.cabinet-richard.fr",
        "industry": "Legal Services",
        "size": 44,
        "founded": 1990,
        "linkedin_url": "https://www.linkedin.com/company/cabinet-richard-&-associ\u00e9s"
      },
      "location": {
        "country": "France",
        "city": "Nantes",
        "continent": "Europe"
      },
      "social": {
        "linkedin_url": "https://www.linkedin.com/in/sophie-richard-87694",
        "twitter_url": "https://twitter.com/sophierichard",
        "facebook_url": null
      },
      "buying_signals": "high",
      "last_contacted": null,
      "lead_source": "Apollo",
      "apollo_specific": {
        "lead_score": 88,
        "intent_score": 47,
        "funding_round": null,
        "account_stage": "Target",
        "technologies": []
      },
      "scrape_date": "2025-04-27T11:22:40.962528"
    },
    {
      "id": "apollo_1745752960_20",
      "first_name": "Paul",
      "last_name": "Martin",
      "full_name": "Paul Martin",
      "job_title": "Owner",
      "seniority": "Executive",
      "email": "paul.martin@cabinet-martin.switzerland",
      "email_status": "verified",
      "phone": "+41795243442",
      "phone_status": "verified",
      "company": {
        "name": "Cabinet Martin & Associ\u00e9s",
        "website": "https://www.cabinet-martin.switzerland",
        "industry": "Legal Services",
        "size": 3,
        "founded": 2005,
        "linkedin_url": "https://www.linkedin.com/company/cabinet-martin-&-associ\u00e9s"
      },
      "location": {
        "country": "Switzerland",
        "city": "Lausanne",
        "continent": "Europe"
      },
      "social": {
        "linkedin_url": "https://www.linkedin.com/in/paul-martin-53070",
        "twitter_url": "https://twitter.com/paulmartin",
        "facebook_url": null
      },
      "buying_signals": "high",
      "last_contacted": null,
      "lead_source": "Apollo",
      "apollo_specific": {
        "lead_score": 63,
        "intent_score": 47,
        "funding_round": null,
        "account_stage": "Target",
        "technologies": []
      },
      "scrape_date": "2025-04-27T11:22:40.962627"
    },
    {
      "id": "apollo_1745752960_21",
      "first_name": "David",
      "last_name": "Moreau",
      "full_name": "David Moreau",
      "job_title": "Owner",
      "seniority": "Senior",
      "email": "david.moreau@cabinet-moreau.belgium",
      "email_status": "verified",
      "phone": "+32455295033",
      "phone_status": "verified",
      "company": {
        "name": "Cabinet Moreau & Associ\u00e9s",
        "website": "https://www.cabinet-moreau.belgium",
        "industry": "Legal Services",
        "size": 36,
        "founded": 2013,
        "linkedin_url": "https://www.linkedin.com/company/cabinet-moreau-&-associ\u00e9s"
      },
      "location": {
        "country": "Belgium",
        "city": "Li\u00e8ge",
        "continent": "Europe"
      },
      "social": {
        "linkedin_url": "https://www.linkedin.com/in/david-moreau-31832",
        "twitter_url": null,
        "facebook_url": null
      },
      "buying_signals": "low",
      "last_contacted": "2025-03-17T11:22:40.962694",
      "lead_source": "Apollo",
      "apollo_specific": {
        "lead_score": 79,
        "intent_score": 79,
        "funding_round": null,
        "account_stage": "Qualified",
        "technologies": []
      },
      "scrape_date": "2025-04-27T11:22:40.962721"
    },
    {
      "id": "apollo_1745752960_22",
      "first_name": "Nicolas",
      "last_name": "Richard",
      "full_name": "Nicolas Richard",
      "job_title": "Partner",
      "seniority": "Senior",
      "email": "nicolas.richard@cabinet-richard.belgium",
      "email_status": "verified",
      "phone": "+32417458996",
      "phone_status": "verified",
      "company": {
        "name": "Cabinet Richard & Associ\u00e9s",
        "website": "https://www.cabinet-richard.belgium",
        "industry": "Legal Services",
        "size": 50,
        "founded": 2019,
        "linkedin_url": "https://www.linkedin.com/company/cabinet-richard-&-associ\u00e9s"
      },
      "location": {
        "country": "Belgium",
        "city": "Brussels",
        "continent": "Europe"
      },
      "social": {
        "linkedin_url": "https://www.linkedin.com/in/nicolas-richard-34756",
        "twitter_url": "https://twitter.com/nicolasrichard",
        "facebook_url": null
      },
      "buying_signals": "medium",
      "last_contacted": null,
      "lead_source": "Apollo",
      "apollo_specific": {
        "lead_score": 79,
        "intent_score": 38,
        "funding_round": null,
        "account_stage": "Qualified",
        "technologies": []
      },
      "scrape_date": "2025-04-27T11:22:40.962818"
    },
    {
      "id": "apollo_1745752960_23",
      "first_name": "Jean",
      "last_name": "Bernard",
      "full_name": "Jean Bernard",
      "job_title": "Attorney",
      "seniority": "Executive",
      "email": "jean.bernard@cabinet-bernard.switzerland",
      "email_status": "verified",
      "phone": "+41712141272",
      "phone_status": "verified",
      "company": {
        "name": "Cabinet Bernard & Associ\u00e9s",
        "website": "https://www.cabinet-bernard.switzerland",
        "industry": "Legal Services",
        "size": 13,
        "founded": 1993,
        "linkedin_url": "https://www.linkedin.com/company/cabinet-bernard-&-associ\u00e9s"
      },
      "location": {
        "country": "Switzerland",
        "city": "Geneva",
        "continent": "Europe"
      },
      "social": {
        "linkedin_url": "https://www.linkedin.com/in/jean-bernard-71027",
        "twitter_url": null,
        "facebook_url": "https://facebook.com/jean.bernard"
      },
      "buying_signals": "low",
      "last_contacted": null,
      "lead_source": "Apollo",
      "apollo_specific": {
        "lead_score": 70,
        "intent_score": 36,
        "funding_round": null,
        "account_stage": "Qualified",
        "technologies": []
      },
      "scrape_date": "2025-04-27T11:22:40.962946"
    },
    {
      "id": "apollo_1745752960_24",
      "first_name": "L\u00e9a",
      "last_name": "Simon",
      "full_name": "L\u00e9a Simon",
      "job_title": "Lawyer",
      "seniority": "Owner",
      "email": "l\u00e9a.simon@cabinet-simon.belgium",
      "email_status": "unverified",
      "phone": "+32486781134",
      "phone_status": "verified",
      "company": {
        "name": "Cabinet Simon & Associ\u00e9s",
        "website": "https://www.cabinet-simon.belgium",
        "industry": "Legal Services",
        "size": 29,
        "founded": 2006,
        "linkedin_url": "https://www.linkedin.com/company/cabinet-simon-&-associ\u00e9s"
      },
      "location": {
        "country": "Belgium",
        "city": "Charleroi",
        "continent": "Europe"
      },
      "social": {
        "linkedin_url": "https://www.linkedin.com/in/l\u00e9a-simon-98494",
        "twitter_url": "https://twitter.com/l\u00e9asimon",
        "facebook_url": null
      },
      "buying_signals": "medium",
      "last_contacted": null,
      "lead_source": "Apollo",
      "apollo_specific": {
        "lead_score": 69,
        "intent_score": 75,
        "funding_round": "Series A",
        "account_stage": "Qualified",
        "technologies": []
      },
      "scrape_date": "2025-04-27T11:22:40.963063"
    }
  ],
  "count": 25,
  "niche": "Avocats sp\u00e9cialis\u00e9s en droit des affaires",
  "campaign_id": null,
  "time_taken": 2.6573112125287857,
  "source": "apollo",
  "filters_used": {
    "industry": "Legal Services",
    "employee_size": {
      "min": 1,
      "max": 50
    },
    "country": "France",
    "job_titles": [
      "Partner",
      "Owner",
      "Managing Partner",
      "Attorney",
      "Lawyer"
    ],
    "seniority": [
      "Owner",
      "Executive",
      "Senior"
    ],
    "keywords": [
      "Avocats",
      "sp\u00e9cialis\u00e9s",
      "en",
      "droit",
      "des",
      "affaires"
    ],
    "signal_scores": {
      "buying_intent": "high"
    },
    "recently_funded": false,
    "technologies": []
  },
  "status": "COMPLETED"
}
