=== ApolloScraper LOG ===
Timestamp: 2025-04-27T11:14:59.033615
Operation: execute
Status: COMPLETED

Input: {
  "niche": "Avocats sp\u00e9cialis\u00e9s en droit des affaires",
  "filters": {},
  "campaign_id": null
}

Output: {
  "leads": [
    {
      "id": "apollo_1745752499_0",
      "first_name": "\u00c9milie",
      "last_name": "Durand",
      "full_name": "\u00c9milie Durand",
      "job_title": "Lawyer",
      "seniority": "Owner",
      "email": "\u00e9milie.durand@cabinet-durand.fr",
      "email_status": "unverified",
      "phone": "+33683935646",
      "phone_status": "verified",
      "company": {
        "name": "Cabinet Durand & Associ\u00e9s",
        "website": "https://www.cabinet-durand.fr",
        "industry": "Legal Services",
        "size": 12,
        "founded": 1983,
        "linkedin_url": "https://www.linkedin.com/company/cabinet-durand-&-associ\u00e9s"
      },
      "location": {
        "country": "France",
        "city": "Marseille",
        "continent": "Europe"
      },
      "social": {
        "linkedin_url": "https://www.linkedin.com/in/\u00e9milie-durand-13523",
        "twitter_url": null,
        "facebook_url": "https://facebook.com/\u00e9milie.durand"
      },
      "buying_signals": "high",
      "last_contacted": "2025-01-20T11:14:59.029619",
      "lead_source": "Apollo",
      "apollo_specific": {
        "lead_score": 73,
        "intent_score": 73,
        "funding_round": null,
        "account_stage": "Prospect",
        "technologies": []
      },
      "scrape_date": "2025-04-27T11:14:59.029683"
    },
    {
      "id": "apollo_1745752499_1",
      "first_name": "Nathalie",
      "last_name": "Durand",
      "full_name": "Nathalie Durand",
      "job_title": "Lawyer",
      "seniority": "Executive",
      "email": "nathalie.durand@cabinet-durand.belgium",
      "email_status": "verified",
      "phone": "+32473065536",
      "phone_status": "unverified",
      "company": {
        "name": "Cabinet Durand & Associ\u00e9s",
        "website": "https://www.cabinet-durand.belgium",
        "industry": "Legal Services",
        "size": 31,
        "founded": 2015,
        "linkedin_url": "https://www.linkedin.com/company/cabinet-durand-&-associ\u00e9s"
      },
      "location": {
        "country": "Belgium",
        "city": "Charleroi",
        "continent": "Europe"
      },
      "social": {
        "linkedin_url": "https://www.linkedin.com/in/nathalie-durand-20714",
        "twitter_url": "https://twitter.com/nathaliedurand",
        "facebook_url": "https://facebook.com/nathalie.durand"
      },
      "buying_signals": "medium",
      "last_contacted": null,
      "lead_source": "Apollo",
      "apollo_specific": {
        "lead_score": 84,
        "intent_score": 67,
        "funding_round": null,
        "account_stage": "Prospect",
        "technologies": []
      },
      "scrape_date": "2025-04-27T11:14:59.029835"
    },
    {
      "id": "apollo_1745752499_2",
      "first_name": "Sophie",
      "last_name": "Thomas",
      "full_name": "Sophie Thomas",
      "job_title": "Partner",
      "seniority": "Senior",
      "email": "sophie.thomas@cabinet-thomas.belgium",
      "email_status": "verified",
      "phone": "+32468709012",
      "phone_status": "verified",
      "company": {
        "name": "Cabinet Thomas & Associ\u00e9s",
        "website": "https://www.cabinet-thomas.belgium",
        "industry": "Legal Services",
        "size": 49,
        "founded": 1984,
        "linkedin_url": "https://www.linkedin.com/company/cabinet-thomas-&-associ\u00e9s"
      },
      "location": {
        "country": "Belgium",
        "city": "Antwerp",
        "continent": "Europe"
      },
      "social": {
        "linkedin_url": "https://www.linkedin.com/in/sophie-thomas-29494",
        "twitter_url": null,
        "facebook_url": "https://facebook.com/sophie.thomas"
      },
      "buying_signals": "medium",
      "last_contacted": null,
      "lead_source": "Apollo",
      "apollo_specific": {
        "lead_score": 82,
        "intent_score": 42,
        "funding_round": null,
        "account_stage": "Lead",
        "technologies": []
      },
      "scrape_date": "2025-04-27T11:14:59.029970"
    },
    {
      "id": "apollo_1745752499_3",
      "first_name": "Nicolas",
      "last_name": "Martin",
      "full_name": "Nicolas Martin",
      "job_title": "Lawyer",
      "seniority": "Owner",
      "email": "nicolas.martin@cabinet-martin.fr",
      "email_status": "verified",
      "phone": "+33742254991",
      "phone_status": "verified",
      "company": {
        "name": "Cabinet Martin & Associ\u00e9s",
        "website": "https://www.cabinet-martin.fr",
        "industry": "Legal Services",
        "size": 28,
        "founded": 1988,
        "linkedin_url": "https://www.linkedin.com/company/cabinet-martin-&-associ\u00e9s"
      },
      "location": {
        "country": "France",
        "city": "Nantes",
        "continent": "Europe"
      },
      "social": {
        "linkedin_url": "https://www.linkedin.com/in/nicolas-martin-59799",
        "twitter_url": null,
        "facebook_url": null
      },
      "buying_signals": "low",
      "last_contacted": null,
      "lead_source": "Apollo",
      "apollo_specific": {
        "lead_score": 65,
        "intent_score": 33,
        "funding_round": null,
        "account_stage": "Lead",
        "technologies": []
      },
      "scrape_date": "2025-04-27T11:14:59.030114"
    },
    {
      "id": "apollo_1745752499_4",
      "first_name": "Paul",
      "last_name": "Moreau",
      "full_name": "Paul Moreau",
      "job_title": "Partner",
      "seniority": "Senior",
      "email": "paul.moreau@cabinet-moreau.belgium",
      "email_status": "verified",
      "phone": "+32451406720",
      "phone_status": "verified",
      "company": {
        "name": "Cabinet Moreau & Associ\u00e9s",
        "website": "https://www.cabinet-moreau.belgium",
        "industry": "Legal Services",
        "size": 15,
        "founded": 2018,
        "linkedin_url": "https://www.linkedin.com/company/cabinet-moreau-&-associ\u00e9s"
      },
      "location": {
        "country": "Belgium",
        "city": "Li\u00e8ge",
        "continent": "Europe"
      },
      "social": {
        "linkedin_url": "https://www.linkedin.com/in/paul-moreau-46225",
        "twitter_url": "https://twitter.com/paulmoreau",
        "facebook_url": null
      },
      "buying_signals": "medium",
      "last_contacted": "2025-03-18T11:14:59.030203",
      "lead_source": "Apollo",
      "apollo_specific": {
        "lead_score": 73,
        "intent_score": 86,
        "funding_round": null,
        "account_stage": "Prospect",
        "technologies": []
      },
      "scrape_date": "2025-04-27T11:14:59.030239"
    },
    {
      "id": "apollo_1745752499_5",
      "first_name": "Michel",
      "last_name": "Thomas",
      "full_name": "Michel Thomas",
      "job_title": "Managing Partner",
      "seniority": "Senior",
      "email": "michel.thomas@cabinet-thomas.fr",
      "email_status": "verified",
      "phone": "+33744677057",
      "phone_status": "unverified",
      "company": {
        "name": "Cabinet Thomas & Associ\u00e9s",
        "website": "https://www.cabinet-thomas.fr",
        "industry": "Legal Services",
        "size": 10,
        "founded": 1999,
        "linkedin_url": "https://www.linkedin.com/company/cabinet-thomas-&-associ\u00e9s"
      },
      "location": {
        "country": "France",
        "city": "Lille",
        "continent": "Europe"
      },
      "social": {
        "linkedin_url": "https://www.linkedin.com/in/michel-thomas-34271",
        "twitter_url": "https://twitter.com/michelthomas",
        "facebook_url": null
      },
      "buying_signals": "medium",
      "last_contacted": null,
      "lead_source": "Apollo",
      "apollo_specific": {
        "lead_score": 88,
        "intent_score": 52,
        "funding_round": null,
        "account_stage": "Prospect",
        "technologies": []
      },
      "scrape_date": "2025-04-27T11:14:59.030362"
    },
    {
      "id": "apollo_1745752499_6",
      "first_name": "Paul",
      "last_name": "Laurent",
      "full_name": "Paul Laurent",
      "job_title": "Lawyer",
      "seniority": "Executive",
      "email": "paul.laurent@cabinet-laurent.switzerland",
      "email_status": "unverified",
      "phone": "+41774909449",
      "phone_status": "verified",
      "company": {
        "name": "Cabinet Laurent & Associ\u00e9s",
        "website": "https://www.cabinet-laurent.switzerland",
        "industry": "Legal Services",
        "size": 34,
        "founded": 1997,
        "linkedin_url": "https://www.linkedin.com/company/cabinet-laurent-&-associ\u00e9s"
      },
      "location": {
        "country": "Switzerland",
        "city": "Geneva",
        "continent": "Europe"
      },
      "social": {
        "linkedin_url": "https://www.linkedin.com/in/paul-laurent-12761",
        "twitter_url": "https://twitter.com/paullaurent",
        "facebook_url": null
      },
      "buying_signals": "high",
      "last_contacted": "2025-02-27T11:14:59.030451",
      "lead_source": "Apollo",
      "apollo_specific": {
        "lead_score": 73,
        "intent_score": 32,
        "funding_round": null,
        "account_stage": "Target",
        "technologies": []
      },
      "scrape_date": "2025-04-27T11:14:59.030497"
    },
    {
      "id": "apollo_1745752499_7",
      "first_name": "L\u00e9a",
      "last_name": "Thomas",
      "full_name": "L\u00e9a Thomas",
      "job_title": "Partner",
      "seniority": "Executive",
      "email": "l\u00e9a.thomas@cabinet-thomas.belgium",
      "email_status": "unverified",
      "phone": "+32465287601",
      "phone_status": "verified",
      "company": {
        "name": "Cabinet Thomas & Associ\u00e9s",
        "website": "https://www.cabinet-thomas.belgium",
        "industry": "Legal Services",
        "size": 26,
        "founded": 2015,
        "linkedin_url": "https://www.linkedin.com/company/cabinet-thomas-&-associ\u00e9s"
      },
      "location": {
        "country": "Belgium",
        "city": "Antwerp",
        "continent": "Europe"
      },
      "social": {
        "linkedin_url": "https://www.linkedin.com/in/l\u00e9a-thomas-75148",
        "twitter_url": "https://twitter.com/l\u00e9athomas",
        "facebook_url": "https://facebook.com/l\u00e9a.thomas"
      },
      "buying_signals": "low",
      "last_contacted": null,
      "lead_source": "Apollo",
      "apollo_specific": {
        "lead_score": 67,
        "intent_score": 33,
        "funding_round": null,
        "account_stage": "Lead",
        "technologies": []
      },
      "scrape_date": "2025-04-27T11:14:59.030661"
    },
    {
      "id": "apollo_1745752499_8",
      "first_name": "\u00c9milie",
      "last_name": "Dubois",
      "full_name": "\u00c9milie Dubois",
      "job_title": "Attorney",
      "seniority": "Senior",
      "email": "\u00e9milie.dubois@cabinet-dubois.switzerland",
      "email_status": "unverified",
      "phone": "+41757301078",
      "phone_status": "verified",
      "company": {
        "name": "Cabinet Dubois & Associ\u00e9s",
        "website": "https://www.cabinet-dubois.switzerland",
        "industry": "Legal Services",
        "size": 34,
        "founded": 1989,
        "linkedin_url": "https://www.linkedin.com/company/cabinet-dubois-&-associ\u00e9s"
      },
      "location": {
        "country": "Switzerland",
        "city": "Geneva",
        "continent": "Europe"
      },
      "social": {
        "linkedin_url": "https://www.linkedin.com/in/\u00e9milie-dubois-82159",
        "twitter_url": "https://twitter.com/\u00e9miliedubois",
        "facebook_url": null
      },
      "buying_signals": "low",
      "last_contacted": null,
      "lead_source": "Apollo",
      "apollo_specific": {
        "lead_score": 74,
        "intent_score": 67,
        "funding_round": null,
        "account_stage": "Prospect",
        "technologies": []
      },
      "scrape_date": "2025-04-27T11:14:59.030844"
    },
    {
      "id": "apollo_1745752499_9",
      "first_name": "Jean",
      "last_name": "Leroy",
      "full_name": "Jean Leroy",
      "job_title": "Partner",
      "seniority": "Owner",
      "email": "jean.leroy@cabinet-leroy.switzerland",
      "email_status": "verified",
      "phone": "+41743590957",
      "phone_status": "unverified",
      "company": {
        "name": "Cabinet Leroy & Associ\u00e9s",
        "website": "https://www.cabinet-leroy.switzerland",
        "industry": "Legal Services",
        "size": 23,
        "founded": 1985,
        "linkedin_url": "https://www.linkedin.com/company/cabinet-leroy-&-associ\u00e9s"
      },
      "location": {
        "country": "Switzerland",
        "city": "Geneva",
        "continent": "Europe"
      },
      "social": {
        "linkedin_url": "https://www.linkedin.com/in/jean-leroy-60460",
        "twitter_url": "https://twitter.com/jeanleroy",
        "facebook_url": null
      },
      "buying_signals": "high",
      "last_contacted": null,
      "lead_source": "Apollo",
      "apollo_specific": {
        "lead_score": 93,
        "intent_score": 77,
        "funding_round": "Series A",
        "account_stage": "Qualified",
        "technologies": []
      },
      "scrape_date": "2025-04-27T11:14:59.031008"
    },
    {
      "id": "apollo_1745752499_10",
      "first_name": "Paul",
      "last_name": "Durand",
      "full_name": "Paul Durand",
      "job_title": "Lawyer",
      "seniority": "Senior",
      "email": "paul.durand@cabinet-durand.belgium",
      "email_status": "verified",
      "phone": "+32496524839",
      "phone_status": "verified",
      "company": {
        "name": "Cabinet Durand & Associ\u00e9s",
        "website": "https://www.cabinet-durand.belgium",
        "industry": "Legal Services",
        "size": 50,
        "founded": 2008,
        "linkedin_url": "https://www.linkedin.com/company/cabinet-durand-&-associ\u00e9s"
      },
      "location": {
        "country": "Belgium",
        "city": "Brussels",
        "continent": "Europe"
      },
      "social": {
        "linkedin_url": "https://www.linkedin.com/in/paul-durand-69423",
        "twitter_url": null,
        "facebook_url": "https://facebook.com/paul.durand"
      },
      "buying_signals": "medium",
      "last_contacted": null,
      "lead_source": "Apollo",
      "apollo_specific": {
        "lead_score": 95,
        "intent_score": 86,
        "funding_round": null,
        "account_stage": "Lead",
        "technologies": []
      },
      "scrape_date": "2025-04-27T11:14:59.031158"
    },
    {
      "id": "apollo_1745752499_11",
      "first_name": "Jean",
      "last_name": "Leroy",
      "full_name": "Jean Leroy",
      "job_title": "Lawyer",
      "seniority": "Owner",
      "email": "jean.leroy@cabinet-leroy.fr",
      "email_status": "verified",
      "phone": "+33687902111",
      "phone_status": "verified",
      "company": {
        "name": "Cabinet Leroy & Associ\u00e9s",
        "website": "https://www.cabinet-leroy.fr",
        "industry": "Legal Services",
        "size": 41,
        "founded": 1982,
        "linkedin_url": "https://www.linkedin.com/company/cabinet-leroy-&-associ\u00e9s"
      },
      "location": {
        "country": "France",
        "city": "Nice",
        "continent": "Europe"
      },
      "social": {
        "linkedin_url": "https://www.linkedin.com/in/jean-leroy-85388",
        "twitter_url": null,
        "facebook_url": null
      },
      "buying_signals": "medium",
      "last_contacted": null,
      "lead_source": "Apollo",
      "apollo_specific": {
        "lead_score": 94,
        "intent_score": 31,
        "funding_round": null,
        "account_stage": "Qualified",
        "technologies": []
      },
      "scrape_date": "2025-04-27T11:14:59.031312"
    },
    {
      "id": "apollo_1745752499_12",
      "first_name": "Paul",
      "last_name": "Robert",
      "full_name": "Paul Robert",
      "job_title": "Partner",
      "seniority": "Senior",
      "email": "paul.robert@cabinet-robert.switzerland",
      "email_status": "verified",
      "phone": "+41763270938",
      "phone_status": "unverified",
      "company": {
        "name": "Cabinet Robert & Associ\u00e9s",
        "website": "https://www.cabinet-robert.switzerland",
        "industry": "Legal Services",
        "size": 36,
        "founded": 2012,
        "linkedin_url": "https://www.linkedin.com/company/cabinet-robert-&-associ\u00e9s"
      },
      "location": {
        "country": "Switzerland",
        "city": "Bern",
        "continent": "Europe"
      },
      "social": {
        "linkedin_url": "https://www.linkedin.com/in/paul-robert-62565",
        "twitter_url": "https://twitter.com/paulrobert",
        "facebook_url": null
      },
      "buying_signals": "medium",
      "last_contacted": null,
      "lead_source": "Apollo",
      "apollo_specific": {
        "lead_score": 83,
        "intent_score": 67,
        "funding_round": null,
        "account_stage": "Qualified",
        "technologies": []
      },
      "scrape_date": "2025-04-27T11:14:59.031468"
    },
    {
      "id": "apollo_1745752499_13",
      "first_name": "Thomas",
      "last_name": "Robert",
      "full_name": "Thomas Robert",
      "job_title": "Attorney",
      "seniority": "Senior",
      "email": "thomas.robert@cabinet-robert.belgium",
      "email_status": "verified",
      "phone": "+32423158371",
      "phone_status": "verified",
      "company": {
        "name": "Cabinet Robert & Associ\u00e9s",
        "website": "https://www.cabinet-robert.belgium",
        "industry": "Legal Services",
        "size": 42,
        "founded": 1984,
        "linkedin_url": "https://www.linkedin.com/company/cabinet-robert-&-associ\u00e9s"
      },
      "location": {
        "country": "Belgium",
        "city": "Brussels",
        "continent": "Europe"
      },
      "social": {
        "linkedin_url": "https://www.linkedin.com/in/thomas-robert-34513",
        "twitter_url": "https://twitter.com/thomasrobert",
        "facebook_url": null
      },
      "buying_signals": "medium",
      "last_contacted": null,
      "lead_source": "Apollo",
      "apollo_specific": {
        "lead_score": 79,
        "intent_score": 78,
        "funding_round": "Seed",
        "account_stage": "Target",
        "technologies": []
      },
      "scrape_date": "2025-04-27T11:14:59.031625"
    },
    {
      "id": "apollo_1745752499_14",
      "first_name": "David",
      "last_name": "Thomas",
      "full_name": "David Thomas",
      "job_title": "Lawyer",
      "seniority": "Owner",
      "email": "david.thomas@cabinet-thomas.belgium",
      "email_status": "verified",
      "phone": "+32439955056",
      "phone_status": "verified",
      "company": {
        "name": "Cabinet Thomas & Associ\u00e9s",
        "website": "https://www.cabinet-thomas.belgium",
        "industry": "Legal Services",
        "size": 32,
        "founded": 1988,
        "linkedin_url": "https://www.linkedin.com/company/cabinet-thomas-&-associ\u00e9s"
      },
      "location": {
        "country": "Belgium",
        "city": "Li\u00e8ge",
        "continent": "Europe"
      },
      "social": {
        "linkedin_url": "https://www.linkedin.com/in/david-thomas-76775",
        "twitter_url": "https://twitter.com/davidthomas",
        "facebook_url": null
      },
      "buying_signals": "high",
      "last_contacted": null,
      "lead_source": "Apollo",
      "apollo_specific": {
        "lead_score": 75,
        "intent_score": 32,
        "funding_round": null,
        "account_stage": "Target",
        "technologies": []
      },
      "scrape_date": "2025-04-27T11:14:59.031782"
    },
    {
      "id": "apollo_1745752499_15",
      "first_name": "\u00c9milie",
      "last_name": "Durand",
      "full_name": "\u00c9milie Durand",
      "job_title": "Attorney",
      "seniority": "Senior",
      "email": "\u00e9milie.durand@cabinet-durand.fr",
      "email_status": "verified",
      "phone": "+33738419495",
      "phone_status": "verified",
      "company": {
        "name": "Cabinet Durand & Associ\u00e9s",
        "website": "https://www.cabinet-durand.fr",
        "industry": "Legal Services",
        "size": 25,
        "founded": 1986,
        "linkedin_url": "https://www.linkedin.com/company/cabinet-durand-&-associ\u00e9s"
      },
      "location": {
        "country": "France",
        "city": "Nantes",
        "continent": "Europe"
      },
      "social": {
        "linkedin_url": "https://www.linkedin.com/in/\u00e9milie-durand-33961",
        "twitter_url": null,
        "facebook_url": "https://facebook.com/\u00e9milie.durand"
      },
      "buying_signals": "low",
      "last_contacted": null,
      "lead_source": "Apollo",
      "apollo_specific": {
        "lead_score": 62,
        "intent_score": 46,
        "funding_round": null,
        "account_stage": "Lead",
        "technologies": []
      },
      "scrape_date": "2025-04-27T11:14:59.031959"
    },
    {
      "id": "apollo_1745752499_16",
      "first_name": "Thomas",
      "last_name": "Michel",
      "full_name": "Thomas Michel",
      "job_title": "Partner",
      "seniority": "Senior",
      "email": "thomas.michel@cabinet-michel.fr",
      "email_status": "verified",
      "phone": "+33629892111",
      "phone_status": "verified",
      "company": {
        "name": "Cabinet Michel & Associ\u00e9s",
        "website": "https://www.cabinet-michel.fr",
        "industry": "Legal Services",
        "size": 35,
        "founded": 1982,
        "linkedin_url": "https://www.linkedin.com/company/cabinet-michel-&-associ\u00e9s"
      },
      "location": {
        "country": "France",
        "city": "Grenoble",
        "continent": "Europe"
      },
      "social": {
        "linkedin_url": "https://www.linkedin.com/in/thomas-michel-32326",
        "twitter_url": "https://twitter.com/thomasmichel",
        "facebook_url": "https://facebook.com/thomas.michel"
      },
      "buying_signals": "high",
      "last_contacted": null,
      "lead_source": "Apollo",
      "apollo_specific": {
        "lead_score": 83,
        "intent_score": 70,
        "funding_round": null,
        "account_stage": "Lead",
        "technologies": []
      },
      "scrape_date": "2025-04-27T11:14:59.032083"
    },
    {
      "id": "apollo_1745752499_17",
      "first_name": "\u00c9milie",
      "last_name": "Richard",
      "full_name": "\u00c9milie Richard",
      "job_title": "Partner",
      "seniority": "Senior",
      "email": "\u00e9milie.richard@cabinet-richard.switzerland",
      "email_status": "verified",
      "phone": "+41742529565",
      "phone_status": "verified",
      "company": {
        "name": "Cabinet Richard & Associ\u00e9s",
        "website": "https://www.cabinet-richard.switzerland",
        "industry": "Legal Services",
        "size": 10,
        "founded": 2015,
        "linkedin_url": "https://www.linkedin.com/company/cabinet-richard-&-associ\u00e9s"
      },
      "location": {
        "country": "Switzerland",
        "city": "Lausanne",
        "continent": "Europe"
      },
      "social": {
        "linkedin_url": "https://www.linkedin.com/in/\u00e9milie-richard-97994",
        "twitter_url": null,
        "facebook_url": null
      },
      "buying_signals": "low",
      "last_contacted": null,
      "lead_source": "Apollo",
      "apollo_specific": {
        "lead_score": 88,
        "intent_score": 71,
        "funding_round": null,
        "account_stage": "Prospect",
        "technologies": []
      },
      "scrape_date": "2025-04-27T11:14:59.032207"
    },
    {
      "id": "apollo_1745752499_18",
      "first_name": "L\u00e9a",
      "last_name": "Moreau",
      "full_name": "L\u00e9a Moreau",
      "job_title": "Managing Partner",
      "seniority": "Executive",
      "email": "l\u00e9a.moreau@cabinet-moreau.fr",
      "email_status": "verified",
      "phone": "+33755258575",
      "phone_status": "verified",
      "company": {
        "name": "Cabinet Moreau & Associ\u00e9s",
        "website": "https://www.cabinet-moreau.fr",
        "industry": "Legal Services",
        "size": 35,
        "founded": 1989,
        "linkedin_url": "https://www.linkedin.com/company/cabinet-moreau-&-associ\u00e9s"
      },
      "location": {
        "country": "France",
        "city": "Nice",
        "continent": "Europe"
      },
      "social": {
        "linkedin_url": "https://www.linkedin.com/in/l\u00e9a-moreau-81685",
        "twitter_url": "https://twitter.com/l\u00e9amoreau",
        "facebook_url": "https://facebook.com/l\u00e9a.moreau"
      },
      "buying_signals": "high",
      "last_contacted": null,
      "lead_source": "Apollo",
      "apollo_specific": {
        "lead_score": 67,
        "intent_score": 78,
        "funding_round": null,
        "account_stage": "Prospect",
        "technologies": []
      },
      "scrape_date": "2025-04-27T11:14:59.032332"
    },
    {
      "id": "apollo_1745752499_19",
      "first_name": "Jean",
      "last_name": "Thomas",
      "full_name": "Jean Thomas",
      "job_title": "Partner",
      "seniority": "Owner",
      "email": "jean.thomas@cabinet-thomas.switzerland",
      "email_status": "verified",
      "phone": "+41778172700",
      "phone_status": "verified",
      "company": {
        "name": "Cabinet Thomas & Associ\u00e9s",
        "website": "https://www.cabinet-thomas.switzerland",
        "industry": "Legal Services",
        "size": 22,
        "founded": 2011,
        "linkedin_url": "https://www.linkedin.com/company/cabinet-thomas-&-associ\u00e9s"
      },
      "location": {
        "country": "Switzerland",
        "city": "Bern",
        "continent": "Europe"
      },
      "social": {
        "linkedin_url": "https://www.linkedin.com/in/jean-thomas-92051",
        "twitter_url": null,
        "facebook_url": null
      },
      "buying_signals": "high",
      "last_contacted": null,
      "lead_source": "Apollo",
      "apollo_specific": {
        "lead_score": 88,
        "intent_score": 88,
        "funding_round": null,
        "account_stage": "Target",
        "technologies": []
      },
      "scrape_date": "2025-04-27T11:14:59.032487"
    },
    {
      "id": "apollo_1745752499_20",
      "first_name": "Jean",
      "last_name": "Martin",
      "full_name": "Jean Martin",
      "job_title": "Attorney",
      "seniority": "Owner",
      "email": "jean.martin@cabinet-martin.fr",
      "email_status": "verified",
      "phone": "+33623354676",
      "phone_status": "verified",
      "company": {
        "name": "Cabinet Martin & Associ\u00e9s",
        "website": "https://www.cabinet-martin.fr",
        "industry": "Legal Services",
        "size": 9,
        "founded": 2009,
        "linkedin_url": "https://www.linkedin.com/company/cabinet-martin-&-associ\u00e9s"
      },
      "location": {
        "country": "France",
        "city": "Lille",
        "continent": "Europe"
      },
      "social": {
        "linkedin_url": "https://www.linkedin.com/in/jean-martin-53983",
        "twitter_url": null,
        "facebook_url": "https://facebook.com/jean.martin"
      },
      "buying_signals": "high",
      "last_contacted": null,
      "lead_source": "Apollo",
      "apollo_specific": {
        "lead_score": 84,
        "intent_score": 42,
        "funding_round": null,
        "account_stage": "Lead",
        "technologies": []
      },
      "scrape_date": "2025-04-27T11:14:59.032615"
    },
    {
      "id": "apollo_1745752499_21",
      "first_name": "Sophie",
      "last_name": "Bernard",
      "full_name": "Sophie Bernard",
      "job_title": "Partner",
      "seniority": "Owner",
      "email": "sophie.bernard@cabinet-bernard.belgium",
      "email_status": "verified",
      "phone": "+32479125965",
      "phone_status": "verified",
      "company": {
        "name": "Cabinet Bernard & Associ\u00e9s",
        "website": "https://www.cabinet-bernard.belgium",
        "industry": "Legal Services",
        "size": 8,
        "founded": 2008,
        "linkedin_url": "https://www.linkedin.com/company/cabinet-bernard-&-associ\u00e9s"
      },
      "location": {
        "country": "Belgium",
        "city": "Brussels",
        "continent": "Europe"
      },
      "social": {
        "linkedin_url": "https://www.linkedin.com/in/sophie-bernard-82711",
        "twitter_url": null,
        "facebook_url": null
      },
      "buying_signals": "medium",
      "last_contacted": null,
      "lead_source": "Apollo",
      "apollo_specific": {
        "lead_score": 68,
        "intent_score": 63,
        "funding_round": null,
        "account_stage": "Target",
        "technologies": []
      },
      "scrape_date": "2025-04-27T11:14:59.032738"
    },
    {
      "id": "apollo_1745752499_22",
      "first_name": "Nathalie",
      "last_name": "Dubois",
      "full_name": "Nathalie Dubois",
      "job_title": "Partner",
      "seniority": "Senior",
      "email": "nathalie.dubois@cabinet-dubois.belgium",
      "email_status": "verified",
      "phone": "+32419799301",
      "phone_status": "verified",
      "company": {
        "name": "Cabinet Dubois & Associ\u00e9s",
        "website": "https://www.cabinet-dubois.belgium",
        "industry": "Legal Services",
        "size": 37,
        "founded": 1982,
        "linkedin_url": "https://www.linkedin.com/company/cabinet-dubois-&-associ\u00e9s"
      },
      "location": {
        "country": "Belgium",
        "city": "Li\u00e8ge",
        "continent": "Europe"
      },
      "social": {
        "linkedin_url": "https://www.linkedin.com/in/nathalie-dubois-30918",
        "twitter_url": null,
        "facebook_url": null
      },
      "buying_signals": "medium",
      "last_contacted": "2024-12-30T11:14:59.032882",
      "lead_source": "Apollo",
      "apollo_specific": {
        "lead_score": 88,
        "intent_score": 34,
        "funding_round": null,
        "account_stage": "Target",
        "technologies": []
      },
      "scrape_date": "2025-04-27T11:14:59.032918"
    },
    {
      "id": "apollo_1745752499_23",
      "first_name": "Nicolas",
      "last_name": "Dubois",
      "full_name": "Nicolas Dubois",
      "job_title": "Partner",
      "seniority": "Senior",
      "email": "nicolas.dubois@cabinet-dubois.fr",
      "email_status": "unverified",
      "phone": "+33611258773",
      "phone_status": "unverified",
      "company": {
        "name": "Cabinet Dubois & Associ\u00e9s",
        "website": "https://www.cabinet-dubois.fr",
        "industry": "Legal Services",
        "size": 18,
        "founded": 2017,
        "linkedin_url": "https://www.linkedin.com/company/cabinet-dubois-&-associ\u00e9s"
      },
      "location": {
        "country": "France",
        "city": "Bordeaux",
        "continent": "Europe"
      },
      "social": {
        "linkedin_url": "https://www.linkedin.com/in/nicolas-dubois-38038",
        "twitter_url": "https://twitter.com/nicolasdubois",
        "facebook_url": "https://facebook.com/nicolas.dubois"
      },
      "buying_signals": "low",
      "last_contacted": "2025-01-09T11:14:59.033005",
      "lead_source": "Apollo",
      "apollo_specific": {
        "lead_score": 56,
        "intent_score": 41,
        "funding_round": null,
        "account_stage": "Qualified",
        "technologies": []
      },
      "scrape_date": "2025-04-27T11:14:59.033093"
    },
    {
      "id": "apollo_1745752499_24",
      "first_name": "Sophie",
      "last_name": "Simon",
      "full_name": "Sophie Simon",
      "job_title": "Lawyer",
      "seniority": "Senior",
      "email": "sophie.simon@cabinet-simon.switzerland",
      "email_status": "unverified",
      "phone": "+41765911310",
      "phone_status": "verified",
      "company": {
        "name": "Cabinet Simon & Associ\u00e9s",
        "website": "https://www.cabinet-simon.switzerland",
        "industry": "Legal Services",
        "size": 4,
        "founded": 2015,
        "linkedin_url": "https://www.linkedin.com/company/cabinet-simon-&-associ\u00e9s"
      },
      "location": {
        "country": "Switzerland",
        "city": "Lausanne",
        "continent": "Europe"
      },
      "social": {
        "linkedin_url": "https://www.linkedin.com/in/sophie-simon-56511",
        "twitter_url": "https://twitter.com/sophiesimon",
        "facebook_url": null
      },
      "buying_signals": "high",
      "last_contacted": null,
      "lead_source": "Apollo",
      "apollo_specific": {
        "lead_score": 85,
        "intent_score": 56,
        "funding_round": null,
        "account_stage": "Lead",
        "technologies": []
      },
      "scrape_date": "2025-04-27T11:14:59.033222"
    },
    {
      "id": "apollo_1745752499_25",
      "first_name": "L\u00e9a",
      "last_name": "Richard",
      "full_name": "L\u00e9a Richard",
      "job_title": "Lawyer",
      "seniority": "Executive",
      "email": "l\u00e9a.richard@cabinet-richard.fr",
      "email_status": "verified",
      "phone": "+33719358984",
      "phone_status": "verified",
      "company": {
        "name": "Cabinet Richard & Associ\u00e9s",
        "website": "https://www.cabinet-richard.fr",
        "industry": "Legal Services",
        "size": 15,
        "founded": 1981,
        "linkedin_url": "https://www.linkedin.com/company/cabinet-richard-&-associ\u00e9s"
      },
      "location": {
        "country": "France",
        "city": "Lyon",
        "continent": "Europe"
      },
      "social": {
        "linkedin_url": "https://www.linkedin.com/in/l\u00e9a-richard-89779",
        "twitter_url": null,
        "facebook_url": "https://facebook.com/l\u00e9a.richard"
      },
      "buying_signals": "high",
      "last_contacted": "2025-03-08T11:14:59.033313",
      "lead_source": "Apollo",
      "apollo_specific": {
        "lead_score": 71,
        "intent_score": 90,
        "funding_round": null,
        "account_stage": "Qualified",
        "technologies": []
      },
      "scrape_date": "2025-04-27T11:14:59.033346"
    },
    {
      "id": "apollo_1745752499_26",
      "first_name": "Thomas",
      "last_name": "Simon",
      "full_name": "Thomas Simon",
      "job_title": "Partner",
      "seniority": "Executive",
      "email": "thomas.simon@cabinet-simon.fr",
      "email_status": "verified",
      "phone": "+33687886087",
      "phone_status": "unverified",
      "company": {
        "name": "Cabinet Simon & Associ\u00e9s",
        "website": "https://www.cabinet-simon.fr",
        "industry": "Legal Services",
        "size": 36,
        "founded": 1980,
        "linkedin_url": "https://www.linkedin.com/company/cabinet-simon-&-associ\u00e9s"
      },
      "location": {
        "country": "France",
        "city": "Nantes",
        "continent": "Europe"
      },
      "social": {
        "linkedin_url": "https://www.linkedin.com/in/thomas-simon-56291",
        "twitter_url": null,
        "facebook_url": "https://facebook.com/thomas.simon"
      },
      "buying_signals": "high",
      "last_contacted": "2025-01-16T11:14:59.033433",
      "lead_source": "Apollo",
      "apollo_specific": {
        "lead_score": 94,
        "intent_score": 38,
        "funding_round": null,
        "account_stage": "Prospect",
        "technologies": []
      },
      "scrape_date": "2025-04-27T11:14:59.033467"
    },
    {
      "id": "apollo_1745752499_27",
      "first_name": "L\u00e9a",
      "last_name": "Laurent",
      "full_name": "L\u00e9a Laurent",
      "job_title": "Partner",
      "seniority": "Senior",
      "email": "l\u00e9a.laurent@cabinet-laurent.belgium",
      "email_status": "unverified",
      "phone": "+32426063410",
      "phone_status": "verified",
      "company": {
        "name": "Cabinet Laurent & Associ\u00e9s",
        "website": "https://www.cabinet-laurent.belgium",
        "industry": "Legal Services",
        "size": 6,
        "founded": 1987,
        "linkedin_url": "https://www.linkedin.com/company/cabinet-laurent-&-associ\u00e9s"
      },
      "location": {
        "country": "Belgium",
        "city": "Li\u00e8ge",
        "continent": "Europe"
      },
      "social": {
        "linkedin_url": "https://www.linkedin.com/in/l\u00e9a-laurent-55586",
        "twitter_url": "https://twitter.com/l\u00e9alaurent",
        "facebook_url": null
      },
      "buying_signals": "low",
      "last_contacted": null,
      "lead_source": "Apollo",
      "apollo_specific": {
        "lead_score": 84,
        "intent_score": 49,
        "funding_round": null,
        "account_stage": "Prospect",
        "technologies": []
      },
      "scrape_date": "2025-04-27T11:14:59.033593"
    }
  ],
  "count": 28,
  "niche": "Avocats sp\u00e9cialis\u00e9s en droit des affaires",
  "campaign_id": null,
  "time_taken": 1.5597203328753135,
  "source": "apollo",
  "filters_used": {
    "industry": "Legal Services",
    "employee_size": {
      "min": 1,
      "max": 50
    },
    "country": "France",
    "job_titles": [
      "Partner",
      "Owner",
      "Managing Partner",
      "Attorney",
      "Lawyer"
    ],
    "seniority": [
      "Owner",
      "Executive",
      "Senior"
    ],
    "keywords": [
      "Avocats",
      "sp\u00e9cialis\u00e9s",
      "en",
      "droit",
      "des",
      "affaires"
    ],
    "signal_scores": {
      "buying_intent": "high"
    },
    "recently_funded": false,
    "technologies": []
  },
  "status": "COMPLETED"
}
